2023-05-09 03:23:31,140 DEBUG    root            Loaded Command Group: ['gcloud', 'config']
2023-05-09 03:23:31,143 DEBUG    root            Loaded Command Group: ['gcloud', 'config', 'config_helper']
2023-05-09 03:23:31,146 DEBUG    root            Running [gcloud.config.config-helper] with arguments: [--format: "json", --quiet: "True", --verbosity: "warning"]
2023-05-09 03:23:31,158 DEBUG    google.auth.transport.requests Making request: GET http://metadata.google.internal/computeMetadata/v1/instance/service-accounts/kekinkito@gbox.adnu.edu.ph/?recursive=true
2023-05-09 03:23:31,161 DEBUG    urllib3.connectionpool Starting new HTTP connection (1): metadata.google.internal:80
2023-05-09 03:23:31,165 DEBUG    urllib3.connectionpool http://metadata.google.internal:80 "GET /computeMetadata/v1/instance/service-accounts/kekinkito@gbox.adnu.edu.ph/?recursive=true HTTP/1.1" 200 None
2023-05-09 03:23:31,166 DEBUG    google.auth.transport.requests Making request: GET http://metadata.google.internal/computeMetadata/v1/instance/service-accounts/kekinkito@gbox.adnu.edu.ph/token
2023-05-09 03:23:31,168 DEBUG    urllib3.connectionpool Resetting dropped connection: metadata.google.internal
2023-05-09 03:23:31,173 DEBUG    urllib3.connectionpool http://metadata.google.internal:80 "GET /computeMetadata/v1/instance/service-accounts/kekinkito@gbox.adnu.edu.ph/token HTTP/1.1" 200 None
2023-05-09 03:23:31,211 DEBUG    root            Chosen display Format:default json
2023-05-09 03:23:31,211 INFO     root            Display format: "default json"
2023-05-09 03:23:31,212 INFO     ___FILE_ONLY___ {
  "configuration": {
    "active_configuration": "default",
    "properties": {
      "accessibility": {
        "screen_reader": "True"
      },
      "component_manager": {
        "disable_update_check": "True"
      },
      "compute": {
        "gce_metadata_read_timeout_sec": "30"
      },
      "container": {
        "use_application_default_credentials": "true"
      },
      "core": {
        "account": "kekinkito@gbox.adnu.edu.ph",
        "disable_prompts": "True",
        "disable_usage_reporting": "True",
        "print_unhandled_tracebacks": "true",
        "verbosity": "warning"
      },
      "metrics": {
        "environment": "cloudcode.vscode",
        "environment_version": "1.21.4"
      }
    }
  },
  "credential": {
    "access_token": "ya29.a0AWY7CkkbeSRhxxdaXcgQj1BVoRBS5PlrVg1JpvTK9nCHZA3vUsuXvh8t36VnkVn__Mp2gnVF_dTWa7RvKoDtdf81z7Zced4f1CcSh4rpOlLCuH-v-Nft-rLUiO1qPWngT1dr99aVMynX0WfwTxS-nMqWDoStVPgpO0uisawQh-R978cCfe1a6nLE9oT9g0UNRb4i5n8uN4t7a4nDt6aegO1t3b_kYfVW3xgdRg4aCgYKARoSARESFQG1tDrpHrVduNhN9GeneHGpXAkp9w0238",
    "id_token": "eyJhbGciOiJSUzI1NiIsImtpZCI6Ijc3NzBiMDg1YmY2NDliNzI2YjM1NzQ3NjQwMzBlMWJkZTlhMTBhZTYiLCJ0eXAiOiJKV1QifQ.eyJpc3MiOiJhY2NvdW50cy5nb29nbGUuY29tIiwiYXpwIjoiNjE4MTA0NzA4MDU0LTlyOXMxYzRhbGczNmVybGl1Y2hvOXQ1Mm4zMm42ZGdxLmFwcHMuZ29vZ2xldXNlcmNvbnRlbnQuY29tIiwiYXVkIjoiNjE4MTA0NzA4MDU0LTlyOXMxYzRhbGczNmVybGl1Y2hvOXQ1Mm4zMm42ZGdxLmFwcHMuZ29vZ2xldXNlcmNvbnRlbnQuY29tIiwic3ViIjoiMTAyNjEzMTMyMjU4NjcwNDMzNTIxIiwiaGQiOiJnYm94LmFkbnUuZWR1LnBoIiwiZW1haWwiOiJrZWtpbmtpdG9AZ2JveC5hZG51LmVkdS5waCIsImVtYWlsX3ZlcmlmaWVkIjp0cnVlLCJhdF9oYXNoIjoiUG40RE00MzNOejI2N3hBTE5MWkVuZyIsImlhdCI6MTY4MzYwMTkxOCwiZXhwIjoxNjgzNjA1NTE4LCJqdGkiOiJlODU5YzU2OGE5YmQwMWU1Y2JiODJkYjE0MmJkMzI3ODVjMjM2N2RjIn0.AWVGHYT1svpHUPNj_0aI-ONhGOuvWbGV6eOGkpniR_pEZDu_85kuTf0EjHZhtw1d7JKWm6AMY0h9A5D6RbvkH6kWOi0CpyLmhHyQ1NwDtcIf1OGaKo7v54b_WldHIJmU0oUNVOgGDEylNc2GVWK4AkfbY6cPnRCQ0oXMKnCqlcb1EcgMuDiLHAI_GboOsLK2sZPouEolaG17PMrUJxsZfuniLXWTm9cr__g-uL-KoRRt2F3-i15QJZCvmIJCu8vUqL3BIyNSpSGAqVXuWlT7CqWMW9A5s4N8Q-qxYhMqbMn69BHo1F222v9CaTi5hy6uk_cG_0yhdq10zsd9QJjb6A",
    "token_expiry": "2023-05-09T04:11:55Z"
  },
  "sentinels": {
    "config_sentinel": "/home/kekinkito/.config/gcloud/config_sentinel"
  }
}
2023-05-09 03:23:31,213 INFO     ___FILE_ONLY___ 

2023-05-09 03:23:31,213 DEBUG    root            SDK update checks are disabled.
