2023-05-09 11:50:15,414 DEBUG    root            Loaded Command Group: ['gcloud', 'config']
2023-05-09 11:50:15,417 DEBUG    root            Loaded Command Group: ['gcloud', 'config', 'config_helper']
2023-05-09 11:50:15,420 DEBUG    root            Running [gcloud.config.config-helper] with arguments: [--format: "json", --quiet: "True", --verbosity: "warning"]
2023-05-09 11:50:15,433 DEBUG    google.auth.transport.requests Making request: GET http://metadata.google.internal/computeMetadata/v1/instance/service-accounts/kekinkito@gbox.adnu.edu.ph/?recursive=true
2023-05-09 11:50:15,435 DEBUG    urllib3.connectionpool Starting new HTTP connection (1): metadata.google.internal:80
2023-05-09 11:50:15,440 DEBUG    urllib3.connectionpool http://metadata.google.internal:80 "GET /computeMetadata/v1/instance/service-accounts/kekinkito@gbox.adnu.edu.ph/?recursive=true HTTP/1.1" 200 None
2023-05-09 11:50:15,441 DEBUG    google.auth.transport.requests Making request: GET http://metadata.google.internal/computeMetadata/v1/instance/service-accounts/kekinkito@gbox.adnu.edu.ph/token
2023-05-09 11:50:15,442 DEBUG    urllib3.connectionpool Resetting dropped connection: metadata.google.internal
2023-05-09 11:50:15,446 DEBUG    urllib3.connectionpool http://metadata.google.internal:80 "GET /computeMetadata/v1/instance/service-accounts/kekinkito@gbox.adnu.edu.ph/token HTTP/1.1" 200 None
2023-05-09 11:50:15,477 DEBUG    root            Chosen display Format:default json
2023-05-09 11:50:15,478 INFO     root            Display format: "default json"
2023-05-09 11:50:15,479 INFO     ___FILE_ONLY___ {
  "configuration": {
    "active_configuration": "default",
    "properties": {
      "accessibility": {
        "screen_reader": "True"
      },
      "component_manager": {
        "disable_update_check": "True"
      },
      "compute": {
        "gce_metadata_read_timeout_sec": "30"
      },
      "container": {
        "use_application_default_credentials": "true"
      },
      "core": {
        "account": "kekinkito@gbox.adnu.edu.ph",
        "disable_prompts": "True",
        "disable_usage_reporting": "True",
        "print_unhandled_tracebacks": "true",
        "verbosity": "warning"
      },
      "metrics": {
        "environment": "cloudcode.vscode",
        "environment_version": "1.21.4"
      }
    }
  },
  "credential": {
    "access_token": "ya29.a0AWY7CkmklTBWNu4hswUvWNo1aI61AK2k8iQyaKQoN0HNZdFKVTyH-Aw8wZqK5RToInt6pP5Sv8yOxqGBdFYo9J3Ht_EZkXTwbAT7RW_M9rIoMxzHhRBtvZZxXPafqpHHWkW9IpSlUWr0t4wl8BB3K255ixhM4sRAr6RelZz_d1y5N0g0ZhzLm6gzIKyNIqBTMnNN_C9mh3ijQ57DfvHlPSs5oqHUeVJ7AfIH_a0aCgYKAVISARESFQG1tDrpSJmoW43p3OLx6ldWAU3KeQ0238",
    "id_token": "eyJhbGciOiJSUzI1NiIsImtpZCI6Ijc3NzBiMDg1YmY2NDliNzI2YjM1NzQ3NjQwMzBlMWJkZTlhMTBhZTYiLCJ0eXAiOiJKV1QifQ.eyJpc3MiOiJhY2NvdW50cy5nb29nbGUuY29tIiwiYXpwIjoiNjE4MTA0NzA4MDU0LTlyOXMxYzRhbGczNmVybGl1Y2hvOXQ1Mm4zMm42ZGdxLmFwcHMuZ29vZ2xldXNlcmNvbnRlbnQuY29tIiwiYXVkIjoiNjE4MTA0NzA4MDU0LTlyOXMxYzRhbGczNmVybGl1Y2hvOXQ1Mm4zMm42ZGdxLmFwcHMuZ29vZ2xldXNlcmNvbnRlbnQuY29tIiwic3ViIjoiMTAyNjEzMTMyMjU4NjcwNDMzNTIxIiwiaGQiOiJnYm94LmFkbnUuZWR1LnBoIiwiZW1haWwiOiJrZWtpbmtpdG9AZ2JveC5hZG51LmVkdS5waCIsImVtYWlsX3ZlcmlmaWVkIjp0cnVlLCJhdF9oYXNoIjoiLTVVaEE0QVVOTDEwWGxoN0RSNFhoZyIsImlhdCI6MTY4MzYzMzAwMSwiZXhwIjoxNjgzNjM2NjAxLCJqdGkiOiIyMjI3MWVmMzhlYTkzYTVjMjY3MTY1NTRmOWZiNWFkMTYzNTQ5Njg1In0.uue2MtnR1ruNHt7VuYjo1vm8TIR-80MLr4q8thTr_35BSB6mOhHexq6OhTTOmdT9XDQ9ije-icyfyHxrpZzsZmUE67hdWFwyZ1bK2E8kPmb8dybRSD5PVLFfsF1YyI_L0sEt0PhDDsq8X_KZCsyceP3v3GXu38jPnqbA67EU7tHdG0QAyUrcLehWRgVLWrjPzVJS8YPy2rInY90dH0j7NbTU92tB5GF2-9EWNpXedaB8K469w0oxYUeQtL72bbq_GZDKOgNP8zdZbjisN6oPVLu8_d7lLtnKwlbkmP7e54A8GVnyMjUHo4UHoruIbksYQWNOOa6Q2i6t2qtqaEu_yA",
    "token_expiry": "2023-05-09T12:49:59Z"
  },
  "sentinels": {
    "config_sentinel": "/home/kekinkito/.config/gcloud/config_sentinel"
  }
}
2023-05-09 11:50:15,479 INFO     ___FILE_ONLY___ 

2023-05-09 11:50:15,479 DEBUG    root            SDK update checks are disabled.
