2023-05-10 14:38:51,614 DEBUG    root            Loaded Command Group: ['gcloud', 'config']
2023-05-10 14:38:51,616 DEBUG    root            Loaded Command Group: ['gcloud', 'config', 'config_helper']
2023-05-10 14:38:51,619 DEBUG    root            Running [gcloud.config.config-helper] with arguments: [--format: "json", --quiet: "True", --verbosity: "warning"]
2023-05-10 14:38:51,630 DEBUG    google.auth.transport.requests Making request: GET http://metadata.google.internal/computeMetadata/v1/instance/service-accounts/kekinkito@gbox.adnu.edu.ph/?recursive=true
2023-05-10 14:38:51,632 DEBUG    urllib3.connectionpool Starting new HTTP connection (1): metadata.google.internal:80
2023-05-10 14:38:51,635 DEBUG    urllib3.connectionpool http://metadata.google.internal:80 "GET /computeMetadata/v1/instance/service-accounts/kekinkito@gbox.adnu.edu.ph/?recursive=true HTTP/1.1" 200 None
2023-05-10 14:38:51,637 DEBUG    google.auth.transport.requests Making request: GET http://metadata.google.internal/computeMetadata/v1/instance/service-accounts/kekinkito@gbox.adnu.edu.ph/token
2023-05-10 14:38:51,640 DEBUG    urllib3.connectionpool Resetting dropped connection: metadata.google.internal
2023-05-10 14:38:51,643 DEBUG    urllib3.connectionpool http://metadata.google.internal:80 "GET /computeMetadata/v1/instance/service-accounts/kekinkito@gbox.adnu.edu.ph/token HTTP/1.1" 200 None
2023-05-10 14:38:51,675 DEBUG    root            Chosen display Format:default json
2023-05-10 14:38:51,676 INFO     root            Display format: "default json"
2023-05-10 14:38:51,677 INFO     ___FILE_ONLY___ {
  "configuration": {
    "active_configuration": "default",
    "properties": {
      "accessibility": {
        "screen_reader": "True"
      },
      "component_manager": {
        "disable_update_check": "True"
      },
      "compute": {
        "gce_metadata_read_timeout_sec": "30"
      },
      "container": {
        "use_application_default_credentials": "true"
      },
      "core": {
        "account": "kekinkito@gbox.adnu.edu.ph",
        "disable_prompts": "True",
        "disable_usage_reporting": "True",
        "print_unhandled_tracebacks": "true",
        "verbosity": "warning"
      },
      "metrics": {
        "environment": "cloudcode.vscode",
        "environment_version": "1.21.4"
      }
    }
  },
  "credential": {
    "access_token": "ya29.a0AWY7Ckmjv3O4DpOcW3-hIoinL8TutrI9KpcGYpZoup00D_dRAdzjeHua_wSRE33rRk76tdAJms3YwPIucfge03-cr9XYWBBBs3hFmS9V3fC_eGzJww8UBlJiEJPIR8SP5G-rbWaL5PDug9p3OObA9aR8jtYZeOUPhTVPGv3k3mVZHkBcYM8LVmJypPYYE12fxNmWXl0wPM3FyF1k-LlxZghM9Qf_qLHL6QliFO0aCgYKASwSARESFQG1tDrp8ukpuE-Kowf3LCESG-76Hw0238",
    "id_token": "eyJhbGciOiJSUzI1NiIsImtpZCI6Ijc3NzBiMDg1YmY2NDliNzI2YjM1NzQ3NjQwMzBlMWJkZTlhMTBhZTYiLCJ0eXAiOiJKV1QifQ.eyJpc3MiOiJhY2NvdW50cy5nb29nbGUuY29tIiwiYXpwIjoiNjE4MTA0NzA4MDU0LTlyOXMxYzRhbGczNmVybGl1Y2hvOXQ1Mm4zMm42ZGdxLmFwcHMuZ29vZ2xldXNlcmNvbnRlbnQuY29tIiwiYXVkIjoiNjE4MTA0NzA4MDU0LTlyOXMxYzRhbGczNmVybGl1Y2hvOXQ1Mm4zMm42ZGdxLmFwcHMuZ29vZ2xldXNlcmNvbnRlbnQuY29tIiwic3ViIjoiMTAyNjEzMTMyMjU4NjcwNDMzNTIxIiwiaGQiOiJnYm94LmFkbnUuZWR1LnBoIiwiZW1haWwiOiJrZWtpbmtpdG9AZ2JveC5hZG51LmVkdS5waCIsImVtYWlsX3ZlcmlmaWVkIjp0cnVlLCJhdF9oYXNoIjoiUVROZ1hud2x6dW9BVEFabjk1TXJYZyIsImlhdCI6MTY4MzcyOTUyMywiZXhwIjoxNjgzNzMzMTIzLCJqdGkiOiJkNDc2MTBmZDI1YzYxNDQ2MjQ0MzlmOTY2YTA0NjczYzkxM2I0YjIwIn0.Heryw2g5SkIy8dDmZBU8bNkSUgPpKxWFeD-_7yMzQ38iFqOwwmeip2aLDGd7KijLsVLMNd5cz-z0rZrwhqafq-SCRmf7j2_jyONhmldYiFLSqLwYGj-Jn3PSOqVz3tbeD3PAya-X9XrPGPBw4GeqIzvER8bzI7C8hjq53QtunHMAseiMX7ptKdFtRGaE6xjpruW2rMyCuAd5AYKyatwQBuFhe6mQY5nOU8CD5n6vfsH6_Q9WL0gqVc8Grd0-UTCWv21O8l5TfL71lcSgrtbMqO2ZqW5jic6EFZSYKz-JajnPL1olftKPbVnfoxR9_elZFTmNQghpQlSUEPP8KiJ0Iw",
    "token_expiry": "2023-05-10T15:38:40Z"
  },
  "sentinels": {
    "config_sentinel": "/home/kekinkito/.config/gcloud/config_sentinel"
  }
}
2023-05-10 14:38:51,677 INFO     ___FILE_ONLY___ 

2023-05-10 14:38:51,678 DEBUG    root            SDK update checks are disabled.
