2023-05-07 04:14:30,491 DEBUG    root            Loaded Command Group: ['gcloud', 'config']
2023-05-07 04:14:30,494 DEBUG    root            Loaded Command Group: ['gcloud', 'config', 'config_helper']
2023-05-07 04:14:30,497 DEBUG    root            Running [gcloud.config.config-helper] with arguments: [--format: "json", --quiet: "True", --verbosity: "warning"]
2023-05-07 04:14:30,508 DEBUG    google.auth.transport.requests Making request: GET http://metadata.google.internal/computeMetadata/v1/instance/service-accounts/kekinkito@gbox.adnu.edu.ph/?recursive=true
2023-05-07 04:14:30,511 DEBUG    urllib3.connectionpool Starting new HTTP connection (1): metadata.google.internal:80
2023-05-07 04:14:30,515 DEBUG    urllib3.connectionpool http://metadata.google.internal:80 "GET /computeMetadata/v1/instance/service-accounts/kekinkito@gbox.adnu.edu.ph/?recursive=true HTTP/1.1" 200 None
2023-05-07 04:14:30,516 DEBUG    google.auth.transport.requests Making request: GET http://metadata.google.internal/computeMetadata/v1/instance/service-accounts/kekinkito@gbox.adnu.edu.ph/token
2023-05-07 04:14:30,518 DEBUG    urllib3.connectionpool Resetting dropped connection: metadata.google.internal
2023-05-07 04:14:30,524 DEBUG    urllib3.connectionpool http://metadata.google.internal:80 "GET /computeMetadata/v1/instance/service-accounts/kekinkito@gbox.adnu.edu.ph/token HTTP/1.1" 200 None
2023-05-07 04:14:30,555 DEBUG    root            Chosen display Format:default json
2023-05-07 04:14:30,556 INFO     root            Display format: "default json"
2023-05-07 04:14:30,557 INFO     ___FILE_ONLY___ {
  "configuration": {
    "active_configuration": "default",
    "properties": {
      "accessibility": {
        "screen_reader": "True"
      },
      "component_manager": {
        "disable_update_check": "True"
      },
      "compute": {
        "gce_metadata_read_timeout_sec": "30"
      },
      "container": {
        "use_application_default_credentials": "true"
      },
      "core": {
        "account": "kekinkito@gbox.adnu.edu.ph",
        "disable_prompts": "True",
        "disable_usage_reporting": "True",
        "print_unhandled_tracebacks": "true",
        "verbosity": "warning"
      },
      "metrics": {
        "environment": "cloudcode.vscode",
        "environment_version": "1.21.4"
      }
    }
  },
  "credential": {
    "access_token": "ya29.a0AWY7Cknmdv-2wSTONQvYf6d69MlqyKRJ5LLvzeMNxJWux3aqJSEyxWp48ySpD7ziRUwpQ2DQ8fpuMeWa8ug_i6cMc9n6SOt1q7-jHOBUW9GievBkEhDXUvNCUHYOVWDUC1CBuNTpXpiIFOQQXN-5h6YUQO55KOgZbOT7_l5G2Jx2deNupekwDP_3PSbWz3FPGTMt_BbsylVp8DNqvhMa6pOu93lNQE7Mw5CJfc8aCgYKAbYSARESFQG1tDrpl0RfNV5wJXVD2UZ74nzx3g0238",
    "id_token": "eyJhbGciOiJSUzI1NiIsImtpZCI6Ijc3NzBiMDg1YmY2NDliNzI2YjM1NzQ3NjQwMzBlMWJkZTlhMTBhZTYiLCJ0eXAiOiJKV1QifQ.eyJpc3MiOiJhY2NvdW50cy5nb29nbGUuY29tIiwiYXpwIjoiNjE4MTA0NzA4MDU0LTlyOXMxYzRhbGczNmVybGl1Y2hvOXQ1Mm4zMm42ZGdxLmFwcHMuZ29vZ2xldXNlcmNvbnRlbnQuY29tIiwiYXVkIjoiNjE4MTA0NzA4MDU0LTlyOXMxYzRhbGczNmVybGl1Y2hvOXQ1Mm4zMm42ZGdxLmFwcHMuZ29vZ2xldXNlcmNvbnRlbnQuY29tIiwic3ViIjoiMTAyNjEzMTMyMjU4NjcwNDMzNTIxIiwiaGQiOiJnYm94LmFkbnUuZWR1LnBoIiwiZW1haWwiOiJrZWtpbmtpdG9AZ2JveC5hZG51LmVkdS5waCIsImVtYWlsX3ZlcmlmaWVkIjp0cnVlLCJhdF9oYXNoIjoiZWZHMEdtU0JQMzJieUpWSHE3REsyZyIsImlhdCI6MTY4MzQzMjg2MCwiZXhwIjoxNjgzNDM2NDYwLCJqdGkiOiI3OWY3ZTdkNDkzZTQ3ZmZkZjQxMzZjN2VkMzY3ZjVjODBiMGMxZTI4In0.lDZ20ccKLLPFyQWH-XYZNWBhII5M_fj4ys7R1Lcx98O5ESftRvMF7i7b1Yzs6Nc1MFO33egk57xXULxWT8xTmuJ8uwI9oKa-Nte_PeUcgFzpznpMvMEJjpZuKC02z1gojYxZ8QMU9vziUZmidLwkiPR7dGKTEG0xgfiS_aLgp4NF_c2tma1K-Pl4MJCykmufm1AeTlGX_XZGZWtPV-NuM8VxaIOCZyfVI_Vn2dfFZvQPTd4IVGQzBgABH0j9FSgql9o9bTjnO8Zu23vfsT1Rangv2Mzhy4SqAAWpg1zYhqub9Y-vw3GLuCSmucTbLa9OCwUXGqWlSWpPGc8bJBQuQw",
    "token_expiry": "2023-05-07T05:14:18Z"
  },
  "sentinels": {
    "config_sentinel": "/home/kekinkito/.config/gcloud/config_sentinel"
  }
}
2023-05-07 04:14:30,557 INFO     ___FILE_ONLY___ 

2023-05-07 04:14:30,558 DEBUG    root            SDK update checks are disabled.
