2023-05-07 05:29:03,928 DEBUG    root            Loaded Command Group: ['gcloud', 'config']
2023-05-07 05:29:03,933 DEBUG    root            Loaded Command Group: ['gcloud', 'config', 'config_helper']
2023-05-07 05:29:03,955 DEBUG    root            Running [gcloud.config.config-helper] with arguments: [--format: "json", --quiet: "True", --verbosity: "warning"]
2023-05-07 05:29:03,984 DEBUG    google.auth.transport.requests Making request: GET http://metadata.google.internal/computeMetadata/v1/instance/service-accounts/kekinkito@gbox.adnu.edu.ph/?recursive=true
2023-05-07 05:29:03,989 DEBUG    urllib3.connectionpool Starting new HTTP connection (1): metadata.google.internal:80
2023-05-07 05:29:03,994 DEBUG    urllib3.connectionpool http://metadata.google.internal:80 "GET /computeMetadata/v1/instance/service-accounts/kekinkito@gbox.adnu.edu.ph/?recursive=true HTTP/1.1" 200 None
2023-05-07 05:29:03,995 DEBUG    google.auth.transport.requests Making request: GET http://metadata.google.internal/computeMetadata/v1/instance/service-accounts/kekinkito@gbox.adnu.edu.ph/token
2023-05-07 05:29:03,998 DEBUG    urllib3.connectionpool Resetting dropped connection: metadata.google.internal
2023-05-07 05:29:04,007 DEBUG    urllib3.connectionpool http://metadata.google.internal:80 "GET /computeMetadata/v1/instance/service-accounts/kekinkito@gbox.adnu.edu.ph/token HTTP/1.1" 200 None
2023-05-07 05:29:04,058 DEBUG    urllib3.connectionpool Starting new HTTPS connection (1): www.gstatic.com:443
2023-05-07 05:29:04,103 DEBUG    urllib3.connectionpool https://www.gstatic.com:443 "GET /cloudsdk/feature_flag_config_file.yaml HTTP/1.1" 200 101
2023-05-07 05:29:04,148 DEBUG    root            Chosen display Format:default json
2023-05-07 05:29:04,148 INFO     root            Display format: "default json"
2023-05-07 05:29:04,150 INFO     ___FILE_ONLY___ {
  "configuration": {
    "active_configuration": "default",
    "properties": {
      "accessibility": {
        "screen_reader": "True"
      },
      "component_manager": {
        "disable_update_check": "True"
      },
      "compute": {
        "gce_metadata_read_timeout_sec": "30"
      },
      "container": {
        "use_application_default_credentials": "true"
      },
      "core": {
        "account": "kekinkito@gbox.adnu.edu.ph",
        "disable_prompts": "True",
        "disable_usage_reporting": "True",
        "print_unhandled_tracebacks": "true",
        "verbosity": "warning"
      },
      "metrics": {
        "environment": "cloudcode.vscode",
        "environment_version": "1.21.4"
      }
    }
  },
  "credential": {
    "access_token": "ya29.a0AWY7CklSWu6diLsh1UAruG6YeGn1M_v19UHMW8flYwXm565252jPg-IWXVZkBfOrPTmAewkKQCTlg9ELl-RwYfe2iMiS2RWpDWXoKNYHQH7FlctNRei4CUk2I3fLRiAY9mwG1A7P5zMRrAlZ5EkLBUnDOjQfg26CaxX3Y8nrcEiI8YGkqSCvhf3pGkTKyUYZFvjR6FlcWkE7qXb9mM-FylIDOD1xGyH3s_qI_wUaCgYKATYSARESFQG1tDrpi4FlkV__7eWNM4zm8CWmwg0238",
    "id_token": "eyJhbGciOiJSUzI1NiIsImtpZCI6Ijc3NzBiMDg1YmY2NDliNzI2YjM1NzQ3NjQwMzBlMWJkZTlhMTBhZTYiLCJ0eXAiOiJKV1QifQ.eyJpc3MiOiJhY2NvdW50cy5nb29nbGUuY29tIiwiYXpwIjoiNjE4MTA0NzA4MDU0LTlyOXMxYzRhbGczNmVybGl1Y2hvOXQ1Mm4zMm42ZGdxLmFwcHMuZ29vZ2xldXNlcmNvbnRlbnQuY29tIiwiYXVkIjoiNjE4MTA0NzA4MDU0LTlyOXMxYzRhbGczNmVybGl1Y2hvOXQ1Mm4zMm42ZGdxLmFwcHMuZ29vZ2xldXNlcmNvbnRlbnQuY29tIiwic3ViIjoiMTAyNjEzMTMyMjU4NjcwNDMzNTIxIiwiaGQiOiJnYm94LmFkbnUuZWR1LnBoIiwiZW1haWwiOiJrZWtpbmtpdG9AZ2JveC5hZG51LmVkdS5waCIsImVtYWlsX3ZlcmlmaWVkIjp0cnVlLCJhdF9oYXNoIjoiQjU5aEE2MHNPbXpua0Z2ZUdKRVhDZyIsImlhdCI6MTY4MzQzNjQwMCwiZXhwIjoxNjgzNDQwMDAwLCJqdGkiOiI4OTA5MGViYzM1MTIyNGZmZTA4NjE4YWQ5YzgxY2RjZTBlNjhkNDNhIn0.LhmYIcwzGN20d9NUTH2hjTGebMydovOmJeYfNgP8wht79vDjjVkJo1Om_txdC1E33n-IshvJUe7d9gp-zYwmUnbZo8A-pifM2IwezSZIbzOf9fGUKk4q2JaolQXBBu5OIn1Du85KaEM-pJWdUDZ5nuf1bCOAo5hy8M34gAOkpqff-McWiu-OsccoTW1WcXpmxVCE-_PGvFrLWIxWyF2o5UOYwPj0re1Xiq_GeJG5ivB8V_pLgbLuL-Fe5yyaGPMrnCvnAs1JhGkQ6xlKFIdf2dBAzGx0HiJix9AqXc3kQzWDQd31HAluf_dzECd_53Q_rSkbK1V6nAe2BTSDBzhGNg",
    "token_expiry": "2023-05-07T06:13:18Z"
  },
  "sentinels": {
    "config_sentinel": "/home/kekinkito/.config/gcloud/config_sentinel"
  }
}
2023-05-07 05:29:04,150 INFO     ___FILE_ONLY___ 

2023-05-07 05:29:04,151 DEBUG    root            SDK update checks are disabled.
