2023-05-07 06:43:49,534 DEBUG    root            Loaded Command Group: ['gcloud', 'config']
2023-05-07 06:43:49,537 DEBUG    root            Loaded Command Group: ['gcloud', 'config', 'config_helper']
2023-05-07 06:43:49,540 DEBUG    root            Running [gcloud.config.config-helper] with arguments: [--format: "json", --quiet: "True", --verbosity: "warning"]
2023-05-07 06:43:49,552 DEBUG    google.auth.transport.requests Making request: GET http://metadata.google.internal/computeMetadata/v1/instance/service-accounts/kekinkito@gbox.adnu.edu.ph/?recursive=true
2023-05-07 06:43:49,554 DEBUG    urllib3.connectionpool Starting new HTTP connection (1): metadata.google.internal:80
2023-05-07 06:43:49,558 DEBUG    urllib3.connectionpool http://metadata.google.internal:80 "GET /computeMetadata/v1/instance/service-accounts/kekinkito@gbox.adnu.edu.ph/?recursive=true HTTP/1.1" 200 None
2023-05-07 06:43:49,559 DEBUG    google.auth.transport.requests Making request: GET http://metadata.google.internal/computeMetadata/v1/instance/service-accounts/kekinkito@gbox.adnu.edu.ph/token
2023-05-07 06:43:49,561 DEBUG    urllib3.connectionpool Resetting dropped connection: metadata.google.internal
2023-05-07 06:43:49,565 DEBUG    urllib3.connectionpool http://metadata.google.internal:80 "GET /computeMetadata/v1/instance/service-accounts/kekinkito@gbox.adnu.edu.ph/token HTTP/1.1" 200 None
2023-05-07 06:43:49,597 DEBUG    root            Chosen display Format:default json
2023-05-07 06:43:49,597 INFO     root            Display format: "default json"
2023-05-07 06:43:49,598 INFO     ___FILE_ONLY___ {
  "configuration": {
    "active_configuration": "default",
    "properties": {
      "accessibility": {
        "screen_reader": "True"
      },
      "component_manager": {
        "disable_update_check": "True"
      },
      "compute": {
        "gce_metadata_read_timeout_sec": "30"
      },
      "container": {
        "use_application_default_credentials": "true"
      },
      "core": {
        "account": "kekinkito@gbox.adnu.edu.ph",
        "disable_prompts": "True",
        "disable_usage_reporting": "True",
        "print_unhandled_tracebacks": "true",
        "verbosity": "warning"
      },
      "metrics": {
        "environment": "cloudcode.vscode",
        "environment_version": "1.21.4"
      }
    }
  },
  "credential": {
    "access_token": "ya29.a0AWY7CkkwlIct9pYJsGerKwtafhRe0mOGTiSE1oLnHNAriSLsw59jrVaIyjOWItzLcsxAN_mKxPZAULDrc-nIg9rdyDRxDa50Y7ZGESJU3-lYAHbdtprD0R-ncelOWvWWWUQMfUW2zuPzXxtK_ZEaInIgS3arNIEyfrSDK19qyrJspRJRVv8nelj48vrJ51XqwfZw-L-Qc_0ch7E26aq1I1Qe2fJTy4Z4ENuad2IaCgYKAe4SARESFQG1tDrph8EyYAp5In-6nLqQM_JNNQ0238",
    "id_token": "eyJhbGciOiJSUzI1NiIsImtpZCI6Ijc3NzBiMDg1YmY2NDliNzI2YjM1NzQ3NjQwMzBlMWJkZTlhMTBhZTYiLCJ0eXAiOiJKV1QifQ.eyJpc3MiOiJhY2NvdW50cy5nb29nbGUuY29tIiwiYXpwIjoiNjE4MTA0NzA4MDU0LTlyOXMxYzRhbGczNmVybGl1Y2hvOXQ1Mm4zMm42ZGdxLmFwcHMuZ29vZ2xldXNlcmNvbnRlbnQuY29tIiwiYXVkIjoiNjE4MTA0NzA4MDU0LTlyOXMxYzRhbGczNmVybGl1Y2hvOXQ1Mm4zMm42ZGdxLmFwcHMuZ29vZ2xldXNlcmNvbnRlbnQuY29tIiwic3ViIjoiMTAyNjEzMTMyMjU4NjcwNDMzNTIxIiwiaGQiOiJnYm94LmFkbnUuZWR1LnBoIiwiZW1haWwiOiJrZWtpbmtpdG9AZ2JveC5hZG51LmVkdS5waCIsImVtYWlsX3ZlcmlmaWVkIjp0cnVlLCJhdF9oYXNoIjoiZy1LMVc2OF9pb0NPWlVvSG9fallPUSIsImlhdCI6MTY4MzQzOTk0MCwiZXhwIjoxNjgzNDQzNTQwLCJqdGkiOiIwOTkzNmZkOTY1NDZiZTE1MmI1NDkwMzNkNjMyZGNlNGZhNDc0NTM0In0.FKz5zdfUMT-_oQYFYpDglno-XxkMwuWo4v22gR6q8KYdV3hBvVI93JEeHVswMkO_yxos_xxhEmLKKoB9prEdZc4DmN9U4Yfs6Sw4LvMyzFWXtqBWOjkJr6nyKMfR3jdiBsya8WPr5guzj-M6NXCCkxkLPc5SzVEdWhxx1maMu6ywjsy88NCRn63MJodaFrAcbQO1XSVxNk1ieGcBzxzerikpiswASZsNjFLcUxD8vcPlhKm2QpT6zCfriG_Q3BPIrXXhwn6G7du9j_HMjMtxEDQ8d0XpPR5xualcFVqwVGKIVo37SeGSK4LBiogRIvsd0TaOmjkzkGwG9CXd29ZO1A",
    "token_expiry": "2023-05-07T07:12:18Z"
  },
  "sentinels": {
    "config_sentinel": "/home/kekinkito/.config/gcloud/config_sentinel"
  }
}
2023-05-07 06:43:49,598 INFO     ___FILE_ONLY___ 

2023-05-07 06:43:49,599 DEBUG    root            SDK update checks are disabled.
