2023-05-07 07:57:15,138 DEBUG    root            Loaded Command Group: ['gcloud', 'run']
2023-05-07 07:57:15,203 DEBUG    root            Loaded Command Group: ['gcloud', 'run', 'deploy']
2023-05-07 07:57:15,226 DEBUG    root            Running [gcloud.run.deploy] with arguments: [--clear-env-vars: "True", --client-name: "Cloud Code for VS Code", --client-version: "1.21.4", --concurrency: "80", --cpu: "1", --image: "gcr.io/phishtension/nb-3", --memory: "256Mi", --platform: "managed", --port: "8080", --project: "phishtension", --region: "asia-southeast1", --service-account: "632799504819-compute@developer.gserviceaccount.com", --timeout: "300", SERVICE: "nb3"]
2023-05-07 07:57:15,242 DEBUG    google.auth.transport.requests Making request: GET http://metadata.google.internal/computeMetadata/v1/instance/service-accounts/kekinkito@gbox.adnu.edu.ph/?recursive=true
2023-05-07 07:57:15,245 DEBUG    urllib3.connectionpool Starting new HTTP connection (1): metadata.google.internal:80
2023-05-07 07:57:15,247 DEBUG    urllib3.connectionpool http://metadata.google.internal:80 "GET /computeMetadata/v1/instance/service-accounts/kekinkito@gbox.adnu.edu.ph/?recursive=true HTTP/1.1" 200 None
2023-05-07 07:57:15,248 DEBUG    google.auth.transport.requests Making request: GET http://metadata.google.internal/computeMetadata/v1/instance/service-accounts/kekinkito@gbox.adnu.edu.ph/token
2023-05-07 07:57:15,250 DEBUG    urllib3.connectionpool Resetting dropped connection: metadata.google.internal
2023-05-07 07:57:15,252 DEBUG    urllib3.connectionpool http://metadata.google.internal:80 "GET /computeMetadata/v1/instance/service-accounts/kekinkito@gbox.adnu.edu.ph/token HTTP/1.1" 200 None
2023-05-07 07:57:15,270 DEBUG    google.auth.transport.requests Making request: GET http://metadata.google.internal/computeMetadata/v1/instance/service-accounts/kekinkito@gbox.adnu.edu.ph/?recursive=true
2023-05-07 07:57:15,272 DEBUG    urllib3.connectionpool Starting new HTTP connection (1): metadata.google.internal:80
2023-05-07 07:57:15,275 DEBUG    urllib3.connectionpool http://metadata.google.internal:80 "GET /computeMetadata/v1/instance/service-accounts/kekinkito@gbox.adnu.edu.ph/?recursive=true HTTP/1.1" 200 None
2023-05-07 07:57:15,276 DEBUG    google.auth.transport.requests Making request: GET http://metadata.google.internal/computeMetadata/v1/instance/service-accounts/kekinkito@gbox.adnu.edu.ph/token
2023-05-07 07:57:15,278 DEBUG    urllib3.connectionpool Resetting dropped connection: metadata.google.internal
2023-05-07 07:57:15,281 DEBUG    urllib3.connectionpool http://metadata.google.internal:80 "GET /computeMetadata/v1/instance/service-accounts/kekinkito@gbox.adnu.edu.ph/token HTTP/1.1" 200 None
2023-05-07 07:57:15,312 DEBUG    google.auth.transport.requests Making request: GET http://metadata.google.internal/computeMetadata/v1/instance/service-accounts/kekinkito@gbox.adnu.edu.ph/?recursive=true
2023-05-07 07:57:15,314 DEBUG    urllib3.connectionpool Starting new HTTP connection (1): metadata.google.internal:80
2023-05-07 07:57:15,317 DEBUG    urllib3.connectionpool http://metadata.google.internal:80 "GET /computeMetadata/v1/instance/service-accounts/kekinkito@gbox.adnu.edu.ph/?recursive=true HTTP/1.1" 200 None
2023-05-07 07:57:15,318 DEBUG    google.auth.transport.requests Making request: GET http://metadata.google.internal/computeMetadata/v1/instance/service-accounts/kekinkito@gbox.adnu.edu.ph/token
2023-05-07 07:57:15,320 DEBUG    urllib3.connectionpool Resetting dropped connection: metadata.google.internal
2023-05-07 07:57:15,323 DEBUG    urllib3.connectionpool http://metadata.google.internal:80 "GET /computeMetadata/v1/instance/service-accounts/kekinkito@gbox.adnu.edu.ph/token HTTP/1.1" 200 None
2023-05-07 07:57:15,338 DEBUG    google.auth.transport.requests Making request: GET http://metadata.google.internal/computeMetadata/v1/instance/service-accounts/kekinkito@gbox.adnu.edu.ph/?recursive=true
2023-05-07 07:57:15,340 DEBUG    urllib3.connectionpool Starting new HTTP connection (1): metadata.google.internal:80
2023-05-07 07:57:15,342 DEBUG    urllib3.connectionpool http://metadata.google.internal:80 "GET /computeMetadata/v1/instance/service-accounts/kekinkito@gbox.adnu.edu.ph/?recursive=true HTTP/1.1" 200 None
2023-05-07 07:57:15,343 DEBUG    google.auth.transport.requests Making request: GET http://metadata.google.internal/computeMetadata/v1/instance/service-accounts/kekinkito@gbox.adnu.edu.ph/token
2023-05-07 07:57:15,345 DEBUG    urllib3.connectionpool Resetting dropped connection: metadata.google.internal
2023-05-07 07:57:15,347 DEBUG    urllib3.connectionpool http://metadata.google.internal:80 "GET /computeMetadata/v1/instance/service-accounts/kekinkito@gbox.adnu.edu.ph/token HTTP/1.1" 200 None
2023-05-07 07:57:15,358 DEBUG    urllib3.connectionpool Starting new HTTPS connection (1): asia-southeast1-run.googleapis.com:443
2023-05-07 07:57:15,698 DEBUG    urllib3.connectionpool https://asia-southeast1-run.googleapis.com:443 "GET /apis/serving.knative.dev/v1/namespaces/phishtension/services/nb3?alt=json HTTP/1.1" 200 None
2023-05-07 07:57:15,706 INFO     ___FILE_ONLY___ Deploying container to Cloud Run service [nb3] in project [phishtension] region [asia-southeast1]

2023-05-07 07:57:15,707 INFO     ___FILE_ONLY___ Deploying...
2023-05-07 07:57:15,716 DEBUG    urllib3.connectionpool Starting new HTTPS connection (1): asia-southeast1-run.googleapis.com:443
2023-05-07 07:57:16,328 DEBUG    urllib3.connectionpool https://asia-southeast1-run.googleapis.com:443 "PUT /apis/serving.knative.dev/v1/namespaces/phishtension/services/nb3?alt=json HTTP/1.1" 200 None
2023-05-07 07:57:16,338 DEBUG    urllib3.connectionpool Starting new HTTPS connection (1): asia-southeast1-run.googleapis.com:443
2023-05-07 07:57:16,677 DEBUG    urllib3.connectionpool https://asia-southeast1-run.googleapis.com:443 "GET /apis/serving.knative.dev/v1/namespaces/phishtension/services/nb3?alt=json HTTP/1.1" 200 None
2023-05-07 07:57:17,688 DEBUG    urllib3.connectionpool Starting new HTTPS connection (1): asia-southeast1-run.googleapis.com:443
2023-05-07 07:57:18,044 DEBUG    urllib3.connectionpool https://asia-southeast1-run.googleapis.com:443 "GET /apis/serving.knative.dev/v1/namespaces/phishtension/services/nb3?alt=json HTTP/1.1" 200 None
2023-05-07 07:57:19,056 DEBUG    urllib3.connectionpool Starting new HTTPS connection (1): asia-southeast1-run.googleapis.com:443
2023-05-07 07:57:19,369 DEBUG    urllib3.connectionpool https://asia-southeast1-run.googleapis.com:443 "GET /apis/serving.knative.dev/v1/namespaces/phishtension/services/nb3?alt=json HTTP/1.1" 200 None
2023-05-07 07:57:20,382 DEBUG    urllib3.connectionpool Starting new HTTPS connection (1): asia-southeast1-run.googleapis.com:443
2023-05-07 07:57:20,674 DEBUG    urllib3.connectionpool https://asia-southeast1-run.googleapis.com:443 "GET /apis/serving.knative.dev/v1/namespaces/phishtension/services/nb3?alt=json HTTP/1.1" 200 None
2023-05-07 07:57:21,685 DEBUG    urllib3.connectionpool Starting new HTTPS connection (1): asia-southeast1-run.googleapis.com:443
2023-05-07 07:57:22,029 DEBUG    urllib3.connectionpool https://asia-southeast1-run.googleapis.com:443 "GET /apis/serving.knative.dev/v1/namespaces/phishtension/services/nb3?alt=json HTTP/1.1" 200 None
2023-05-07 07:57:23,039 DEBUG    urllib3.connectionpool Starting new HTTPS connection (1): asia-southeast1-run.googleapis.com:443
2023-05-07 07:57:23,380 DEBUG    urllib3.connectionpool https://asia-southeast1-run.googleapis.com:443 "GET /apis/serving.knative.dev/v1/namespaces/phishtension/services/nb3?alt=json HTTP/1.1" 200 None
2023-05-07 07:57:24,391 DEBUG    urllib3.connectionpool Starting new HTTPS connection (1): asia-southeast1-run.googleapis.com:443
2023-05-07 07:57:24,715 DEBUG    urllib3.connectionpool https://asia-southeast1-run.googleapis.com:443 "GET /apis/serving.knative.dev/v1/namespaces/phishtension/services/nb3?alt=json HTTP/1.1" 200 None
2023-05-07 07:57:25,726 DEBUG    urllib3.connectionpool Starting new HTTPS connection (1): asia-southeast1-run.googleapis.com:443
2023-05-07 07:57:26,075 DEBUG    urllib3.connectionpool https://asia-southeast1-run.googleapis.com:443 "GET /apis/serving.knative.dev/v1/namespaces/phishtension/services/nb3?alt=json HTTP/1.1" 200 None
2023-05-07 07:57:27,092 DEBUG    urllib3.connectionpool Starting new HTTPS connection (1): asia-southeast1-run.googleapis.com:443
2023-05-07 07:57:27,455 DEBUG    urllib3.connectionpool https://asia-southeast1-run.googleapis.com:443 "GET /apis/serving.knative.dev/v1/namespaces/phishtension/services/nb3?alt=json HTTP/1.1" 200 None
2023-05-07 07:57:28,467 DEBUG    urllib3.connectionpool Starting new HTTPS connection (1): asia-southeast1-run.googleapis.com:443
2023-05-07 07:57:28,769 DEBUG    urllib3.connectionpool https://asia-southeast1-run.googleapis.com:443 "GET /apis/serving.knative.dev/v1/namespaces/phishtension/services/nb3?alt=json HTTP/1.1" 200 None
2023-05-07 07:57:29,780 DEBUG    urllib3.connectionpool Starting new HTTPS connection (1): asia-southeast1-run.googleapis.com:443
2023-05-07 07:57:30,068 DEBUG    urllib3.connectionpool https://asia-southeast1-run.googleapis.com:443 "GET /apis/serving.knative.dev/v1/namespaces/phishtension/services/nb3?alt=json HTTP/1.1" 200 None
2023-05-07 07:57:31,080 DEBUG    urllib3.connectionpool Starting new HTTPS connection (1): asia-southeast1-run.googleapis.com:443
2023-05-07 07:57:31,405 DEBUG    urllib3.connectionpool https://asia-southeast1-run.googleapis.com:443 "GET /apis/serving.knative.dev/v1/namespaces/phishtension/services/nb3?alt=json HTTP/1.1" 200 None
2023-05-07 07:57:32,416 DEBUG    urllib3.connectionpool Starting new HTTPS connection (1): asia-southeast1-run.googleapis.com:443
2023-05-07 07:57:32,801 DEBUG    urllib3.connectionpool https://asia-southeast1-run.googleapis.com:443 "GET /apis/serving.knative.dev/v1/namespaces/phishtension/services/nb3?alt=json HTTP/1.1" 200 None
2023-05-07 07:57:32,812 DEBUG    urllib3.connectionpool Starting new HTTPS connection (1): asia-southeast1-run.googleapis.com:443
2023-05-07 07:57:33,141 DEBUG    urllib3.connectionpool https://asia-southeast1-run.googleapis.com:443 "GET /apis/serving.knative.dev/v1/namespaces/phishtension/services/nb3?alt=json HTTP/1.1" 200 None
2023-05-07 07:57:33,156 DEBUG    urllib3.connectionpool Starting new HTTPS connection (1): asia-southeast1-run.googleapis.com:443
2023-05-07 07:57:33,499 DEBUG    urllib3.connectionpool https://asia-southeast1-run.googleapis.com:443 "GET /apis/serving.knative.dev/v1/namespaces/phishtension/services/nb3?alt=json HTTP/1.1" 200 None
2023-05-07 07:57:33,506 INFO     ___FILE_ONLY___ Service [nb3] revision [nb3-00081-bej] has been deployed and is serving 100 percent of traffic.
Service URL: https://nb3-mgpp2ks77a-as.a.run.app

2023-05-07 07:57:33,506 DEBUG    root            Chosen display Format:none
2023-05-07 07:57:33,507 INFO     root            Display format: "none"
2023-05-07 07:57:33,512 DEBUG    root            SDK update checks are disabled.
