2023-05-07 08:59:41,827 DEBUG    root            Loaded Command Group: ['gcloud', 'config']
2023-05-07 08:59:41,830 DEBUG    root            Loaded Command Group: ['gcloud', 'config', 'config_helper']
2023-05-07 08:59:41,833 DEBUG    root            Running [gcloud.config.config-helper] with arguments: [--format: "json", --quiet: "True", --verbosity: "warning"]
2023-05-07 08:59:41,845 DEBUG    google.auth.transport.requests Making request: GET http://metadata.google.internal/computeMetadata/v1/instance/service-accounts/kekinkito@gbox.adnu.edu.ph/?recursive=true
2023-05-07 08:59:41,848 DEBUG    urllib3.connectionpool Starting new HTTP connection (1): metadata.google.internal:80
2023-05-07 08:59:41,851 DEBUG    urllib3.connectionpool http://metadata.google.internal:80 "GET /computeMetadata/v1/instance/service-accounts/kekinkito@gbox.adnu.edu.ph/?recursive=true HTTP/1.1" 200 None
2023-05-07 08:59:41,852 DEBUG    google.auth.transport.requests Making request: GET http://metadata.google.internal/computeMetadata/v1/instance/service-accounts/kekinkito@gbox.adnu.edu.ph/token
2023-05-07 08:59:41,854 DEBUG    urllib3.connectionpool Resetting dropped connection: metadata.google.internal
2023-05-07 08:59:41,858 DEBUG    urllib3.connectionpool http://metadata.google.internal:80 "GET /computeMetadata/v1/instance/service-accounts/kekinkito@gbox.adnu.edu.ph/token HTTP/1.1" 200 None
2023-05-07 08:59:41,890 DEBUG    root            Chosen display Format:default json
2023-05-07 08:59:41,891 INFO     root            Display format: "default json"
2023-05-07 08:59:41,892 INFO     ___FILE_ONLY___ {
  "configuration": {
    "active_configuration": "default",
    "properties": {
      "accessibility": {
        "screen_reader": "True"
      },
      "component_manager": {
        "disable_update_check": "True"
      },
      "compute": {
        "gce_metadata_read_timeout_sec": "30"
      },
      "container": {
        "use_application_default_credentials": "true"
      },
      "core": {
        "account": "kekinkito@gbox.adnu.edu.ph",
        "disable_prompts": "True",
        "disable_usage_reporting": "True",
        "print_unhandled_tracebacks": "true",
        "verbosity": "warning"
      },
      "metrics": {
        "environment": "cloudcode.vscode",
        "environment_version": "1.21.4"
      }
    }
  },
  "credential": {
    "access_token": "ya29.a0AWY7Cknto6A7WtYPAwl_ZrFbxMYO3z8aELWoFMkT3va2LPqIn0pD8nDwDbjv9BmGc42Ip92Q1Bm0iufNpmH151HUDwUrGJRrPv1VdMu1PMolkdLVy_X3mMrnczU4rrBTJNg9htiRrA9Ol5VSLu2-SbFfsXkRAAw3YpbdRn-UK9RY48YVyFc3MN0OiqmKprTwXQrop4DAVzRw_D7Vr1_2ZQD8THfRVTI59zwfJUcaCgYKARwSARESFQG1tDrpz9PuFPNyLDb8X1rkPxR4Zw0238",
    "id_token": "eyJhbGciOiJSUzI1NiIsImtpZCI6Ijc3NzBiMDg1YmY2NDliNzI2YjM1NzQ3NjQwMzBlMWJkZTlhMTBhZTYiLCJ0eXAiOiJKV1QifQ.eyJpc3MiOiJhY2NvdW50cy5nb29nbGUuY29tIiwiYXpwIjoiNjE4MTA0NzA4MDU0LTlyOXMxYzRhbGczNmVybGl1Y2hvOXQ1Mm4zMm42ZGdxLmFwcHMuZ29vZ2xldXNlcmNvbnRlbnQuY29tIiwiYXVkIjoiNjE4MTA0NzA4MDU0LTlyOXMxYzRhbGczNmVybGl1Y2hvOXQ1Mm4zMm42ZGdxLmFwcHMuZ29vZ2xldXNlcmNvbnRlbnQuY29tIiwic3ViIjoiMTAyNjEzMTMyMjU4NjcwNDMzNTIxIiwiaGQiOiJnYm94LmFkbnUuZWR1LnBoIiwiZW1haWwiOiJrZWtpbmtpdG9AZ2JveC5hZG51LmVkdS5waCIsImVtYWlsX3ZlcmlmaWVkIjp0cnVlLCJhdF9oYXNoIjoiZFRNMHJMWGVSbi0wREdPMXJzNmpvUSIsImlhdCI6MTY4MzQ0NzAxOSwiZXhwIjoxNjgzNDUwNjE5LCJqdGkiOiJhZWFmM2E5OWU5MmZmOGZmNmUxOWU4MjQ5NjFiYzQ2M2MyOTU3NmM2In0.RrFJN47WCk2RVVZNy-gMtBgCNzP5h2wgvQ1IY5mgs98ATQu7Bxl1R4Ug00iHx8LqI_y-hJtXkjkzCfwRB42U8ZILKf5Gcby35DgrHiuibE1oUXpqsOPUv3Bo0qILSjwsXAZjjAEE4TC0qD2trDSag8zkxr7F4vx7tkQjT_VKJuFidn5l8V4wTE-Ek-IQzRBWlqmh_mjTW_19lyTYp48XvVhJcQ5hOH1SfJXb7ehkIks1ZSpStLx9EwNsS7Fmd9IcaZSys4V6UUomFH0q_gTC4hhpIxOiNVXmX9mZUjYrG2XblsKblnhxUGXZhEwqtnbPIQh4yIWuqESnPhVg3dfRSA",
    "token_expiry": "2023-05-07T09:10:18Z"
  },
  "sentinels": {
    "config_sentinel": "/home/kekinkito/.config/gcloud/config_sentinel"
  }
}
2023-05-07 08:59:41,892 INFO     ___FILE_ONLY___ 

2023-05-07 08:59:41,892 DEBUG    root            SDK update checks are disabled.
