2023-05-07 09:22:26,014 DEBUG    root            Loaded Command Group: ['gcloud', 'auth']
2023-05-07 09:22:26,020 DEBUG    root            Loaded Command Group: ['gcloud', 'auth', 'docker_helper']
2023-05-07 09:22:26,022 DEBUG    root            Running [gcloud.auth.docker-helper] with arguments: [METHOD: "get"]
2023-05-07 09:22:26,034 DEBUG    google.auth.transport.requests Making request: GET http://metadata.google.internal/computeMetadata/v1/instance/service-accounts/kekinkito@gbox.adnu.edu.ph/?recursive=true
2023-05-07 09:22:26,037 DEBUG    urllib3.connectionpool Starting new HTTP connection (1): metadata.google.internal:80
2023-05-07 09:22:26,040 DEBUG    urllib3.connectionpool http://metadata.google.internal:80 "GET /computeMetadata/v1/instance/service-accounts/kekinkito@gbox.adnu.edu.ph/?recursive=true HTTP/1.1" 200 None
2023-05-07 09:22:26,041 DEBUG    google.auth.transport.requests Making request: GET http://metadata.google.internal/computeMetadata/v1/instance/service-accounts/kekinkito@gbox.adnu.edu.ph/token
2023-05-07 09:22:26,043 DEBUG    urllib3.connectionpool Resetting dropped connection: metadata.google.internal
2023-05-07 09:22:26,046 DEBUG    urllib3.connectionpool http://metadata.google.internal:80 "GET /computeMetadata/v1/instance/service-accounts/kekinkito@gbox.adnu.edu.ph/token HTTP/1.1" 200 None
2023-05-07 09:22:26,054 DEBUG    google.auth.transport.requests Making request: GET http://metadata.google.internal/computeMetadata/v1/instance/service-accounts/kekinkito@gbox.adnu.edu.ph/?recursive=true
2023-05-07 09:22:26,056 DEBUG    urllib3.connectionpool Starting new HTTP connection (1): metadata.google.internal:80
2023-05-07 09:22:26,060 DEBUG    urllib3.connectionpool http://metadata.google.internal:80 "GET /computeMetadata/v1/instance/service-accounts/kekinkito@gbox.adnu.edu.ph/?recursive=true HTTP/1.1" 200 None
2023-05-07 09:22:26,061 DEBUG    google.auth.transport.requests Making request: GET http://metadata.google.internal/computeMetadata/v1/instance/service-accounts/kekinkito@gbox.adnu.edu.ph/token?scopes=%0Aemail%0Ahttps%3A%2F%2Fwww.googleapis.com%2Fauth%2Fcloud-platform%0A
2023-05-07 09:22:26,064 DEBUG    urllib3.connectionpool Resetting dropped connection: metadata.google.internal
2023-05-07 09:22:26,067 DEBUG    urllib3.connectionpool http://metadata.google.internal:80 "GET /computeMetadata/v1/instance/service-accounts/kekinkito@gbox.adnu.edu.ph/token?scopes=%0Aemail%0Ahttps%3A%2F%2Fwww.googleapis.com%2Fauth%2Fcloud-platform%0A HTTP/1.1" 200 None
2023-05-07 09:22:26,075 DEBUG    root            Chosen display Format:json
2023-05-07 09:22:26,076 INFO     root            Display format: "json"
2023-05-07 09:22:26,076 INFO     ___FILE_ONLY___ {
  "Secret": "ya29.a0AWY7Ckm_hjFhBiMZ0tSC7zQjLCyBirkGOQIoQqdqUfiAhH1qPHakO4AGX-X-PrFZJbaODE9Ea_oSw52zimFqWHMB9c8Seb91dvgetmvVINmexV7kOSWQ75qzpelAicXDitKSuMjEBEVPS78kpM2pbBMEypciaa6Pkmn5_0en_A1IpoqIE4jSygAFtxnf-aEyjF6kY2c05zgnuB5xGQMsHvcaxZJiYRiwGZkF-TIaCgYKARkSARESFQG1tDrp16Cfs9sCUup1Qrb5pRpd-w0238",
  "Username": "_dcgcloud_token"
}
2023-05-07 09:22:26,076 INFO     ___FILE_ONLY___ 

2023-05-07 09:22:26,077 DEBUG    root            SDK update checks are disabled.
