2023-05-07 09:45:16,438 DEBUG    root            Loaded Command Group: ['gcloud', 'config']
2023-05-07 09:45:16,441 DEBUG    root            Loaded Command Group: ['gcloud', 'config', 'config_helper']
2023-05-07 09:45:16,445 DEBUG    root            Running [gcloud.config.config-helper] with arguments: [--format: "json", --quiet: "True", --verbosity: "warning"]
2023-05-07 09:45:16,464 DEBUG    google.auth.transport.requests Making request: GET http://metadata.google.internal/computeMetadata/v1/instance/service-accounts/kekinkito@gbox.adnu.edu.ph/?recursive=true
2023-05-07 09:45:16,468 DEBUG    urllib3.connectionpool Starting new HTTP connection (1): metadata.google.internal:80
2023-05-07 09:45:16,472 DEBUG    urllib3.connectionpool http://metadata.google.internal:80 "GET /computeMetadata/v1/instance/service-accounts/kekinkito@gbox.adnu.edu.ph/?recursive=true HTTP/1.1" 200 None
2023-05-07 09:45:16,473 DEBUG    google.auth.transport.requests Making request: GET http://metadata.google.internal/computeMetadata/v1/instance/service-accounts/kekinkito@gbox.adnu.edu.ph/token
2023-05-07 09:45:16,476 DEBUG    urllib3.connectionpool Resetting dropped connection: metadata.google.internal
2023-05-07 09:45:16,480 DEBUG    urllib3.connectionpool http://metadata.google.internal:80 "GET /computeMetadata/v1/instance/service-accounts/kekinkito@gbox.adnu.edu.ph/token HTTP/1.1" 200 None
2023-05-07 09:45:16,515 DEBUG    root            Chosen display Format:default json
2023-05-07 09:45:16,516 INFO     root            Display format: "default json"
2023-05-07 09:45:16,518 INFO     ___FILE_ONLY___ {
  "configuration": {
    "active_configuration": "default",
    "properties": {
      "accessibility": {
        "screen_reader": "True"
      },
      "component_manager": {
        "disable_update_check": "True"
      },
      "compute": {
        "gce_metadata_read_timeout_sec": "30"
      },
      "container": {
        "use_application_default_credentials": "true"
      },
      "core": {
        "account": "kekinkito@gbox.adnu.edu.ph",
        "disable_prompts": "True",
        "disable_usage_reporting": "True",
        "print_unhandled_tracebacks": "true",
        "verbosity": "warning"
      },
      "metrics": {
        "environment": "cloudcode.vscode",
        "environment_version": "1.21.4"
      }
    }
  },
  "credential": {
    "access_token": "ya29.a0AWY7CknXJ43bqot18jfEsDcoxX6f24t2462VPjqZP9bpRISQBUGtLGmTut-v4NTjP2bWmO9PfCxeEOuHBe9qs5_QPlQYz7qtvWIAwyyu2JsyrrgLmcsnWgHS1fa9BEVLRnodWNDgi33-oQryz0svWsvYX5R9kIODgygCohMXAFKDFBqTcEEzgi85aVJHoNR24wUhZik6eY9R-S2hL_N6gkqYlBl32pS9gm-lHVcaCgYKAUYSARESFQG1tDrpsRtQ8uznTVJK8I5FGL1vnQ0238",
    "id_token": "eyJhbGciOiJSUzI1NiIsImtpZCI6Ijc3NzBiMDg1YmY2NDliNzI2YjM1NzQ3NjQwMzBlMWJkZTlhMTBhZTYiLCJ0eXAiOiJKV1QifQ.eyJpc3MiOiJhY2NvdW50cy5nb29nbGUuY29tIiwiYXpwIjoiNjE4MTA0NzA4MDU0LTlyOXMxYzRhbGczNmVybGl1Y2hvOXQ1Mm4zMm42ZGdxLmFwcHMuZ29vZ2xldXNlcmNvbnRlbnQuY29tIiwiYXVkIjoiNjE4MTA0NzA4MDU0LTlyOXMxYzRhbGczNmVybGl1Y2hvOXQ1Mm4zMm42ZGdxLmFwcHMuZ29vZ2xldXNlcmNvbnRlbnQuY29tIiwic3ViIjoiMTAyNjEzMTMyMjU4NjcwNDMzNTIxIiwiaGQiOiJnYm94LmFkbnUuZWR1LnBoIiwiZW1haWwiOiJrZWtpbmtpdG9AZ2JveC5hZG51LmVkdS5waCIsImVtYWlsX3ZlcmlmaWVkIjp0cnVlLCJhdF9oYXNoIjoiU280Vk9OM1lUNWpzalkwbUdCS0t0dyIsImlhdCI6MTY4MzQ1MjYyNSwiZXhwIjoxNjgzNDU2MjI1LCJqdGkiOiJkOTBhNzMzYWVmNWRkZThkZDc3NWFhZDQ2ZjIwNjNmYTU4YWQ4NzU4In0.jN3mgWmKSdvfcBUFpP7w5aeWkcGll1TPJ_373C1LRZzl9PRKWJKc8Auh5roOc3iUmP2AsROWKTd-TCFNxb2MW178POdMXnTDvMuPy10ipbyX4RLqH6EXVHMgb6SQMyqZT_4sPKGrt2ff0sdXlPCAb1RgTnnwexefGBTVHNYUuAJ0XGKJtG8evzNWQagnOOMAVjkc0ghxS9M7-KeC61DXrjzAmaloQ9qbZrnzWQEWagvop4jY8Xd5yufjXYbERsiAogIhqApbhXDcPu5nXqWAJ9-nQZldm-FF8wVHIo8WZfahQ9Z0bGH7TDRWD0VYfi2-m5Tk-8x0Z5sl84yhkTRe_Q",
    "token_expiry": "2023-05-07T10:43:43Z"
  },
  "sentinels": {
    "config_sentinel": "/home/kekinkito/.config/gcloud/config_sentinel"
  }
}
2023-05-07 09:45:16,518 INFO     ___FILE_ONLY___ 

2023-05-07 09:45:16,519 DEBUG    root            SDK update checks are disabled.
