2023-05-07 13:27:31,563 DEBUG    root            Loaded Command Group: ['gcloud', 'beta', 'run']
2023-05-07 13:27:31,582 DEBUG    root            Loaded Command Group: ['gcloud', 'beta', 'run', 'services']
2023-05-07 13:27:31,635 DEBUG    root            Loaded Command Group: ['gcloud', 'beta', 'run', 'services', 'describe']
2023-05-07 13:27:31,643 DEBUG    root            Running [gcloud.beta.run.services.describe] with arguments: [--format: "json", --platform: "managed", --project: "phishtension", --quiet: "True", --region: "us-central1", --verbosity: "warning", SERVICE: "nb-3-us"]
2023-05-07 13:27:31,656 DEBUG    google.auth.transport.requests Making request: GET http://metadata.google.internal/computeMetadata/v1/instance/service-accounts/kekinkito@gbox.adnu.edu.ph/?recursive=true
2023-05-07 13:27:31,659 DEBUG    urllib3.connectionpool Starting new HTTP connection (1): metadata.google.internal:80
2023-05-07 13:27:31,661 DEBUG    urllib3.connectionpool http://metadata.google.internal:80 "GET /computeMetadata/v1/instance/service-accounts/kekinkito@gbox.adnu.edu.ph/?recursive=true HTTP/1.1" 200 None
2023-05-07 13:27:31,662 DEBUG    google.auth.transport.requests Making request: GET http://metadata.google.internal/computeMetadata/v1/instance/service-accounts/kekinkito@gbox.adnu.edu.ph/token
2023-05-07 13:27:31,664 DEBUG    urllib3.connectionpool Resetting dropped connection: metadata.google.internal
2023-05-07 13:27:31,667 DEBUG    urllib3.connectionpool http://metadata.google.internal:80 "GET /computeMetadata/v1/instance/service-accounts/kekinkito@gbox.adnu.edu.ph/token HTTP/1.1" 200 None
2023-05-07 13:27:31,679 DEBUG    google.auth.transport.requests Making request: GET http://metadata.google.internal/computeMetadata/v1/instance/service-accounts/kekinkito@gbox.adnu.edu.ph/?recursive=true
2023-05-07 13:27:31,681 DEBUG    urllib3.connectionpool Starting new HTTP connection (1): metadata.google.internal:80
2023-05-07 13:27:31,684 DEBUG    urllib3.connectionpool http://metadata.google.internal:80 "GET /computeMetadata/v1/instance/service-accounts/kekinkito@gbox.adnu.edu.ph/?recursive=true HTTP/1.1" 200 None
2023-05-07 13:27:31,684 DEBUG    google.auth.transport.requests Making request: GET http://metadata.google.internal/computeMetadata/v1/instance/service-accounts/kekinkito@gbox.adnu.edu.ph/token
2023-05-07 13:27:31,686 DEBUG    urllib3.connectionpool Resetting dropped connection: metadata.google.internal
2023-05-07 13:27:31,689 DEBUG    urllib3.connectionpool http://metadata.google.internal:80 "GET /computeMetadata/v1/instance/service-accounts/kekinkito@gbox.adnu.edu.ph/token HTTP/1.1" 200 None
2023-05-07 13:27:31,721 DEBUG    google.auth.transport.requests Making request: GET http://metadata.google.internal/computeMetadata/v1/instance/service-accounts/kekinkito@gbox.adnu.edu.ph/?recursive=true
2023-05-07 13:27:31,723 DEBUG    urllib3.connectionpool Starting new HTTP connection (1): metadata.google.internal:80
2023-05-07 13:27:31,726 DEBUG    urllib3.connectionpool http://metadata.google.internal:80 "GET /computeMetadata/v1/instance/service-accounts/kekinkito@gbox.adnu.edu.ph/?recursive=true HTTP/1.1" 200 None
2023-05-07 13:27:31,726 DEBUG    google.auth.transport.requests Making request: GET http://metadata.google.internal/computeMetadata/v1/instance/service-accounts/kekinkito@gbox.adnu.edu.ph/token
2023-05-07 13:27:31,728 DEBUG    urllib3.connectionpool Resetting dropped connection: metadata.google.internal
2023-05-07 13:27:31,730 DEBUG    urllib3.connectionpool http://metadata.google.internal:80 "GET /computeMetadata/v1/instance/service-accounts/kekinkito@gbox.adnu.edu.ph/token HTTP/1.1" 200 None
2023-05-07 13:27:31,742 DEBUG    google.auth.transport.requests Making request: GET http://metadata.google.internal/computeMetadata/v1/instance/service-accounts/kekinkito@gbox.adnu.edu.ph/?recursive=true
2023-05-07 13:27:31,744 DEBUG    urllib3.connectionpool Starting new HTTP connection (1): metadata.google.internal:80
2023-05-07 13:27:31,750 DEBUG    urllib3.connectionpool http://metadata.google.internal:80 "GET /computeMetadata/v1/instance/service-accounts/kekinkito@gbox.adnu.edu.ph/?recursive=true HTTP/1.1" 200 None
2023-05-07 13:27:31,751 DEBUG    google.auth.transport.requests Making request: GET http://metadata.google.internal/computeMetadata/v1/instance/service-accounts/kekinkito@gbox.adnu.edu.ph/token
2023-05-07 13:27:31,754 DEBUG    urllib3.connectionpool Resetting dropped connection: metadata.google.internal
2023-05-07 13:27:31,757 DEBUG    urllib3.connectionpool http://metadata.google.internal:80 "GET /computeMetadata/v1/instance/service-accounts/kekinkito@gbox.adnu.edu.ph/token HTTP/1.1" 200 None
2023-05-07 13:27:31,767 DEBUG    urllib3.connectionpool Starting new HTTPS connection (1): us-central1-run.googleapis.com:443
2023-05-07 13:27:32,789 DEBUG    urllib3.connectionpool https://us-central1-run.googleapis.com:443 "GET /apis/serving.knative.dev/v1/namespaces/phishtension/services/nb-3-us?alt=json HTTP/1.1" 200 None
2023-05-07 13:27:32,797 DEBUG    root            Chosen display Format:service json
2023-05-07 13:27:32,797 INFO     root            Display format: "service json"
2023-05-07 13:27:32,801 INFO     ___FILE_ONLY___ {
  "apiVersion": "serving.knative.dev/v1",
  "kind": "Service",
  "metadata": {
    "annotations": {
      "client.knative.dev/user-image": "gcr.io/phishtension/nb-3",
      "run.googleapis.com/client-name": "Cloud Code for VS Code",
      "run.googleapis.com/client-version": "1.21.4",
      "run.googleapis.com/ingress": "all",
      "run.googleapis.com/ingress-status": "all",
      "run.googleapis.com/operation-id": "4c1b8eab-469d-402d-b000-62123b9cdf1d",
      "serving.knative.dev/creator": "kekinkito@gbox.adnu.edu.ph",
      "serving.knative.dev/lastModifier": "kekinkito@gbox.adnu.edu.ph"
    },
    "creationTimestamp": "2023-05-07T13:26:58.752989Z",
    "generation": 1,
    "labels": {
      "cloud.googleapis.com/location": "us-central1"
    },
    "name": "nb-3-us",
    "namespace": "632799504819",
    "resourceVersion": "AAX7Gnu+hgU",
    "selfLink": "/apis/serving.knative.dev/v1/namespaces/632799504819/services/nb-3-us",
    "uid": "556bd4b5-5325-4217-8d21-ce65a354fa31"
  },
  "spec": {
    "template": {
      "metadata": {
        "annotations": {
          "autoscaling.knative.dev/maxScale": "50",
          "client.knative.dev/user-image": "gcr.io/phishtension/nb-3",
          "run.googleapis.com/client-name": "Cloud Code for VS Code",
          "run.googleapis.com/client-version": "1.21.4"
        },
        "name": "nb-3-us-00001-yez"
      },
      "spec": {
        "containerConcurrency": 80,
        "containers": [
          {
            "image": "gcr.io/phishtension/nb-3",
            "ports": [
              {
                "containerPort": 8080,
                "name": "http1"
              }
            ],
            "resources": {
              "limits": {
                "cpu": "2",
                "memory": "256Mi"
              }
            },
            "startupProbe": {
              "failureThreshold": 1,
              "periodSeconds": 240,
              "tcpSocket": {
                "port": 8080
              },
              "timeoutSeconds": 240
            }
          }
        ],
        "serviceAccountName": "632799504819-compute@developer.gserviceaccount.com",
        "timeoutSeconds": 300
      }
    },
    "traffic": [
      {
        "latestRevision": true,
        "percent": 100
      }
    ]
  },
  "status": {
    "address": {
      "url": "https://nb-3-us-mgpp2ks77a-uc.a.run.app"
    },
    "conditions": [
      {
        "lastTransitionTime": "2023-05-07T13:27:27.358469Z",
        "status": "True",
        "type": "Ready"
      },
      {
        "lastTransitionTime": "2023-05-07T13:27:27.021610Z",
        "status": "True",
        "type": "ConfigurationsReady"
      },
      {
        "lastTransitionTime": "2023-05-07T13:27:27.358469Z",
        "status": "True",
        "type": "RoutesReady"
      }
    ],
    "latestCreatedRevisionName": "nb-3-us-00001-yez",
    "latestReadyRevisionName": "nb-3-us-00001-yez",
    "observedGeneration": 1,
    "traffic": [
      {
        "latestRevision": true,
        "percent": 100,
        "revisionName": "nb-3-us-00001-yez"
      }
    ],
    "url": "https://nb-3-us-mgpp2ks77a-uc.a.run.app"
  }
}
2023-05-07 13:27:32,801 INFO     ___FILE_ONLY___ 

2023-05-07 13:27:32,802 DEBUG    root            SDK update checks are disabled.
