2023-05-07 13:33:16,271 DEBUG    root            Loaded Command Group: ['gcloud', 'config']
2023-05-07 13:33:16,273 DEBUG    root            Loaded Command Group: ['gcloud', 'config', 'config_helper']
2023-05-07 13:33:16,276 DEBUG    root            Running [gcloud.config.config-helper] with arguments: [--force-auth-refresh: "True", --format: "json(credential)"]
2023-05-07 13:33:16,287 DEBUG    google.auth.transport.requests Making request: GET http://metadata.google.internal/computeMetadata/v1/instance/service-accounts/kekinkito@gbox.adnu.edu.ph/?recursive=true
2023-05-07 13:33:16,290 DEBUG    urllib3.connectionpool Starting new HTTP connection (1): metadata.google.internal:80
2023-05-07 13:33:16,293 DEBUG    urllib3.connectionpool http://metadata.google.internal:80 "GET /computeMetadata/v1/instance/service-accounts/kekinkito@gbox.adnu.edu.ph/?recursive=true HTTP/1.1" 200 None
2023-05-07 13:33:16,294 DEBUG    google.auth.transport.requests Making request: GET http://metadata.google.internal/computeMetadata/v1/instance/service-accounts/kekinkito@gbox.adnu.edu.ph/token
2023-05-07 13:33:16,295 DEBUG    urllib3.connectionpool Resetting dropped connection: metadata.google.internal
2023-05-07 13:33:16,298 DEBUG    urllib3.connectionpool http://metadata.google.internal:80 "GET /computeMetadata/v1/instance/service-accounts/kekinkito@gbox.adnu.edu.ph/token HTTP/1.1" 200 None
2023-05-07 13:33:16,304 DEBUG    google.auth.transport.requests Making request: GET http://metadata.google.internal/computeMetadata/v1/instance/service-accounts/kekinkito@gbox.adnu.edu.ph/?recursive=true
2023-05-07 13:33:16,307 DEBUG    urllib3.connectionpool Starting new HTTP connection (1): metadata.google.internal:80
2023-05-07 13:33:16,309 DEBUG    urllib3.connectionpool http://metadata.google.internal:80 "GET /computeMetadata/v1/instance/service-accounts/kekinkito@gbox.adnu.edu.ph/?recursive=true HTTP/1.1" 200 None
2023-05-07 13:33:16,310 DEBUG    google.auth.transport.requests Making request: GET http://metadata.google.internal/computeMetadata/v1/instance/service-accounts/kekinkito@gbox.adnu.edu.ph/token?scopes=%0Aemail%0Ahttps%3A%2F%2Fwww.googleapis.com%2Fauth%2Fcloud-platform%0A
2023-05-07 13:33:16,313 DEBUG    urllib3.connectionpool Resetting dropped connection: metadata.google.internal
2023-05-07 13:33:16,316 DEBUG    urllib3.connectionpool http://metadata.google.internal:80 "GET /computeMetadata/v1/instance/service-accounts/kekinkito@gbox.adnu.edu.ph/token?scopes=%0Aemail%0Ahttps%3A%2F%2Fwww.googleapis.com%2Fauth%2Fcloud-platform%0A HTTP/1.1" 200 None
2023-05-07 13:33:16,342 DEBUG    root            Chosen display Format:default json(credential)
2023-05-07 13:33:16,343 INFO     root            Display format: "default json(credential)"
2023-05-07 13:33:16,344 INFO     ___FILE_ONLY___ {
  "credential": {
    "access_token": "ya29.a0AWY7CkmX_Fa17rQcHdGGYpa0rKnuo8g2DanxkymAuOR1-6i8oLRIvCILZd2W4kbEgN3VvC-tzVUeKzwnxWc3KeWPUnT6FROcIhwti9B7m31Wd-a3_cl-8KPX6xc3A7uQJlaVVlDFUlicAb_HyAGzbrfHGy12N-zicZo4rajtq1y2UqPzAnFVQIGU9vPRUofCJKMu9tdeyPSqi9BiYcdbLdXtEsOOaGLQUe5PG90aCgYKAUUSARESFQG1tDrpSPc8SHJcI1TcWaCVemn_PA0238",
    "id_token": "eyJhbGciOiJSUzI1NiIsImtpZCI6Ijc3NzBiMDg1YmY2NDliNzI2YjM1NzQ3NjQwMzBlMWJkZTlhMTBhZTYiLCJ0eXAiOiJKV1QifQ.eyJpc3MiOiJhY2NvdW50cy5nb29nbGUuY29tIiwiYXpwIjoiNjE4MTA0NzA4MDU0LTlyOXMxYzRhbGczNmVybGl1Y2hvOXQ1Mm4zMm42ZGdxLmFwcHMuZ29vZ2xldXNlcmNvbnRlbnQuY29tIiwiYXVkIjoiNjE4MTA0NzA4MDU0LTlyOXMxYzRhbGczNmVybGl1Y2hvOXQ1Mm4zMm42ZGdxLmFwcHMuZ29vZ2xldXNlcmNvbnRlbnQuY29tIiwic3ViIjoiMTAyNjEzMTMyMjU4NjcwNDMzNTIxIiwiaGQiOiJnYm94LmFkbnUuZWR1LnBoIiwiZW1haWwiOiJrZWtpbmtpdG9AZ2JveC5hZG51LmVkdS5waCIsImVtYWlsX3ZlcmlmaWVkIjp0cnVlLCJhdF9oYXNoIjoidzJjVGFKdnlyalJXNGs2bVQ3c1VSUSIsImlhdCI6MTY4MzQ2NTEzMCwiZXhwIjoxNjgzNDY4NzMwLCJqdGkiOiJjNWJiMGNmNDQ5NjIxZDI5ZTliOTNmNDc3Y2Q5MzI1ZGE4ZDVmZGZmIn0.MwCswEihUMi2UxjDcPC-0pl8aGFoCcUG9uh7rFy7wFgL15VIo7dGNAkEV6gy9GirnClVucXMqwjVx56UZl5OLMnfM1c_eMJnXLuKjEZQmpBY5YfvX2YJznit2jbxYZ3DTLgkw2-gmAw0UpitkXX_-76jS9hCxZ08n0sxFNzEcSjlHJnCxWfbOy24xcXFh10UQvB6Obu9M1Xxtjyf7zttPUfJgqS-GcOIDoWbKdtownGZ82Z-h2io5vRLlw4zwPeX4L1LFECrXdibedtko43XPYFjjf3SNlD_1W_V9qeUofL2ABuowOC2DwckC2kU-F-zggFSGG-j88y88IiuuJwPCQ",
    "token_expiry": "2023-05-07T14:12:08Z"
  }
}
2023-05-07 13:33:16,344 INFO     ___FILE_ONLY___ 

2023-05-07 13:33:16,344 DEBUG    root            SDK update checks are disabled.
