2023-05-07 13:45:19,774 DEBUG    root            Loaded Command Group: ['gcloud', 'config']
2023-05-07 13:45:19,777 DEBUG    root            Loaded Command Group: ['gcloud', 'config', 'config_helper']
2023-05-07 13:45:19,781 DEBUG    root            Running [gcloud.config.config-helper] with arguments: [--format: "json", --quiet: "True", --verbosity: "warning"]
2023-05-07 13:45:19,796 DEBUG    google.auth.transport.requests Making request: GET http://metadata.google.internal/computeMetadata/v1/instance/service-accounts/kekinkito@gbox.adnu.edu.ph/?recursive=true
2023-05-07 13:45:19,801 DEBUG    urllib3.connectionpool Starting new HTTP connection (1): metadata.google.internal:80
2023-05-07 13:45:19,805 DEBUG    urllib3.connectionpool http://metadata.google.internal:80 "GET /computeMetadata/v1/instance/service-accounts/kekinkito@gbox.adnu.edu.ph/?recursive=true HTTP/1.1" 200 None
2023-05-07 13:45:19,806 DEBUG    google.auth.transport.requests Making request: GET http://metadata.google.internal/computeMetadata/v1/instance/service-accounts/kekinkito@gbox.adnu.edu.ph/token
2023-05-07 13:45:19,807 DEBUG    urllib3.connectionpool Resetting dropped connection: metadata.google.internal
2023-05-07 13:45:19,811 DEBUG    urllib3.connectionpool http://metadata.google.internal:80 "GET /computeMetadata/v1/instance/service-accounts/kekinkito@gbox.adnu.edu.ph/token HTTP/1.1" 200 None
2023-05-07 13:45:19,843 DEBUG    root            Chosen display Format:default json
2023-05-07 13:45:19,843 INFO     root            Display format: "default json"
2023-05-07 13:45:19,844 INFO     ___FILE_ONLY___ {
  "configuration": {
    "active_configuration": "default",
    "properties": {
      "accessibility": {
        "screen_reader": "True"
      },
      "component_manager": {
        "disable_update_check": "True"
      },
      "compute": {
        "gce_metadata_read_timeout_sec": "30"
      },
      "container": {
        "use_application_default_credentials": "true"
      },
      "core": {
        "account": "kekinkito@gbox.adnu.edu.ph",
        "disable_prompts": "True",
        "disable_usage_reporting": "True",
        "print_unhandled_tracebacks": "true",
        "verbosity": "warning"
      },
      "metrics": {
        "environment": "cloudcode.vscode",
        "environment_version": "1.21.4"
      }
    }
  },
  "credential": {
    "access_token": "ya29.a0AWY7CkkVeqdWYjpGh5qxNr0MqaFCML0rJWJNLZzVkMDT-BeIrOPYYdv-blfIjsgd7R3jRns2yUB6JPyiyXipgcGZ3fW0C0RcW6fLtQzBJZHaol5ZNJrOirCQwj0thWwD-qe4k4SrJoStFEfLzWxqo-3i-yxboYLFYH-sVUF2NhPMuKWLpUlqWtFIsN661CyB3j08K6nxM_Ux36yOZyh87rUFh3rAyZ9xn3HDmRYaCgYKAboSARESFQG1tDrpTvVSubttEq_iCrzKub9u-A0238",
    "id_token": "eyJhbGciOiJSUzI1NiIsImtpZCI6Ijc3NzBiMDg1YmY2NDliNzI2YjM1NzQ3NjQwMzBlMWJkZTlhMTBhZTYiLCJ0eXAiOiJKV1QifQ.eyJpc3MiOiJhY2NvdW50cy5nb29nbGUuY29tIiwiYXpwIjoiNjE4MTA0NzA4MDU0LTlyOXMxYzRhbGczNmVybGl1Y2hvOXQ1Mm4zMm42ZGdxLmFwcHMuZ29vZ2xldXNlcmNvbnRlbnQuY29tIiwiYXVkIjoiNjE4MTA0NzA4MDU0LTlyOXMxYzRhbGczNmVybGl1Y2hvOXQ1Mm4zMm42ZGdxLmFwcHMuZ29vZ2xldXNlcmNvbnRlbnQuY29tIiwic3ViIjoiMTAyNjEzMTMyMjU4NjcwNDMzNTIxIiwiaGQiOiJnYm94LmFkbnUuZWR1LnBoIiwiZW1haWwiOiJrZWtpbmtpdG9AZ2JveC5hZG51LmVkdS5waCIsImVtYWlsX3ZlcmlmaWVkIjp0cnVlLCJhdF9oYXNoIjoiNXpUaGhieEp5SlIzcVc4cmJhU1lNUSIsImlhdCI6MTY4MzQ2NzAzOCwiZXhwIjoxNjgzNDcwNjM4LCJqdGkiOiI3OTc4OWRhYzQ1ODFmNTA0NzdiNzQ1YzA4ZDBkYTM5YThlZGJjMzljIn0.JUuyxuww-lur4VETChKsRdKVq-KlBT-7gLLIFL-0vdA8mpFeoSLjhvX5rOWsKZ0Um-2DY14Hrk_r6VxSvq8DvShkETxET0nYoz5xmx-GcTSDKhBvq7J4A0qhw-ouLMM07oV-VT3hzHzybOfw5FAgOwcDDJrwpR24DscDUVg-Xt_VL-Ns395TfFo_dwxVAJjC8wWtEytlF_mOZmRt6-XkzbIUZ4M7IbOPB1MhjPZLV8vTidYhcUBY-yFMhFkEWntOTlCXAqbzlA3yrdc8bzWz7hnoLiL1wOi0BdcGiZOwLwdieV7dF9GVL-rXwz2Yv7v1W1LM7VLo570mJrvk1VhcWQ",
    "token_expiry": "2023-05-07T14:43:56Z"
  },
  "sentinels": {
    "config_sentinel": "/home/kekinkito/.config/gcloud/config_sentinel"
  }
}
2023-05-07 13:45:19,844 INFO     ___FILE_ONLY___ 

2023-05-07 13:45:19,845 DEBUG    root            SDK update checks are disabled.
