2023-05-07 17:10:36,940 DEBUG    root            Loaded Command Group: ['gcloud', 'config']
2023-05-07 17:10:36,950 DEBUG    root            Loaded Command Group: ['gcloud', 'config', 'config_helper']
2023-05-07 17:10:36,955 DEBUG    root            Running [gcloud.config.config-helper] with arguments: [--format: "json", --quiet: "True", --verbosity: "warning"]
2023-05-07 17:10:36,972 DEBUG    google.auth.transport.requests Making request: GET http://metadata.google.internal/computeMetadata/v1/instance/service-accounts/kekinkito@gbox.adnu.edu.ph/?recursive=true
2023-05-07 17:10:36,977 DEBUG    urllib3.connectionpool Starting new HTTP connection (1): metadata.google.internal:80
2023-05-07 17:10:36,983 DEBUG    urllib3.connectionpool http://metadata.google.internal:80 "GET /computeMetadata/v1/instance/service-accounts/kekinkito@gbox.adnu.edu.ph/?recursive=true HTTP/1.1" 200 None
2023-05-07 17:10:36,984 DEBUG    google.auth.transport.requests Making request: GET http://metadata.google.internal/computeMetadata/v1/instance/service-accounts/kekinkito@gbox.adnu.edu.ph/token
2023-05-07 17:10:36,987 DEBUG    urllib3.connectionpool Resetting dropped connection: metadata.google.internal
2023-05-07 17:10:36,991 DEBUG    urllib3.connectionpool http://metadata.google.internal:80 "GET /computeMetadata/v1/instance/service-accounts/kekinkito@gbox.adnu.edu.ph/token HTTP/1.1" 200 None
2023-05-07 17:10:37,020 DEBUG    urllib3.connectionpool Starting new HTTPS connection (1): www.gstatic.com:443
2023-05-07 17:10:37,058 DEBUG    urllib3.connectionpool https://www.gstatic.com:443 "GET /cloudsdk/feature_flag_config_file.yaml HTTP/1.1" 200 101
2023-05-07 17:10:37,084 DEBUG    root            Chosen display Format:default json
2023-05-07 17:10:37,085 INFO     root            Display format: "default json"
2023-05-07 17:10:37,086 INFO     ___FILE_ONLY___ {
  "configuration": {
    "active_configuration": "default",
    "properties": {
      "accessibility": {
        "screen_reader": "True"
      },
      "component_manager": {
        "disable_update_check": "True"
      },
      "compute": {
        "gce_metadata_read_timeout_sec": "30"
      },
      "container": {
        "use_application_default_credentials": "true"
      },
      "core": {
        "account": "kekinkito@gbox.adnu.edu.ph",
        "disable_prompts": "True",
        "disable_usage_reporting": "True",
        "print_unhandled_tracebacks": "true",
        "verbosity": "warning"
      },
      "metrics": {
        "environment": "cloudcode.vscode",
        "environment_version": "1.21.4"
      }
    }
  },
  "credential": {
    "access_token": "ya29.a0AWY7CkmWlRVJrCKSkReQdX_iMIzrPO4OJaBWu_S5UBmTCgY8FJRBvMEXMbd_kAstqdFh5cSN1IaQfn-mk-sdrwo3QEDEwe5ONHkHlic5xNDHfGugiVy2bFMJLBWw9zBsxl7UkPa8MTS42hnAx5kXVG6fLv0x1SRUObJwOZ0ZMf5hceHVgWoGfBQbeUCJHvt5-z2jY_jUWl4dlQL1csfwRBSKiwigSUNchehFy7AaCgYKAbYSARESFQG1tDrpEix6YIBM5idPUgSQ4dtUhg0238",
    "id_token": "eyJhbGciOiJSUzI1NiIsImtpZCI6Ijc3NzBiMDg1YmY2NDliNzI2YjM1NzQ3NjQwMzBlMWJkZTlhMTBhZTYiLCJ0eXAiOiJKV1QifQ.eyJpc3MiOiJhY2NvdW50cy5nb29nbGUuY29tIiwiYXpwIjoiNjE4MTA0NzA4MDU0LTlyOXMxYzRhbGczNmVybGl1Y2hvOXQ1Mm4zMm42ZGdxLmFwcHMuZ29vZ2xldXNlcmNvbnRlbnQuY29tIiwiYXVkIjoiNjE4MTA0NzA4MDU0LTlyOXMxYzRhbGczNmVybGl1Y2hvOXQ1Mm4zMm42ZGdxLmFwcHMuZ29vZ2xldXNlcmNvbnRlbnQuY29tIiwic3ViIjoiMTAyNjEzMTMyMjU4NjcwNDMzNTIxIiwiaGQiOiJnYm94LmFkbnUuZWR1LnBoIiwiZW1haWwiOiJrZWtpbmtpdG9AZ2JveC5hZG51LmVkdS5waCIsImVtYWlsX3ZlcmlmaWVkIjp0cnVlLCJhdF9oYXNoIjoiSzJLcjhzZ19rblpadlJFM25YSU5jdyIsImlhdCI6MTY4MzQ3ODgyMywiZXhwIjoxNjgzNDgyNDIzLCJqdGkiOiI4NmRiOTY3Yjk4Y2E0MzQ0ZjcxZDA4N2ZiOTBkZDU5NzI5ZWJhMzY5In0.UlkInkPkMHaUUU_HNJiicd-sPzLeC6DPl2kC7Jn37Us88S6M_0LqMS16sq97c2PIfWL8ksE0nkA_fsMKKLzdnh_ONdWrBtQzX0Zz8Iq4CsHmXMQoZw-ivJzM_gMnVhIUXAuGsN2X_32XtcCh2mAAWp4SUArMPOPQ4ycAz2qXdbvJPuKa_WQOtCzR19rDHI8FapVqAGqC9n7voyuS6IyGVZDDF0WAhh-FMhKcSoM34wY9vEODds3UNznMfsw6Ti1ZSDfx-Q28RcPcLcdqr1lLO1q1Mr6hXlE0Lq-kiolGN8uEIV-sobJrC80NCD-xc_MA_QClp5m523sHRX3z6LfCEg",
    "token_expiry": "2023-05-07T18:00:22Z"
  },
  "sentinels": {
    "config_sentinel": "/home/kekinkito/.config/gcloud/config_sentinel"
  }
}
2023-05-07 17:10:37,086 INFO     ___FILE_ONLY___ 

2023-05-07 17:10:37,087 DEBUG    root            SDK update checks are disabled.
