2023-04-26 03:18:26,242 DEBUG    root            Loaded Command Group: ['gcloud', 'config']
2023-04-26 03:18:26,247 DEBUG    root            Loaded Command Group: ['gcloud', 'config', 'config_helper']
2023-04-26 03:18:26,252 DEBUG    root            Running [gcloud.config.config-helper] with arguments: [--format: "json", --quiet: "True", --verbosity: "warning"]
2023-04-26 03:18:26,268 DEBUG    google.auth.transport.requests Making request: GET http://metadata.google.internal/computeMetadata/v1/instance/service-accounts/kekinkito@gbox.adnu.edu.ph/?recursive=true
2023-04-26 03:18:26,272 DEBUG    urllib3.connectionpool Starting new HTTP connection (1): metadata.google.internal:80
2023-04-26 03:18:26,276 DEBUG    urllib3.connectionpool http://metadata.google.internal:80 "GET /computeMetadata/v1/instance/service-accounts/kekinkito@gbox.adnu.edu.ph/?recursive=true HTTP/1.1" 200 None
2023-04-26 03:18:26,277 DEBUG    google.auth.transport.requests Making request: GET http://metadata.google.internal/computeMetadata/v1/instance/service-accounts/kekinkito@gbox.adnu.edu.ph/token
2023-04-26 03:18:26,279 DEBUG    urllib3.connectionpool Resetting dropped connection: metadata.google.internal
2023-04-26 03:18:26,282 DEBUG    urllib3.connectionpool http://metadata.google.internal:80 "GET /computeMetadata/v1/instance/service-accounts/kekinkito@gbox.adnu.edu.ph/token HTTP/1.1" 200 None
2023-04-26 03:18:26,317 DEBUG    root            Chosen display Format:default json
2023-04-26 03:18:26,318 INFO     root            Display format: "default json"
2023-04-26 03:18:26,319 INFO     ___FILE_ONLY___ {
  "configuration": {
    "active_configuration": "default",
    "properties": {
      "accessibility": {
        "screen_reader": "True"
      },
      "component_manager": {
        "disable_update_check": "True"
      },
      "compute": {
        "gce_metadata_read_timeout_sec": "30"
      },
      "container": {
        "use_application_default_credentials": "true"
      },
      "core": {
        "account": "kekinkito@gbox.adnu.edu.ph",
        "disable_prompts": "True",
        "disable_usage_reporting": "True",
        "print_unhandled_tracebacks": "true",
        "verbosity": "warning"
      },
      "metrics": {
        "environment": "cloudcode.vscode",
        "environment_version": "1.21.4"
      }
    }
  },
  "credential": {
    "access_token": "ya29.a0Ael9sCP0Mjoe13aN4vK5fnUCJrluOvwpRcQ66ZKP7U0drZW-JINjfDBUVv6Vh41R8VfJTCQKn-iL4vpOVHcb3nII5n2H1ahxTQpAwBR6x3_C520niNvN1qY41pp1BGN9sQEpYPJkkfoED5n7L28paKH4ZSFjGUngZMK3GFH-uS6n13A3F0FzSYwrCW7tbwCqKvFwkqfOW3eynAo0BU8gnpBcMBFgBEqDfzWUb1OIaCgYKAbwSARESFQF4udJhi32345fpea-V567we6FR9Q0239",
    "id_token": "eyJhbGciOiJSUzI1NiIsImtpZCI6Ijg2OTY5YWVjMzdhNzc4MGYxODgwNzg3NzU5M2JiYmY4Y2Y1ZGU1Y2UiLCJ0eXAiOiJKV1QifQ.eyJpc3MiOiJhY2NvdW50cy5nb29nbGUuY29tIiwiYXpwIjoiNjE4MTA0NzA4MDU0LTlyOXMxYzRhbGczNmVybGl1Y2hvOXQ1Mm4zMm42ZGdxLmFwcHMuZ29vZ2xldXNlcmNvbnRlbnQuY29tIiwiYXVkIjoiNjE4MTA0NzA4MDU0LTlyOXMxYzRhbGczNmVybGl1Y2hvOXQ1Mm4zMm42ZGdxLmFwcHMuZ29vZ2xldXNlcmNvbnRlbnQuY29tIiwic3ViIjoiMTAyNjEzMTMyMjU4NjcwNDMzNTIxIiwiaGQiOiJnYm94LmFkbnUuZWR1LnBoIiwiZW1haWwiOiJrZWtpbmtpdG9AZ2JveC5hZG51LmVkdS5waCIsImVtYWlsX3ZlcmlmaWVkIjp0cnVlLCJhdF9oYXNoIjoiOGlUcjBhOVNUMHNFRGhtQVIxQlh0dyIsImlhdCI6MTY4MjQ3OTA5NCwiZXhwIjoxNjgyNDgyNjk0LCJqdGkiOiI4NjMyMjQwNTI3MWMxODk3YjljOTg0NDdiODM3MTRmMThjZDY5ZWMzIn0.j5_j5nnxVyjEWRyaZiS2gYtIZ2ZOhXZ4mJU-LZc8PLGC_JKL5BLyjKyf33gW82JfW79ZQK9Xxjkcd5VJM1spNaWJreB3tglczOCCetVM8zXg-rxnsqbqfuiPUT8cj2pXCnrYdyMNJEznd0Vtv-PrncNBijQBEEiZQBdcvuYBDmM_YiJyjSC8OM8x09JE4JClkuwMcA5p7Lk5E29RFGmkyReVcsRshFpHrznbdOgvgBvkRwOFHnKpGZayMxLngiaJLdYXX0kSeTCZz_J3-eQ1BSt6evsjsccJOnzt9DjOeM4qCwpKNTwKuJchJpLyLnhu_gsx-N4vqcyOwzEq2f1MmA",
    "token_expiry": "2023-04-26T04:18:13Z"
  },
  "sentinels": {
    "config_sentinel": "/home/kekinkito/.config/gcloud/config_sentinel"
  }
}
2023-04-26 03:18:26,319 INFO     ___FILE_ONLY___ 

2023-04-26 03:18:26,320 DEBUG    root            SDK update checks are disabled.
