2023-04-26 03:26:34,741 DEBUG    root            Loaded Command Group: ['gcloud', 'beta', 'run']
2023-04-26 03:26:34,771 DEBUG    root            Loaded Command Group: ['gcloud', 'beta', 'run', 'services']
2023-04-26 03:26:34,813 DEBUG    root            Loaded Command Group: ['gcloud', 'beta', 'run', 'services', 'describe']
2023-04-26 03:26:34,821 DEBUG    root            Running [gcloud.beta.run.services.describe] with arguments: [--format: "json", --platform: "managed", --project: "phishtension", --quiet: "True", --region: "asia-southeast1", --verbosity: "warning", SERVICE: "nb3"]
2023-04-26 03:26:34,835 DEBUG    google.auth.transport.requests Making request: GET http://metadata.google.internal/computeMetadata/v1/instance/service-accounts/kekinkito@gbox.adnu.edu.ph/?recursive=true
2023-04-26 03:26:34,838 DEBUG    urllib3.connectionpool Starting new HTTP connection (1): metadata.google.internal:80
2023-04-26 03:26:34,840 DEBUG    urllib3.connectionpool http://metadata.google.internal:80 "GET /computeMetadata/v1/instance/service-accounts/kekinkito@gbox.adnu.edu.ph/?recursive=true HTTP/1.1" 200 None
2023-04-26 03:26:34,841 DEBUG    google.auth.transport.requests Making request: GET http://metadata.google.internal/computeMetadata/v1/instance/service-accounts/kekinkito@gbox.adnu.edu.ph/token
2023-04-26 03:26:34,843 DEBUG    urllib3.connectionpool Resetting dropped connection: metadata.google.internal
2023-04-26 03:26:34,845 DEBUG    urllib3.connectionpool http://metadata.google.internal:80 "GET /computeMetadata/v1/instance/service-accounts/kekinkito@gbox.adnu.edu.ph/token HTTP/1.1" 200 None
2023-04-26 03:26:34,861 DEBUG    google.auth.transport.requests Making request: GET http://metadata.google.internal/computeMetadata/v1/instance/service-accounts/kekinkito@gbox.adnu.edu.ph/?recursive=true
2023-04-26 03:26:34,863 DEBUG    urllib3.connectionpool Starting new HTTP connection (1): metadata.google.internal:80
2023-04-26 03:26:34,865 DEBUG    urllib3.connectionpool http://metadata.google.internal:80 "GET /computeMetadata/v1/instance/service-accounts/kekinkito@gbox.adnu.edu.ph/?recursive=true HTTP/1.1" 200 None
2023-04-26 03:26:34,866 DEBUG    google.auth.transport.requests Making request: GET http://metadata.google.internal/computeMetadata/v1/instance/service-accounts/kekinkito@gbox.adnu.edu.ph/token
2023-04-26 03:26:34,868 DEBUG    urllib3.connectionpool Resetting dropped connection: metadata.google.internal
2023-04-26 03:26:34,873 DEBUG    urllib3.connectionpool http://metadata.google.internal:80 "GET /computeMetadata/v1/instance/service-accounts/kekinkito@gbox.adnu.edu.ph/token HTTP/1.1" 200 None
2023-04-26 03:26:34,915 DEBUG    google.auth.transport.requests Making request: GET http://metadata.google.internal/computeMetadata/v1/instance/service-accounts/kekinkito@gbox.adnu.edu.ph/?recursive=true
2023-04-26 03:26:34,917 DEBUG    urllib3.connectionpool Starting new HTTP connection (1): metadata.google.internal:80
2023-04-26 03:26:34,921 DEBUG    urllib3.connectionpool http://metadata.google.internal:80 "GET /computeMetadata/v1/instance/service-accounts/kekinkito@gbox.adnu.edu.ph/?recursive=true HTTP/1.1" 200 None
2023-04-26 03:26:34,922 DEBUG    google.auth.transport.requests Making request: GET http://metadata.google.internal/computeMetadata/v1/instance/service-accounts/kekinkito@gbox.adnu.edu.ph/token
2023-04-26 03:26:34,923 DEBUG    urllib3.connectionpool Resetting dropped connection: metadata.google.internal
2023-04-26 03:26:34,927 DEBUG    urllib3.connectionpool http://metadata.google.internal:80 "GET /computeMetadata/v1/instance/service-accounts/kekinkito@gbox.adnu.edu.ph/token HTTP/1.1" 200 None
2023-04-26 03:26:34,944 DEBUG    google.auth.transport.requests Making request: GET http://metadata.google.internal/computeMetadata/v1/instance/service-accounts/kekinkito@gbox.adnu.edu.ph/?recursive=true
2023-04-26 03:26:34,949 DEBUG    urllib3.connectionpool Starting new HTTP connection (1): metadata.google.internal:80
2023-04-26 03:26:34,953 DEBUG    urllib3.connectionpool http://metadata.google.internal:80 "GET /computeMetadata/v1/instance/service-accounts/kekinkito@gbox.adnu.edu.ph/?recursive=true HTTP/1.1" 200 None
2023-04-26 03:26:34,955 DEBUG    google.auth.transport.requests Making request: GET http://metadata.google.internal/computeMetadata/v1/instance/service-accounts/kekinkito@gbox.adnu.edu.ph/token
2023-04-26 03:26:34,958 DEBUG    urllib3.connectionpool Resetting dropped connection: metadata.google.internal
2023-04-26 03:26:34,962 DEBUG    urllib3.connectionpool http://metadata.google.internal:80 "GET /computeMetadata/v1/instance/service-accounts/kekinkito@gbox.adnu.edu.ph/token HTTP/1.1" 200 None
2023-04-26 03:26:34,981 DEBUG    urllib3.connectionpool Starting new HTTPS connection (1): asia-southeast1-run.googleapis.com:443
2023-04-26 03:26:35,310 DEBUG    urllib3.connectionpool https://asia-southeast1-run.googleapis.com:443 "GET /apis/serving.knative.dev/v1/namespaces/phishtension/services/nb3?alt=json HTTP/1.1" 200 None
2023-04-26 03:26:35,318 DEBUG    root            Chosen display Format:service json
2023-04-26 03:26:35,318 INFO     root            Display format: "service json"
2023-04-26 03:26:35,322 INFO     ___FILE_ONLY___ {
  "apiVersion": "serving.knative.dev/v1",
  "kind": "Service",
  "metadata": {
    "annotations": {
      "client.knative.dev/user-image": "gcr.io/phishtension/nb-3",
      "run.googleapis.com/client-name": "Cloud Code for VS Code",
      "run.googleapis.com/client-version": "1.21.4",
      "run.googleapis.com/ingress": "all",
      "run.googleapis.com/ingress-status": "all",
      "run.googleapis.com/operation-id": "f15d7937-40d8-4d0e-b63e-e584d746e7b2",
      "serving.knative.dev/creator": "kekinkito@gbox.adnu.edu.ph",
      "serving.knative.dev/lastModifier": "kekinkito@gbox.adnu.edu.ph"
    },
    "creationTimestamp": "2023-03-29T07:16:22.299045Z",
    "generation": 51,
    "labels": {
      "cloud.googleapis.com/location": "asia-southeast1"
    },
    "name": "nb3",
    "namespace": "632799504819",
    "resourceVersion": "AAX6NM5srkM",
    "selfLink": "/apis/serving.knative.dev/v1/namespaces/632799504819/services/nb3",
    "uid": "6f8b44af-8f0a-43fc-a7a7-f7196e96d8e2"
  },
  "spec": {
    "template": {
      "metadata": {
        "annotations": {
          "autoscaling.knative.dev/maxScale": "100",
          "client.knative.dev/user-image": "gcr.io/phishtension/nb-3",
          "run.googleapis.com/client-name": "Cloud Code for VS Code",
          "run.googleapis.com/client-version": "1.21.4"
        },
        "name": "nb3-00051-mos"
      },
      "spec": {
        "containerConcurrency": 80,
        "containers": [
          {
            "image": "gcr.io/phishtension/nb-3",
            "ports": [
              {
                "containerPort": 8080,
                "name": "http1"
              }
            ],
            "resources": {
              "limits": {
                "cpu": "1",
                "memory": "256Mi"
              }
            },
            "startupProbe": {
              "failureThreshold": 1,
              "periodSeconds": 240,
              "tcpSocket": {
                "port": 8080
              },
              "timeoutSeconds": 240
            }
          }
        ],
        "serviceAccountName": "632799504819-compute@developer.gserviceaccount.com",
        "timeoutSeconds": 300
      }
    },
    "traffic": [
      {
        "latestRevision": true,
        "percent": 100
      }
    ]
  },
  "status": {
    "address": {
      "url": "https://nb3-mgpp2ks77a-as.a.run.app"
    },
    "conditions": [
      {
        "lastTransitionTime": "2023-04-26T03:26:31.875335Z",
        "status": "True",
        "type": "Ready"
      },
      {
        "lastTransitionTime": "2023-04-26T03:26:26.432981Z",
        "status": "True",
        "type": "ConfigurationsReady"
      },
      {
        "lastTransitionTime": "2023-04-26T03:26:32.025667Z",
        "status": "True",
        "type": "RoutesReady"
      }
    ],
    "latestCreatedRevisionName": "nb3-00051-mos",
    "latestReadyRevisionName": "nb3-00051-mos",
    "observedGeneration": 51,
    "traffic": [
      {
        "latestRevision": true,
        "percent": 100,
        "revisionName": "nb3-00051-mos"
      }
    ],
    "url": "https://nb3-mgpp2ks77a-as.a.run.app"
  }
}
2023-04-26 03:26:35,323 INFO     ___FILE_ONLY___ 

2023-04-26 03:26:35,323 DEBUG    root            SDK update checks are disabled.
