2023-04-26 04:09:30,823 DEBUG    root            Loaded Command Group: ['gcloud', 'config']
2023-04-26 04:09:30,839 DEBUG    root            Loaded Command Group: ['gcloud', 'config', 'config_helper']
2023-04-26 04:09:30,842 DEBUG    root            Running [gcloud.config.config-helper] with arguments: [--format: "json", --quiet: "True", --verbosity: "warning"]
2023-04-26 04:09:30,860 DEBUG    google.auth.transport.requests Making request: GET http://metadata.google.internal/computeMetadata/v1/instance/service-accounts/kekinkito@gbox.adnu.edu.ph/?recursive=true
2023-04-26 04:09:30,866 DEBUG    urllib3.connectionpool Starting new HTTP connection (1): metadata.google.internal:80
2023-04-26 04:09:30,869 DEBUG    urllib3.connectionpool http://metadata.google.internal:80 "GET /computeMetadata/v1/instance/service-accounts/kekinkito@gbox.adnu.edu.ph/?recursive=true HTTP/1.1" 200 None
2023-04-26 04:09:30,871 DEBUG    google.auth.transport.requests Making request: GET http://metadata.google.internal/computeMetadata/v1/instance/service-accounts/kekinkito@gbox.adnu.edu.ph/token
2023-04-26 04:09:30,875 DEBUG    urllib3.connectionpool Resetting dropped connection: metadata.google.internal
2023-04-26 04:09:30,879 DEBUG    urllib3.connectionpool http://metadata.google.internal:80 "GET /computeMetadata/v1/instance/service-accounts/kekinkito@gbox.adnu.edu.ph/token HTTP/1.1" 200 None
2023-04-26 04:09:30,913 DEBUG    root            Chosen display Format:default json
2023-04-26 04:09:30,914 INFO     root            Display format: "default json"
2023-04-26 04:09:30,915 INFO     ___FILE_ONLY___ {
  "configuration": {
    "active_configuration": "default",
    "properties": {
      "accessibility": {
        "screen_reader": "True"
      },
      "component_manager": {
        "disable_update_check": "True"
      },
      "compute": {
        "gce_metadata_read_timeout_sec": "30"
      },
      "container": {
        "use_application_default_credentials": "true"
      },
      "core": {
        "account": "kekinkito@gbox.adnu.edu.ph",
        "disable_prompts": "True",
        "disable_usage_reporting": "True",
        "print_unhandled_tracebacks": "true",
        "verbosity": "warning"
      },
      "metrics": {
        "environment": "cloudcode.vscode",
        "environment_version": "1.21.4"
      }
    }
  },
  "credential": {
    "access_token": "ya29.a0Ael9sCNXFOsvVEHyY0pEB2zdG8jhShBWmZqPTyA-LVd5Yv9QOJs24jdo_BS4F2yF7F3UTnFXd9OQ6bN_CrpM8-EXEW1Ny03zKmcd74J-NMkuh8kYsbHHyy2HRKj6-E5yousz0tHchErCirSRFwPhnlqEvDmjD0fyYQ2zOtr82aPQV5tIEqrklsv70yc0RhkemUYqxxpbGcUD14DqOMsiEO1q3q0L8uv43wqaV3asaCgYKAbQSARESFQF4udJhAaB_pUA5Lq2mkbP-bVR5vQ0239",
    "id_token": "eyJhbGciOiJSUzI1NiIsImtpZCI6Ijg2OTY5YWVjMzdhNzc4MGYxODgwNzg3NzU5M2JiYmY4Y2Y1ZGU1Y2UiLCJ0eXAiOiJKV1QifQ.eyJpc3MiOiJhY2NvdW50cy5nb29nbGUuY29tIiwiYXpwIjoiNjE4MTA0NzA4MDU0LTlyOXMxYzRhbGczNmVybGl1Y2hvOXQ1Mm4zMm42ZGdxLmFwcHMuZ29vZ2xldXNlcmNvbnRlbnQuY29tIiwiYXVkIjoiNjE4MTA0NzA4MDU0LTlyOXMxYzRhbGczNmVybGl1Y2hvOXQ1Mm4zMm42ZGdxLmFwcHMuZ29vZ2xldXNlcmNvbnRlbnQuY29tIiwic3ViIjoiMTAyNjEzMTMyMjU4NjcwNDMzNTIxIiwiaGQiOiJnYm94LmFkbnUuZWR1LnBoIiwiZW1haWwiOiJrZWtpbmtpdG9AZ2JveC5hZG51LmVkdS5waCIsImVtYWlsX3ZlcmlmaWVkIjp0cnVlLCJhdF9oYXNoIjoic3NIVHhzRkhUV1lqblZmS003ajZDQSIsImlhdCI6MTY4MjQ4MTAzMSwiZXhwIjoxNjgyNDg0NjMxLCJqdGkiOiJlNjU2YjQ3YTU3ZjdiNzQ4MGEwZjgyODk0MmZiZjk5MjViNDU5ZmJjIn0.Qk5xwlbQbgsBdK0eQNNuoy4s_q624zz-MrPmS3c_-aTLWgU0T3lI0dgqrsU3i5ANAdo5G0vbfEOgMAA8o3oUcnSuMJGirOBUZRU7mjZTuFoSgy8AwF7FvszUzINOlcfo2jc2REs779qVvon_TR6Ngu1IYzng2_zLLY8v4CN2SzgZZw4G90DQTnAsqXYz9bN0bi4l-4WRDHChHBrYkBzfI-cBANSNbkDEn3Xjiph2rF0ug6uIwLqom08MUR6j76yoe7VB9Qmus_oOVBlb0l7PssfgyxGgt62fIhGz3uX40ZEy2BTWZ1ST6Ld-_AYj0d8aNyAtUDNRlCbTCFGJFTXz1Q",
    "token_expiry": "2023-04-26T04:50:30Z"
  },
  "sentinels": {
    "config_sentinel": "/home/kekinkito/.config/gcloud/config_sentinel"
  }
}
2023-04-26 04:09:30,915 INFO     ___FILE_ONLY___ 

2023-04-26 04:09:30,915 DEBUG    root            SDK update checks are disabled.
