2023-04-26 05:07:41,730 DEBUG    root            Loaded Command Group: ['gcloud', 'auth']
2023-04-26 05:07:41,735 DEBUG    root            Loaded Command Group: ['gcloud', 'auth', 'docker_helper']
2023-04-26 05:07:41,737 DEBUG    root            Running [gcloud.auth.docker-helper] with arguments: [METHOD: "get"]
2023-04-26 05:07:41,749 DEBUG    google.auth.transport.requests Making request: GET http://metadata.google.internal/computeMetadata/v1/instance/service-accounts/kekinkito@gbox.adnu.edu.ph/?recursive=true
2023-04-26 05:07:41,752 DEBUG    urllib3.connectionpool Starting new HTTP connection (1): metadata.google.internal:80
2023-04-26 05:07:41,755 DEBUG    urllib3.connectionpool http://metadata.google.internal:80 "GET /computeMetadata/v1/instance/service-accounts/kekinkito@gbox.adnu.edu.ph/?recursive=true HTTP/1.1" 200 None
2023-04-26 05:07:41,757 DEBUG    google.auth.transport.requests Making request: GET http://metadata.google.internal/computeMetadata/v1/instance/service-accounts/kekinkito@gbox.adnu.edu.ph/token
2023-04-26 05:07:41,758 DEBUG    urllib3.connectionpool Resetting dropped connection: metadata.google.internal
2023-04-26 05:07:41,762 DEBUG    urllib3.connectionpool http://metadata.google.internal:80 "GET /computeMetadata/v1/instance/service-accounts/kekinkito@gbox.adnu.edu.ph/token HTTP/1.1" 200 None
2023-04-26 05:07:41,770 DEBUG    google.auth.transport.requests Making request: GET http://metadata.google.internal/computeMetadata/v1/instance/service-accounts/kekinkito@gbox.adnu.edu.ph/?recursive=true
2023-04-26 05:07:41,772 DEBUG    urllib3.connectionpool Starting new HTTP connection (1): metadata.google.internal:80
2023-04-26 05:07:41,775 DEBUG    urllib3.connectionpool http://metadata.google.internal:80 "GET /computeMetadata/v1/instance/service-accounts/kekinkito@gbox.adnu.edu.ph/?recursive=true HTTP/1.1" 200 None
2023-04-26 05:07:41,776 DEBUG    google.auth.transport.requests Making request: GET http://metadata.google.internal/computeMetadata/v1/instance/service-accounts/kekinkito@gbox.adnu.edu.ph/token?scopes=%0Aemail%0Ahttps%3A%2F%2Fwww.googleapis.com%2Fauth%2Fcloud-platform%0A
2023-04-26 05:07:41,778 DEBUG    urllib3.connectionpool Resetting dropped connection: metadata.google.internal
2023-04-26 05:07:41,782 DEBUG    urllib3.connectionpool http://metadata.google.internal:80 "GET /computeMetadata/v1/instance/service-accounts/kekinkito@gbox.adnu.edu.ph/token?scopes=%0Aemail%0Ahttps%3A%2F%2Fwww.googleapis.com%2Fauth%2Fcloud-platform%0A HTTP/1.1" 200 None
2023-04-26 05:07:41,787 DEBUG    root            Chosen display Format:json
2023-04-26 05:07:41,788 INFO     root            Display format: "json"
2023-04-26 05:07:41,788 INFO     ___FILE_ONLY___ {
  "Secret": "ya29.a0Ael9sCOIZWCuoIEYgtIqVCRa8IVNadKplW2ckq-rHryW7YeB5YTuryiYr0sZ8oN_1eszinhfC6dLf67mklHZFleMKKtxxaK8O138D4ZSH2tn_QHONoyqWC4PtZYkFY2OenWL1dNpmBd95RyPt5RpH_KzYzhmcgnB0CJclbbln4nF48sxetTtTij_x24lmeTXNV7n3FQsaDrW4McVoARL5fiuPSgnQ556YRMHyRq8aCgYKAcESARESFQF4udJh0BIT8aPSPedJeN37uXXDHw0239",
  "Username": "_dcgcloud_token"
}
2023-04-26 05:07:41,788 INFO     ___FILE_ONLY___ 

2023-04-26 05:07:41,789 DEBUG    root            SDK update checks are disabled.
