2023-04-26 13:22:59,060 DEBUG    root            Loaded Command Group: ['gcloud', 'config']
2023-04-26 13:22:59,063 DEBUG    root            Loaded Command Group: ['gcloud', 'config', 'config_helper']
2023-04-26 13:22:59,066 DEBUG    root            Running [gcloud.config.config-helper] with arguments: [--format: "json", --quiet: "True", --verbosity: "warning"]
2023-04-26 13:22:59,077 DEBUG    google.auth.transport.requests Making request: GET http://metadata.google.internal/computeMetadata/v1/instance/service-accounts/kekinkito@gbox.adnu.edu.ph/?recursive=true
2023-04-26 13:22:59,080 DEBUG    urllib3.connectionpool Starting new HTTP connection (1): metadata.google.internal:80
2023-04-26 13:22:59,083 DEBUG    urllib3.connectionpool http://metadata.google.internal:80 "GET /computeMetadata/v1/instance/service-accounts/kekinkito@gbox.adnu.edu.ph/?recursive=true HTTP/1.1" 200 None
2023-04-26 13:22:59,084 DEBUG    google.auth.transport.requests Making request: GET http://metadata.google.internal/computeMetadata/v1/instance/service-accounts/kekinkito@gbox.adnu.edu.ph/token
2023-04-26 13:22:59,086 DEBUG    urllib3.connectionpool Resetting dropped connection: metadata.google.internal
2023-04-26 13:22:59,088 DEBUG    urllib3.connectionpool http://metadata.google.internal:80 "GET /computeMetadata/v1/instance/service-accounts/kekinkito@gbox.adnu.edu.ph/token HTTP/1.1" 200 None
2023-04-26 13:22:59,117 DEBUG    root            Chosen display Format:default json
2023-04-26 13:22:59,117 INFO     root            Display format: "default json"
2023-04-26 13:22:59,118 INFO     ___FILE_ONLY___ {
  "configuration": {
    "active_configuration": "default",
    "properties": {
      "accessibility": {
        "screen_reader": "True"
      },
      "component_manager": {
        "disable_update_check": "True"
      },
      "compute": {
        "gce_metadata_read_timeout_sec": "30"
      },
      "container": {
        "use_application_default_credentials": "true"
      },
      "core": {
        "account": "kekinkito@gbox.adnu.edu.ph",
        "disable_prompts": "True",
        "disable_usage_reporting": "True",
        "print_unhandled_tracebacks": "true",
        "verbosity": "warning"
      },
      "metrics": {
        "environment": "cloudcode.vscode",
        "environment_version": "1.21.4"
      }
    }
  },
  "credential": {
    "access_token": "ya29.a0Ael9sCN0HD5BkxkVWUHbH_mAbeyAST09_BqflqxkUs956vTYFz-Q2hB4O3TJZjPz1rWfJrbaq7EeJnD-2ya4DqgJJE9Jp2iLCXhFa6sASBn1A2I-AIRjYi-m6fbe5whSxMHeTCrhkSfESKWQS97f4y79x4OxZkJ4FYYvFBa4LvfFujo5zyIL-Cs4vuyEaWE0Ok-RnDJi4EADXciqW-kiA3SAQpTqp-F0ACuMFZ-ZaCgYKAXESARESFQF4udJhOOt3miWjsvlRE3TAyQQujw0239",
    "id_token": "eyJhbGciOiJSUzI1NiIsImtpZCI6Ijg2OTY5YWVjMzdhNzc4MGYxODgwNzg3NzU5M2JiYmY4Y2Y1ZGU1Y2UiLCJ0eXAiOiJKV1QifQ.eyJpc3MiOiJhY2NvdW50cy5nb29nbGUuY29tIiwiYXpwIjoiNjE4MTA0NzA4MDU0LTlyOXMxYzRhbGczNmVybGl1Y2hvOXQ1Mm4zMm42ZGdxLmFwcHMuZ29vZ2xldXNlcmNvbnRlbnQuY29tIiwiYXVkIjoiNjE4MTA0NzA4MDU0LTlyOXMxYzRhbGczNmVybGl1Y2hvOXQ1Mm4zMm42ZGdxLmFwcHMuZ29vZ2xldXNlcmNvbnRlbnQuY29tIiwic3ViIjoiMTAyNjEzMTMyMjU4NjcwNDMzNTIxIiwiaGQiOiJnYm94LmFkbnUuZWR1LnBoIiwiZW1haWwiOiJrZWtpbmtpdG9AZ2JveC5hZG51LmVkdS5waCIsImVtYWlsX3ZlcmlmaWVkIjp0cnVlLCJhdF9oYXNoIjoiR0RtOGdZb0RmUkltUjlDbTZDYjhPZyIsImlhdCI6MTY4MjUxMzUwMSwiZXhwIjoxNjgyNTE3MTAxLCJqdGkiOiJkNjM5OWUwYWFjMjliNWYxYTMyNTFjMmViY2UzMDgwMWMxZjQyOWExIn0.NXd8xQHPPWUP-CHdCvxzPPNmCNVBPXVT0VTcBsfYwZaG2oxQziaNOt6iBc3wzk_vtUbYscbQrioF2uWHbp9NimB9z7HykXiWsf-oD3aFHWGub2q3qJ9CLV-yWOzcFKFVYZgGO5C7nzd_AINqREZmZNObKiFjL1Di-wztwF0d2pvHKM1iwpUKZY4xOavJeWlmMmBGMG1WtdpD-WQVuiC3TX4WCFQBBqN8mBdZ_8FwXmnhUli5CBmK3mTDAM4otZpvFYDjsZD4rs2ZdWQSlHmxNeLt4qkbVc9aGvcODszk9ufWU9C7Ype2HhSOOhjut70W0zD3kndHC8rJx0EccZDiig",
    "token_expiry": "2023-04-26T13:51:39Z"
  },
  "sentinels": {
    "config_sentinel": "/home/kekinkito/.config/gcloud/config_sentinel"
  }
}
2023-04-26 13:22:59,118 INFO     ___FILE_ONLY___ 

2023-04-26 13:22:59,119 DEBUG    root            SDK update checks are disabled.
