2023-04-26 13:22:52,941 DEBUG    root            Loaded Command Group: ['gcloud', 'run']
2023-04-26 13:22:52,960 DEBUG    root            Loaded Command Group: ['gcloud', 'run', 'services']
2023-04-26 13:22:52,993 DEBUG    root            Loaded Command Group: ['gcloud', 'run', 'services', 'list']
2023-04-26 13:22:53,001 DEBUG    root            Running [gcloud.run.services.list] with arguments: [--filter: "NOT metadata.labels.goog-managed-by:"cloudfunctions"", --format: "json", --platform: "managed", --project: "phishtension", --quiet: "True", --verbosity: "warning"]
2023-04-26 13:22:53,014 DEBUG    google.auth.transport.requests Making request: GET http://metadata.google.internal/computeMetadata/v1/instance/service-accounts/kekinkito@gbox.adnu.edu.ph/?recursive=true
2023-04-26 13:22:53,017 DEBUG    urllib3.connectionpool Starting new HTTP connection (1): metadata.google.internal:80
2023-04-26 13:22:53,020 DEBUG    urllib3.connectionpool http://metadata.google.internal:80 "GET /computeMetadata/v1/instance/service-accounts/kekinkito@gbox.adnu.edu.ph/?recursive=true HTTP/1.1" 200 None
2023-04-26 13:22:53,021 DEBUG    google.auth.transport.requests Making request: GET http://metadata.google.internal/computeMetadata/v1/instance/service-accounts/kekinkito@gbox.adnu.edu.ph/token
2023-04-26 13:22:53,023 DEBUG    urllib3.connectionpool Resetting dropped connection: metadata.google.internal
2023-04-26 13:22:53,025 DEBUG    urllib3.connectionpool http://metadata.google.internal:80 "GET /computeMetadata/v1/instance/service-accounts/kekinkito@gbox.adnu.edu.ph/token HTTP/1.1" 200 None
2023-04-26 13:22:53,039 DEBUG    google.auth.transport.requests Making request: GET http://metadata.google.internal/computeMetadata/v1/instance/service-accounts/kekinkito@gbox.adnu.edu.ph/?recursive=true
2023-04-26 13:22:53,041 DEBUG    urllib3.connectionpool Starting new HTTP connection (1): metadata.google.internal:80
2023-04-26 13:22:53,044 DEBUG    urllib3.connectionpool http://metadata.google.internal:80 "GET /computeMetadata/v1/instance/service-accounts/kekinkito@gbox.adnu.edu.ph/?recursive=true HTTP/1.1" 200 None
2023-04-26 13:22:53,045 DEBUG    google.auth.transport.requests Making request: GET http://metadata.google.internal/computeMetadata/v1/instance/service-accounts/kekinkito@gbox.adnu.edu.ph/token
2023-04-26 13:22:53,047 DEBUG    urllib3.connectionpool Resetting dropped connection: metadata.google.internal
2023-04-26 13:22:53,049 DEBUG    urllib3.connectionpool http://metadata.google.internal:80 "GET /computeMetadata/v1/instance/service-accounts/kekinkito@gbox.adnu.edu.ph/token HTTP/1.1" 200 None
2023-04-26 13:22:53,072 DEBUG    urllib3.connectionpool Starting new HTTPS connection (1): run.googleapis.com:443
2023-04-26 13:22:57,868 DEBUG    urllib3.connectionpool https://run.googleapis.com:443 "GET /v1/projects/phishtension/locations/-/services?alt=json HTTP/1.1" 200 None
2023-04-26 13:22:57,878 WARNING  root            The following Cloud Run regions did not respond: europe-west9. List results may be incomplete.
2023-04-26 13:22:57,878 DEBUG    root            Chosen display Format:table(ready_symbol.color(red="[xX]",green="[✓✔]",yellow="[-!…]"):label="",firstof(id,metadata.name):label=SERVICE,region:label=REGION,domain:label=URL,last_modifier:label="LAST DEPLOYED BY",last_transition_time:label="LAST DEPLOYED AT"):(metadata.labels.'run.googleapis.com/satisfiesPzs':alias='satisfiesPzs') json
2023-04-26 13:22:57,881 INFO     root            Display format: "table(ready_symbol.color(red="[xX]",green="[✓✔]",yellow="[-!…]"):label="",firstof(id,metadata.name):label=SERVICE,region:label=REGION,domain:label=URL,last_modifier:label="LAST DEPLOYED BY",last_transition_time:label="LAST DEPLOYED AT"):(metadata.labels.'run.googleapis.com/satisfiesPzs':alias='satisfiesPzs') json"
2023-04-26 13:22:57,892 INFO     ___FILE_ONLY___ [
  {
2023-04-26 13:22:57,892 INFO     ___FILE_ONLY___ 
    "apiVersion": "serving.knative.dev/v1",
2023-04-26 13:22:57,892 INFO     ___FILE_ONLY___ 
    "kind": "Service",
2023-04-26 13:22:57,892 INFO     ___FILE_ONLY___ 
    "metadata": {
2023-04-26 13:22:57,892 INFO     ___FILE_ONLY___ 
      "annotations": {
2023-04-26 13:22:57,892 INFO     ___FILE_ONLY___ 
        "client.knative.dev/user-image": "gcr.io/phishtension/nb-3-django",
2023-04-26 13:22:57,892 INFO     ___FILE_ONLY___ 
        "run.googleapis.com/client-name": "Cloud Code for VS Code",
2023-04-26 13:22:57,893 INFO     ___FILE_ONLY___ 
        "run.googleapis.com/client-version": "1.21.2",
2023-04-26 13:22:57,893 INFO     ___FILE_ONLY___ 
        "run.googleapis.com/ingress": "all",
2023-04-26 13:22:57,893 INFO     ___FILE_ONLY___ 
        "run.googleapis.com/ingress-status": "all",
2023-04-26 13:22:57,893 INFO     ___FILE_ONLY___ 
        "run.googleapis.com/operation-id": "9704f5c9-32ba-489d-905c-b2ac5e27379a",
2023-04-26 13:22:57,893 INFO     ___FILE_ONLY___ 
        "serving.knative.dev/creator": "kekinkito@gbox.adnu.edu.ph",
2023-04-26 13:22:57,893 INFO     ___FILE_ONLY___ 
        "serving.knative.dev/lastModifier": "kekinkito@gbox.adnu.edu.ph"
2023-04-26 13:22:57,893 INFO     ___FILE_ONLY___ 
      },
2023-04-26 13:22:57,893 INFO     ___FILE_ONLY___ 
      "creationTimestamp": "2023-04-04T11:44:22.003890Z",
2023-04-26 13:22:57,893 INFO     ___FILE_ONLY___ 
      "generation": 2,
2023-04-26 13:22:57,893 INFO     ___FILE_ONLY___ 
      "labels": {
2023-04-26 13:22:57,893 INFO     ___FILE_ONLY___ 
        "cloud.googleapis.com/location": "asia-southeast1"
2023-04-26 13:22:57,893 INFO     ___FILE_ONLY___ 
      },
2023-04-26 13:22:57,893 INFO     ___FILE_ONLY___ 
      "name": "nb-3-django-sg",
2023-04-26 13:22:57,893 INFO     ___FILE_ONLY___ 
      "namespace": "632799504819",
2023-04-26 13:22:57,893 INFO     ___FILE_ONLY___ 
      "resourceVersion": "AAX4gUWMU9w",
2023-04-26 13:22:57,893 INFO     ___FILE_ONLY___ 
      "selfLink": "/apis/serving.knative.dev/v1/namespaces/632799504819/services/nb-3-django-sg",
2023-04-26 13:22:57,894 INFO     ___FILE_ONLY___ 
      "uid": "7044d793-6291-44b5-994c-960f39ff7fe2"
2023-04-26 13:22:57,894 INFO     ___FILE_ONLY___ 
    },
2023-04-26 13:22:57,894 INFO     ___FILE_ONLY___ 
    "spec": {
2023-04-26 13:22:57,894 INFO     ___FILE_ONLY___ 
      "template": {
2023-04-26 13:22:57,894 INFO     ___FILE_ONLY___ 
        "metadata": {
2023-04-26 13:22:57,894 INFO     ___FILE_ONLY___ 
          "annotations": {
2023-04-26 13:22:57,894 INFO     ___FILE_ONLY___ 
            "autoscaling.knative.dev/maxScale": "100",
2023-04-26 13:22:57,894 INFO     ___FILE_ONLY___ 
            "client.knative.dev/user-image": "gcr.io/phishtension/nb-3-django",
2023-04-26 13:22:57,894 INFO     ___FILE_ONLY___ 
            "run.googleapis.com/client-name": "Cloud Code for VS Code",
2023-04-26 13:22:57,894 INFO     ___FILE_ONLY___ 
            "run.googleapis.com/client-version": "1.21.2"
2023-04-26 13:22:57,894 INFO     ___FILE_ONLY___ 
          },
2023-04-26 13:22:57,894 INFO     ___FILE_ONLY___ 
          "name": "nb-3-django-sg-00002-cay"
2023-04-26 13:22:57,894 INFO     ___FILE_ONLY___ 
        },
2023-04-26 13:22:57,894 INFO     ___FILE_ONLY___ 
        "spec": {
2023-04-26 13:22:57,894 INFO     ___FILE_ONLY___ 
          "containerConcurrency": 80,
2023-04-26 13:22:57,895 INFO     ___FILE_ONLY___ 
          "containers": [
2023-04-26 13:22:57,895 INFO     ___FILE_ONLY___ 
            {
2023-04-26 13:22:57,895 INFO     ___FILE_ONLY___ 
              "image": "gcr.io/phishtension/nb-3-django",
2023-04-26 13:22:57,895 INFO     ___FILE_ONLY___ 
              "ports": [
2023-04-26 13:22:57,895 INFO     ___FILE_ONLY___ 
                {
2023-04-26 13:22:57,895 INFO     ___FILE_ONLY___ 
                  "containerPort": 8080,
2023-04-26 13:22:57,895 INFO     ___FILE_ONLY___ 
                  "name": "http1"
2023-04-26 13:22:57,895 INFO     ___FILE_ONLY___ 
                }
2023-04-26 13:22:57,895 INFO     ___FILE_ONLY___ 
              ],
2023-04-26 13:22:57,895 INFO     ___FILE_ONLY___ 
              "resources": {
2023-04-26 13:22:57,895 INFO     ___FILE_ONLY___ 
                "limits": {
2023-04-26 13:22:57,895 INFO     ___FILE_ONLY___ 
                  "cpu": "1",
2023-04-26 13:22:57,895 INFO     ___FILE_ONLY___ 
                  "memory": "256Mi"
2023-04-26 13:22:57,895 INFO     ___FILE_ONLY___ 
                }
2023-04-26 13:22:57,895 INFO     ___FILE_ONLY___ 
              },
2023-04-26 13:22:57,895 INFO     ___FILE_ONLY___ 
              "startupProbe": {
2023-04-26 13:22:57,896 INFO     ___FILE_ONLY___ 
                "failureThreshold": 1,
2023-04-26 13:22:57,896 INFO     ___FILE_ONLY___ 
                "periodSeconds": 240,
2023-04-26 13:22:57,896 INFO     ___FILE_ONLY___ 
                "tcpSocket": {
2023-04-26 13:22:57,896 INFO     ___FILE_ONLY___ 
                  "port": 8080
2023-04-26 13:22:57,896 INFO     ___FILE_ONLY___ 
                },
2023-04-26 13:22:57,896 INFO     ___FILE_ONLY___ 
                "timeoutSeconds": 240
2023-04-26 13:22:57,896 INFO     ___FILE_ONLY___ 
              }
2023-04-26 13:22:57,896 INFO     ___FILE_ONLY___ 
            }
2023-04-26 13:22:57,896 INFO     ___FILE_ONLY___ 
          ],
2023-04-26 13:22:57,896 INFO     ___FILE_ONLY___ 
          "serviceAccountName": "632799504819-compute@developer.gserviceaccount.com",
2023-04-26 13:22:57,896 INFO     ___FILE_ONLY___ 
          "timeoutSeconds": 300
2023-04-26 13:22:57,896 INFO     ___FILE_ONLY___ 
        }
2023-04-26 13:22:57,896 INFO     ___FILE_ONLY___ 
      },
2023-04-26 13:22:57,896 INFO     ___FILE_ONLY___ 
      "traffic": [
2023-04-26 13:22:57,896 INFO     ___FILE_ONLY___ 
        {
2023-04-26 13:22:57,896 INFO     ___FILE_ONLY___ 
          "latestRevision": true,
2023-04-26 13:22:57,897 INFO     ___FILE_ONLY___ 
          "percent": 100
2023-04-26 13:22:57,897 INFO     ___FILE_ONLY___ 
        }
2023-04-26 13:22:57,897 INFO     ___FILE_ONLY___ 
      ]
2023-04-26 13:22:57,897 INFO     ___FILE_ONLY___ 
    },
2023-04-26 13:22:57,897 INFO     ___FILE_ONLY___ 
    "status": {
2023-04-26 13:22:57,897 INFO     ___FILE_ONLY___ 
      "address": {
2023-04-26 13:22:57,897 INFO     ___FILE_ONLY___ 
        "url": "https://nb-3-django-sg-mgpp2ks77a-as.a.run.app"
2023-04-26 13:22:57,897 INFO     ___FILE_ONLY___ 
      },
2023-04-26 13:22:57,897 INFO     ___FILE_ONLY___ 
      "conditions": [
2023-04-26 13:22:57,897 INFO     ___FILE_ONLY___ 
        {
2023-04-26 13:22:57,897 INFO     ___FILE_ONLY___ 
          "lastTransitionTime": "2023-04-04T11:49:44.750471Z",
2023-04-26 13:22:57,897 INFO     ___FILE_ONLY___ 
          "status": "True",
2023-04-26 13:22:57,897 INFO     ___FILE_ONLY___ 
          "type": "Ready"
2023-04-26 13:22:57,897 INFO     ___FILE_ONLY___ 
        },
2023-04-26 13:22:57,897 INFO     ___FILE_ONLY___ 
        {
2023-04-26 13:22:57,897 INFO     ___FILE_ONLY___ 
          "lastTransitionTime": "2023-04-04T11:49:40.201137Z",
2023-04-26 13:22:57,897 INFO     ___FILE_ONLY___ 
          "status": "True",
2023-04-26 13:22:57,898 INFO     ___FILE_ONLY___ 
          "type": "ConfigurationsReady"
2023-04-26 13:22:57,898 INFO     ___FILE_ONLY___ 
        },
2023-04-26 13:22:57,898 INFO     ___FILE_ONLY___ 
        {
2023-04-26 13:22:57,898 INFO     ___FILE_ONLY___ 
          "lastTransitionTime": "2023-04-04T11:49:44.847324Z",
2023-04-26 13:22:57,898 INFO     ___FILE_ONLY___ 
          "status": "True",
2023-04-26 13:22:57,898 INFO     ___FILE_ONLY___ 
          "type": "RoutesReady"
2023-04-26 13:22:57,898 INFO     ___FILE_ONLY___ 
        }
2023-04-26 13:22:57,898 INFO     ___FILE_ONLY___ 
      ],
2023-04-26 13:22:57,898 INFO     ___FILE_ONLY___ 
      "latestCreatedRevisionName": "nb-3-django-sg-00002-cay",
2023-04-26 13:22:57,898 INFO     ___FILE_ONLY___ 
      "latestReadyRevisionName": "nb-3-django-sg-00002-cay",
2023-04-26 13:22:57,898 INFO     ___FILE_ONLY___ 
      "observedGeneration": 2,
2023-04-26 13:22:57,898 INFO     ___FILE_ONLY___ 
      "traffic": [
2023-04-26 13:22:57,898 INFO     ___FILE_ONLY___ 
        {
2023-04-26 13:22:57,899 INFO     ___FILE_ONLY___ 
          "latestRevision": true,
2023-04-26 13:22:57,899 INFO     ___FILE_ONLY___ 
          "percent": 100,
2023-04-26 13:22:57,899 INFO     ___FILE_ONLY___ 
          "revisionName": "nb-3-django-sg-00002-cay"
2023-04-26 13:22:57,899 INFO     ___FILE_ONLY___ 
        }
2023-04-26 13:22:57,899 INFO     ___FILE_ONLY___ 
      ],
2023-04-26 13:22:57,899 INFO     ___FILE_ONLY___ 
      "url": "https://nb-3-django-sg-mgpp2ks77a-as.a.run.app"
2023-04-26 13:22:57,899 INFO     ___FILE_ONLY___ 
    }
2023-04-26 13:22:57,899 INFO     ___FILE_ONLY___ 
  }
2023-04-26 13:22:57,910 INFO     ___FILE_ONLY___ ,
  {
2023-04-26 13:22:57,910 INFO     ___FILE_ONLY___ 
    "apiVersion": "serving.knative.dev/v1",
2023-04-26 13:22:57,910 INFO     ___FILE_ONLY___ 
    "kind": "Service",
2023-04-26 13:22:57,910 INFO     ___FILE_ONLY___ 
    "metadata": {
2023-04-26 13:22:57,911 INFO     ___FILE_ONLY___ 
      "annotations": {
2023-04-26 13:22:57,911 INFO     ___FILE_ONLY___ 
        "client.knative.dev/user-image": "gcr.io/phishtension/nb-3",
2023-04-26 13:22:57,911 INFO     ___FILE_ONLY___ 
        "run.googleapis.com/client-name": "Cloud Code for VS Code",
2023-04-26 13:22:57,911 INFO     ___FILE_ONLY___ 
        "run.googleapis.com/client-version": "1.21.4",
2023-04-26 13:22:57,911 INFO     ___FILE_ONLY___ 
        "run.googleapis.com/ingress": "all",
2023-04-26 13:22:57,911 INFO     ___FILE_ONLY___ 
        "run.googleapis.com/ingress-status": "all",
2023-04-26 13:22:57,911 INFO     ___FILE_ONLY___ 
        "run.googleapis.com/operation-id": "5eefe767-03dd-476d-8ef2-a99922a6a73f",
2023-04-26 13:22:57,911 INFO     ___FILE_ONLY___ 
        "serving.knative.dev/creator": "kekinkito@gbox.adnu.edu.ph",
2023-04-26 13:22:57,911 INFO     ___FILE_ONLY___ 
        "serving.knative.dev/lastModifier": "kekinkito@gbox.adnu.edu.ph"
2023-04-26 13:22:57,911 INFO     ___FILE_ONLY___ 
      },
2023-04-26 13:22:57,911 INFO     ___FILE_ONLY___ 
      "creationTimestamp": "2023-03-29T07:16:22.299045Z",
2023-04-26 13:22:57,911 INFO     ___FILE_ONLY___ 
      "generation": 54,
2023-04-26 13:22:57,911 INFO     ___FILE_ONLY___ 
      "labels": {
2023-04-26 13:22:57,911 INFO     ___FILE_ONLY___ 
        "cloud.googleapis.com/location": "asia-southeast1"
2023-04-26 13:22:57,911 INFO     ___FILE_ONLY___ 
      },
2023-04-26 13:22:57,911 INFO     ___FILE_ONLY___ 
      "name": "nb3",
2023-04-26 13:22:57,912 INFO     ___FILE_ONLY___ 
      "namespace": "632799504819",
2023-04-26 13:22:57,912 INFO     ___FILE_ONLY___ 
      "resourceVersion": "AAX6PLqDjoQ",
2023-04-26 13:22:57,912 INFO     ___FILE_ONLY___ 
      "selfLink": "/apis/serving.knative.dev/v1/namespaces/632799504819/services/nb3",
2023-04-26 13:22:57,912 INFO     ___FILE_ONLY___ 
      "uid": "6f8b44af-8f0a-43fc-a7a7-f7196e96d8e2"
2023-04-26 13:22:57,912 INFO     ___FILE_ONLY___ 
    },
2023-04-26 13:22:57,912 INFO     ___FILE_ONLY___ 
    "spec": {
2023-04-26 13:22:57,912 INFO     ___FILE_ONLY___ 
      "template": {
2023-04-26 13:22:57,912 INFO     ___FILE_ONLY___ 
        "metadata": {
2023-04-26 13:22:57,912 INFO     ___FILE_ONLY___ 
          "annotations": {
2023-04-26 13:22:57,912 INFO     ___FILE_ONLY___ 
            "autoscaling.knative.dev/maxScale": "100",
2023-04-26 13:22:57,912 INFO     ___FILE_ONLY___ 
            "client.knative.dev/user-image": "gcr.io/phishtension/nb-3",
2023-04-26 13:22:57,912 INFO     ___FILE_ONLY___ 
            "run.googleapis.com/client-name": "Cloud Code for VS Code",
2023-04-26 13:22:57,913 INFO     ___FILE_ONLY___ 
            "run.googleapis.com/client-version": "1.21.4"
2023-04-26 13:22:57,913 INFO     ___FILE_ONLY___ 
          },
2023-04-26 13:22:57,913 INFO     ___FILE_ONLY___ 
          "name": "nb3-00054-yub"
2023-04-26 13:22:57,913 INFO     ___FILE_ONLY___ 
        },
2023-04-26 13:22:57,913 INFO     ___FILE_ONLY___ 
        "spec": {
2023-04-26 13:22:57,913 INFO     ___FILE_ONLY___ 
          "containerConcurrency": 80,
2023-04-26 13:22:57,913 INFO     ___FILE_ONLY___ 
          "containers": [
2023-04-26 13:22:57,913 INFO     ___FILE_ONLY___ 
            {
2023-04-26 13:22:57,913 INFO     ___FILE_ONLY___ 
              "image": "gcr.io/phishtension/nb-3",
2023-04-26 13:22:57,913 INFO     ___FILE_ONLY___ 
              "ports": [
2023-04-26 13:22:57,913 INFO     ___FILE_ONLY___ 
                {
2023-04-26 13:22:57,913 INFO     ___FILE_ONLY___ 
                  "containerPort": 8080,
2023-04-26 13:22:57,913 INFO     ___FILE_ONLY___ 
                  "name": "http1"
2023-04-26 13:22:57,913 INFO     ___FILE_ONLY___ 
                }
2023-04-26 13:22:57,913 INFO     ___FILE_ONLY___ 
              ],
2023-04-26 13:22:57,913 INFO     ___FILE_ONLY___ 
              "resources": {
2023-04-26 13:22:57,914 INFO     ___FILE_ONLY___ 
                "limits": {
2023-04-26 13:22:57,914 INFO     ___FILE_ONLY___ 
                  "cpu": "1",
2023-04-26 13:22:57,914 INFO     ___FILE_ONLY___ 
                  "memory": "256Mi"
2023-04-26 13:22:57,914 INFO     ___FILE_ONLY___ 
                }
2023-04-26 13:22:57,914 INFO     ___FILE_ONLY___ 
              },
2023-04-26 13:22:57,914 INFO     ___FILE_ONLY___ 
              "startupProbe": {
2023-04-26 13:22:57,914 INFO     ___FILE_ONLY___ 
                "failureThreshold": 1,
2023-04-26 13:22:57,914 INFO     ___FILE_ONLY___ 
                "periodSeconds": 240,
2023-04-26 13:22:57,914 INFO     ___FILE_ONLY___ 
                "tcpSocket": {
2023-04-26 13:22:57,914 INFO     ___FILE_ONLY___ 
                  "port": 8080
2023-04-26 13:22:57,914 INFO     ___FILE_ONLY___ 
                },
2023-04-26 13:22:57,914 INFO     ___FILE_ONLY___ 
                "timeoutSeconds": 240
2023-04-26 13:22:57,914 INFO     ___FILE_ONLY___ 
              }
2023-04-26 13:22:57,914 INFO     ___FILE_ONLY___ 
            }
2023-04-26 13:22:57,914 INFO     ___FILE_ONLY___ 
          ],
2023-04-26 13:22:57,914 INFO     ___FILE_ONLY___ 
          "serviceAccountName": "632799504819-compute@developer.gserviceaccount.com",
2023-04-26 13:22:57,915 INFO     ___FILE_ONLY___ 
          "timeoutSeconds": 300
2023-04-26 13:22:57,915 INFO     ___FILE_ONLY___ 
        }
2023-04-26 13:22:57,915 INFO     ___FILE_ONLY___ 
      },
2023-04-26 13:22:57,915 INFO     ___FILE_ONLY___ 
      "traffic": [
2023-04-26 13:22:57,915 INFO     ___FILE_ONLY___ 
        {
2023-04-26 13:22:57,915 INFO     ___FILE_ONLY___ 
          "latestRevision": true,
2023-04-26 13:22:57,915 INFO     ___FILE_ONLY___ 
          "percent": 100
2023-04-26 13:22:57,915 INFO     ___FILE_ONLY___ 
        }
2023-04-26 13:22:57,915 INFO     ___FILE_ONLY___ 
      ]
2023-04-26 13:22:57,915 INFO     ___FILE_ONLY___ 
    },
2023-04-26 13:22:57,915 INFO     ___FILE_ONLY___ 
    "status": {
2023-04-26 13:22:57,915 INFO     ___FILE_ONLY___ 
      "address": {
2023-04-26 13:22:57,915 INFO     ___FILE_ONLY___ 
        "url": "https://nb3-mgpp2ks77a-as.a.run.app"
2023-04-26 13:22:57,915 INFO     ___FILE_ONLY___ 
      },
2023-04-26 13:22:57,915 INFO     ___FILE_ONLY___ 
      "conditions": [
2023-04-26 13:22:57,915 INFO     ___FILE_ONLY___ 
        {
2023-04-26 13:22:57,915 INFO     ___FILE_ONLY___ 
          "lastTransitionTime": "2023-04-26T12:53:37.609404Z",
2023-04-26 13:22:57,916 INFO     ___FILE_ONLY___ 
          "status": "True",
2023-04-26 13:22:57,916 INFO     ___FILE_ONLY___ 
          "type": "Ready"
2023-04-26 13:22:57,916 INFO     ___FILE_ONLY___ 
        },
2023-04-26 13:22:57,916 INFO     ___FILE_ONLY___ 
        {
2023-04-26 13:22:57,916 INFO     ___FILE_ONLY___ 
          "lastTransitionTime": "2023-04-26T12:53:32.080648Z",
2023-04-26 13:22:57,916 INFO     ___FILE_ONLY___ 
          "status": "True",
2023-04-26 13:22:57,916 INFO     ___FILE_ONLY___ 
          "type": "ConfigurationsReady"
2023-04-26 13:22:57,916 INFO     ___FILE_ONLY___ 
        },
2023-04-26 13:22:57,916 INFO     ___FILE_ONLY___ 
        {
2023-04-26 13:22:57,916 INFO     ___FILE_ONLY___ 
          "lastTransitionTime": "2023-04-26T12:53:37.718916Z",
2023-04-26 13:22:57,916 INFO     ___FILE_ONLY___ 
          "status": "True",
2023-04-26 13:22:57,916 INFO     ___FILE_ONLY___ 
          "type": "RoutesReady"
2023-04-26 13:22:57,916 INFO     ___FILE_ONLY___ 
        }
2023-04-26 13:22:57,916 INFO     ___FILE_ONLY___ 
      ],
2023-04-26 13:22:57,916 INFO     ___FILE_ONLY___ 
      "latestCreatedRevisionName": "nb3-00054-yub",
2023-04-26 13:22:57,916 INFO     ___FILE_ONLY___ 
      "latestReadyRevisionName": "nb3-00054-yub",
2023-04-26 13:22:57,917 INFO     ___FILE_ONLY___ 
      "observedGeneration": 54,
2023-04-26 13:22:57,917 INFO     ___FILE_ONLY___ 
      "traffic": [
2023-04-26 13:22:57,917 INFO     ___FILE_ONLY___ 
        {
2023-04-26 13:22:57,917 INFO     ___FILE_ONLY___ 
          "latestRevision": true,
2023-04-26 13:22:57,917 INFO     ___FILE_ONLY___ 
          "percent": 100,
2023-04-26 13:22:57,917 INFO     ___FILE_ONLY___ 
          "revisionName": "nb3-00054-yub"
2023-04-26 13:22:57,917 INFO     ___FILE_ONLY___ 
        }
2023-04-26 13:22:57,917 INFO     ___FILE_ONLY___ 
      ],
2023-04-26 13:22:57,917 INFO     ___FILE_ONLY___ 
      "url": "https://nb3-mgpp2ks77a-as.a.run.app"
2023-04-26 13:22:57,917 INFO     ___FILE_ONLY___ 
    }
2023-04-26 13:22:57,917 INFO     ___FILE_ONLY___ 
  }
2023-04-26 13:22:57,917 WARNING  root            The following filter keys were not present in any resource : metadata.labels.goog-managed-by
2023-04-26 13:22:57,918 INFO     ___FILE_ONLY___ 
]

2023-04-26 13:22:57,918 DEBUG    root            SDK update checks are disabled.
