2023-05-12 02:00:10,288 DEBUG    root            Loaded Command Group: ['gcloud', 'auth']
2023-05-12 02:00:10,291 DEBUG    root            Loaded Command Group: ['gcloud', 'auth', 'docker_helper']
2023-05-12 02:00:10,294 DEBUG    root            Running [gcloud.auth.docker-helper] with arguments: [METHOD: "get"]
2023-05-12 02:00:10,306 DEBUG    google.auth.transport.requests Making request: GET http://metadata.google.internal/computeMetadata/v1/instance/service-accounts/kekinkito@gbox.adnu.edu.ph/?recursive=true
2023-05-12 02:00:10,310 DEBUG    urllib3.connectionpool Starting new HTTP connection (1): metadata.google.internal:80
2023-05-12 02:00:10,313 DEBUG    urllib3.connectionpool http://metadata.google.internal:80 "GET /computeMetadata/v1/instance/service-accounts/kekinkito@gbox.adnu.edu.ph/?recursive=true HTTP/1.1" 200 None
2023-05-12 02:00:10,314 DEBUG    google.auth.transport.requests Making request: GET http://metadata.google.internal/computeMetadata/v1/instance/service-accounts/kekinkito@gbox.adnu.edu.ph/token
2023-05-12 02:00:10,316 DEBUG    urllib3.connectionpool Resetting dropped connection: metadata.google.internal
2023-05-12 02:00:10,319 DEBUG    urllib3.connectionpool http://metadata.google.internal:80 "GET /computeMetadata/v1/instance/service-accounts/kekinkito@gbox.adnu.edu.ph/token HTTP/1.1" 200 None
2023-05-12 02:00:10,326 DEBUG    google.auth.transport.requests Making request: GET http://metadata.google.internal/computeMetadata/v1/instance/service-accounts/kekinkito@gbox.adnu.edu.ph/?recursive=true
2023-05-12 02:00:10,328 DEBUG    urllib3.connectionpool Starting new HTTP connection (1): metadata.google.internal:80
2023-05-12 02:00:10,331 DEBUG    urllib3.connectionpool http://metadata.google.internal:80 "GET /computeMetadata/v1/instance/service-accounts/kekinkito@gbox.adnu.edu.ph/?recursive=true HTTP/1.1" 200 None
2023-05-12 02:00:10,331 DEBUG    google.auth.transport.requests Making request: GET http://metadata.google.internal/computeMetadata/v1/instance/service-accounts/kekinkito@gbox.adnu.edu.ph/token?scopes=%0Aemail%0Ahttps%3A%2F%2Fwww.googleapis.com%2Fauth%2Fcloud-platform%0A
2023-05-12 02:00:10,334 DEBUG    urllib3.connectionpool Resetting dropped connection: metadata.google.internal
2023-05-12 02:00:10,337 DEBUG    urllib3.connectionpool http://metadata.google.internal:80 "GET /computeMetadata/v1/instance/service-accounts/kekinkito@gbox.adnu.edu.ph/token?scopes=%0Aemail%0Ahttps%3A%2F%2Fwww.googleapis.com%2Fauth%2Fcloud-platform%0A HTTP/1.1" 200 None
2023-05-12 02:00:10,342 DEBUG    root            Chosen display Format:json
2023-05-12 02:00:10,343 INFO     root            Display format: "json"
2023-05-12 02:00:10,343 INFO     ___FILE_ONLY___ {
  "Secret": "ya29.a0AWY7CklvVgwp3Rrg67Tu9_X5omBo-Aj923AX8FLkTg63hUVLywkkDX3leqX1nBVPLlzXDdJODafRkVgFxz9S4E4W0PNqzl1_nTkce6phHWl1YRW3B5XwPqImf4NtOxWMJQfYTJ9iTa8L41LxNXza00JwRXd-0rmsYalELuekY0x-r9jDIgtOqQiL6Fb7Xie1Pdyfz0JevqkcEvKfM4VCnGVXfMeBEFacbEstJ2gaCgYKAc4SARESFQG1tDrp39_eFoH3Ctdkck6Cvq1HRw0238",
  "Username": "_dcgcloud_token"
}
2023-05-12 02:00:10,343 INFO     ___FILE_ONLY___ 

2023-05-12 02:00:10,344 DEBUG    root            SDK update checks are disabled.
