2023-05-12 02:00:01,707 DEBUG    root            Loaded Command Group: ['gcloud', 'config']
2023-05-12 02:00:01,710 DEBUG    root            Loaded Command Group: ['gcloud', 'config', 'config_helper']
2023-05-12 02:00:01,713 DEBUG    root            Running [gcloud.config.config-helper] with arguments: [--format: "json", --quiet: "True", --verbosity: "warning"]
2023-05-12 02:00:01,725 DEBUG    google.auth.transport.requests Making request: GET http://metadata.google.internal/computeMetadata/v1/instance/service-accounts/kekinkito@gbox.adnu.edu.ph/?recursive=true
2023-05-12 02:00:01,728 DEBUG    urllib3.connectionpool Starting new HTTP connection (1): metadata.google.internal:80
2023-05-12 02:00:01,731 DEBUG    urllib3.connectionpool http://metadata.google.internal:80 "GET /computeMetadata/v1/instance/service-accounts/kekinkito@gbox.adnu.edu.ph/?recursive=true HTTP/1.1" 200 None
2023-05-12 02:00:01,732 DEBUG    google.auth.transport.requests Making request: GET http://metadata.google.internal/computeMetadata/v1/instance/service-accounts/kekinkito@gbox.adnu.edu.ph/token
2023-05-12 02:00:01,733 DEBUG    urllib3.connectionpool Resetting dropped connection: metadata.google.internal
2023-05-12 02:00:01,736 DEBUG    urllib3.connectionpool http://metadata.google.internal:80 "GET /computeMetadata/v1/instance/service-accounts/kekinkito@gbox.adnu.edu.ph/token HTTP/1.1" 200 None
2023-05-12 02:00:01,767 DEBUG    root            Chosen display Format:default json
2023-05-12 02:00:01,767 INFO     root            Display format: "default json"
2023-05-12 02:00:01,768 INFO     ___FILE_ONLY___ {
  "configuration": {
    "active_configuration": "default",
    "properties": {
      "accessibility": {
        "screen_reader": "True"
      },
      "component_manager": {
        "disable_update_check": "True"
      },
      "compute": {
        "gce_metadata_read_timeout_sec": "30"
      },
      "container": {
        "use_application_default_credentials": "true"
      },
      "core": {
        "account": "kekinkito@gbox.adnu.edu.ph",
        "disable_prompts": "True",
        "disable_usage_reporting": "True",
        "print_unhandled_tracebacks": "true",
        "verbosity": "warning"
      },
      "metrics": {
        "environment": "cloudcode.vscode",
        "environment_version": "1.21.4"
      }
    }
  },
  "credential": {
    "access_token": "ya29.a0AWY7CklvVgwp3Rrg67Tu9_X5omBo-Aj923AX8FLkTg63hUVLywkkDX3leqX1nBVPLlzXDdJODafRkVgFxz9S4E4W0PNqzl1_nTkce6phHWl1YRW3B5XwPqImf4NtOxWMJQfYTJ9iTa8L41LxNXza00JwRXd-0rmsYalELuekY0x-r9jDIgtOqQiL6Fb7Xie1Pdyfz0JevqkcEvKfM4VCnGVXfMeBEFacbEstJ2gaCgYKAc4SARESFQG1tDrp39_eFoH3Ctdkck6Cvq1HRw0238",
    "id_token": "eyJhbGciOiJSUzI1NiIsImtpZCI6Ijc3NzBiMDg1YmY2NDliNzI2YjM1NzQ3NjQwMzBlMWJkZTlhMTBhZTYiLCJ0eXAiOiJKV1QifQ.eyJpc3MiOiJhY2NvdW50cy5nb29nbGUuY29tIiwiYXpwIjoiNjE4MTA0NzA4MDU0LTlyOXMxYzRhbGczNmVybGl1Y2hvOXQ1Mm4zMm42ZGdxLmFwcHMuZ29vZ2xldXNlcmNvbnRlbnQuY29tIiwiYXVkIjoiNjE4MTA0NzA4MDU0LTlyOXMxYzRhbGczNmVybGl1Y2hvOXQ1Mm4zMm42ZGdxLmFwcHMuZ29vZ2xldXNlcmNvbnRlbnQuY29tIiwic3ViIjoiMTAyNjEzMTMyMjU4NjcwNDMzNTIxIiwiaGQiOiJnYm94LmFkbnUuZWR1LnBoIiwiZW1haWwiOiJrZWtpbmtpdG9AZ2JveC5hZG51LmVkdS5waCIsImVtYWlsX3ZlcmlmaWVkIjp0cnVlLCJhdF9oYXNoIjoiaU91bk5TOXJ2YWRTTElDdGsxX0NYdyIsImlhdCI6MTY4Mzg1NjM4MSwiZXhwIjoxNjgzODU5OTgxLCJqdGkiOiJmNjc5YzBmYWY4ZDViYjQxY2FiMjE5ZjliNWM2MmQ1NGFlZTlmNTk0In0.XAlROCm8Iwo0p_sl-sYMj1lx36LbCco9_mia4BORTX2D6RYIoBywahZhErWR3foslM5PD4ghNG3nY37X-dKvdBPbX5_Y1jNB8wIOr04ETV-9TELnCzxrxoNxPN0UkGer0tAft2upQ0RMbzBs-J3BzOTnwozf9pyv1qGhbIonPpn1NK5ACr9EqCEkr4mwVo_LGSJX6SUnGAVTlWNUV4VZt48SPKDOTdXRKDn3LUNJRqLNjxrhTPyCTIJyxjXZqKlNkvONb3CPCGHsOLclhp4zH3ARKW2T1mDlrMeUlhIw6h7Tb1wDGxZP0KOpR_J7KVWVoSB0WlA8FBiOazrA_MNCVQ",
    "token_expiry": "2023-05-12T02:52:58Z"
  },
  "sentinels": {
    "config_sentinel": "/home/kekinkito/.config/gcloud/config_sentinel"
  }
}
2023-05-12 02:00:01,768 INFO     ___FILE_ONLY___ 

2023-05-12 02:00:01,769 DEBUG    root            SDK update checks are disabled.
