2023-05-12 04:26:44,644 DEBUG    root            Loaded Command Group: ['gcloud', 'run']
2023-05-12 04:26:44,664 DEBUG    root            Loaded Command Group: ['gcloud', 'run', 'services']
2023-05-12 04:26:44,713 DEBUG    root            Loaded Command Group: ['gcloud', 'run', 'services', 'list']
2023-05-12 04:26:44,723 DEBUG    root            Running [gcloud.run.services.list] with arguments: [--filter: "NOT metadata.labels.goog-managed-by:"cloudfunctions"", --format: "json", --platform: "managed", --project: "phishtension", --quiet: "True", --verbosity: "warning"]
2023-05-12 04:26:44,736 DEBUG    google.auth.transport.requests Making request: GET http://metadata.google.internal/computeMetadata/v1/instance/service-accounts/kekinkito@gbox.adnu.edu.ph/?recursive=true
2023-05-12 04:26:44,739 DEBUG    urllib3.connectionpool Starting new HTTP connection (1): metadata.google.internal:80
2023-05-12 04:26:44,742 DEBUG    urllib3.connectionpool http://metadata.google.internal:80 "GET /computeMetadata/v1/instance/service-accounts/kekinkito@gbox.adnu.edu.ph/?recursive=true HTTP/1.1" 200 None
2023-05-12 04:26:44,743 DEBUG    google.auth.transport.requests Making request: GET http://metadata.google.internal/computeMetadata/v1/instance/service-accounts/kekinkito@gbox.adnu.edu.ph/token
2023-05-12 04:26:44,745 DEBUG    urllib3.connectionpool Resetting dropped connection: metadata.google.internal
2023-05-12 04:26:44,749 DEBUG    urllib3.connectionpool http://metadata.google.internal:80 "GET /computeMetadata/v1/instance/service-accounts/kekinkito@gbox.adnu.edu.ph/token HTTP/1.1" 200 None
2023-05-12 04:26:44,764 DEBUG    google.auth.transport.requests Making request: GET http://metadata.google.internal/computeMetadata/v1/instance/service-accounts/kekinkito@gbox.adnu.edu.ph/?recursive=true
2023-05-12 04:26:44,766 DEBUG    urllib3.connectionpool Starting new HTTP connection (1): metadata.google.internal:80
2023-05-12 04:26:44,769 DEBUG    urllib3.connectionpool http://metadata.google.internal:80 "GET /computeMetadata/v1/instance/service-accounts/kekinkito@gbox.adnu.edu.ph/?recursive=true HTTP/1.1" 200 None
2023-05-12 04:26:44,770 DEBUG    google.auth.transport.requests Making request: GET http://metadata.google.internal/computeMetadata/v1/instance/service-accounts/kekinkito@gbox.adnu.edu.ph/token
2023-05-12 04:26:44,773 DEBUG    urllib3.connectionpool Resetting dropped connection: metadata.google.internal
2023-05-12 04:26:44,776 DEBUG    urllib3.connectionpool http://metadata.google.internal:80 "GET /computeMetadata/v1/instance/service-accounts/kekinkito@gbox.adnu.edu.ph/token HTTP/1.1" 200 None
2023-05-12 04:26:44,811 DEBUG    urllib3.connectionpool Starting new HTTPS connection (1): run.googleapis.com:443
2023-05-12 04:26:45,339 DEBUG    urllib3.connectionpool https://run.googleapis.com:443 "GET /v1/projects/phishtension/locations/-/services?alt=json HTTP/1.1" 200 None
2023-05-12 04:26:45,356 DEBUG    root            Chosen display Format:table(ready_symbol.color(red="[xX]",green="[✓✔]",yellow="[-!…]"):label="",firstof(id,metadata.name):label=SERVICE,region:label=REGION,domain:label=URL,last_modifier:label="LAST DEPLOYED BY",last_transition_time:label="LAST DEPLOYED AT"):(metadata.labels.'run.googleapis.com/satisfiesPzs':alias='satisfiesPzs') json
2023-05-12 04:26:45,358 INFO     root            Display format: "table(ready_symbol.color(red="[xX]",green="[✓✔]",yellow="[-!…]"):label="",firstof(id,metadata.name):label=SERVICE,region:label=REGION,domain:label=URL,last_modifier:label="LAST DEPLOYED BY",last_transition_time:label="LAST DEPLOYED AT"):(metadata.labels.'run.googleapis.com/satisfiesPzs':alias='satisfiesPzs') json"
2023-05-12 04:26:45,370 INFO     ___FILE_ONLY___ [
  {
2023-05-12 04:26:45,370 INFO     ___FILE_ONLY___ 
    "apiVersion": "serving.knative.dev/v1",
2023-05-12 04:26:45,370 INFO     ___FILE_ONLY___ 
    "kind": "Service",
2023-05-12 04:26:45,370 INFO     ___FILE_ONLY___ 
    "metadata": {
2023-05-12 04:26:45,370 INFO     ___FILE_ONLY___ 
      "annotations": {
2023-05-12 04:26:45,370 INFO     ___FILE_ONLY___ 
        "client.knative.dev/user-image": "gcr.io/phishtension/nb-3",
2023-05-12 04:26:45,370 INFO     ___FILE_ONLY___ 
        "run.googleapis.com/client-name": "Cloud Code for VS Code",
2023-05-12 04:26:45,370 INFO     ___FILE_ONLY___ 
        "run.googleapis.com/client-version": "1.21.4",
2023-05-12 04:26:45,370 INFO     ___FILE_ONLY___ 
        "run.googleapis.com/ingress": "all",
2023-05-12 04:26:45,371 INFO     ___FILE_ONLY___ 
        "run.googleapis.com/ingress-status": "all",
2023-05-12 04:26:45,371 INFO     ___FILE_ONLY___ 
        "run.googleapis.com/operation-id": "638772b1-e762-4bb0-a5d2-ec4a8b4a5e16",
2023-05-12 04:26:45,371 INFO     ___FILE_ONLY___ 
        "serving.knative.dev/creator": "kekinkito@gbox.adnu.edu.ph",
2023-05-12 04:26:45,371 INFO     ___FILE_ONLY___ 
        "serving.knative.dev/lastModifier": "kekinkito@gbox.adnu.edu.ph"
2023-05-12 04:26:45,371 INFO     ___FILE_ONLY___ 
      },
2023-05-12 04:26:45,371 INFO     ___FILE_ONLY___ 
      "creationTimestamp": "2023-05-07T13:33:19.389542Z",
2023-05-12 04:26:45,371 INFO     ___FILE_ONLY___ 
      "generation": 22,
2023-05-12 04:26:45,371 INFO     ___FILE_ONLY___ 
      "labels": {
2023-05-12 04:26:45,371 INFO     ___FILE_ONLY___ 
        "cloud.googleapis.com/location": "asia-southeast1"
2023-05-12 04:26:45,371 INFO     ___FILE_ONLY___ 
      },
2023-05-12 04:26:45,371 INFO     ___FILE_ONLY___ 
      "name": "nb-3",
2023-05-12 04:26:45,371 INFO     ___FILE_ONLY___ 
      "namespace": "632799504819",
2023-05-12 04:26:45,371 INFO     ___FILE_ONLY___ 
      "resourceVersion": "AAX7dy7GPIs",
2023-05-12 04:26:45,371 INFO     ___FILE_ONLY___ 
      "selfLink": "/apis/serving.knative.dev/v1/namespaces/632799504819/services/nb-3",
2023-05-12 04:26:45,371 INFO     ___FILE_ONLY___ 
      "uid": "1f60be99-1fa2-4275-8b05-35d8cf5ce509"
2023-05-12 04:26:45,372 INFO     ___FILE_ONLY___ 
    },
2023-05-12 04:26:45,372 INFO     ___FILE_ONLY___ 
    "spec": {
2023-05-12 04:26:45,372 INFO     ___FILE_ONLY___ 
      "template": {
2023-05-12 04:26:45,372 INFO     ___FILE_ONLY___ 
        "metadata": {
2023-05-12 04:26:45,372 INFO     ___FILE_ONLY___ 
          "annotations": {
2023-05-12 04:26:45,372 INFO     ___FILE_ONLY___ 
            "autoscaling.knative.dev/maxScale": "50",
2023-05-12 04:26:45,372 INFO     ___FILE_ONLY___ 
            "client.knative.dev/user-image": "gcr.io/phishtension/nb-3",
2023-05-12 04:26:45,372 INFO     ___FILE_ONLY___ 
            "run.googleapis.com/client-name": "Cloud Code for VS Code",
2023-05-12 04:26:45,372 INFO     ___FILE_ONLY___ 
            "run.googleapis.com/client-version": "1.21.4"
2023-05-12 04:26:45,372 INFO     ___FILE_ONLY___ 
          },
2023-05-12 04:26:45,372 INFO     ___FILE_ONLY___ 
          "name": "nb-3-00022-maw"
2023-05-12 04:26:45,372 INFO     ___FILE_ONLY___ 
        },
2023-05-12 04:26:45,372 INFO     ___FILE_ONLY___ 
        "spec": {
2023-05-12 04:26:45,372 INFO     ___FILE_ONLY___ 
          "containerConcurrency": 80,
2023-05-12 04:26:45,372 INFO     ___FILE_ONLY___ 
          "containers": [
2023-05-12 04:26:45,373 INFO     ___FILE_ONLY___ 
            {
2023-05-12 04:26:45,373 INFO     ___FILE_ONLY___ 
              "image": "gcr.io/phishtension/nb-3",
2023-05-12 04:26:45,373 INFO     ___FILE_ONLY___ 
              "ports": [
2023-05-12 04:26:45,373 INFO     ___FILE_ONLY___ 
                {
2023-05-12 04:26:45,373 INFO     ___FILE_ONLY___ 
                  "containerPort": 8080,
2023-05-12 04:26:45,373 INFO     ___FILE_ONLY___ 
                  "name": "http1"
2023-05-12 04:26:45,373 INFO     ___FILE_ONLY___ 
                }
2023-05-12 04:26:45,373 INFO     ___FILE_ONLY___ 
              ],
2023-05-12 04:26:45,373 INFO     ___FILE_ONLY___ 
              "resources": {
2023-05-12 04:26:45,373 INFO     ___FILE_ONLY___ 
                "limits": {
2023-05-12 04:26:45,373 INFO     ___FILE_ONLY___ 
                  "cpu": "2",
2023-05-12 04:26:45,373 INFO     ___FILE_ONLY___ 
                  "memory": "800Mi"
2023-05-12 04:26:45,373 INFO     ___FILE_ONLY___ 
                }
2023-05-12 04:26:45,373 INFO     ___FILE_ONLY___ 
              },
2023-05-12 04:26:45,373 INFO     ___FILE_ONLY___ 
              "startupProbe": {
2023-05-12 04:26:45,374 INFO     ___FILE_ONLY___ 
                "failureThreshold": 1,
2023-05-12 04:26:45,374 INFO     ___FILE_ONLY___ 
                "periodSeconds": 240,
2023-05-12 04:26:45,374 INFO     ___FILE_ONLY___ 
                "tcpSocket": {
2023-05-12 04:26:45,374 INFO     ___FILE_ONLY___ 
                  "port": 8080
2023-05-12 04:26:45,374 INFO     ___FILE_ONLY___ 
                },
2023-05-12 04:26:45,374 INFO     ___FILE_ONLY___ 
                "timeoutSeconds": 240
2023-05-12 04:26:45,374 INFO     ___FILE_ONLY___ 
              }
2023-05-12 04:26:45,374 INFO     ___FILE_ONLY___ 
            }
2023-05-12 04:26:45,374 INFO     ___FILE_ONLY___ 
          ],
2023-05-12 04:26:45,374 INFO     ___FILE_ONLY___ 
          "serviceAccountName": "632799504819-compute@developer.gserviceaccount.com",
2023-05-12 04:26:45,374 INFO     ___FILE_ONLY___ 
          "timeoutSeconds": 300
2023-05-12 04:26:45,374 INFO     ___FILE_ONLY___ 
        }
2023-05-12 04:26:45,374 INFO     ___FILE_ONLY___ 
      },
2023-05-12 04:26:45,374 INFO     ___FILE_ONLY___ 
      "traffic": [
2023-05-12 04:26:45,374 INFO     ___FILE_ONLY___ 
        {
2023-05-12 04:26:45,374 INFO     ___FILE_ONLY___ 
          "latestRevision": true,
2023-05-12 04:26:45,375 INFO     ___FILE_ONLY___ 
          "percent": 100
2023-05-12 04:26:45,375 INFO     ___FILE_ONLY___ 
        }
2023-05-12 04:26:45,375 INFO     ___FILE_ONLY___ 
      ]
2023-05-12 04:26:45,375 INFO     ___FILE_ONLY___ 
    },
2023-05-12 04:26:45,375 INFO     ___FILE_ONLY___ 
    "status": {
2023-05-12 04:26:45,375 INFO     ___FILE_ONLY___ 
      "address": {
2023-05-12 04:26:45,375 INFO     ___FILE_ONLY___ 
        "url": "https://nb-3-mgpp2ks77a-as.a.run.app"
2023-05-12 04:26:45,375 INFO     ___FILE_ONLY___ 
      },
2023-05-12 04:26:45,375 INFO     ___FILE_ONLY___ 
      "conditions": [
2023-05-12 04:26:45,375 INFO     ___FILE_ONLY___ 
        {
2023-05-12 04:26:45,375 INFO     ___FILE_ONLY___ 
          "lastTransitionTime": "2023-05-12T04:03:07.876740Z",
2023-05-12 04:26:45,375 INFO     ___FILE_ONLY___ 
          "status": "True",
2023-05-12 04:26:45,375 INFO     ___FILE_ONLY___ 
          "type": "Ready"
2023-05-12 04:26:45,375 INFO     ___FILE_ONLY___ 
        },
2023-05-12 04:26:45,375 INFO     ___FILE_ONLY___ 
        {
2023-05-12 04:26:45,376 INFO     ___FILE_ONLY___ 
          "lastTransitionTime": "2023-05-12T04:03:03.209810Z",
2023-05-12 04:26:45,376 INFO     ___FILE_ONLY___ 
          "status": "True",
2023-05-12 04:26:45,376 INFO     ___FILE_ONLY___ 
          "type": "ConfigurationsReady"
2023-05-12 04:26:45,376 INFO     ___FILE_ONLY___ 
        },
2023-05-12 04:26:45,376 INFO     ___FILE_ONLY___ 
        {
2023-05-12 04:26:45,376 INFO     ___FILE_ONLY___ 
          "lastTransitionTime": "2023-05-12T04:03:07.976843Z",
2023-05-12 04:26:45,376 INFO     ___FILE_ONLY___ 
          "status": "True",
2023-05-12 04:26:45,376 INFO     ___FILE_ONLY___ 
          "type": "RoutesReady"
2023-05-12 04:26:45,376 INFO     ___FILE_ONLY___ 
        }
2023-05-12 04:26:45,376 INFO     ___FILE_ONLY___ 
      ],
2023-05-12 04:26:45,376 INFO     ___FILE_ONLY___ 
      "latestCreatedRevisionName": "nb-3-00022-maw",
2023-05-12 04:26:45,376 INFO     ___FILE_ONLY___ 
      "latestReadyRevisionName": "nb-3-00022-maw",
2023-05-12 04:26:45,376 INFO     ___FILE_ONLY___ 
      "observedGeneration": 22,
2023-05-12 04:26:45,376 INFO     ___FILE_ONLY___ 
      "traffic": [
2023-05-12 04:26:45,376 INFO     ___FILE_ONLY___ 
        {
2023-05-12 04:26:45,377 INFO     ___FILE_ONLY___ 
          "latestRevision": true,
2023-05-12 04:26:45,377 INFO     ___FILE_ONLY___ 
          "percent": 100,
2023-05-12 04:26:45,377 INFO     ___FILE_ONLY___ 
          "revisionName": "nb-3-00022-maw"
2023-05-12 04:26:45,377 INFO     ___FILE_ONLY___ 
        }
2023-05-12 04:26:45,377 INFO     ___FILE_ONLY___ 
      ],
2023-05-12 04:26:45,377 INFO     ___FILE_ONLY___ 
      "url": "https://nb-3-mgpp2ks77a-as.a.run.app"
2023-05-12 04:26:45,377 INFO     ___FILE_ONLY___ 
    }
2023-05-12 04:26:45,377 INFO     ___FILE_ONLY___ 
  }
2023-05-12 04:26:45,389 INFO     ___FILE_ONLY___ ,
  {
2023-05-12 04:26:45,389 INFO     ___FILE_ONLY___ 
    "apiVersion": "serving.knative.dev/v1",
2023-05-12 04:26:45,389 INFO     ___FILE_ONLY___ 
    "kind": "Service",
2023-05-12 04:26:45,390 INFO     ___FILE_ONLY___ 
    "metadata": {
2023-05-12 04:26:45,390 INFO     ___FILE_ONLY___ 
      "annotations": {
2023-05-12 04:26:45,390 INFO     ___FILE_ONLY___ 
        "client.knative.dev/user-image": "gcr.io/phishtension/nb-3-django",
2023-05-12 04:26:45,390 INFO     ___FILE_ONLY___ 
        "run.googleapis.com/client-name": "Cloud Code for VS Code",
2023-05-12 04:26:45,390 INFO     ___FILE_ONLY___ 
        "run.googleapis.com/client-version": "1.21.2",
2023-05-12 04:26:45,390 INFO     ___FILE_ONLY___ 
        "run.googleapis.com/ingress": "all",
2023-05-12 04:26:45,390 INFO     ___FILE_ONLY___ 
        "run.googleapis.com/ingress-status": "all",
2023-05-12 04:26:45,390 INFO     ___FILE_ONLY___ 
        "run.googleapis.com/operation-id": "9704f5c9-32ba-489d-905c-b2ac5e27379a",
2023-05-12 04:26:45,391 INFO     ___FILE_ONLY___ 
        "serving.knative.dev/creator": "kekinkito@gbox.adnu.edu.ph",
2023-05-12 04:26:45,391 INFO     ___FILE_ONLY___ 
        "serving.knative.dev/lastModifier": "kekinkito@gbox.adnu.edu.ph"
2023-05-12 04:26:45,391 INFO     ___FILE_ONLY___ 
      },
2023-05-12 04:26:45,391 INFO     ___FILE_ONLY___ 
      "creationTimestamp": "2023-04-04T11:44:22.003890Z",
2023-05-12 04:26:45,391 INFO     ___FILE_ONLY___ 
      "generation": 2,
2023-05-12 04:26:45,391 INFO     ___FILE_ONLY___ 
      "labels": {
2023-05-12 04:26:45,391 INFO     ___FILE_ONLY___ 
        "cloud.googleapis.com/location": "asia-southeast1"
2023-05-12 04:26:45,391 INFO     ___FILE_ONLY___ 
      },
2023-05-12 04:26:45,391 INFO     ___FILE_ONLY___ 
      "name": "nb-3-django-sg",
2023-05-12 04:26:45,392 INFO     ___FILE_ONLY___ 
      "namespace": "632799504819",
2023-05-12 04:26:45,392 INFO     ___FILE_ONLY___ 
      "resourceVersion": "AAX4gUWMU9w",
2023-05-12 04:26:45,392 INFO     ___FILE_ONLY___ 
      "selfLink": "/apis/serving.knative.dev/v1/namespaces/632799504819/services/nb-3-django-sg",
2023-05-12 04:26:45,392 INFO     ___FILE_ONLY___ 
      "uid": "7044d793-6291-44b5-994c-960f39ff7fe2"
2023-05-12 04:26:45,392 INFO     ___FILE_ONLY___ 
    },
2023-05-12 04:26:45,392 INFO     ___FILE_ONLY___ 
    "spec": {
2023-05-12 04:26:45,392 INFO     ___FILE_ONLY___ 
      "template": {
2023-05-12 04:26:45,392 INFO     ___FILE_ONLY___ 
        "metadata": {
2023-05-12 04:26:45,392 INFO     ___FILE_ONLY___ 
          "annotations": {
2023-05-12 04:26:45,393 INFO     ___FILE_ONLY___ 
            "autoscaling.knative.dev/maxScale": "100",
2023-05-12 04:26:45,393 INFO     ___FILE_ONLY___ 
            "client.knative.dev/user-image": "gcr.io/phishtension/nb-3-django",
2023-05-12 04:26:45,393 INFO     ___FILE_ONLY___ 
            "run.googleapis.com/client-name": "Cloud Code for VS Code",
2023-05-12 04:26:45,393 INFO     ___FILE_ONLY___ 
            "run.googleapis.com/client-version": "1.21.2"
2023-05-12 04:26:45,393 INFO     ___FILE_ONLY___ 
          },
2023-05-12 04:26:45,393 INFO     ___FILE_ONLY___ 
          "name": "nb-3-django-sg-00002-cay"
2023-05-12 04:26:45,393 INFO     ___FILE_ONLY___ 
        },
2023-05-12 04:26:45,394 INFO     ___FILE_ONLY___ 
        "spec": {
2023-05-12 04:26:45,394 INFO     ___FILE_ONLY___ 
          "containerConcurrency": 80,
2023-05-12 04:26:45,394 INFO     ___FILE_ONLY___ 
          "containers": [
2023-05-12 04:26:45,394 INFO     ___FILE_ONLY___ 
            {
2023-05-12 04:26:45,394 INFO     ___FILE_ONLY___ 
              "image": "gcr.io/phishtension/nb-3-django",
2023-05-12 04:26:45,395 INFO     ___FILE_ONLY___ 
              "ports": [
2023-05-12 04:26:45,395 INFO     ___FILE_ONLY___ 
                {
2023-05-12 04:26:45,395 INFO     ___FILE_ONLY___ 
                  "containerPort": 8080,
2023-05-12 04:26:45,395 INFO     ___FILE_ONLY___ 
                  "name": "http1"
2023-05-12 04:26:45,395 INFO     ___FILE_ONLY___ 
                }
2023-05-12 04:26:45,395 INFO     ___FILE_ONLY___ 
              ],
2023-05-12 04:26:45,396 INFO     ___FILE_ONLY___ 
              "resources": {
2023-05-12 04:26:45,396 INFO     ___FILE_ONLY___ 
                "limits": {
2023-05-12 04:26:45,396 INFO     ___FILE_ONLY___ 
                  "cpu": "1",
2023-05-12 04:26:45,396 INFO     ___FILE_ONLY___ 
                  "memory": "256Mi"
2023-05-12 04:26:45,396 INFO     ___FILE_ONLY___ 
                }
2023-05-12 04:26:45,396 INFO     ___FILE_ONLY___ 
              },
2023-05-12 04:26:45,396 INFO     ___FILE_ONLY___ 
              "startupProbe": {
2023-05-12 04:26:45,396 INFO     ___FILE_ONLY___ 
                "failureThreshold": 1,
2023-05-12 04:26:45,396 INFO     ___FILE_ONLY___ 
                "periodSeconds": 240,
2023-05-12 04:26:45,396 INFO     ___FILE_ONLY___ 
                "tcpSocket": {
2023-05-12 04:26:45,396 INFO     ___FILE_ONLY___ 
                  "port": 8080
2023-05-12 04:26:45,396 INFO     ___FILE_ONLY___ 
                },
2023-05-12 04:26:45,396 INFO     ___FILE_ONLY___ 
                "timeoutSeconds": 240
2023-05-12 04:26:45,396 INFO     ___FILE_ONLY___ 
              }
2023-05-12 04:26:45,396 INFO     ___FILE_ONLY___ 
            }
2023-05-12 04:26:45,397 INFO     ___FILE_ONLY___ 
          ],
2023-05-12 04:26:45,397 INFO     ___FILE_ONLY___ 
          "serviceAccountName": "632799504819-compute@developer.gserviceaccount.com",
2023-05-12 04:26:45,397 INFO     ___FILE_ONLY___ 
          "timeoutSeconds": 300
2023-05-12 04:26:45,397 INFO     ___FILE_ONLY___ 
        }
2023-05-12 04:26:45,397 INFO     ___FILE_ONLY___ 
      },
2023-05-12 04:26:45,397 INFO     ___FILE_ONLY___ 
      "traffic": [
2023-05-12 04:26:45,397 INFO     ___FILE_ONLY___ 
        {
2023-05-12 04:26:45,397 INFO     ___FILE_ONLY___ 
          "latestRevision": true,
2023-05-12 04:26:45,397 INFO     ___FILE_ONLY___ 
          "percent": 100
2023-05-12 04:26:45,397 INFO     ___FILE_ONLY___ 
        }
2023-05-12 04:26:45,397 INFO     ___FILE_ONLY___ 
      ]
2023-05-12 04:26:45,397 INFO     ___FILE_ONLY___ 
    },
2023-05-12 04:26:45,397 INFO     ___FILE_ONLY___ 
    "status": {
2023-05-12 04:26:45,397 INFO     ___FILE_ONLY___ 
      "address": {
2023-05-12 04:26:45,397 INFO     ___FILE_ONLY___ 
        "url": "https://nb-3-django-sg-mgpp2ks77a-as.a.run.app"
2023-05-12 04:26:45,398 INFO     ___FILE_ONLY___ 
      },
2023-05-12 04:26:45,398 INFO     ___FILE_ONLY___ 
      "conditions": [
2023-05-12 04:26:45,398 INFO     ___FILE_ONLY___ 
        {
2023-05-12 04:26:45,398 INFO     ___FILE_ONLY___ 
          "lastTransitionTime": "2023-04-04T11:49:44.750471Z",
2023-05-12 04:26:45,398 INFO     ___FILE_ONLY___ 
          "status": "True",
2023-05-12 04:26:45,398 INFO     ___FILE_ONLY___ 
          "type": "Ready"
2023-05-12 04:26:45,398 INFO     ___FILE_ONLY___ 
        },
2023-05-12 04:26:45,398 INFO     ___FILE_ONLY___ 
        {
2023-05-12 04:26:45,398 INFO     ___FILE_ONLY___ 
          "lastTransitionTime": "2023-04-04T11:49:40.201137Z",
2023-05-12 04:26:45,398 INFO     ___FILE_ONLY___ 
          "status": "True",
2023-05-12 04:26:45,398 INFO     ___FILE_ONLY___ 
          "type": "ConfigurationsReady"
2023-05-12 04:26:45,398 INFO     ___FILE_ONLY___ 
        },
2023-05-12 04:26:45,398 INFO     ___FILE_ONLY___ 
        {
2023-05-12 04:26:45,398 INFO     ___FILE_ONLY___ 
          "lastTransitionTime": "2023-04-04T11:49:44.847324Z",
2023-05-12 04:26:45,398 INFO     ___FILE_ONLY___ 
          "status": "True",
2023-05-12 04:26:45,399 INFO     ___FILE_ONLY___ 
          "type": "RoutesReady"
2023-05-12 04:26:45,399 INFO     ___FILE_ONLY___ 
        }
2023-05-12 04:26:45,399 INFO     ___FILE_ONLY___ 
      ],
2023-05-12 04:26:45,399 INFO     ___FILE_ONLY___ 
      "latestCreatedRevisionName": "nb-3-django-sg-00002-cay",
2023-05-12 04:26:45,399 INFO     ___FILE_ONLY___ 
      "latestReadyRevisionName": "nb-3-django-sg-00002-cay",
2023-05-12 04:26:45,399 INFO     ___FILE_ONLY___ 
      "observedGeneration": 2,
2023-05-12 04:26:45,399 INFO     ___FILE_ONLY___ 
      "traffic": [
2023-05-12 04:26:45,399 INFO     ___FILE_ONLY___ 
        {
2023-05-12 04:26:45,399 INFO     ___FILE_ONLY___ 
          "latestRevision": true,
2023-05-12 04:26:45,399 INFO     ___FILE_ONLY___ 
          "percent": 100,
2023-05-12 04:26:45,399 INFO     ___FILE_ONLY___ 
          "revisionName": "nb-3-django-sg-00002-cay"
2023-05-12 04:26:45,399 INFO     ___FILE_ONLY___ 
        }
2023-05-12 04:26:45,399 INFO     ___FILE_ONLY___ 
      ],
2023-05-12 04:26:45,399 INFO     ___FILE_ONLY___ 
      "url": "https://nb-3-django-sg-mgpp2ks77a-as.a.run.app"
2023-05-12 04:26:45,399 INFO     ___FILE_ONLY___ 
    }
2023-05-12 04:26:45,400 INFO     ___FILE_ONLY___ 
  }
2023-05-12 04:26:45,411 INFO     ___FILE_ONLY___ ,
  {
2023-05-12 04:26:45,412 INFO     ___FILE_ONLY___ 
    "apiVersion": "serving.knative.dev/v1",
2023-05-12 04:26:45,412 INFO     ___FILE_ONLY___ 
    "kind": "Service",
2023-05-12 04:26:45,412 INFO     ___FILE_ONLY___ 
    "metadata": {
2023-05-12 04:26:45,412 INFO     ___FILE_ONLY___ 
      "annotations": {
2023-05-12 04:26:45,412 INFO     ___FILE_ONLY___ 
        "client.knative.dev/user-image": "gcr.io/phishtension/nb-3",
2023-05-12 04:26:45,413 INFO     ___FILE_ONLY___ 
        "run.googleapis.com/client-name": "Cloud Code for VS Code",
2023-05-12 04:26:45,413 INFO     ___FILE_ONLY___ 
        "run.googleapis.com/client-version": "1.21.4",
2023-05-12 04:26:45,413 INFO     ___FILE_ONLY___ 
        "run.googleapis.com/ingress": "all",
2023-05-12 04:26:45,413 INFO     ___FILE_ONLY___ 
        "run.googleapis.com/ingress-status": "all",
2023-05-12 04:26:45,413 INFO     ___FILE_ONLY___ 
        "run.googleapis.com/operation-id": "4c1b8eab-469d-402d-b000-62123b9cdf1d",
2023-05-12 04:26:45,413 INFO     ___FILE_ONLY___ 
        "serving.knative.dev/creator": "kekinkito@gbox.adnu.edu.ph",
2023-05-12 04:26:45,413 INFO     ___FILE_ONLY___ 
        "serving.knative.dev/lastModifier": "kekinkito@gbox.adnu.edu.ph"
2023-05-12 04:26:45,414 INFO     ___FILE_ONLY___ 
      },
2023-05-12 04:26:45,414 INFO     ___FILE_ONLY___ 
      "creationTimestamp": "2023-05-07T13:26:58.752989Z",
2023-05-12 04:26:45,414 INFO     ___FILE_ONLY___ 
      "generation": 1,
2023-05-12 04:26:45,414 INFO     ___FILE_ONLY___ 
      "labels": {
2023-05-12 04:26:45,414 INFO     ___FILE_ONLY___ 
        "cloud.googleapis.com/location": "us-central1"
2023-05-12 04:26:45,414 INFO     ___FILE_ONLY___ 
      },
2023-05-12 04:26:45,414 INFO     ___FILE_ONLY___ 
      "name": "nb-3-us",
2023-05-12 04:26:45,415 INFO     ___FILE_ONLY___ 
      "namespace": "632799504819",
2023-05-12 04:26:45,415 INFO     ___FILE_ONLY___ 
      "resourceVersion": "AAX7Gnu+hgU",
2023-05-12 04:26:45,415 INFO     ___FILE_ONLY___ 
      "selfLink": "/apis/serving.knative.dev/v1/namespaces/632799504819/services/nb-3-us",
2023-05-12 04:26:45,415 INFO     ___FILE_ONLY___ 
      "uid": "556bd4b5-5325-4217-8d21-ce65a354fa31"
2023-05-12 04:26:45,415 INFO     ___FILE_ONLY___ 
    },
2023-05-12 04:26:45,415 INFO     ___FILE_ONLY___ 
    "spec": {
2023-05-12 04:26:45,415 INFO     ___FILE_ONLY___ 
      "template": {
2023-05-12 04:26:45,415 INFO     ___FILE_ONLY___ 
        "metadata": {
2023-05-12 04:26:45,415 INFO     ___FILE_ONLY___ 
          "annotations": {
2023-05-12 04:26:45,416 INFO     ___FILE_ONLY___ 
            "autoscaling.knative.dev/maxScale": "50",
2023-05-12 04:26:45,416 INFO     ___FILE_ONLY___ 
            "client.knative.dev/user-image": "gcr.io/phishtension/nb-3",
2023-05-12 04:26:45,416 INFO     ___FILE_ONLY___ 
            "run.googleapis.com/client-name": "Cloud Code for VS Code",
2023-05-12 04:26:45,416 INFO     ___FILE_ONLY___ 
            "run.googleapis.com/client-version": "1.21.4"
2023-05-12 04:26:45,416 INFO     ___FILE_ONLY___ 
          },
2023-05-12 04:26:45,416 INFO     ___FILE_ONLY___ 
          "name": "nb-3-us-00001-yez"
2023-05-12 04:26:45,416 INFO     ___FILE_ONLY___ 
        },
2023-05-12 04:26:45,417 INFO     ___FILE_ONLY___ 
        "spec": {
2023-05-12 04:26:45,417 INFO     ___FILE_ONLY___ 
          "containerConcurrency": 80,
2023-05-12 04:26:45,417 INFO     ___FILE_ONLY___ 
          "containers": [
2023-05-12 04:26:45,417 INFO     ___FILE_ONLY___ 
            {
2023-05-12 04:26:45,417 INFO     ___FILE_ONLY___ 
              "image": "gcr.io/phishtension/nb-3",
2023-05-12 04:26:45,417 INFO     ___FILE_ONLY___ 
              "ports": [
2023-05-12 04:26:45,417 INFO     ___FILE_ONLY___ 
                {
2023-05-12 04:26:45,418 INFO     ___FILE_ONLY___ 
                  "containerPort": 8080,
2023-05-12 04:26:45,418 INFO     ___FILE_ONLY___ 
                  "name": "http1"
2023-05-12 04:26:45,418 INFO     ___FILE_ONLY___ 
                }
2023-05-12 04:26:45,418 INFO     ___FILE_ONLY___ 
              ],
2023-05-12 04:26:45,418 INFO     ___FILE_ONLY___ 
              "resources": {
2023-05-12 04:26:45,418 INFO     ___FILE_ONLY___ 
                "limits": {
2023-05-12 04:26:45,418 INFO     ___FILE_ONLY___ 
                  "cpu": "2",
2023-05-12 04:26:45,419 INFO     ___FILE_ONLY___ 
                  "memory": "256Mi"
2023-05-12 04:26:45,419 INFO     ___FILE_ONLY___ 
                }
2023-05-12 04:26:45,419 INFO     ___FILE_ONLY___ 
              },
2023-05-12 04:26:45,419 INFO     ___FILE_ONLY___ 
              "startupProbe": {
2023-05-12 04:26:45,419 INFO     ___FILE_ONLY___ 
                "failureThreshold": 1,
2023-05-12 04:26:45,419 INFO     ___FILE_ONLY___ 
                "periodSeconds": 240,
2023-05-12 04:26:45,420 INFO     ___FILE_ONLY___ 
                "tcpSocket": {
2023-05-12 04:26:45,420 INFO     ___FILE_ONLY___ 
                  "port": 8080
2023-05-12 04:26:45,420 INFO     ___FILE_ONLY___ 
                },
2023-05-12 04:26:45,420 INFO     ___FILE_ONLY___ 
                "timeoutSeconds": 240
2023-05-12 04:26:45,420 INFO     ___FILE_ONLY___ 
              }
2023-05-12 04:26:45,420 INFO     ___FILE_ONLY___ 
            }
2023-05-12 04:26:45,420 INFO     ___FILE_ONLY___ 
          ],
2023-05-12 04:26:45,421 INFO     ___FILE_ONLY___ 
          "serviceAccountName": "632799504819-compute@developer.gserviceaccount.com",
2023-05-12 04:26:45,421 INFO     ___FILE_ONLY___ 
          "timeoutSeconds": 300
2023-05-12 04:26:45,421 INFO     ___FILE_ONLY___ 
        }
2023-05-12 04:26:45,421 INFO     ___FILE_ONLY___ 
      },
2023-05-12 04:26:45,421 INFO     ___FILE_ONLY___ 
      "traffic": [
2023-05-12 04:26:45,421 INFO     ___FILE_ONLY___ 
        {
2023-05-12 04:26:45,422 INFO     ___FILE_ONLY___ 
          "latestRevision": true,
2023-05-12 04:26:45,422 INFO     ___FILE_ONLY___ 
          "percent": 100
2023-05-12 04:26:45,422 INFO     ___FILE_ONLY___ 
        }
2023-05-12 04:26:45,422 INFO     ___FILE_ONLY___ 
      ]
2023-05-12 04:26:45,422 INFO     ___FILE_ONLY___ 
    },
2023-05-12 04:26:45,422 INFO     ___FILE_ONLY___ 
    "status": {
2023-05-12 04:26:45,423 INFO     ___FILE_ONLY___ 
      "address": {
2023-05-12 04:26:45,423 INFO     ___FILE_ONLY___ 
        "url": "https://nb-3-us-mgpp2ks77a-uc.a.run.app"
2023-05-12 04:26:45,423 INFO     ___FILE_ONLY___ 
      },
2023-05-12 04:26:45,423 INFO     ___FILE_ONLY___ 
      "conditions": [
2023-05-12 04:26:45,423 INFO     ___FILE_ONLY___ 
        {
2023-05-12 04:26:45,423 INFO     ___FILE_ONLY___ 
          "lastTransitionTime": "2023-05-07T13:27:27.358469Z",
2023-05-12 04:26:45,424 INFO     ___FILE_ONLY___ 
          "status": "True",
2023-05-12 04:26:45,424 INFO     ___FILE_ONLY___ 
          "type": "Ready"
2023-05-12 04:26:45,424 INFO     ___FILE_ONLY___ 
        },
2023-05-12 04:26:45,424 INFO     ___FILE_ONLY___ 
        {
2023-05-12 04:26:45,424 INFO     ___FILE_ONLY___ 
          "lastTransitionTime": "2023-05-07T13:27:27.021610Z",
2023-05-12 04:26:45,424 INFO     ___FILE_ONLY___ 
          "status": "True",
2023-05-12 04:26:45,424 INFO     ___FILE_ONLY___ 
          "type": "ConfigurationsReady"
2023-05-12 04:26:45,424 INFO     ___FILE_ONLY___ 
        },
2023-05-12 04:26:45,424 INFO     ___FILE_ONLY___ 
        {
2023-05-12 04:26:45,425 INFO     ___FILE_ONLY___ 
          "lastTransitionTime": "2023-05-07T13:27:27.358469Z",
2023-05-12 04:26:45,425 INFO     ___FILE_ONLY___ 
          "status": "True",
2023-05-12 04:26:45,425 INFO     ___FILE_ONLY___ 
          "type": "RoutesReady"
2023-05-12 04:26:45,425 INFO     ___FILE_ONLY___ 
        }
2023-05-12 04:26:45,425 INFO     ___FILE_ONLY___ 
      ],
2023-05-12 04:26:45,425 INFO     ___FILE_ONLY___ 
      "latestCreatedRevisionName": "nb-3-us-00001-yez",
2023-05-12 04:26:45,425 INFO     ___FILE_ONLY___ 
      "latestReadyRevisionName": "nb-3-us-00001-yez",
2023-05-12 04:26:45,425 INFO     ___FILE_ONLY___ 
      "observedGeneration": 1,
2023-05-12 04:26:45,425 INFO     ___FILE_ONLY___ 
      "traffic": [
2023-05-12 04:26:45,426 INFO     ___FILE_ONLY___ 
        {
2023-05-12 04:26:45,426 INFO     ___FILE_ONLY___ 
          "latestRevision": true,
2023-05-12 04:26:45,426 INFO     ___FILE_ONLY___ 
          "percent": 100,
2023-05-12 04:26:45,426 INFO     ___FILE_ONLY___ 
          "revisionName": "nb-3-us-00001-yez"
2023-05-12 04:26:45,426 INFO     ___FILE_ONLY___ 
        }
2023-05-12 04:26:45,426 INFO     ___FILE_ONLY___ 
      ],
2023-05-12 04:26:45,426 INFO     ___FILE_ONLY___ 
      "url": "https://nb-3-us-mgpp2ks77a-uc.a.run.app"
2023-05-12 04:26:45,426 INFO     ___FILE_ONLY___ 
    }
2023-05-12 04:26:45,426 INFO     ___FILE_ONLY___ 
  }
2023-05-12 04:26:45,439 INFO     ___FILE_ONLY___ ,
  {
2023-05-12 04:26:45,439 INFO     ___FILE_ONLY___ 
    "apiVersion": "serving.knative.dev/v1",
2023-05-12 04:26:45,439 INFO     ___FILE_ONLY___ 
    "kind": "Service",
2023-05-12 04:26:45,439 INFO     ___FILE_ONLY___ 
    "metadata": {
2023-05-12 04:26:45,439 INFO     ___FILE_ONLY___ 
      "annotations": {
2023-05-12 04:26:45,439 INFO     ___FILE_ONLY___ 
        "client.knative.dev/user-image": "gcr.io/phishtension/nb-3",
2023-05-12 04:26:45,439 INFO     ___FILE_ONLY___ 
        "run.googleapis.com/client-name": "Cloud Code for VS Code",
2023-05-12 04:26:45,439 INFO     ___FILE_ONLY___ 
        "run.googleapis.com/client-version": "1.21.4",
2023-05-12 04:26:45,440 INFO     ___FILE_ONLY___ 
        "run.googleapis.com/ingress": "all",
2023-05-12 04:26:45,440 INFO     ___FILE_ONLY___ 
        "run.googleapis.com/ingress-status": "all",
2023-05-12 04:26:45,440 INFO     ___FILE_ONLY___ 
        "run.googleapis.com/operation-id": "f9c9c703-65fc-4008-8b71-7a361911aa15",
2023-05-12 04:26:45,440 INFO     ___FILE_ONLY___ 
        "serving.knative.dev/creator": "kekinkito@gbox.adnu.edu.ph",
2023-05-12 04:26:45,440 INFO     ___FILE_ONLY___ 
        "serving.knative.dev/lastModifier": "kekinkito@gbox.adnu.edu.ph"
2023-05-12 04:26:45,440 INFO     ___FILE_ONLY___ 
      },
2023-05-12 04:26:45,440 INFO     ___FILE_ONLY___ 
      "creationTimestamp": "2023-03-29T07:16:22.299045Z",
2023-05-12 04:26:45,440 INFO     ___FILE_ONLY___ 
      "generation": 86,
2023-05-12 04:26:45,440 INFO     ___FILE_ONLY___ 
      "labels": {
2023-05-12 04:26:45,440 INFO     ___FILE_ONLY___ 
        "cloud.googleapis.com/location": "asia-southeast1"
2023-05-12 04:26:45,440 INFO     ___FILE_ONLY___ 
      },
2023-05-12 04:26:45,440 INFO     ___FILE_ONLY___ 
      "name": "nb3",
2023-05-12 04:26:45,440 INFO     ___FILE_ONLY___ 
      "namespace": "632799504819",
2023-05-12 04:26:45,440 INFO     ___FILE_ONLY___ 
      "resourceVersion": "AAX7F2P2fMU",
2023-05-12 04:26:45,440 INFO     ___FILE_ONLY___ 
      "selfLink": "/apis/serving.knative.dev/v1/namespaces/632799504819/services/nb3",
2023-05-12 04:26:45,441 INFO     ___FILE_ONLY___ 
      "uid": "6f8b44af-8f0a-43fc-a7a7-f7196e96d8e2"
2023-05-12 04:26:45,441 INFO     ___FILE_ONLY___ 
    },
2023-05-12 04:26:45,441 INFO     ___FILE_ONLY___ 
    "spec": {
2023-05-12 04:26:45,441 INFO     ___FILE_ONLY___ 
      "template": {
2023-05-12 04:26:45,441 INFO     ___FILE_ONLY___ 
        "metadata": {
2023-05-12 04:26:45,441 INFO     ___FILE_ONLY___ 
          "annotations": {
2023-05-12 04:26:45,441 INFO     ___FILE_ONLY___ 
            "autoscaling.knative.dev/maxScale": "100",
2023-05-12 04:26:45,441 INFO     ___FILE_ONLY___ 
            "client.knative.dev/user-image": "gcr.io/phishtension/nb-3",
2023-05-12 04:26:45,441 INFO     ___FILE_ONLY___ 
            "run.googleapis.com/client-name": "Cloud Code for VS Code",
2023-05-12 04:26:45,441 INFO     ___FILE_ONLY___ 
            "run.googleapis.com/client-version": "1.21.4"
2023-05-12 04:26:45,441 INFO     ___FILE_ONLY___ 
          },
2023-05-12 04:26:45,441 INFO     ___FILE_ONLY___ 
          "name": "nb3-00086-gab"
2023-05-12 04:26:45,441 INFO     ___FILE_ONLY___ 
        },
2023-05-12 04:26:45,441 INFO     ___FILE_ONLY___ 
        "spec": {
2023-05-12 04:26:45,441 INFO     ___FILE_ONLY___ 
          "containerConcurrency": 80,
2023-05-12 04:26:45,442 INFO     ___FILE_ONLY___ 
          "containers": [
2023-05-12 04:26:45,442 INFO     ___FILE_ONLY___ 
            {
2023-05-12 04:26:45,442 INFO     ___FILE_ONLY___ 
              "image": "gcr.io/phishtension/nb-3",
2023-05-12 04:26:45,442 INFO     ___FILE_ONLY___ 
              "ports": [
2023-05-12 04:26:45,442 INFO     ___FILE_ONLY___ 
                {
2023-05-12 04:26:45,442 INFO     ___FILE_ONLY___ 
                  "containerPort": 8080,
2023-05-12 04:26:45,442 INFO     ___FILE_ONLY___ 
                  "name": "http1"
2023-05-12 04:26:45,442 INFO     ___FILE_ONLY___ 
                }
2023-05-12 04:26:45,442 INFO     ___FILE_ONLY___ 
              ],
2023-05-12 04:26:45,442 INFO     ___FILE_ONLY___ 
              "resources": {
2023-05-12 04:26:45,442 INFO     ___FILE_ONLY___ 
                "limits": {
2023-05-12 04:26:45,442 INFO     ___FILE_ONLY___ 
                  "cpu": "1",
2023-05-12 04:26:45,442 INFO     ___FILE_ONLY___ 
                  "memory": "256Mi"
2023-05-12 04:26:45,442 INFO     ___FILE_ONLY___ 
                }
2023-05-12 04:26:45,442 INFO     ___FILE_ONLY___ 
              },
2023-05-12 04:26:45,443 INFO     ___FILE_ONLY___ 
              "startupProbe": {
2023-05-12 04:26:45,443 INFO     ___FILE_ONLY___ 
                "failureThreshold": 1,
2023-05-12 04:26:45,443 INFO     ___FILE_ONLY___ 
                "periodSeconds": 240,
2023-05-12 04:26:45,443 INFO     ___FILE_ONLY___ 
                "tcpSocket": {
2023-05-12 04:26:45,443 INFO     ___FILE_ONLY___ 
                  "port": 8080
2023-05-12 04:26:45,443 INFO     ___FILE_ONLY___ 
                },
2023-05-12 04:26:45,443 INFO     ___FILE_ONLY___ 
                "timeoutSeconds": 240
2023-05-12 04:26:45,443 INFO     ___FILE_ONLY___ 
              }
2023-05-12 04:26:45,443 INFO     ___FILE_ONLY___ 
            }
2023-05-12 04:26:45,443 INFO     ___FILE_ONLY___ 
          ],
2023-05-12 04:26:45,443 INFO     ___FILE_ONLY___ 
          "serviceAccountName": "632799504819-compute@developer.gserviceaccount.com",
2023-05-12 04:26:45,443 INFO     ___FILE_ONLY___ 
          "timeoutSeconds": 300
2023-05-12 04:26:45,443 INFO     ___FILE_ONLY___ 
        }
2023-05-12 04:26:45,443 INFO     ___FILE_ONLY___ 
      },
2023-05-12 04:26:45,444 INFO     ___FILE_ONLY___ 
      "traffic": [
2023-05-12 04:26:45,444 INFO     ___FILE_ONLY___ 
        {
2023-05-12 04:26:45,444 INFO     ___FILE_ONLY___ 
          "latestRevision": true,
2023-05-12 04:26:45,444 INFO     ___FILE_ONLY___ 
          "percent": 100
2023-05-12 04:26:45,444 INFO     ___FILE_ONLY___ 
        }
2023-05-12 04:26:45,444 INFO     ___FILE_ONLY___ 
      ]
2023-05-12 04:26:45,444 INFO     ___FILE_ONLY___ 
    },
2023-05-12 04:26:45,444 INFO     ___FILE_ONLY___ 
    "status": {
2023-05-12 04:26:45,444 INFO     ___FILE_ONLY___ 
      "address": {
2023-05-12 04:26:45,444 INFO     ___FILE_ONLY___ 
        "url": "https://nb3-mgpp2ks77a-as.a.run.app"
2023-05-12 04:26:45,444 INFO     ___FILE_ONLY___ 
      },
2023-05-12 04:26:45,444 INFO     ___FILE_ONLY___ 
      "conditions": [
2023-05-12 04:26:45,444 INFO     ___FILE_ONLY___ 
        {
2023-05-12 04:26:45,444 INFO     ___FILE_ONLY___ 
          "lastTransitionTime": "2023-05-07T09:46:03.351802Z",
2023-05-12 04:26:45,445 INFO     ___FILE_ONLY___ 
          "status": "True",
2023-05-12 04:26:45,445 INFO     ___FILE_ONLY___ 
          "type": "Ready"
2023-05-12 04:26:45,445 INFO     ___FILE_ONLY___ 
        },
2023-05-12 04:26:45,445 INFO     ___FILE_ONLY___ 
        {
2023-05-12 04:26:45,445 INFO     ___FILE_ONLY___ 
          "lastTransitionTime": "2023-05-07T09:45:57.049918Z",
2023-05-12 04:26:45,445 INFO     ___FILE_ONLY___ 
          "status": "True",
2023-05-12 04:26:45,445 INFO     ___FILE_ONLY___ 
          "type": "ConfigurationsReady"
2023-05-12 04:26:45,445 INFO     ___FILE_ONLY___ 
        },
2023-05-12 04:26:45,445 INFO     ___FILE_ONLY___ 
        {
2023-05-12 04:26:45,445 INFO     ___FILE_ONLY___ 
          "lastTransitionTime": "2023-05-07T09:46:03.471045Z",
2023-05-12 04:26:45,445 INFO     ___FILE_ONLY___ 
          "status": "True",
2023-05-12 04:26:45,445 INFO     ___FILE_ONLY___ 
          "type": "RoutesReady"
2023-05-12 04:26:45,445 INFO     ___FILE_ONLY___ 
        }
2023-05-12 04:26:45,445 INFO     ___FILE_ONLY___ 
      ],
2023-05-12 04:26:45,445 INFO     ___FILE_ONLY___ 
      "latestCreatedRevisionName": "nb3-00086-gab",
2023-05-12 04:26:45,445 INFO     ___FILE_ONLY___ 
      "latestReadyRevisionName": "nb3-00086-gab",
2023-05-12 04:26:45,446 INFO     ___FILE_ONLY___ 
      "observedGeneration": 86,
2023-05-12 04:26:45,446 INFO     ___FILE_ONLY___ 
      "traffic": [
2023-05-12 04:26:45,446 INFO     ___FILE_ONLY___ 
        {
2023-05-12 04:26:45,446 INFO     ___FILE_ONLY___ 
          "latestRevision": true,
2023-05-12 04:26:45,446 INFO     ___FILE_ONLY___ 
          "percent": 100,
2023-05-12 04:26:45,446 INFO     ___FILE_ONLY___ 
          "revisionName": "nb3-00086-gab"
2023-05-12 04:26:45,446 INFO     ___FILE_ONLY___ 
        }
2023-05-12 04:26:45,446 INFO     ___FILE_ONLY___ 
      ],
2023-05-12 04:26:45,446 INFO     ___FILE_ONLY___ 
      "url": "https://nb3-mgpp2ks77a-as.a.run.app"
2023-05-12 04:26:45,446 INFO     ___FILE_ONLY___ 
    }
2023-05-12 04:26:45,446 INFO     ___FILE_ONLY___ 
  }
2023-05-12 04:26:45,446 WARNING  root            The following filter keys were not present in any resource : metadata.labels.goog-managed-by
2023-05-12 04:26:45,447 INFO     ___FILE_ONLY___ 
]

2023-05-12 04:26:45,447 DEBUG    root            SDK update checks are disabled.
