2023-05-12 04:49:19,244 DEBUG    root            Loaded Command Group: ['gcloud', 'auth']
2023-05-12 04:49:19,247 DEBUG    root            Loaded Command Group: ['gcloud', 'auth', 'docker_helper']
2023-05-12 04:49:19,249 DEBUG    root            Running [gcloud.auth.docker-helper] with arguments: [METHOD: "get"]
2023-05-12 04:49:19,260 DEBUG    google.auth.transport.requests Making request: GET http://metadata.google.internal/computeMetadata/v1/instance/service-accounts/kekinkito@gbox.adnu.edu.ph/?recursive=true
2023-05-12 04:49:19,263 DEBUG    urllib3.connectionpool Starting new HTTP connection (1): metadata.google.internal:80
2023-05-12 04:49:19,266 DEBUG    urllib3.connectionpool http://metadata.google.internal:80 "GET /computeMetadata/v1/instance/service-accounts/kekinkito@gbox.adnu.edu.ph/?recursive=true HTTP/1.1" 200 None
2023-05-12 04:49:19,267 DEBUG    google.auth.transport.requests Making request: GET http://metadata.google.internal/computeMetadata/v1/instance/service-accounts/kekinkito@gbox.adnu.edu.ph/token
2023-05-12 04:49:19,269 DEBUG    urllib3.connectionpool Resetting dropped connection: metadata.google.internal
2023-05-12 04:49:19,272 DEBUG    urllib3.connectionpool http://metadata.google.internal:80 "GET /computeMetadata/v1/instance/service-accounts/kekinkito@gbox.adnu.edu.ph/token HTTP/1.1" 200 None
2023-05-12 04:49:19,279 DEBUG    google.auth.transport.requests Making request: GET http://metadata.google.internal/computeMetadata/v1/instance/service-accounts/kekinkito@gbox.adnu.edu.ph/?recursive=true
2023-05-12 04:49:19,281 DEBUG    urllib3.connectionpool Starting new HTTP connection (1): metadata.google.internal:80
2023-05-12 04:49:19,285 DEBUG    urllib3.connectionpool http://metadata.google.internal:80 "GET /computeMetadata/v1/instance/service-accounts/kekinkito@gbox.adnu.edu.ph/?recursive=true HTTP/1.1" 200 None
2023-05-12 04:49:19,286 DEBUG    google.auth.transport.requests Making request: GET http://metadata.google.internal/computeMetadata/v1/instance/service-accounts/kekinkito@gbox.adnu.edu.ph/token?scopes=%0Aemail%0Ahttps%3A%2F%2Fwww.googleapis.com%2Fauth%2Fcloud-platform%0A
2023-05-12 04:49:19,289 DEBUG    urllib3.connectionpool Resetting dropped connection: metadata.google.internal
2023-05-12 04:49:19,293 DEBUG    urllib3.connectionpool http://metadata.google.internal:80 "GET /computeMetadata/v1/instance/service-accounts/kekinkito@gbox.adnu.edu.ph/token?scopes=%0Aemail%0Ahttps%3A%2F%2Fwww.googleapis.com%2Fauth%2Fcloud-platform%0A HTTP/1.1" 200 None
2023-05-12 04:49:19,299 DEBUG    root            Chosen display Format:json
2023-05-12 04:49:19,299 INFO     root            Display format: "json"
2023-05-12 04:49:19,300 INFO     ___FILE_ONLY___ {
  "Secret": "ya29.a0AWY7CkmJ9GFedyKLbEkD5qzMVz6DjU7YU-0TlOM1f6VR_XcAW03UAc3KbQ1FmBw_81v7KWg7Yb60PX1Z7qkRuLDvQzH_OxwYl7dtnpzwyNLJA2dqKQOJh-6EXgyaz7mjKdGCTliiD4X37n5OoBAy-tFaoqhXHKQT0lw6epkxgDF29n9hLWW8rEBqZXtOsgV4DrZzJfI2RNzvOFEGY673FA2iFZDlrPebntkLIKoaCgYKAa0SARESFQG1tDrpGZG1IqeHtprqxUGIF6on_w0238",
  "Username": "_dcgcloud_token"
}
2023-05-12 04:49:19,300 INFO     ___FILE_ONLY___ 

2023-05-12 04:49:19,300 DEBUG    root            SDK update checks are disabled.
