2023-05-12 11:11:11,461 DEBUG    root            Loaded Command Group: ['gcloud', 'config']
2023-05-12 11:11:11,475 DEBUG    root            Loaded Command Group: ['gcloud', 'config', 'config_helper']
2023-05-12 11:11:11,479 DEBUG    root            Running [gcloud.config.config-helper] with arguments: [--format: "json", --quiet: "True", --verbosity: "warning"]
2023-05-12 11:11:11,495 DEBUG    google.auth.transport.requests Making request: GET http://metadata.google.internal/computeMetadata/v1/instance/service-accounts/kekinkito@gbox.adnu.edu.ph/?recursive=true
2023-05-12 11:11:11,502 DEBUG    urllib3.connectionpool Starting new HTTP connection (1): metadata.google.internal:80
2023-05-12 11:11:11,510 DEBUG    urllib3.connectionpool http://metadata.google.internal:80 "GET /computeMetadata/v1/instance/service-accounts/kekinkito@gbox.adnu.edu.ph/?recursive=true HTTP/1.1" 200 None
2023-05-12 11:11:11,512 DEBUG    google.auth.transport.requests Making request: GET http://metadata.google.internal/computeMetadata/v1/instance/service-accounts/kekinkito@gbox.adnu.edu.ph/token
2023-05-12 11:11:11,516 DEBUG    urllib3.connectionpool Resetting dropped connection: metadata.google.internal
2023-05-12 11:11:11,520 DEBUG    urllib3.connectionpool http://metadata.google.internal:80 "GET /computeMetadata/v1/instance/service-accounts/kekinkito@gbox.adnu.edu.ph/token HTTP/1.1" 200 None
2023-05-12 11:11:11,563 DEBUG    urllib3.connectionpool Starting new HTTPS connection (1): www.gstatic.com:443
2023-05-12 11:11:11,601 DEBUG    urllib3.connectionpool https://www.gstatic.com:443 "GET /cloudsdk/feature_flag_config_file.yaml HTTP/1.1" 200 101
2023-05-12 11:11:11,635 DEBUG    root            Chosen display Format:default json
2023-05-12 11:11:11,637 INFO     root            Display format: "default json"
2023-05-12 11:11:11,639 INFO     ___FILE_ONLY___ {
  "configuration": {
    "active_configuration": "default",
    "properties": {
      "accessibility": {
        "screen_reader": "True"
      },
      "component_manager": {
        "disable_update_check": "True"
      },
      "compute": {
        "gce_metadata_read_timeout_sec": "30"
      },
      "container": {
        "use_application_default_credentials": "true"
      },
      "core": {
        "account": "kekinkito@gbox.adnu.edu.ph",
        "disable_prompts": "True",
        "disable_usage_reporting": "True",
        "print_unhandled_tracebacks": "true",
        "verbosity": "warning"
      },
      "metrics": {
        "environment": "cloudcode.vscode",
        "environment_version": "1.21.4"
      }
    }
  },
  "credential": {
    "access_token": "ya29.a0AWY7CkkHXdcifJVfE0y4BzDp5OVphH7Bv1CmhieKx4qZ-nwDDLMB0Y7WqcYqz6gb_BZUqDX0-jALBocFwB3Yz2iiaG5zGo9mcWWiFImXEHNveFuvLI2u08rfjT9ie3PEO3E3zYr_wbjpjSHbWfvi7K7NdNJA5nN5g6mo-DFa7bO9GPjUDt07YQCRLkL-a8ZtJi_Xeedw4QapVk4irUefA1eQ2D0-4MCc6kaz1JkaCgYKAVYSARESFQG1tDrpfC1GmxcKvsvrwjoxb7Y4jg0238",
    "id_token": "eyJhbGciOiJSUzI1NiIsImtpZCI6Ijc3NzBiMDg1YmY2NDliNzI2YjM1NzQ3NjQwMzBlMWJkZTlhMTBhZTYiLCJ0eXAiOiJKV1QifQ.eyJpc3MiOiJhY2NvdW50cy5nb29nbGUuY29tIiwiYXpwIjoiNjE4MTA0NzA4MDU0LTlyOXMxYzRhbGczNmVybGl1Y2hvOXQ1Mm4zMm42ZGdxLmFwcHMuZ29vZ2xldXNlcmNvbnRlbnQuY29tIiwiYXVkIjoiNjE4MTA0NzA4MDU0LTlyOXMxYzRhbGczNmVybGl1Y2hvOXQ1Mm4zMm42ZGdxLmFwcHMuZ29vZ2xldXNlcmNvbnRlbnQuY29tIiwic3ViIjoiMTAyNjEzMTMyMjU4NjcwNDMzNTIxIiwiaGQiOiJnYm94LmFkbnUuZWR1LnBoIiwiZW1haWwiOiJrZWtpbmtpdG9AZ2JveC5hZG51LmVkdS5waCIsImVtYWlsX3ZlcmlmaWVkIjp0cnVlLCJhdF9oYXNoIjoiYmZuSDFxTkJmZHNDdHlVeE4yYWpOUSIsImlhdCI6MTY4Mzg4OTg2NiwiZXhwIjoxNjgzODkzNDY2LCJqdGkiOiJlOGViYjlmZjQzMTgzMDQxY2YwNmFlNzY3NzQ3YjAwMTNjODUwNzExIn0.mBFpIkiAUEBwM7k1q2pMUQ-a1FD9cm4FCXCivg3B5GUJzcofYffcaSFazeZVSKOmg3-jW-N6Gzloskn2s-7JBvnfs1NzHA6P_uPaVlCUAObYq8cYm5o-Tr_2Ri0a-b80Lk6rFlZxPZn_CvFnJvtWyZU6lxdAiOgo_XPBCPx1Uy5E_r5hdGnX7bGco_qwBRf5DoU00u7f45whNZ3k4TusJOBRWTUuuaQmeqTYsVFBARBr-fhqG7MHdpoRW9iJcV89YDREBDtWfSDSVOK6QeWbAukx5gIYJmFvWAsKf7tJgN2yPYXLIQ0Pew6bPPrs30oach2goo1_h-eeRA4Ntwpxrg",
    "token_expiry": "2023-05-12T12:11:04Z"
  },
  "sentinels": {
    "config_sentinel": "/home/kekinkito/.config/gcloud/config_sentinel"
  }
}
2023-05-12 11:11:11,639 INFO     ___FILE_ONLY___ 

2023-05-12 11:11:11,640 DEBUG    root            SDK update checks are disabled.
