2023-05-12 11:23:03,622 DEBUG    root            Loaded Command Group: ['gcloud', 'beta', 'run']
2023-05-12 11:23:03,640 DEBUG    root            Loaded Command Group: ['gcloud', 'beta', 'run', 'services']
2023-05-12 11:23:03,678 DEBUG    root            Loaded Command Group: ['gcloud', 'beta', 'run', 'services', 'describe']
2023-05-12 11:23:03,686 DEBUG    root            Running [gcloud.beta.run.services.describe] with arguments: [--format: "json", --platform: "managed", --project: "phishtension", --quiet: "True", --region: "asia-southeast1", --verbosity: "warning", SERVICE: "nb-3"]
2023-05-12 11:23:03,701 DEBUG    google.auth.transport.requests Making request: GET http://metadata.google.internal/computeMetadata/v1/instance/service-accounts/kekinkito@gbox.adnu.edu.ph/?recursive=true
2023-05-12 11:23:03,704 DEBUG    urllib3.connectionpool Starting new HTTP connection (1): metadata.google.internal:80
2023-05-12 11:23:03,707 DEBUG    urllib3.connectionpool http://metadata.google.internal:80 "GET /computeMetadata/v1/instance/service-accounts/kekinkito@gbox.adnu.edu.ph/?recursive=true HTTP/1.1" 200 None
2023-05-12 11:23:03,708 DEBUG    google.auth.transport.requests Making request: GET http://metadata.google.internal/computeMetadata/v1/instance/service-accounts/kekinkito@gbox.adnu.edu.ph/token
2023-05-12 11:23:03,709 DEBUG    urllib3.connectionpool Resetting dropped connection: metadata.google.internal
2023-05-12 11:23:03,712 DEBUG    urllib3.connectionpool http://metadata.google.internal:80 "GET /computeMetadata/v1/instance/service-accounts/kekinkito@gbox.adnu.edu.ph/token HTTP/1.1" 200 None
2023-05-12 11:23:03,726 DEBUG    google.auth.transport.requests Making request: GET http://metadata.google.internal/computeMetadata/v1/instance/service-accounts/kekinkito@gbox.adnu.edu.ph/?recursive=true
2023-05-12 11:23:03,728 DEBUG    urllib3.connectionpool Starting new HTTP connection (1): metadata.google.internal:80
2023-05-12 11:23:03,730 DEBUG    urllib3.connectionpool http://metadata.google.internal:80 "GET /computeMetadata/v1/instance/service-accounts/kekinkito@gbox.adnu.edu.ph/?recursive=true HTTP/1.1" 200 None
2023-05-12 11:23:03,731 DEBUG    google.auth.transport.requests Making request: GET http://metadata.google.internal/computeMetadata/v1/instance/service-accounts/kekinkito@gbox.adnu.edu.ph/token
2023-05-12 11:23:03,733 DEBUG    urllib3.connectionpool Resetting dropped connection: metadata.google.internal
2023-05-12 11:23:03,735 DEBUG    urllib3.connectionpool http://metadata.google.internal:80 "GET /computeMetadata/v1/instance/service-accounts/kekinkito@gbox.adnu.edu.ph/token HTTP/1.1" 200 None
2023-05-12 11:23:03,768 DEBUG    google.auth.transport.requests Making request: GET http://metadata.google.internal/computeMetadata/v1/instance/service-accounts/kekinkito@gbox.adnu.edu.ph/?recursive=true
2023-05-12 11:23:03,770 DEBUG    urllib3.connectionpool Starting new HTTP connection (1): metadata.google.internal:80
2023-05-12 11:23:03,773 DEBUG    urllib3.connectionpool http://metadata.google.internal:80 "GET /computeMetadata/v1/instance/service-accounts/kekinkito@gbox.adnu.edu.ph/?recursive=true HTTP/1.1" 200 None
2023-05-12 11:23:03,773 DEBUG    google.auth.transport.requests Making request: GET http://metadata.google.internal/computeMetadata/v1/instance/service-accounts/kekinkito@gbox.adnu.edu.ph/token
2023-05-12 11:23:03,775 DEBUG    urllib3.connectionpool Resetting dropped connection: metadata.google.internal
2023-05-12 11:23:03,777 DEBUG    urllib3.connectionpool http://metadata.google.internal:80 "GET /computeMetadata/v1/instance/service-accounts/kekinkito@gbox.adnu.edu.ph/token HTTP/1.1" 200 None
2023-05-12 11:23:03,790 DEBUG    google.auth.transport.requests Making request: GET http://metadata.google.internal/computeMetadata/v1/instance/service-accounts/kekinkito@gbox.adnu.edu.ph/?recursive=true
2023-05-12 11:23:03,792 DEBUG    urllib3.connectionpool Starting new HTTP connection (1): metadata.google.internal:80
2023-05-12 11:23:03,794 DEBUG    urllib3.connectionpool http://metadata.google.internal:80 "GET /computeMetadata/v1/instance/service-accounts/kekinkito@gbox.adnu.edu.ph/?recursive=true HTTP/1.1" 200 None
2023-05-12 11:23:03,795 DEBUG    google.auth.transport.requests Making request: GET http://metadata.google.internal/computeMetadata/v1/instance/service-accounts/kekinkito@gbox.adnu.edu.ph/token
2023-05-12 11:23:03,797 DEBUG    urllib3.connectionpool Resetting dropped connection: metadata.google.internal
2023-05-12 11:23:03,799 DEBUG    urllib3.connectionpool http://metadata.google.internal:80 "GET /computeMetadata/v1/instance/service-accounts/kekinkito@gbox.adnu.edu.ph/token HTTP/1.1" 200 None
2023-05-12 11:23:03,808 DEBUG    urllib3.connectionpool Starting new HTTPS connection (1): asia-southeast1-run.googleapis.com:443
2023-05-12 11:23:04,128 DEBUG    urllib3.connectionpool https://asia-southeast1-run.googleapis.com:443 "GET /apis/serving.knative.dev/v1/namespaces/phishtension/services/nb-3?alt=json HTTP/1.1" 200 None
2023-05-12 11:23:04,136 DEBUG    root            Chosen display Format:service json
2023-05-12 11:23:04,136 INFO     root            Display format: "service json"
2023-05-12 11:23:04,141 INFO     ___FILE_ONLY___ {
  "apiVersion": "serving.knative.dev/v1",
  "kind": "Service",
  "metadata": {
    "annotations": {
      "client.knative.dev/user-image": "gcr.io/phishtension/nb-3",
      "run.googleapis.com/client-name": "Cloud Code for VS Code",
      "run.googleapis.com/client-version": "1.21.4",
      "run.googleapis.com/ingress": "all",
      "run.googleapis.com/ingress-status": "all",
      "run.googleapis.com/operation-id": "d0139979-9a15-4b69-ad9f-c24b20b0ff98",
      "serving.knative.dev/creator": "kekinkito@gbox.adnu.edu.ph",
      "serving.knative.dev/lastModifier": "kekinkito@gbox.adnu.edu.ph"
    },
    "creationTimestamp": "2023-05-07T13:33:19.389542Z",
    "generation": 28,
    "labels": {
      "cloud.googleapis.com/location": "asia-southeast1"
    },
    "name": "nb-3",
    "namespace": "632799504819",
    "resourceVersion": "AAX7fVP2zJM",
    "selfLink": "/apis/serving.knative.dev/v1/namespaces/632799504819/services/nb-3",
    "uid": "1f60be99-1fa2-4275-8b05-35d8cf5ce509"
  },
  "spec": {
    "template": {
      "metadata": {
        "annotations": {
          "autoscaling.knative.dev/maxScale": "50",
          "client.knative.dev/user-image": "gcr.io/phishtension/nb-3",
          "run.googleapis.com/client-name": "Cloud Code for VS Code",
          "run.googleapis.com/client-version": "1.21.4"
        },
        "name": "nb-3-00028-foy"
      },
      "spec": {
        "containerConcurrency": 80,
        "containers": [
          {
            "image": "gcr.io/phishtension/nb-3",
            "ports": [
              {
                "containerPort": 8080,
                "name": "http1"
              }
            ],
            "resources": {
              "limits": {
                "cpu": "2",
                "memory": "800Mi"
              }
            },
            "startupProbe": {
              "failureThreshold": 1,
              "periodSeconds": 240,
              "tcpSocket": {
                "port": 8080
              },
              "timeoutSeconds": 240
            }
          }
        ],
        "serviceAccountName": "632799504819-compute@developer.gserviceaccount.com",
        "timeoutSeconds": 300
      }
    },
    "traffic": [
      {
        "latestRevision": true,
        "percent": 100
      }
    ]
  },
  "status": {
    "address": {
      "url": "https://nb-3-mgpp2ks77a-as.a.run.app"
    },
    "conditions": [
      {
        "lastTransitionTime": "2023-05-12T11:23:01.634429Z",
        "status": "True",
        "type": "Ready"
      },
      {
        "lastTransitionTime": "2023-05-12T11:22:56.280254Z",
        "status": "True",
        "type": "ConfigurationsReady"
      },
      {
        "lastTransitionTime": "2023-05-12T11:23:01.720211Z",
        "status": "True",
        "type": "RoutesReady"
      }
    ],
    "latestCreatedRevisionName": "nb-3-00028-foy",
    "latestReadyRevisionName": "nb-3-00028-foy",
    "observedGeneration": 28,
    "traffic": [
      {
        "latestRevision": true,
        "percent": 100,
        "revisionName": "nb-3-00028-foy"
      }
    ],
    "url": "https://nb-3-mgpp2ks77a-as.a.run.app"
  }
}
2023-05-12 11:23:04,142 INFO     ___FILE_ONLY___ 

2023-05-12 11:23:04,142 DEBUG    root            SDK update checks are disabled.
