2023-05-12 13:43:30,224 DEBUG    root            Loaded Command Group: ['gcloud', 'auth']
2023-05-12 13:43:30,227 DEBUG    root            Loaded Command Group: ['gcloud', 'auth', 'docker_helper']
2023-05-12 13:43:30,229 DEBUG    root            Running [gcloud.auth.docker-helper] with arguments: [METHOD: "get"]
2023-05-12 13:43:30,244 DEBUG    google.auth.transport.requests Making request: GET http://metadata.google.internal/computeMetadata/v1/instance/service-accounts/kekinkito@gbox.adnu.edu.ph/?recursive=true
2023-05-12 13:43:30,248 DEBUG    urllib3.connectionpool Starting new HTTP connection (1): metadata.google.internal:80
2023-05-12 13:43:30,252 DEBUG    urllib3.connectionpool http://metadata.google.internal:80 "GET /computeMetadata/v1/instance/service-accounts/kekinkito@gbox.adnu.edu.ph/?recursive=true HTTP/1.1" 200 None
2023-05-12 13:43:30,253 DEBUG    google.auth.transport.requests Making request: GET http://metadata.google.internal/computeMetadata/v1/instance/service-accounts/kekinkito@gbox.adnu.edu.ph/token
2023-05-12 13:43:30,256 DEBUG    urllib3.connectionpool Resetting dropped connection: metadata.google.internal
2023-05-12 13:43:30,260 DEBUG    urllib3.connectionpool http://metadata.google.internal:80 "GET /computeMetadata/v1/instance/service-accounts/kekinkito@gbox.adnu.edu.ph/token HTTP/1.1" 200 None
2023-05-12 13:43:30,270 DEBUG    google.auth.transport.requests Making request: GET http://metadata.google.internal/computeMetadata/v1/instance/service-accounts/kekinkito@gbox.adnu.edu.ph/?recursive=true
2023-05-12 13:43:30,273 DEBUG    urllib3.connectionpool Starting new HTTP connection (1): metadata.google.internal:80
2023-05-12 13:43:30,276 DEBUG    urllib3.connectionpool http://metadata.google.internal:80 "GET /computeMetadata/v1/instance/service-accounts/kekinkito@gbox.adnu.edu.ph/?recursive=true HTTP/1.1" 200 None
2023-05-12 13:43:30,278 DEBUG    google.auth.transport.requests Making request: GET http://metadata.google.internal/computeMetadata/v1/instance/service-accounts/kekinkito@gbox.adnu.edu.ph/token?scopes=%0Aemail%0Ahttps%3A%2F%2Fwww.googleapis.com%2Fauth%2Fcloud-platform%0A
2023-05-12 13:43:30,282 DEBUG    urllib3.connectionpool Resetting dropped connection: metadata.google.internal
2023-05-12 13:43:30,286 DEBUG    urllib3.connectionpool http://metadata.google.internal:80 "GET /computeMetadata/v1/instance/service-accounts/kekinkito@gbox.adnu.edu.ph/token?scopes=%0Aemail%0Ahttps%3A%2F%2Fwww.googleapis.com%2Fauth%2Fcloud-platform%0A HTTP/1.1" 200 None
2023-05-12 13:43:30,292 DEBUG    root            Chosen display Format:json
2023-05-12 13:43:30,293 INFO     root            Display format: "json"
2023-05-12 13:43:30,293 INFO     ___FILE_ONLY___ {
  "Secret": "ya29.a0AWY7CkkQlzgGcflEDjwxRQQKXNuSoD2bYfQjKuWmsnxCdkl6fmrFYdYIZea9AEUbtHeABCLfm5wRzcDP2iEugpTz_xwDTClnuxUJL2jKpVlGpy649uxoxnkZTkPXmPioPh2kdFNC2nDjvpehrm9mcG_gdAGX-Tjiif1ys72xJMcm-QhRt3eGgtafMWnymGoPDgrnkXKHjluDPSo3MMJrAHQiDlFPkNdfWgJ1AvEaCgYKAaYSARESFQG1tDrp3AnQv1vN5LrCcGtqtXcUAA0238",
  "Username": "_dcgcloud_token"
}
2023-05-12 13:43:30,293 INFO     ___FILE_ONLY___ 

2023-05-12 13:43:30,294 DEBUG    root            SDK update checks are disabled.
