2023-05-12 16:43:07,737 DEBUG    root            Loaded Command Group: ['gcloud', 'run']
2023-05-12 16:43:07,792 DEBUG    root            Loaded Command Group: ['gcloud', 'run', 'services']
2023-05-12 16:43:07,869 DEBUG    root            Loaded Command Group: ['gcloud', 'run', 'services', 'list']
2023-05-12 16:43:07,905 DEBUG    root            Running [gcloud.run.services.list] with arguments: [--filter: "NOT metadata.labels.goog-managed-by:"cloudfunctions"", --format: "json", --platform: "managed", --project: "phishtension", --quiet: "True", --verbosity: "warning"]
2023-05-12 16:43:07,948 DEBUG    google.auth.transport.requests Making request: GET http://metadata.google.internal/computeMetadata/v1/instance/service-accounts/kekinkito@gbox.adnu.edu.ph/?recursive=true
2023-05-12 16:43:07,956 DEBUG    urllib3.connectionpool Starting new HTTP connection (1): metadata.google.internal:80
2023-05-12 16:43:07,963 DEBUG    urllib3.connectionpool http://metadata.google.internal:80 "GET /computeMetadata/v1/instance/service-accounts/kekinkito@gbox.adnu.edu.ph/?recursive=true HTTP/1.1" 200 None
2023-05-12 16:43:07,965 DEBUG    google.auth.transport.requests Making request: GET http://metadata.google.internal/computeMetadata/v1/instance/service-accounts/kekinkito@gbox.adnu.edu.ph/token
2023-05-12 16:43:07,976 DEBUG    urllib3.connectionpool Resetting dropped connection: metadata.google.internal
2023-05-12 16:43:07,983 DEBUG    urllib3.connectionpool http://metadata.google.internal:80 "GET /computeMetadata/v1/instance/service-accounts/kekinkito@gbox.adnu.edu.ph/token HTTP/1.1" 200 None
2023-05-12 16:43:08,010 DEBUG    google.auth.transport.requests Making request: GET http://metadata.google.internal/computeMetadata/v1/instance/service-accounts/kekinkito@gbox.adnu.edu.ph/?recursive=true
2023-05-12 16:43:08,014 DEBUG    urllib3.connectionpool Starting new HTTP connection (1): metadata.google.internal:80
2023-05-12 16:43:08,021 DEBUG    urllib3.connectionpool http://metadata.google.internal:80 "GET /computeMetadata/v1/instance/service-accounts/kekinkito@gbox.adnu.edu.ph/?recursive=true HTTP/1.1" 200 None
2023-05-12 16:43:08,024 DEBUG    google.auth.transport.requests Making request: GET http://metadata.google.internal/computeMetadata/v1/instance/service-accounts/kekinkito@gbox.adnu.edu.ph/token
2023-05-12 16:43:08,029 DEBUG    urllib3.connectionpool Resetting dropped connection: metadata.google.internal
2023-05-12 16:43:08,039 DEBUG    urllib3.connectionpool http://metadata.google.internal:80 "GET /computeMetadata/v1/instance/service-accounts/kekinkito@gbox.adnu.edu.ph/token HTTP/1.1" 200 None
2023-05-12 16:43:08,079 DEBUG    urllib3.connectionpool Starting new HTTPS connection (1): run.googleapis.com:443
2023-05-12 16:43:08,576 DEBUG    urllib3.connectionpool https://run.googleapis.com:443 "GET /v1/projects/phishtension/locations/-/services?alt=json HTTP/1.1" 200 None
2023-05-12 16:43:08,638 DEBUG    root            Chosen display Format:table(ready_symbol.color(red="[xX]",green="[✓✔]",yellow="[-!…]"):label="",firstof(id,metadata.name):label=SERVICE,region:label=REGION,domain:label=URL,last_modifier:label="LAST DEPLOYED BY",last_transition_time:label="LAST DEPLOYED AT"):(metadata.labels.'run.googleapis.com/satisfiesPzs':alias='satisfiesPzs') json
2023-05-12 16:43:08,642 INFO     root            Display format: "table(ready_symbol.color(red="[xX]",green="[✓✔]",yellow="[-!…]"):label="",firstof(id,metadata.name):label=SERVICE,region:label=REGION,domain:label=URL,last_modifier:label="LAST DEPLOYED BY",last_transition_time:label="LAST DEPLOYED AT"):(metadata.labels.'run.googleapis.com/satisfiesPzs':alias='satisfiesPzs') json"
2023-05-12 16:43:08,688 INFO     ___FILE_ONLY___ [
  {
2023-05-12 16:43:08,688 INFO     ___FILE_ONLY___ 
    "apiVersion": "serving.knative.dev/v1",
2023-05-12 16:43:08,688 INFO     ___FILE_ONLY___ 
    "kind": "Service",
2023-05-12 16:43:08,688 INFO     ___FILE_ONLY___ 
    "metadata": {
2023-05-12 16:43:08,688 INFO     ___FILE_ONLY___ 
      "annotations": {
2023-05-12 16:43:08,688 INFO     ___FILE_ONLY___ 
        "client.knative.dev/user-image": "gcr.io/phishtension/nb-3",
2023-05-12 16:43:08,689 INFO     ___FILE_ONLY___ 
        "run.googleapis.com/client-name": "Cloud Code for VS Code",
2023-05-12 16:43:08,689 INFO     ___FILE_ONLY___ 
        "run.googleapis.com/client-version": "1.21.4",
2023-05-12 16:43:08,689 INFO     ___FILE_ONLY___ 
        "run.googleapis.com/ingress": "all",
2023-05-12 16:43:08,689 INFO     ___FILE_ONLY___ 
        "run.googleapis.com/ingress-status": "all",
2023-05-12 16:43:08,689 INFO     ___FILE_ONLY___ 
        "run.googleapis.com/operation-id": "56c966d2-ea08-4a91-a440-3402cc0874f3",
2023-05-12 16:43:08,689 INFO     ___FILE_ONLY___ 
        "serving.knative.dev/creator": "kekinkito@gbox.adnu.edu.ph",
2023-05-12 16:43:08,689 INFO     ___FILE_ONLY___ 
        "serving.knative.dev/lastModifier": "kekinkito@gbox.adnu.edu.ph"
2023-05-12 16:43:08,689 INFO     ___FILE_ONLY___ 
      },
2023-05-12 16:43:08,689 INFO     ___FILE_ONLY___ 
      "creationTimestamp": "2023-05-07T13:33:19.389542Z",
2023-05-12 16:43:08,689 INFO     ___FILE_ONLY___ 
      "generation": 41,
2023-05-12 16:43:08,690 INFO     ___FILE_ONLY___ 
      "labels": {
2023-05-12 16:43:08,690 INFO     ___FILE_ONLY___ 
        "cloud.googleapis.com/location": "asia-southeast1"
2023-05-12 16:43:08,690 INFO     ___FILE_ONLY___ 
      },
2023-05-12 16:43:08,690 INFO     ___FILE_ONLY___ 
      "name": "nb-3",
2023-05-12 16:43:08,690 INFO     ___FILE_ONLY___ 
      "namespace": "632799504819",
2023-05-12 16:43:08,690 INFO     ___FILE_ONLY___ 
      "resourceVersion": "AAX7gG5ovIM",
2023-05-12 16:43:08,690 INFO     ___FILE_ONLY___ 
      "selfLink": "/apis/serving.knative.dev/v1/namespaces/632799504819/services/nb-3",
2023-05-12 16:43:08,690 INFO     ___FILE_ONLY___ 
      "uid": "1f60be99-1fa2-4275-8b05-35d8cf5ce509"
2023-05-12 16:43:08,690 INFO     ___FILE_ONLY___ 
    },
2023-05-12 16:43:08,691 INFO     ___FILE_ONLY___ 
    "spec": {
2023-05-12 16:43:08,691 INFO     ___FILE_ONLY___ 
      "template": {
2023-05-12 16:43:08,691 INFO     ___FILE_ONLY___ 
        "metadata": {
2023-05-12 16:43:08,691 INFO     ___FILE_ONLY___ 
          "annotations": {
2023-05-12 16:43:08,691 INFO     ___FILE_ONLY___ 
            "autoscaling.knative.dev/maxScale": "50",
2023-05-12 16:43:08,691 INFO     ___FILE_ONLY___ 
            "client.knative.dev/user-image": "gcr.io/phishtension/nb-3",
2023-05-12 16:43:08,691 INFO     ___FILE_ONLY___ 
            "run.googleapis.com/client-name": "Cloud Code for VS Code",
2023-05-12 16:43:08,691 INFO     ___FILE_ONLY___ 
            "run.googleapis.com/client-version": "1.21.4"
2023-05-12 16:43:08,692 INFO     ___FILE_ONLY___ 
          },
2023-05-12 16:43:08,692 INFO     ___FILE_ONLY___ 
          "name": "nb-3-00041-rix"
2023-05-12 16:43:08,692 INFO     ___FILE_ONLY___ 
        },
2023-05-12 16:43:08,692 INFO     ___FILE_ONLY___ 
        "spec": {
2023-05-12 16:43:08,692 INFO     ___FILE_ONLY___ 
          "containerConcurrency": 80,
2023-05-12 16:43:08,692 INFO     ___FILE_ONLY___ 
          "containers": [
2023-05-12 16:43:08,692 INFO     ___FILE_ONLY___ 
            {
2023-05-12 16:43:08,692 INFO     ___FILE_ONLY___ 
              "image": "gcr.io/phishtension/nb-3",
2023-05-12 16:43:08,693 INFO     ___FILE_ONLY___ 
              "ports": [
2023-05-12 16:43:08,693 INFO     ___FILE_ONLY___ 
                {
2023-05-12 16:43:08,693 INFO     ___FILE_ONLY___ 
                  "containerPort": 8080,
2023-05-12 16:43:08,693 INFO     ___FILE_ONLY___ 
                  "name": "http1"
2023-05-12 16:43:08,693 INFO     ___FILE_ONLY___ 
                }
2023-05-12 16:43:08,693 INFO     ___FILE_ONLY___ 
              ],
2023-05-12 16:43:08,693 INFO     ___FILE_ONLY___ 
              "resources": {
2023-05-12 16:43:08,693 INFO     ___FILE_ONLY___ 
                "limits": {
2023-05-12 16:43:08,693 INFO     ___FILE_ONLY___ 
                  "cpu": "2",
2023-05-12 16:43:08,693 INFO     ___FILE_ONLY___ 
                  "memory": "800Mi"
2023-05-12 16:43:08,694 INFO     ___FILE_ONLY___ 
                }
2023-05-12 16:43:08,694 INFO     ___FILE_ONLY___ 
              },
2023-05-12 16:43:08,694 INFO     ___FILE_ONLY___ 
              "startupProbe": {
2023-05-12 16:43:08,694 INFO     ___FILE_ONLY___ 
                "failureThreshold": 1,
2023-05-12 16:43:08,694 INFO     ___FILE_ONLY___ 
                "periodSeconds": 240,
2023-05-12 16:43:08,694 INFO     ___FILE_ONLY___ 
                "tcpSocket": {
2023-05-12 16:43:08,694 INFO     ___FILE_ONLY___ 
                  "port": 8080
2023-05-12 16:43:08,694 INFO     ___FILE_ONLY___ 
                },
2023-05-12 16:43:08,694 INFO     ___FILE_ONLY___ 
                "timeoutSeconds": 240
2023-05-12 16:43:08,695 INFO     ___FILE_ONLY___ 
              }
2023-05-12 16:43:08,695 INFO     ___FILE_ONLY___ 
            }
2023-05-12 16:43:08,695 INFO     ___FILE_ONLY___ 
          ],
2023-05-12 16:43:08,695 INFO     ___FILE_ONLY___ 
          "serviceAccountName": "632799504819-compute@developer.gserviceaccount.com",
2023-05-12 16:43:08,695 INFO     ___FILE_ONLY___ 
          "timeoutSeconds": 300
2023-05-12 16:43:08,695 INFO     ___FILE_ONLY___ 
        }
2023-05-12 16:43:08,695 INFO     ___FILE_ONLY___ 
      },
2023-05-12 16:43:08,695 INFO     ___FILE_ONLY___ 
      "traffic": [
2023-05-12 16:43:08,695 INFO     ___FILE_ONLY___ 
        {
2023-05-12 16:43:08,696 INFO     ___FILE_ONLY___ 
          "latestRevision": true,
2023-05-12 16:43:08,696 INFO     ___FILE_ONLY___ 
          "percent": 100
2023-05-12 16:43:08,696 INFO     ___FILE_ONLY___ 
        }
2023-05-12 16:43:08,696 INFO     ___FILE_ONLY___ 
      ]
2023-05-12 16:43:08,696 INFO     ___FILE_ONLY___ 
    },
2023-05-12 16:43:08,696 INFO     ___FILE_ONLY___ 
    "status": {
2023-05-12 16:43:08,696 INFO     ___FILE_ONLY___ 
      "address": {
2023-05-12 16:43:08,696 INFO     ___FILE_ONLY___ 
        "url": "https://nb-3-mgpp2ks77a-as.a.run.app"
2023-05-12 16:43:08,697 INFO     ___FILE_ONLY___ 
      },
2023-05-12 16:43:08,697 INFO     ___FILE_ONLY___ 
      "conditions": [
2023-05-12 16:43:08,697 INFO     ___FILE_ONLY___ 
        {
2023-05-12 16:43:08,697 INFO     ___FILE_ONLY___ 
          "lastTransitionTime": "2023-05-12T15:05:10.212866Z",
2023-05-12 16:43:08,697 INFO     ___FILE_ONLY___ 
          "status": "True",
2023-05-12 16:43:08,697 INFO     ___FILE_ONLY___ 
          "type": "Ready"
2023-05-12 16:43:08,697 INFO     ___FILE_ONLY___ 
        },
2023-05-12 16:43:08,697 INFO     ___FILE_ONLY___ 
        {
2023-05-12 16:43:08,698 INFO     ___FILE_ONLY___ 
          "lastTransitionTime": "2023-05-12T15:05:03.620997Z",
2023-05-12 16:43:08,698 INFO     ___FILE_ONLY___ 
          "status": "True",
2023-05-12 16:43:08,698 INFO     ___FILE_ONLY___ 
          "type": "ConfigurationsReady"
2023-05-12 16:43:08,698 INFO     ___FILE_ONLY___ 
        },
2023-05-12 16:43:08,698 INFO     ___FILE_ONLY___ 
        {
2023-05-12 16:43:08,698 INFO     ___FILE_ONLY___ 
          "lastTransitionTime": "2023-05-12T15:05:10.296707Z",
2023-05-12 16:43:08,698 INFO     ___FILE_ONLY___ 
          "status": "True",
2023-05-12 16:43:08,698 INFO     ___FILE_ONLY___ 
          "type": "RoutesReady"
2023-05-12 16:43:08,698 INFO     ___FILE_ONLY___ 
        }
2023-05-12 16:43:08,699 INFO     ___FILE_ONLY___ 
      ],
2023-05-12 16:43:08,699 INFO     ___FILE_ONLY___ 
      "latestCreatedRevisionName": "nb-3-00041-rix",
2023-05-12 16:43:08,699 INFO     ___FILE_ONLY___ 
      "latestReadyRevisionName": "nb-3-00041-rix",
2023-05-12 16:43:08,699 INFO     ___FILE_ONLY___ 
      "observedGeneration": 41,
2023-05-12 16:43:08,699 INFO     ___FILE_ONLY___ 
      "traffic": [
2023-05-12 16:43:08,699 INFO     ___FILE_ONLY___ 
        {
2023-05-12 16:43:08,699 INFO     ___FILE_ONLY___ 
          "latestRevision": true,
2023-05-12 16:43:08,699 INFO     ___FILE_ONLY___ 
          "percent": 100,
2023-05-12 16:43:08,699 INFO     ___FILE_ONLY___ 
          "revisionName": "nb-3-00041-rix"
2023-05-12 16:43:08,700 INFO     ___FILE_ONLY___ 
        }
2023-05-12 16:43:08,700 INFO     ___FILE_ONLY___ 
      ],
2023-05-12 16:43:08,700 INFO     ___FILE_ONLY___ 
      "url": "https://nb-3-mgpp2ks77a-as.a.run.app"
2023-05-12 16:43:08,700 INFO     ___FILE_ONLY___ 
    }
2023-05-12 16:43:08,700 INFO     ___FILE_ONLY___ 
  }
2023-05-12 16:43:08,723 INFO     ___FILE_ONLY___ ,
  {
2023-05-12 16:43:08,723 INFO     ___FILE_ONLY___ 
    "apiVersion": "serving.knative.dev/v1",
2023-05-12 16:43:08,724 INFO     ___FILE_ONLY___ 
    "kind": "Service",
2023-05-12 16:43:08,724 INFO     ___FILE_ONLY___ 
    "metadata": {
2023-05-12 16:43:08,724 INFO     ___FILE_ONLY___ 
      "annotations": {
2023-05-12 16:43:08,724 INFO     ___FILE_ONLY___ 
        "client.knative.dev/user-image": "gcr.io/phishtension/nb-3-django",
2023-05-12 16:43:08,724 INFO     ___FILE_ONLY___ 
        "run.googleapis.com/client-name": "Cloud Code for VS Code",
2023-05-12 16:43:08,724 INFO     ___FILE_ONLY___ 
        "run.googleapis.com/client-version": "1.21.2",
2023-05-12 16:43:08,724 INFO     ___FILE_ONLY___ 
        "run.googleapis.com/ingress": "all",
2023-05-12 16:43:08,724 INFO     ___FILE_ONLY___ 
        "run.googleapis.com/ingress-status": "all",
2023-05-12 16:43:08,725 INFO     ___FILE_ONLY___ 
        "run.googleapis.com/operation-id": "9704f5c9-32ba-489d-905c-b2ac5e27379a",
2023-05-12 16:43:08,725 INFO     ___FILE_ONLY___ 
        "serving.knative.dev/creator": "kekinkito@gbox.adnu.edu.ph",
2023-05-12 16:43:08,725 INFO     ___FILE_ONLY___ 
        "serving.knative.dev/lastModifier": "kekinkito@gbox.adnu.edu.ph"
2023-05-12 16:43:08,725 INFO     ___FILE_ONLY___ 
      },
2023-05-12 16:43:08,725 INFO     ___FILE_ONLY___ 
      "creationTimestamp": "2023-04-04T11:44:22.003890Z",
2023-05-12 16:43:08,725 INFO     ___FILE_ONLY___ 
      "generation": 2,
2023-05-12 16:43:08,725 INFO     ___FILE_ONLY___ 
      "labels": {
2023-05-12 16:43:08,726 INFO     ___FILE_ONLY___ 
        "cloud.googleapis.com/location": "asia-southeast1"
2023-05-12 16:43:08,726 INFO     ___FILE_ONLY___ 
      },
2023-05-12 16:43:08,726 INFO     ___FILE_ONLY___ 
      "name": "nb-3-django-sg",
2023-05-12 16:43:08,726 INFO     ___FILE_ONLY___ 
      "namespace": "632799504819",
2023-05-12 16:43:08,726 INFO     ___FILE_ONLY___ 
      "resourceVersion": "AAX4gUWMU9w",
2023-05-12 16:43:08,726 INFO     ___FILE_ONLY___ 
      "selfLink": "/apis/serving.knative.dev/v1/namespaces/632799504819/services/nb-3-django-sg",
2023-05-12 16:43:08,726 INFO     ___FILE_ONLY___ 
      "uid": "7044d793-6291-44b5-994c-960f39ff7fe2"
2023-05-12 16:43:08,726 INFO     ___FILE_ONLY___ 
    },
2023-05-12 16:43:08,727 INFO     ___FILE_ONLY___ 
    "spec": {
2023-05-12 16:43:08,727 INFO     ___FILE_ONLY___ 
      "template": {
2023-05-12 16:43:08,727 INFO     ___FILE_ONLY___ 
        "metadata": {
2023-05-12 16:43:08,727 INFO     ___FILE_ONLY___ 
          "annotations": {
2023-05-12 16:43:08,727 INFO     ___FILE_ONLY___ 
            "autoscaling.knative.dev/maxScale": "100",
2023-05-12 16:43:08,727 INFO     ___FILE_ONLY___ 
            "client.knative.dev/user-image": "gcr.io/phishtension/nb-3-django",
2023-05-12 16:43:08,727 INFO     ___FILE_ONLY___ 
            "run.googleapis.com/client-name": "Cloud Code for VS Code",
2023-05-12 16:43:08,727 INFO     ___FILE_ONLY___ 
            "run.googleapis.com/client-version": "1.21.2"
2023-05-12 16:43:08,728 INFO     ___FILE_ONLY___ 
          },
2023-05-12 16:43:08,728 INFO     ___FILE_ONLY___ 
          "name": "nb-3-django-sg-00002-cay"
2023-05-12 16:43:08,728 INFO     ___FILE_ONLY___ 
        },
2023-05-12 16:43:08,728 INFO     ___FILE_ONLY___ 
        "spec": {
2023-05-12 16:43:08,728 INFO     ___FILE_ONLY___ 
          "containerConcurrency": 80,
2023-05-12 16:43:08,728 INFO     ___FILE_ONLY___ 
          "containers": [
2023-05-12 16:43:08,728 INFO     ___FILE_ONLY___ 
            {
2023-05-12 16:43:08,728 INFO     ___FILE_ONLY___ 
              "image": "gcr.io/phishtension/nb-3-django",
2023-05-12 16:43:08,729 INFO     ___FILE_ONLY___ 
              "ports": [
2023-05-12 16:43:08,729 INFO     ___FILE_ONLY___ 
                {
2023-05-12 16:43:08,729 INFO     ___FILE_ONLY___ 
                  "containerPort": 8080,
2023-05-12 16:43:08,729 INFO     ___FILE_ONLY___ 
                  "name": "http1"
2023-05-12 16:43:08,729 INFO     ___FILE_ONLY___ 
                }
2023-05-12 16:43:08,734 INFO     ___FILE_ONLY___ 
              ],
2023-05-12 16:43:08,734 INFO     ___FILE_ONLY___ 
              "resources": {
2023-05-12 16:43:08,734 INFO     ___FILE_ONLY___ 
                "limits": {
2023-05-12 16:43:08,734 INFO     ___FILE_ONLY___ 
                  "cpu": "1",
2023-05-12 16:43:08,734 INFO     ___FILE_ONLY___ 
                  "memory": "256Mi"
2023-05-12 16:43:08,734 INFO     ___FILE_ONLY___ 
                }
2023-05-12 16:43:08,734 INFO     ___FILE_ONLY___ 
              },
2023-05-12 16:43:08,734 INFO     ___FILE_ONLY___ 
              "startupProbe": {
2023-05-12 16:43:08,735 INFO     ___FILE_ONLY___ 
                "failureThreshold": 1,
2023-05-12 16:43:08,735 INFO     ___FILE_ONLY___ 
                "periodSeconds": 240,
2023-05-12 16:43:08,735 INFO     ___FILE_ONLY___ 
                "tcpSocket": {
2023-05-12 16:43:08,735 INFO     ___FILE_ONLY___ 
                  "port": 8080
2023-05-12 16:43:08,735 INFO     ___FILE_ONLY___ 
                },
2023-05-12 16:43:08,735 INFO     ___FILE_ONLY___ 
                "timeoutSeconds": 240
2023-05-12 16:43:08,735 INFO     ___FILE_ONLY___ 
              }
2023-05-12 16:43:08,735 INFO     ___FILE_ONLY___ 
            }
2023-05-12 16:43:08,735 INFO     ___FILE_ONLY___ 
          ],
2023-05-12 16:43:08,736 INFO     ___FILE_ONLY___ 
          "serviceAccountName": "632799504819-compute@developer.gserviceaccount.com",
2023-05-12 16:43:08,736 INFO     ___FILE_ONLY___ 
          "timeoutSeconds": 300
2023-05-12 16:43:08,736 INFO     ___FILE_ONLY___ 
        }
2023-05-12 16:43:08,736 INFO     ___FILE_ONLY___ 
      },
2023-05-12 16:43:08,736 INFO     ___FILE_ONLY___ 
      "traffic": [
2023-05-12 16:43:08,736 INFO     ___FILE_ONLY___ 
        {
2023-05-12 16:43:08,736 INFO     ___FILE_ONLY___ 
          "latestRevision": true,
2023-05-12 16:43:08,739 INFO     ___FILE_ONLY___ 
          "percent": 100
2023-05-12 16:43:08,740 INFO     ___FILE_ONLY___ 
        }
2023-05-12 16:43:08,740 INFO     ___FILE_ONLY___ 
      ]
2023-05-12 16:43:08,740 INFO     ___FILE_ONLY___ 
    },
2023-05-12 16:43:08,740 INFO     ___FILE_ONLY___ 
    "status": {
2023-05-12 16:43:08,740 INFO     ___FILE_ONLY___ 
      "address": {
2023-05-12 16:43:08,740 INFO     ___FILE_ONLY___ 
        "url": "https://nb-3-django-sg-mgpp2ks77a-as.a.run.app"
2023-05-12 16:43:08,740 INFO     ___FILE_ONLY___ 
      },
2023-05-12 16:43:08,740 INFO     ___FILE_ONLY___ 
      "conditions": [
2023-05-12 16:43:08,740 INFO     ___FILE_ONLY___ 
        {
2023-05-12 16:43:08,740 INFO     ___FILE_ONLY___ 
          "lastTransitionTime": "2023-04-04T11:49:44.750471Z",
2023-05-12 16:43:08,741 INFO     ___FILE_ONLY___ 
          "status": "True",
2023-05-12 16:43:08,741 INFO     ___FILE_ONLY___ 
          "type": "Ready"
2023-05-12 16:43:08,741 INFO     ___FILE_ONLY___ 
        },
2023-05-12 16:43:08,741 INFO     ___FILE_ONLY___ 
        {
2023-05-12 16:43:08,741 INFO     ___FILE_ONLY___ 
          "lastTransitionTime": "2023-04-04T11:49:40.201137Z",
2023-05-12 16:43:08,741 INFO     ___FILE_ONLY___ 
          "status": "True",
2023-05-12 16:43:08,741 INFO     ___FILE_ONLY___ 
          "type": "ConfigurationsReady"
2023-05-12 16:43:08,741 INFO     ___FILE_ONLY___ 
        },
2023-05-12 16:43:08,741 INFO     ___FILE_ONLY___ 
        {
2023-05-12 16:43:08,742 INFO     ___FILE_ONLY___ 
          "lastTransitionTime": "2023-04-04T11:49:44.847324Z",
2023-05-12 16:43:08,742 INFO     ___FILE_ONLY___ 
          "status": "True",
2023-05-12 16:43:08,742 INFO     ___FILE_ONLY___ 
          "type": "RoutesReady"
2023-05-12 16:43:08,742 INFO     ___FILE_ONLY___ 
        }
2023-05-12 16:43:08,742 INFO     ___FILE_ONLY___ 
      ],
2023-05-12 16:43:08,742 INFO     ___FILE_ONLY___ 
      "latestCreatedRevisionName": "nb-3-django-sg-00002-cay",
2023-05-12 16:43:08,742 INFO     ___FILE_ONLY___ 
      "latestReadyRevisionName": "nb-3-django-sg-00002-cay",
2023-05-12 16:43:08,742 INFO     ___FILE_ONLY___ 
      "observedGeneration": 2,
2023-05-12 16:43:08,743 INFO     ___FILE_ONLY___ 
      "traffic": [
2023-05-12 16:43:08,743 INFO     ___FILE_ONLY___ 
        {
2023-05-12 16:43:08,743 INFO     ___FILE_ONLY___ 
          "latestRevision": true,
2023-05-12 16:43:08,743 INFO     ___FILE_ONLY___ 
          "percent": 100,
2023-05-12 16:43:08,743 INFO     ___FILE_ONLY___ 
          "revisionName": "nb-3-django-sg-00002-cay"
2023-05-12 16:43:08,743 INFO     ___FILE_ONLY___ 
        }
2023-05-12 16:43:08,743 INFO     ___FILE_ONLY___ 
      ],
2023-05-12 16:43:08,743 INFO     ___FILE_ONLY___ 
      "url": "https://nb-3-django-sg-mgpp2ks77a-as.a.run.app"
2023-05-12 16:43:08,744 INFO     ___FILE_ONLY___ 
    }
2023-05-12 16:43:08,744 INFO     ___FILE_ONLY___ 
  }
2023-05-12 16:43:08,794 INFO     ___FILE_ONLY___ ,
  {
2023-05-12 16:43:08,794 INFO     ___FILE_ONLY___ 
    "apiVersion": "serving.knative.dev/v1",
2023-05-12 16:43:08,805 INFO     ___FILE_ONLY___ 
    "kind": "Service",
2023-05-12 16:43:08,805 INFO     ___FILE_ONLY___ 
    "metadata": {
2023-05-12 16:43:08,805 INFO     ___FILE_ONLY___ 
      "annotations": {
2023-05-12 16:43:08,805 INFO     ___FILE_ONLY___ 
        "client.knative.dev/user-image": "gcr.io/phishtension/nb-3",
2023-05-12 16:43:08,806 INFO     ___FILE_ONLY___ 
        "run.googleapis.com/client-name": "Cloud Code for VS Code",
2023-05-12 16:43:08,806 INFO     ___FILE_ONLY___ 
        "run.googleapis.com/client-version": "1.21.4",
2023-05-12 16:43:08,806 INFO     ___FILE_ONLY___ 
        "run.googleapis.com/ingress": "all",
2023-05-12 16:43:08,806 INFO     ___FILE_ONLY___ 
        "run.googleapis.com/ingress-status": "all",
2023-05-12 16:43:08,806 INFO     ___FILE_ONLY___ 
        "run.googleapis.com/operation-id": "4c1b8eab-469d-402d-b000-62123b9cdf1d",
2023-05-12 16:43:08,806 INFO     ___FILE_ONLY___ 
        "serving.knative.dev/creator": "kekinkito@gbox.adnu.edu.ph",
2023-05-12 16:43:08,806 INFO     ___FILE_ONLY___ 
        "serving.knative.dev/lastModifier": "kekinkito@gbox.adnu.edu.ph"
2023-05-12 16:43:08,806 INFO     ___FILE_ONLY___ 
      },
2023-05-12 16:43:08,806 INFO     ___FILE_ONLY___ 
      "creationTimestamp": "2023-05-07T13:26:58.752989Z",
2023-05-12 16:43:08,807 INFO     ___FILE_ONLY___ 
      "generation": 1,
2023-05-12 16:43:08,807 INFO     ___FILE_ONLY___ 
      "labels": {
2023-05-12 16:43:08,807 INFO     ___FILE_ONLY___ 
        "cloud.googleapis.com/location": "us-central1"
2023-05-12 16:43:08,807 INFO     ___FILE_ONLY___ 
      },
2023-05-12 16:43:08,807 INFO     ___FILE_ONLY___ 
      "name": "nb-3-us",
2023-05-12 16:43:08,807 INFO     ___FILE_ONLY___ 
      "namespace": "632799504819",
2023-05-12 16:43:08,807 INFO     ___FILE_ONLY___ 
      "resourceVersion": "AAX7Gnu+hgU",
2023-05-12 16:43:08,807 INFO     ___FILE_ONLY___ 
      "selfLink": "/apis/serving.knative.dev/v1/namespaces/632799504819/services/nb-3-us",
2023-05-12 16:43:08,807 INFO     ___FILE_ONLY___ 
      "uid": "556bd4b5-5325-4217-8d21-ce65a354fa31"
2023-05-12 16:43:08,807 INFO     ___FILE_ONLY___ 
    },
2023-05-12 16:43:08,808 INFO     ___FILE_ONLY___ 
    "spec": {
2023-05-12 16:43:08,808 INFO     ___FILE_ONLY___ 
      "template": {
2023-05-12 16:43:08,808 INFO     ___FILE_ONLY___ 
        "metadata": {
2023-05-12 16:43:08,808 INFO     ___FILE_ONLY___ 
          "annotations": {
2023-05-12 16:43:08,808 INFO     ___FILE_ONLY___ 
            "autoscaling.knative.dev/maxScale": "50",
2023-05-12 16:43:08,808 INFO     ___FILE_ONLY___ 
            "client.knative.dev/user-image": "gcr.io/phishtension/nb-3",
2023-05-12 16:43:08,808 INFO     ___FILE_ONLY___ 
            "run.googleapis.com/client-name": "Cloud Code for VS Code",
2023-05-12 16:43:08,809 INFO     ___FILE_ONLY___ 
            "run.googleapis.com/client-version": "1.21.4"
2023-05-12 16:43:08,809 INFO     ___FILE_ONLY___ 
          },
2023-05-12 16:43:08,809 INFO     ___FILE_ONLY___ 
          "name": "nb-3-us-00001-yez"
2023-05-12 16:43:08,809 INFO     ___FILE_ONLY___ 
        },
2023-05-12 16:43:08,810 INFO     ___FILE_ONLY___ 
        "spec": {
2023-05-12 16:43:08,810 INFO     ___FILE_ONLY___ 
          "containerConcurrency": 80,
2023-05-12 16:43:08,810 INFO     ___FILE_ONLY___ 
          "containers": [
2023-05-12 16:43:08,810 INFO     ___FILE_ONLY___ 
            {
2023-05-12 16:43:08,810 INFO     ___FILE_ONLY___ 
              "image": "gcr.io/phishtension/nb-3",
2023-05-12 16:43:08,810 INFO     ___FILE_ONLY___ 
              "ports": [
2023-05-12 16:43:08,810 INFO     ___FILE_ONLY___ 
                {
2023-05-12 16:43:08,810 INFO     ___FILE_ONLY___ 
                  "containerPort": 8080,
2023-05-12 16:43:08,810 INFO     ___FILE_ONLY___ 
                  "name": "http1"
2023-05-12 16:43:08,811 INFO     ___FILE_ONLY___ 
                }
2023-05-12 16:43:08,811 INFO     ___FILE_ONLY___ 
              ],
2023-05-12 16:43:08,811 INFO     ___FILE_ONLY___ 
              "resources": {
2023-05-12 16:43:08,811 INFO     ___FILE_ONLY___ 
                "limits": {
2023-05-12 16:43:08,811 INFO     ___FILE_ONLY___ 
                  "cpu": "2",
2023-05-12 16:43:08,811 INFO     ___FILE_ONLY___ 
                  "memory": "256Mi"
2023-05-12 16:43:08,811 INFO     ___FILE_ONLY___ 
                }
2023-05-12 16:43:08,811 INFO     ___FILE_ONLY___ 
              },
2023-05-12 16:43:08,811 INFO     ___FILE_ONLY___ 
              "startupProbe": {
2023-05-12 16:43:08,812 INFO     ___FILE_ONLY___ 
                "failureThreshold": 1,
2023-05-12 16:43:08,812 INFO     ___FILE_ONLY___ 
                "periodSeconds": 240,
2023-05-12 16:43:08,812 INFO     ___FILE_ONLY___ 
                "tcpSocket": {
2023-05-12 16:43:08,812 INFO     ___FILE_ONLY___ 
                  "port": 8080
2023-05-12 16:43:08,812 INFO     ___FILE_ONLY___ 
                },
2023-05-12 16:43:08,812 INFO     ___FILE_ONLY___ 
                "timeoutSeconds": 240
2023-05-12 16:43:08,812 INFO     ___FILE_ONLY___ 
              }
2023-05-12 16:43:08,812 INFO     ___FILE_ONLY___ 
            }
2023-05-12 16:43:08,812 INFO     ___FILE_ONLY___ 
          ],
2023-05-12 16:43:08,813 INFO     ___FILE_ONLY___ 
          "serviceAccountName": "632799504819-compute@developer.gserviceaccount.com",
2023-05-12 16:43:08,813 INFO     ___FILE_ONLY___ 
          "timeoutSeconds": 300
2023-05-12 16:43:08,813 INFO     ___FILE_ONLY___ 
        }
2023-05-12 16:43:08,813 INFO     ___FILE_ONLY___ 
      },
2023-05-12 16:43:08,813 INFO     ___FILE_ONLY___ 
      "traffic": [
2023-05-12 16:43:08,813 INFO     ___FILE_ONLY___ 
        {
2023-05-12 16:43:08,813 INFO     ___FILE_ONLY___ 
          "latestRevision": true,
2023-05-12 16:43:08,813 INFO     ___FILE_ONLY___ 
          "percent": 100
2023-05-12 16:43:08,813 INFO     ___FILE_ONLY___ 
        }
2023-05-12 16:43:08,813 INFO     ___FILE_ONLY___ 
      ]
2023-05-12 16:43:08,814 INFO     ___FILE_ONLY___ 
    },
2023-05-12 16:43:08,814 INFO     ___FILE_ONLY___ 
    "status": {
2023-05-12 16:43:08,814 INFO     ___FILE_ONLY___ 
      "address": {
2023-05-12 16:43:08,814 INFO     ___FILE_ONLY___ 
        "url": "https://nb-3-us-mgpp2ks77a-uc.a.run.app"
2023-05-12 16:43:08,814 INFO     ___FILE_ONLY___ 
      },
2023-05-12 16:43:08,814 INFO     ___FILE_ONLY___ 
      "conditions": [
2023-05-12 16:43:08,814 INFO     ___FILE_ONLY___ 
        {
2023-05-12 16:43:08,814 INFO     ___FILE_ONLY___ 
          "lastTransitionTime": "2023-05-07T13:27:27.358469Z",
2023-05-12 16:43:08,814 INFO     ___FILE_ONLY___ 
          "status": "True",
2023-05-12 16:43:08,815 INFO     ___FILE_ONLY___ 
          "type": "Ready"
2023-05-12 16:43:08,815 INFO     ___FILE_ONLY___ 
        },
2023-05-12 16:43:08,815 INFO     ___FILE_ONLY___ 
        {
2023-05-12 16:43:08,815 INFO     ___FILE_ONLY___ 
          "lastTransitionTime": "2023-05-07T13:27:27.021610Z",
2023-05-12 16:43:08,815 INFO     ___FILE_ONLY___ 
          "status": "True",
2023-05-12 16:43:08,815 INFO     ___FILE_ONLY___ 
          "type": "ConfigurationsReady"
2023-05-12 16:43:08,815 INFO     ___FILE_ONLY___ 
        },
2023-05-12 16:43:08,815 INFO     ___FILE_ONLY___ 
        {
2023-05-12 16:43:08,815 INFO     ___FILE_ONLY___ 
          "lastTransitionTime": "2023-05-07T13:27:27.358469Z",
2023-05-12 16:43:08,816 INFO     ___FILE_ONLY___ 
          "status": "True",
2023-05-12 16:43:08,816 INFO     ___FILE_ONLY___ 
          "type": "RoutesReady"
2023-05-12 16:43:08,816 INFO     ___FILE_ONLY___ 
        }
2023-05-12 16:43:08,816 INFO     ___FILE_ONLY___ 
      ],
2023-05-12 16:43:08,816 INFO     ___FILE_ONLY___ 
      "latestCreatedRevisionName": "nb-3-us-00001-yez",
2023-05-12 16:43:08,816 INFO     ___FILE_ONLY___ 
      "latestReadyRevisionName": "nb-3-us-00001-yez",
2023-05-12 16:43:08,816 INFO     ___FILE_ONLY___ 
      "observedGeneration": 1,
2023-05-12 16:43:08,816 INFO     ___FILE_ONLY___ 
      "traffic": [
2023-05-12 16:43:08,816 INFO     ___FILE_ONLY___ 
        {
2023-05-12 16:43:08,817 INFO     ___FILE_ONLY___ 
          "latestRevision": true,
2023-05-12 16:43:08,817 INFO     ___FILE_ONLY___ 
          "percent": 100,
2023-05-12 16:43:08,817 INFO     ___FILE_ONLY___ 
          "revisionName": "nb-3-us-00001-yez"
2023-05-12 16:43:08,817 INFO     ___FILE_ONLY___ 
        }
2023-05-12 16:43:08,817 INFO     ___FILE_ONLY___ 
      ],
2023-05-12 16:43:08,817 INFO     ___FILE_ONLY___ 
      "url": "https://nb-3-us-mgpp2ks77a-uc.a.run.app"
2023-05-12 16:43:08,817 INFO     ___FILE_ONLY___ 
    }
2023-05-12 16:43:08,817 INFO     ___FILE_ONLY___ 
  }
2023-05-12 16:43:08,871 INFO     ___FILE_ONLY___ ,
  {
2023-05-12 16:43:08,872 INFO     ___FILE_ONLY___ 
    "apiVersion": "serving.knative.dev/v1",
2023-05-12 16:43:08,872 INFO     ___FILE_ONLY___ 
    "kind": "Service",
2023-05-12 16:43:08,872 INFO     ___FILE_ONLY___ 
    "metadata": {
2023-05-12 16:43:08,872 INFO     ___FILE_ONLY___ 
      "annotations": {
2023-05-12 16:43:08,872 INFO     ___FILE_ONLY___ 
        "client.knative.dev/user-image": "gcr.io/phishtension/nb-3",
2023-05-12 16:43:08,872 INFO     ___FILE_ONLY___ 
        "run.googleapis.com/client-name": "Cloud Code for VS Code",
2023-05-12 16:43:08,872 INFO     ___FILE_ONLY___ 
        "run.googleapis.com/client-version": "1.21.4",
2023-05-12 16:43:08,873 INFO     ___FILE_ONLY___ 
        "run.googleapis.com/ingress": "all",
2023-05-12 16:43:08,873 INFO     ___FILE_ONLY___ 
        "run.googleapis.com/ingress-status": "all",
2023-05-12 16:43:08,873 INFO     ___FILE_ONLY___ 
        "run.googleapis.com/operation-id": "f9c9c703-65fc-4008-8b71-7a361911aa15",
2023-05-12 16:43:08,873 INFO     ___FILE_ONLY___ 
        "serving.knative.dev/creator": "kekinkito@gbox.adnu.edu.ph",
2023-05-12 16:43:08,873 INFO     ___FILE_ONLY___ 
        "serving.knative.dev/lastModifier": "kekinkito@gbox.adnu.edu.ph"
2023-05-12 16:43:08,873 INFO     ___FILE_ONLY___ 
      },
2023-05-12 16:43:08,873 INFO     ___FILE_ONLY___ 
      "creationTimestamp": "2023-03-29T07:16:22.299045Z",
2023-05-12 16:43:08,873 INFO     ___FILE_ONLY___ 
      "generation": 86,
2023-05-12 16:43:08,873 INFO     ___FILE_ONLY___ 
      "labels": {
2023-05-12 16:43:08,873 INFO     ___FILE_ONLY___ 
        "cloud.googleapis.com/location": "asia-southeast1"
2023-05-12 16:43:08,874 INFO     ___FILE_ONLY___ 
      },
2023-05-12 16:43:08,874 INFO     ___FILE_ONLY___ 
      "name": "nb3",
2023-05-12 16:43:08,874 INFO     ___FILE_ONLY___ 
      "namespace": "632799504819",
2023-05-12 16:43:08,874 INFO     ___FILE_ONLY___ 
      "resourceVersion": "AAX7F2P2fMU",
2023-05-12 16:43:08,874 INFO     ___FILE_ONLY___ 
      "selfLink": "/apis/serving.knative.dev/v1/namespaces/632799504819/services/nb3",
2023-05-12 16:43:08,874 INFO     ___FILE_ONLY___ 
      "uid": "6f8b44af-8f0a-43fc-a7a7-f7196e96d8e2"
2023-05-12 16:43:08,874 INFO     ___FILE_ONLY___ 
    },
2023-05-12 16:43:08,874 INFO     ___FILE_ONLY___ 
    "spec": {
2023-05-12 16:43:08,874 INFO     ___FILE_ONLY___ 
      "template": {
2023-05-12 16:43:08,874 INFO     ___FILE_ONLY___ 
        "metadata": {
2023-05-12 16:43:08,875 INFO     ___FILE_ONLY___ 
          "annotations": {
2023-05-12 16:43:08,875 INFO     ___FILE_ONLY___ 
            "autoscaling.knative.dev/maxScale": "100",
2023-05-12 16:43:08,875 INFO     ___FILE_ONLY___ 
            "client.knative.dev/user-image": "gcr.io/phishtension/nb-3",
2023-05-12 16:43:08,875 INFO     ___FILE_ONLY___ 
            "run.googleapis.com/client-name": "Cloud Code for VS Code",
2023-05-12 16:43:08,875 INFO     ___FILE_ONLY___ 
            "run.googleapis.com/client-version": "1.21.4"
2023-05-12 16:43:08,875 INFO     ___FILE_ONLY___ 
          },
2023-05-12 16:43:08,875 INFO     ___FILE_ONLY___ 
          "name": "nb3-00086-gab"
2023-05-12 16:43:08,875 INFO     ___FILE_ONLY___ 
        },
2023-05-12 16:43:08,875 INFO     ___FILE_ONLY___ 
        "spec": {
2023-05-12 16:43:08,876 INFO     ___FILE_ONLY___ 
          "containerConcurrency": 80,
2023-05-12 16:43:08,876 INFO     ___FILE_ONLY___ 
          "containers": [
2023-05-12 16:43:08,876 INFO     ___FILE_ONLY___ 
            {
2023-05-12 16:43:08,876 INFO     ___FILE_ONLY___ 
              "image": "gcr.io/phishtension/nb-3",
2023-05-12 16:43:08,876 INFO     ___FILE_ONLY___ 
              "ports": [
2023-05-12 16:43:08,876 INFO     ___FILE_ONLY___ 
                {
2023-05-12 16:43:08,876 INFO     ___FILE_ONLY___ 
                  "containerPort": 8080,
2023-05-12 16:43:08,876 INFO     ___FILE_ONLY___ 
                  "name": "http1"
2023-05-12 16:43:08,876 INFO     ___FILE_ONLY___ 
                }
2023-05-12 16:43:08,876 INFO     ___FILE_ONLY___ 
              ],
2023-05-12 16:43:08,877 INFO     ___FILE_ONLY___ 
              "resources": {
2023-05-12 16:43:08,877 INFO     ___FILE_ONLY___ 
                "limits": {
2023-05-12 16:43:08,877 INFO     ___FILE_ONLY___ 
                  "cpu": "1",
2023-05-12 16:43:08,899 INFO     ___FILE_ONLY___ 
                  "memory": "256Mi"
2023-05-12 16:43:08,899 INFO     ___FILE_ONLY___ 
                }
2023-05-12 16:43:08,899 INFO     ___FILE_ONLY___ 
              },
2023-05-12 16:43:08,899 INFO     ___FILE_ONLY___ 
              "startupProbe": {
2023-05-12 16:43:08,899 INFO     ___FILE_ONLY___ 
                "failureThreshold": 1,
2023-05-12 16:43:08,900 INFO     ___FILE_ONLY___ 
                "periodSeconds": 240,
2023-05-12 16:43:08,900 INFO     ___FILE_ONLY___ 
                "tcpSocket": {
2023-05-12 16:43:08,900 INFO     ___FILE_ONLY___ 
                  "port": 8080
2023-05-12 16:43:08,900 INFO     ___FILE_ONLY___ 
                },
2023-05-12 16:43:08,900 INFO     ___FILE_ONLY___ 
                "timeoutSeconds": 240
2023-05-12 16:43:08,900 INFO     ___FILE_ONLY___ 
              }
2023-05-12 16:43:08,900 INFO     ___FILE_ONLY___ 
            }
2023-05-12 16:43:08,901 INFO     ___FILE_ONLY___ 
          ],
2023-05-12 16:43:08,901 INFO     ___FILE_ONLY___ 
          "serviceAccountName": "632799504819-compute@developer.gserviceaccount.com",
2023-05-12 16:43:08,901 INFO     ___FILE_ONLY___ 
          "timeoutSeconds": 300
2023-05-12 16:43:08,901 INFO     ___FILE_ONLY___ 
        }
2023-05-12 16:43:08,902 INFO     ___FILE_ONLY___ 
      },
2023-05-12 16:43:08,914 INFO     ___FILE_ONLY___ 
      "traffic": [
2023-05-12 16:43:08,914 INFO     ___FILE_ONLY___ 
        {
2023-05-12 16:43:08,914 INFO     ___FILE_ONLY___ 
          "latestRevision": true,
2023-05-12 16:43:08,914 INFO     ___FILE_ONLY___ 
          "percent": 100
2023-05-12 16:43:08,914 INFO     ___FILE_ONLY___ 
        }
2023-05-12 16:43:08,915 INFO     ___FILE_ONLY___ 
      ]
2023-05-12 16:43:08,915 INFO     ___FILE_ONLY___ 
    },
2023-05-12 16:43:08,915 INFO     ___FILE_ONLY___ 
    "status": {
2023-05-12 16:43:08,921 INFO     ___FILE_ONLY___ 
      "address": {
2023-05-12 16:43:08,921 INFO     ___FILE_ONLY___ 
        "url": "https://nb3-mgpp2ks77a-as.a.run.app"
2023-05-12 16:43:08,921 INFO     ___FILE_ONLY___ 
      },
2023-05-12 16:43:08,921 INFO     ___FILE_ONLY___ 
      "conditions": [
2023-05-12 16:43:08,921 INFO     ___FILE_ONLY___ 
        {
2023-05-12 16:43:08,921 INFO     ___FILE_ONLY___ 
          "lastTransitionTime": "2023-05-07T09:46:03.351802Z",
2023-05-12 16:43:08,921 INFO     ___FILE_ONLY___ 
          "status": "True",
2023-05-12 16:43:08,922 INFO     ___FILE_ONLY___ 
          "type": "Ready"
2023-05-12 16:43:08,922 INFO     ___FILE_ONLY___ 
        },
2023-05-12 16:43:08,922 INFO     ___FILE_ONLY___ 
        {
2023-05-12 16:43:08,922 INFO     ___FILE_ONLY___ 
          "lastTransitionTime": "2023-05-07T09:45:57.049918Z",
2023-05-12 16:43:08,922 INFO     ___FILE_ONLY___ 
          "status": "True",
2023-05-12 16:43:08,922 INFO     ___FILE_ONLY___ 
          "type": "ConfigurationsReady"
2023-05-12 16:43:08,922 INFO     ___FILE_ONLY___ 
        },
2023-05-12 16:43:08,922 INFO     ___FILE_ONLY___ 
        {
2023-05-12 16:43:08,923 INFO     ___FILE_ONLY___ 
          "lastTransitionTime": "2023-05-07T09:46:03.471045Z",
2023-05-12 16:43:08,923 INFO     ___FILE_ONLY___ 
          "status": "True",
2023-05-12 16:43:08,923 INFO     ___FILE_ONLY___ 
          "type": "RoutesReady"
2023-05-12 16:43:08,923 INFO     ___FILE_ONLY___ 
        }
2023-05-12 16:43:08,923 INFO     ___FILE_ONLY___ 
      ],
2023-05-12 16:43:08,923 INFO     ___FILE_ONLY___ 
      "latestCreatedRevisionName": "nb3-00086-gab",
2023-05-12 16:43:08,923 INFO     ___FILE_ONLY___ 
      "latestReadyRevisionName": "nb3-00086-gab",
2023-05-12 16:43:08,923 INFO     ___FILE_ONLY___ 
      "observedGeneration": 86,
2023-05-12 16:43:08,924 INFO     ___FILE_ONLY___ 
      "traffic": [
2023-05-12 16:43:08,924 INFO     ___FILE_ONLY___ 
        {
2023-05-12 16:43:08,924 INFO     ___FILE_ONLY___ 
          "latestRevision": true,
2023-05-12 16:43:08,924 INFO     ___FILE_ONLY___ 
          "percent": 100,
2023-05-12 16:43:08,924 INFO     ___FILE_ONLY___ 
          "revisionName": "nb3-00086-gab"
2023-05-12 16:43:08,924 INFO     ___FILE_ONLY___ 
        }
2023-05-12 16:43:08,930 INFO     ___FILE_ONLY___ 
      ],
2023-05-12 16:43:08,930 INFO     ___FILE_ONLY___ 
      "url": "https://nb3-mgpp2ks77a-as.a.run.app"
2023-05-12 16:43:08,930 INFO     ___FILE_ONLY___ 
    }
2023-05-12 16:43:08,930 INFO     ___FILE_ONLY___ 
  }
2023-05-12 16:43:08,931 WARNING  root            The following filter keys were not present in any resource : metadata.labels.goog-managed-by
2023-05-12 16:43:08,932 INFO     ___FILE_ONLY___ 
]

2023-05-12 16:43:08,933 DEBUG    root            SDK update checks are disabled.
