2023-05-12 16:43:00,964 DEBUG    root            Loaded Command Group: ['gcloud', 'services']
2023-05-12 16:43:00,968 DEBUG    root            Loaded Command Group: ['gcloud', 'services', 'list']
2023-05-12 16:43:00,974 DEBUG    root            Running [gcloud.services.list] with arguments: [--enabled: "True", --filter: "config.name=run.googleapis.com OR config.name=sql-component.googleapis.com OR config.name=sqladmin.googleapis.com", --format: "json", --project: "phishtension", --quiet: "True", --verbosity: "warning"]
2023-05-12 16:43:00,998 DEBUG    google.auth.transport.requests Making request: GET http://metadata.google.internal/computeMetadata/v1/instance/service-accounts/kekinkito@gbox.adnu.edu.ph/?recursive=true
2023-05-12 16:43:01,002 DEBUG    urllib3.connectionpool Starting new HTTP connection (1): metadata.google.internal:80
2023-05-12 16:43:01,018 DEBUG    urllib3.connectionpool http://metadata.google.internal:80 "GET /computeMetadata/v1/instance/service-accounts/kekinkito@gbox.adnu.edu.ph/?recursive=true HTTP/1.1" 200 None
2023-05-12 16:43:01,019 DEBUG    google.auth.transport.requests Making request: GET http://metadata.google.internal/computeMetadata/v1/instance/service-accounts/kekinkito@gbox.adnu.edu.ph/token
2023-05-12 16:43:01,022 DEBUG    urllib3.connectionpool Resetting dropped connection: metadata.google.internal
2023-05-12 16:43:01,025 DEBUG    urllib3.connectionpool http://metadata.google.internal:80 "GET /computeMetadata/v1/instance/service-accounts/kekinkito@gbox.adnu.edu.ph/token HTTP/1.1" 200 None
2023-05-12 16:43:01,064 DEBUG    root            Chosen display Format:
          table(
            config.name:label=NAME:sort=1,
            config.title
          )
         json
2023-05-12 16:43:01,068 INFO     root            Display format: "
          table(
            config.name:label=NAME:sort=1,
            config.title
          )
         json"
2023-05-12 16:43:01,074 DEBUG    urllib3.connectionpool Starting new HTTPS connection (1): serviceusage.googleapis.com:443
2023-05-12 16:43:02,372 DEBUG    urllib3.connectionpool https://serviceusage.googleapis.com:443 "GET /v1/projects/phishtension/services?alt=json&filter=state%3AENABLED&pageSize=200 HTTP/1.1" 200 None
2023-05-12 16:43:02,487 INFO     ___FILE_ONLY___ [
  {
2023-05-12 16:43:02,488 INFO     ___FILE_ONLY___ 
    "config": {
2023-05-12 16:43:02,488 INFO     ___FILE_ONLY___ 
      "authentication": {},
2023-05-12 16:43:02,488 INFO     ___FILE_ONLY___ 
      "documentation": {
2023-05-12 16:43:02,488 INFO     ___FILE_ONLY___ 
        "summary": "Deploy and manage user provided container images that scale automatically based on incoming requests. The Cloud Run Admin API v1 follows the Knative Serving API specification, while v2 is aligned with Google Cloud AIP-based API standards, as described in https://google.aip.dev/."
2023-05-12 16:43:02,488 INFO     ___FILE_ONLY___ 
      },
2023-05-12 16:43:02,488 INFO     ___FILE_ONLY___ 
      "monitoredResources": [
2023-05-12 16:43:02,488 INFO     ___FILE_ONLY___ 
        {
2023-05-12 16:43:02,489 INFO     ___FILE_ONLY___ 
          "labels": [
2023-05-12 16:43:02,489 INFO     ___FILE_ONLY___ 
            {
2023-05-12 16:43:02,489 INFO     ___FILE_ONLY___ 
              "key": "cloud.googleapis.com/project"
2023-05-12 16:43:02,489 INFO     ___FILE_ONLY___ 
            },
2023-05-12 16:43:02,489 INFO     ___FILE_ONLY___ 
            {
2023-05-12 16:43:02,489 INFO     ___FILE_ONLY___ 
              "key": "run.googleapis.com/service_name"
2023-05-12 16:43:02,489 INFO     ___FILE_ONLY___ 
            },
2023-05-12 16:43:02,489 INFO     ___FILE_ONLY___ 
            {
2023-05-12 16:43:02,489 INFO     ___FILE_ONLY___ 
              "key": "run.googleapis.com/revision_name"
2023-05-12 16:43:02,490 INFO     ___FILE_ONLY___ 
            },
2023-05-12 16:43:02,490 INFO     ___FILE_ONLY___ 
            {
2023-05-12 16:43:02,490 INFO     ___FILE_ONLY___ 
              "key": "cloud.googleapis.com/location"
2023-05-12 16:43:02,490 INFO     ___FILE_ONLY___ 
            },
2023-05-12 16:43:02,490 INFO     ___FILE_ONLY___ 
            {
2023-05-12 16:43:02,490 INFO     ___FILE_ONLY___ 
              "key": "run.googleapis.com/configuration_name"
2023-05-12 16:43:02,490 INFO     ___FILE_ONLY___ 
            },
2023-05-12 16:43:02,490 INFO     ___FILE_ONLY___ 
            {
2023-05-12 16:43:02,490 INFO     ___FILE_ONLY___ 
              "key": "cloud.googleapis.com/uid"
2023-05-12 16:43:02,491 INFO     ___FILE_ONLY___ 
            }
2023-05-12 16:43:02,491 INFO     ___FILE_ONLY___ 
          ],
2023-05-12 16:43:02,491 INFO     ___FILE_ONLY___ 
          "type": "run.googleapis.com/revision"
2023-05-12 16:43:02,491 INFO     ___FILE_ONLY___ 
        }
2023-05-12 16:43:02,491 INFO     ___FILE_ONLY___ 
      ],
2023-05-12 16:43:02,491 INFO     ___FILE_ONLY___ 
      "monitoring": {
2023-05-12 16:43:02,491 INFO     ___FILE_ONLY___ 
        "consumerDestinations": [
2023-05-12 16:43:02,491 INFO     ___FILE_ONLY___ 
          {
2023-05-12 16:43:02,491 INFO     ___FILE_ONLY___ 
            "metrics": [
2023-05-12 16:43:02,492 INFO     ___FILE_ONLY___ 
              "run.googleapis.com/request_count",
2023-05-12 16:43:02,492 INFO     ___FILE_ONLY___ 
              "run.googleapis.com/request_latencies",
2023-05-12 16:43:02,492 INFO     ___FILE_ONLY___ 
              "run.googleapis.com/container/instance_time",
2023-05-12 16:43:02,492 INFO     ___FILE_ONLY___ 
              "run.googleapis.com/container/cpu/allocation_time",
2023-05-12 16:43:02,492 INFO     ___FILE_ONLY___ 
              "run.googleapis.com/container/memory/allocation_time",
2023-05-12 16:43:02,492 INFO     ___FILE_ONLY___ 
              "run.googleapis.com/container/labelled_instance_time",
2023-05-12 16:43:02,492 INFO     ___FILE_ONLY___ 
              "run.googleapis.com/container/cpu/scaled_usage",
2023-05-12 16:43:02,492 INFO     ___FILE_ONLY___ 
              "run.googleapis.com/container/memory/utilization",
2023-05-12 16:43:02,492 INFO     ___FILE_ONLY___ 
              "run.googleapis.com/tenant_project",
2023-05-12 16:43:02,493 INFO     ___FILE_ONLY___ 
              "run.googleapis.com/internal/eventflow_filter/cloudevent_recordedtime_latencies",
2023-05-12 16:43:02,493 INFO     ___FILE_ONLY___ 
              "run.googleapis.com/internal/eventflow_filter/cloudevent_time_latencies",
2023-05-12 16:43:02,493 INFO     ___FILE_ONLY___ 
              "run.googleapis.com/internal/eventflow_filter/transformation_count",
2023-05-12 16:43:02,493 INFO     ___FILE_ONLY___ 
              "run.googleapis.com/internal/eventflow_filter/transformation_latencies",
2023-05-12 16:43:02,493 INFO     ___FILE_ONLY___ 
              "run.googleapis.com/internal/pod_service_client/request_count",
2023-05-12 16:43:02,493 INFO     ___FILE_ONLY___ 
              "run.googleapis.com/internal/pod_service_client/request_latencies"
2023-05-12 16:43:02,493 INFO     ___FILE_ONLY___ 
            ],
2023-05-12 16:43:02,493 INFO     ___FILE_ONLY___ 
            "monitoredResource": "run.googleapis.com/revision"
2023-05-12 16:43:02,493 INFO     ___FILE_ONLY___ 
          }
2023-05-12 16:43:02,493 INFO     ___FILE_ONLY___ 
        ]
2023-05-12 16:43:02,494 INFO     ___FILE_ONLY___ 
      },
2023-05-12 16:43:02,494 INFO     ___FILE_ONLY___ 
      "name": "run.googleapis.com",
2023-05-12 16:43:02,494 INFO     ___FILE_ONLY___ 
      "quota": {},
2023-05-12 16:43:02,494 INFO     ___FILE_ONLY___ 
      "title": "Cloud Run Admin API",
2023-05-12 16:43:02,494 INFO     ___FILE_ONLY___ 
      "usage": {
2023-05-12 16:43:02,494 INFO     ___FILE_ONLY___ 
        "requirements": [
2023-05-12 16:43:02,494 INFO     ___FILE_ONLY___ 
          "serviceusage.googleapis.com/tos/cloud",
2023-05-12 16:43:02,494 INFO     ___FILE_ONLY___ 
          "serviceusage.googleapis.com/billing-enabled"
2023-05-12 16:43:02,494 INFO     ___FILE_ONLY___ 
        ]
2023-05-12 16:43:02,495 INFO     ___FILE_ONLY___ 
      }
2023-05-12 16:43:02,495 INFO     ___FILE_ONLY___ 
    },
2023-05-12 16:43:02,495 INFO     ___FILE_ONLY___ 
    "name": "projects/632799504819/services/run.googleapis.com",
2023-05-12 16:43:02,506 INFO     ___FILE_ONLY___ 
    "parent": "projects/632799504819",
2023-05-12 16:43:02,507 INFO     ___FILE_ONLY___ 
    "state": "ENABLED"
2023-05-12 16:43:02,507 INFO     ___FILE_ONLY___ 
  }
2023-05-12 16:43:02,536 INFO     ___FILE_ONLY___ ,
  {
2023-05-12 16:43:02,536 INFO     ___FILE_ONLY___ 
    "config": {
2023-05-12 16:43:02,536 INFO     ___FILE_ONLY___ 
      "authentication": {},
2023-05-12 16:43:02,536 INFO     ___FILE_ONLY___ 
      "documentation": {
2023-05-12 16:43:02,536 INFO     ___FILE_ONLY___ 
        "summary": "Google Cloud SQL is a hosted and fully managed relational database service\n    on Google's infrastructure."
2023-05-12 16:43:02,537 INFO     ___FILE_ONLY___ 
      },
2023-05-12 16:43:02,537 INFO     ___FILE_ONLY___ 
      "monitoredResources": [
2023-05-12 16:43:02,537 INFO     ___FILE_ONLY___ 
        {
2023-05-12 16:43:02,537 INFO     ___FILE_ONLY___ 
          "labels": [
2023-05-12 16:43:02,537 INFO     ___FILE_ONLY___ 
            {
2023-05-12 16:43:02,537 INFO     ___FILE_ONLY___ 
              "key": "cloud.googleapis.com/location"
2023-05-12 16:43:02,537 INFO     ___FILE_ONLY___ 
            },
2023-05-12 16:43:02,537 INFO     ___FILE_ONLY___ 
            {
2023-05-12 16:43:02,537 INFO     ___FILE_ONLY___ 
              "key": "cloud.googleapis.com/uid"
2023-05-12 16:43:02,538 INFO     ___FILE_ONLY___ 
            },
2023-05-12 16:43:02,538 INFO     ___FILE_ONLY___ 
            {
2023-05-12 16:43:02,538 INFO     ___FILE_ONLY___ 
              "key": "serviceruntime.googleapis.com/api_version"
2023-05-12 16:43:02,538 INFO     ___FILE_ONLY___ 
            },
2023-05-12 16:43:02,538 INFO     ___FILE_ONLY___ 
            {
2023-05-12 16:43:02,538 INFO     ___FILE_ONLY___ 
              "key": "serviceruntime.googleapis.com/api_method"
2023-05-12 16:43:02,538 INFO     ___FILE_ONLY___ 
            },
2023-05-12 16:43:02,538 INFO     ___FILE_ONLY___ 
            {
2023-05-12 16:43:02,538 INFO     ___FILE_ONLY___ 
              "key": "serviceruntime.googleapis.com/consumer_project"
2023-05-12 16:43:02,538 INFO     ___FILE_ONLY___ 
            },
2023-05-12 16:43:02,539 INFO     ___FILE_ONLY___ 
            {
2023-05-12 16:43:02,539 INFO     ___FILE_ONLY___ 
              "key": "cloud.googleapis.com/project"
2023-05-12 16:43:02,539 INFO     ___FILE_ONLY___ 
            },
2023-05-12 16:43:02,539 INFO     ___FILE_ONLY___ 
            {
2023-05-12 16:43:02,539 INFO     ___FILE_ONLY___ 
              "key": "cloud.googleapis.com/service"
2023-05-12 16:43:02,539 INFO     ___FILE_ONLY___ 
            }
2023-05-12 16:43:02,539 INFO     ___FILE_ONLY___ 
          ],
2023-05-12 16:43:02,539 INFO     ___FILE_ONLY___ 
          "type": "serviceruntime.googleapis.com/api"
2023-05-12 16:43:02,539 INFO     ___FILE_ONLY___ 
        },
2023-05-12 16:43:02,539 INFO     ___FILE_ONLY___ 
        {
2023-05-12 16:43:02,540 INFO     ___FILE_ONLY___ 
          "labels": [
2023-05-12 16:43:02,540 INFO     ___FILE_ONLY___ 
            {
2023-05-12 16:43:02,540 INFO     ___FILE_ONLY___ 
              "key": "cloud.googleapis.com/location"
2023-05-12 16:43:02,540 INFO     ___FILE_ONLY___ 
            },
2023-05-12 16:43:02,540 INFO     ___FILE_ONLY___ 
            {
2023-05-12 16:43:02,540 INFO     ___FILE_ONLY___ 
              "key": "cloud.googleapis.com/uid"
2023-05-12 16:43:02,540 INFO     ___FILE_ONLY___ 
            },
2023-05-12 16:43:02,540 INFO     ___FILE_ONLY___ 
            {
2023-05-12 16:43:02,540 INFO     ___FILE_ONLY___ 
              "key": "cloud.googleapis.com/service"
2023-05-12 16:43:02,541 INFO     ___FILE_ONLY___ 
            },
2023-05-12 16:43:02,541 INFO     ___FILE_ONLY___ 
            {
2023-05-12 16:43:02,541 INFO     ___FILE_ONLY___ 
              "key": "cloud.googleapis.com/resource_id"
2023-05-12 16:43:02,541 INFO     ___FILE_ONLY___ 
            },
2023-05-12 16:43:02,541 INFO     ___FILE_ONLY___ 
            {
2023-05-12 16:43:02,541 INFO     ___FILE_ONLY___ 
              "key": "cloud.googleapis.com/resource_node"
2023-05-12 16:43:02,541 INFO     ___FILE_ONLY___ 
            },
2023-05-12 16:43:02,541 INFO     ___FILE_ONLY___ 
            {
2023-05-12 16:43:02,541 INFO     ___FILE_ONLY___ 
              "key": "cloud.googleapis.com/quota_metric"
2023-05-12 16:43:02,541 INFO     ___FILE_ONLY___ 
            },
2023-05-12 16:43:02,542 INFO     ___FILE_ONLY___ 
            {
2023-05-12 16:43:02,542 INFO     ___FILE_ONLY___ 
              "key": "cloud.googleapis.com/quota_location"
2023-05-12 16:43:02,542 INFO     ___FILE_ONLY___ 
            }
2023-05-12 16:43:02,542 INFO     ___FILE_ONLY___ 
          ],
2023-05-12 16:43:02,542 INFO     ___FILE_ONLY___ 
          "type": "serviceruntime.googleapis.com/consumer_quota"
2023-05-12 16:43:02,542 INFO     ___FILE_ONLY___ 
        },
2023-05-12 16:43:02,542 INFO     ___FILE_ONLY___ 
        {
2023-05-12 16:43:02,542 INFO     ___FILE_ONLY___ 
          "labels": [
2023-05-12 16:43:02,542 INFO     ___FILE_ONLY___ 
            {
2023-05-12 16:43:02,543 INFO     ___FILE_ONLY___ 
              "key": "cloud.googleapis.com/location"
2023-05-12 16:43:02,543 INFO     ___FILE_ONLY___ 
            },
2023-05-12 16:43:02,543 INFO     ___FILE_ONLY___ 
            {
2023-05-12 16:43:02,543 INFO     ___FILE_ONLY___ 
              "key": "cloud.googleapis.com/uid"
2023-05-12 16:43:02,543 INFO     ___FILE_ONLY___ 
            },
2023-05-12 16:43:02,543 INFO     ___FILE_ONLY___ 
            {
2023-05-12 16:43:02,543 INFO     ___FILE_ONLY___ 
              "key": "cloud.googleapis.com/service"
2023-05-12 16:43:02,543 INFO     ___FILE_ONLY___ 
            },
2023-05-12 16:43:02,543 INFO     ___FILE_ONLY___ 
            {
2023-05-12 16:43:02,543 INFO     ___FILE_ONLY___ 
              "key": "cloud.googleapis.com/resource_id"
2023-05-12 16:43:02,544 INFO     ___FILE_ONLY___ 
            },
2023-05-12 16:43:02,544 INFO     ___FILE_ONLY___ 
            {
2023-05-12 16:43:02,544 INFO     ___FILE_ONLY___ 
              "key": "cloud.googleapis.com/resource_node"
2023-05-12 16:43:02,544 INFO     ___FILE_ONLY___ 
            },
2023-05-12 16:43:02,544 INFO     ___FILE_ONLY___ 
            {
2023-05-12 16:43:02,544 INFO     ___FILE_ONLY___ 
              "key": "cloud.googleapis.com/consumer_resource_node"
2023-05-12 16:43:02,544 INFO     ___FILE_ONLY___ 
            },
2023-05-12 16:43:02,553 INFO     ___FILE_ONLY___ 
            {
2023-05-12 16:43:02,553 INFO     ___FILE_ONLY___ 
              "key": "cloud.googleapis.com/quota_metric"
2023-05-12 16:43:02,553 INFO     ___FILE_ONLY___ 
            },
2023-05-12 16:43:02,553 INFO     ___FILE_ONLY___ 
            {
2023-05-12 16:43:02,553 INFO     ___FILE_ONLY___ 
              "key": "cloud.googleapis.com/quota_location"
2023-05-12 16:43:02,553 INFO     ___FILE_ONLY___ 
            }
2023-05-12 16:43:02,553 INFO     ___FILE_ONLY___ 
          ],
2023-05-12 16:43:02,553 INFO     ___FILE_ONLY___ 
          "type": "serviceruntime.googleapis.com/producer_quota"
2023-05-12 16:43:02,554 INFO     ___FILE_ONLY___ 
        }
2023-05-12 16:43:02,554 INFO     ___FILE_ONLY___ 
      ],
2023-05-12 16:43:02,554 INFO     ___FILE_ONLY___ 
      "monitoring": {
2023-05-12 16:43:02,554 INFO     ___FILE_ONLY___ 
        "consumerDestinations": [
2023-05-12 16:43:02,554 INFO     ___FILE_ONLY___ 
          {
2023-05-12 16:43:02,554 INFO     ___FILE_ONLY___ 
            "metrics": [
2023-05-12 16:43:02,554 INFO     ___FILE_ONLY___ 
              "serviceruntime.googleapis.com/api/consumer/request_count",
2023-05-12 16:43:02,554 INFO     ___FILE_ONLY___ 
              "serviceruntime.googleapis.com/api/consumer/error_count",
2023-05-12 16:43:02,554 INFO     ___FILE_ONLY___ 
              "serviceruntime.googleapis.com/api/consumer/quota_used_count",
2023-05-12 16:43:02,555 INFO     ___FILE_ONLY___ 
              "serviceruntime.googleapis.com/api/consumer/quota_refund_count",
2023-05-12 16:43:02,555 INFO     ___FILE_ONLY___ 
              "serviceruntime.googleapis.com/api/consumer/total_latencies",
2023-05-12 16:43:02,555 INFO     ___FILE_ONLY___ 
              "serviceruntime.googleapis.com/api/consumer/request_overhead_latencies",
2023-05-12 16:43:02,555 INFO     ___FILE_ONLY___ 
              "serviceruntime.googleapis.com/api/consumer/backend_latencies",
2023-05-12 16:43:02,555 INFO     ___FILE_ONLY___ 
              "serviceruntime.googleapis.com/api/consumer/request_sizes",
2023-05-12 16:43:02,555 INFO     ___FILE_ONLY___ 
              "serviceruntime.googleapis.com/api/consumer/response_sizes",
2023-05-12 16:43:02,555 INFO     ___FILE_ONLY___ 
              "serviceruntime.googleapis.com/api/consumer/top_request_count_by_end_user",
2023-05-12 16:43:02,558 INFO     ___FILE_ONLY___ 
              "serviceruntime.googleapis.com/api/consumer/top_request_count_by_end_user_country",
2023-05-12 16:43:02,558 INFO     ___FILE_ONLY___ 
              "serviceruntime.googleapis.com/api/consumer/top_request_count_by_referer",
2023-05-12 16:43:02,558 INFO     ___FILE_ONLY___ 
              "serviceruntime.googleapis.com/quota/used",
2023-05-12 16:43:02,558 INFO     ___FILE_ONLY___ 
              "serviceruntime.googleapis.com/quota/limit",
2023-05-12 16:43:02,558 INFO     ___FILE_ONLY___ 
              "serviceruntime.googleapis.com/quota/exceeded",
2023-05-12 16:43:02,559 INFO     ___FILE_ONLY___ 
              "serviceruntime.googleapis.com/allocation/consumer/quota_used_count"
2023-05-12 16:43:02,559 INFO     ___FILE_ONLY___ 
            ],
2023-05-12 16:43:02,559 INFO     ___FILE_ONLY___ 
            "monitoredResource": "serviceruntime.googleapis.com/api"
2023-05-12 16:43:02,559 INFO     ___FILE_ONLY___ 
          },
2023-05-12 16:43:02,559 INFO     ___FILE_ONLY___ 
          {
2023-05-12 16:43:02,559 INFO     ___FILE_ONLY___ 
            "metrics": [
2023-05-12 16:43:02,559 INFO     ___FILE_ONLY___ 
              "serviceruntime.googleapis.com/quota/rate/consumer/used_count",
2023-05-12 16:43:02,570 INFO     ___FILE_ONLY___ 
              "serviceruntime.googleapis.com/quota/rate/consumer/refund_count",
2023-05-12 16:43:02,570 INFO     ___FILE_ONLY___ 
              "serviceruntime.googleapis.com/quota/allocation/consumer/usage",
2023-05-12 16:43:02,570 INFO     ___FILE_ONLY___ 
              "serviceruntime.googleapis.com/quota/consumer/limit",
2023-05-12 16:43:02,570 INFO     ___FILE_ONLY___ 
              "serviceruntime.googleapis.com/quota/consumer/exceeded"
2023-05-12 16:43:02,571 INFO     ___FILE_ONLY___ 
            ],
2023-05-12 16:43:02,571 INFO     ___FILE_ONLY___ 
            "monitoredResource": "serviceruntime.googleapis.com/consumer_quota"
2023-05-12 16:43:02,571 INFO     ___FILE_ONLY___ 
          }
2023-05-12 16:43:02,571 INFO     ___FILE_ONLY___ 
        ]
2023-05-12 16:43:02,571 INFO     ___FILE_ONLY___ 
      },
2023-05-12 16:43:02,571 INFO     ___FILE_ONLY___ 
      "name": "sql-component.googleapis.com",
2023-05-12 16:43:02,571 INFO     ___FILE_ONLY___ 
      "quota": {},
2023-05-12 16:43:02,572 INFO     ___FILE_ONLY___ 
      "title": "Cloud SQL",
2023-05-12 16:43:02,572 INFO     ___FILE_ONLY___ 
      "usage": {
2023-05-12 16:43:02,572 INFO     ___FILE_ONLY___ 
        "requirements": [
2023-05-12 16:43:02,572 INFO     ___FILE_ONLY___ 
          "serviceusage.googleapis.com/tos/cloud"
2023-05-12 16:43:02,572 INFO     ___FILE_ONLY___ 
        ]
2023-05-12 16:43:02,572 INFO     ___FILE_ONLY___ 
      }
2023-05-12 16:43:02,573 INFO     ___FILE_ONLY___ 
    },
2023-05-12 16:43:02,573 INFO     ___FILE_ONLY___ 
    "name": "projects/632799504819/services/sql-component.googleapis.com",
2023-05-12 16:43:02,573 INFO     ___FILE_ONLY___ 
    "parent": "projects/632799504819",
2023-05-12 16:43:02,573 INFO     ___FILE_ONLY___ 
    "state": "ENABLED"
2023-05-12 16:43:02,573 INFO     ___FILE_ONLY___ 
  }
2023-05-12 16:43:02,593 INFO     ___FILE_ONLY___ 
]

2023-05-12 16:43:02,596 DEBUG    root            SDK update checks are disabled.
