2023-05-12 16:43:13,788 DEBUG    root            Loaded Command Group: ['gcloud', 'auth']
2023-05-12 16:43:13,791 DEBUG    root            Loaded Command Group: ['gcloud', 'auth', 'docker_helper']
2023-05-12 16:43:13,793 DEBUG    root            Running [gcloud.auth.docker-helper] with arguments: [METHOD: "get"]
2023-05-12 16:43:13,807 DEBUG    google.auth.transport.requests Making request: GET http://metadata.google.internal/computeMetadata/v1/instance/service-accounts/kekinkito@gbox.adnu.edu.ph/?recursive=true
2023-05-12 16:43:13,810 DEBUG    urllib3.connectionpool Starting new HTTP connection (1): metadata.google.internal:80
2023-05-12 16:43:13,814 DEBUG    urllib3.connectionpool http://metadata.google.internal:80 "GET /computeMetadata/v1/instance/service-accounts/kekinkito@gbox.adnu.edu.ph/?recursive=true HTTP/1.1" 200 None
2023-05-12 16:43:13,815 DEBUG    google.auth.transport.requests Making request: GET http://metadata.google.internal/computeMetadata/v1/instance/service-accounts/kekinkito@gbox.adnu.edu.ph/token
2023-05-12 16:43:13,816 DEBUG    urllib3.connectionpool Resetting dropped connection: metadata.google.internal
2023-05-12 16:43:13,819 DEBUG    urllib3.connectionpool http://metadata.google.internal:80 "GET /computeMetadata/v1/instance/service-accounts/kekinkito@gbox.adnu.edu.ph/token HTTP/1.1" 200 None
2023-05-12 16:43:13,827 DEBUG    google.auth.transport.requests Making request: GET http://metadata.google.internal/computeMetadata/v1/instance/service-accounts/kekinkito@gbox.adnu.edu.ph/?recursive=true
2023-05-12 16:43:13,830 DEBUG    urllib3.connectionpool Starting new HTTP connection (1): metadata.google.internal:80
2023-05-12 16:43:13,833 DEBUG    urllib3.connectionpool http://metadata.google.internal:80 "GET /computeMetadata/v1/instance/service-accounts/kekinkito@gbox.adnu.edu.ph/?recursive=true HTTP/1.1" 200 None
2023-05-12 16:43:13,834 DEBUG    google.auth.transport.requests Making request: GET http://metadata.google.internal/computeMetadata/v1/instance/service-accounts/kekinkito@gbox.adnu.edu.ph/token?scopes=%0Aemail%0Ahttps%3A%2F%2Fwww.googleapis.com%2Fauth%2Fcloud-platform%0A
2023-05-12 16:43:13,837 DEBUG    urllib3.connectionpool Resetting dropped connection: metadata.google.internal
2023-05-12 16:43:13,840 DEBUG    urllib3.connectionpool http://metadata.google.internal:80 "GET /computeMetadata/v1/instance/service-accounts/kekinkito@gbox.adnu.edu.ph/token?scopes=%0Aemail%0Ahttps%3A%2F%2Fwww.googleapis.com%2Fauth%2Fcloud-platform%0A HTTP/1.1" 200 None
2023-05-12 16:43:13,846 DEBUG    root            Chosen display Format:json
2023-05-12 16:43:13,847 INFO     root            Display format: "json"
2023-05-12 16:43:13,847 INFO     ___FILE_ONLY___ {
  "Secret": "ya29.a0AWY7CklQ0Mh9QHssb7u4xyOxmXqk57BW_GHrqoq0aa4czbfuz_Fa9Sr46FlhZAAAadAAdG_MLXM6BygEVKE7qoMJaf7sVt5Bab-5qMgXaWBm0T5nP7thAYip1pQJNB9O_aEPETpARQaLHheLCvK8lOCOqGYsDnwAExm0iGaiZYOcmULvhjhCjddK3TtTA1j85Sen6v0r-P5QeMis4jAYqYts07KlfeIZvosn8ZkaCgYKARASARESFQG1tDrpeEK0h49kvpo9NFzKfepKeQ0238",
  "Username": "_dcgcloud_token"
}
2023-05-12 16:43:13,847 INFO     ___FILE_ONLY___ 

2023-05-12 16:43:13,848 DEBUG    root            SDK update checks are disabled.
