2023-05-11 12:33:36,280 DEBUG    root            Loaded Command Group: ['gcloud', 'config']
2023-05-11 12:33:36,290 DEBUG    root            Loaded Command Group: ['gcloud', 'config', 'config_helper']
2023-05-11 12:33:36,295 DEBUG    root            Running [gcloud.config.config-helper] with arguments: [--format: "json", --quiet: "True", --verbosity: "warning"]
2023-05-11 12:33:36,313 DEBUG    google.auth.transport.requests Making request: GET http://metadata.google.internal/computeMetadata/v1/instance/service-accounts/kekinkito@gbox.adnu.edu.ph/?recursive=true
2023-05-11 12:33:36,319 DEBUG    urllib3.connectionpool Starting new HTTP connection (1): metadata.google.internal:80
2023-05-11 12:33:36,324 DEBUG    urllib3.connectionpool http://metadata.google.internal:80 "GET /computeMetadata/v1/instance/service-accounts/kekinkito@gbox.adnu.edu.ph/?recursive=true HTTP/1.1" 200 None
2023-05-11 12:33:36,325 DEBUG    google.auth.transport.requests Making request: GET http://metadata.google.internal/computeMetadata/v1/instance/service-accounts/kekinkito@gbox.adnu.edu.ph/token
2023-05-11 12:33:36,328 DEBUG    urllib3.connectionpool Resetting dropped connection: metadata.google.internal
2023-05-11 12:33:36,333 DEBUG    urllib3.connectionpool http://metadata.google.internal:80 "GET /computeMetadata/v1/instance/service-accounts/kekinkito@gbox.adnu.edu.ph/token HTTP/1.1" 200 None
2023-05-11 12:33:36,364 DEBUG    urllib3.connectionpool Starting new HTTPS connection (1): www.gstatic.com:443
2023-05-11 12:33:36,399 DEBUG    urllib3.connectionpool https://www.gstatic.com:443 "GET /cloudsdk/feature_flag_config_file.yaml HTTP/1.1" 200 101
2023-05-11 12:33:36,427 DEBUG    root            Chosen display Format:default json
2023-05-11 12:33:36,428 INFO     root            Display format: "default json"
2023-05-11 12:33:36,429 INFO     ___FILE_ONLY___ {
  "configuration": {
    "active_configuration": "default",
    "properties": {
      "accessibility": {
        "screen_reader": "True"
      },
      "component_manager": {
        "disable_update_check": "True"
      },
      "compute": {
        "gce_metadata_read_timeout_sec": "30"
      },
      "container": {
        "use_application_default_credentials": "true"
      },
      "core": {
        "account": "kekinkito@gbox.adnu.edu.ph",
        "disable_prompts": "True",
        "disable_usage_reporting": "True",
        "print_unhandled_tracebacks": "true",
        "verbosity": "warning"
      },
      "metrics": {
        "environment": "cloudcode.vscode",
        "environment_version": "1.21.4"
      }
    }
  },
  "credential": {
    "access_token": "ya29.a0AWY7CklZSQNvE9ch5rjeYkM1RSaxWim8wIfC4vCriNdNSSOCn57SfWQbCQX8NDQOQt4JPq2hyG2_Teo5gWXZF_nyccIoFjsYGh1LyGJoyF-kmdLiCuY-yvZcnkrjYEC1HCed6qqwFFfOXa4rU2LmbsZ4x26mA1Xh0ZlRfIbhjVR1-0ZBtTFHlkrtF8MZS9zvY6hoGupNjK1D9eR7Uyh7NPwup5y4sSoMbH9GMFkaCgYKAT0SARESFQG1tDrpmVK1JkF4NpV17etvwVCM1w0238",
    "id_token": "eyJhbGciOiJSUzI1NiIsImtpZCI6Ijc3NzBiMDg1YmY2NDliNzI2YjM1NzQ3NjQwMzBlMWJkZTlhMTBhZTYiLCJ0eXAiOiJKV1QifQ.eyJpc3MiOiJhY2NvdW50cy5nb29nbGUuY29tIiwiYXpwIjoiNjE4MTA0NzA4MDU0LTlyOXMxYzRhbGczNmVybGl1Y2hvOXQ1Mm4zMm42ZGdxLmFwcHMuZ29vZ2xldXNlcmNvbnRlbnQuY29tIiwiYXVkIjoiNjE4MTA0NzA4MDU0LTlyOXMxYzRhbGczNmVybGl1Y2hvOXQ1Mm4zMm42ZGdxLmFwcHMuZ29vZ2xldXNlcmNvbnRlbnQuY29tIiwic3ViIjoiMTAyNjEzMTMyMjU4NjcwNDMzNTIxIiwiaGQiOiJnYm94LmFkbnUuZWR1LnBoIiwiZW1haWwiOiJrZWtpbmtpdG9AZ2JveC5hZG51LmVkdS5waCIsImVtYWlsX3ZlcmlmaWVkIjp0cnVlLCJhdF9oYXNoIjoiV0Y3YWM4NkUtQzhBNndCLTl0M0k4USIsImlhdCI6MTY4MzgwODQxMSwiZXhwIjoxNjgzODEyMDExLCJqdGkiOiJhZTA2MDUzYjc1ZTExY2Y0MzE2NDcxODA3ZWE5MzdjOTkyMDhlZGJjIn0.Whrzt0nhGfiAGpceCP_-EqYKG36PT8Cd5fQL94E6Tkj_BlwGjneri-YwRHgxYds_EYiSepnKCRhIAYN8UE4jWBaEiU5IB_c0BsYCI9A3P36yNCWV_8npmW7eFI2ZjLLo_uwAh5EhEYjfMBObMKbCj9X0astRnu3Ea2wuc9Tb4Hf3-_VncsiASUVSxCF60ysL9zCigTaKyr-Yktkj8fh-pPOK_xt3pP9hGUb7CIMLkiNiJGrR7BniH0XQz6R17jFngoygyMi3_PlDomJ93YTe7_uTcyOJtyGpVlLm43VbK5fO0iGfAm8JTkN7_9K5kcAsRFSBnzG_JjSF7qhH2CslnQ",
    "token_expiry": "2023-05-11T13:33:28Z"
  },
  "sentinels": {
    "config_sentinel": "/home/kekinkito/.config/gcloud/config_sentinel"
  }
}
2023-05-11 12:33:36,430 INFO     ___FILE_ONLY___ 

2023-05-11 12:33:36,431 DEBUG    root            SDK update checks are disabled.
