2023-05-11 14:37:43,168 DEBUG    root            Loaded Command Group: ['gcloud', 'config']
2023-05-11 14:37:43,177 DEBUG    root            Loaded Command Group: ['gcloud', 'config', 'config_helper']
2023-05-11 14:37:43,181 DEBUG    root            Running [gcloud.config.config-helper] with arguments: [--format: "json", --quiet: "True", --verbosity: "warning"]
2023-05-11 14:37:43,198 DEBUG    google.auth.transport.requests Making request: GET http://metadata.google.internal/computeMetadata/v1/instance/service-accounts/kekinkito@gbox.adnu.edu.ph/?recursive=true
2023-05-11 14:37:43,203 DEBUG    urllib3.connectionpool Starting new HTTP connection (1): metadata.google.internal:80
2023-05-11 14:37:43,209 DEBUG    urllib3.connectionpool http://metadata.google.internal:80 "GET /computeMetadata/v1/instance/service-accounts/kekinkito@gbox.adnu.edu.ph/?recursive=true HTTP/1.1" 200 None
2023-05-11 14:37:43,210 DEBUG    google.auth.transport.requests Making request: GET http://metadata.google.internal/computeMetadata/v1/instance/service-accounts/kekinkito@gbox.adnu.edu.ph/token
2023-05-11 14:37:43,212 DEBUG    urllib3.connectionpool Resetting dropped connection: metadata.google.internal
2023-05-11 14:37:43,217 DEBUG    urllib3.connectionpool http://metadata.google.internal:80 "GET /computeMetadata/v1/instance/service-accounts/kekinkito@gbox.adnu.edu.ph/token HTTP/1.1" 200 None
2023-05-11 14:37:43,244 DEBUG    urllib3.connectionpool Starting new HTTPS connection (1): www.gstatic.com:443
2023-05-11 14:37:43,284 DEBUG    urllib3.connectionpool https://www.gstatic.com:443 "GET /cloudsdk/feature_flag_config_file.yaml HTTP/1.1" 200 101
2023-05-11 14:37:43,311 DEBUG    root            Chosen display Format:default json
2023-05-11 14:37:43,312 INFO     root            Display format: "default json"
2023-05-11 14:37:43,314 INFO     ___FILE_ONLY___ {
  "configuration": {
    "active_configuration": "default",
    "properties": {
      "accessibility": {
        "screen_reader": "True"
      },
      "component_manager": {
        "disable_update_check": "True"
      },
      "compute": {
        "gce_metadata_read_timeout_sec": "30"
      },
      "container": {
        "use_application_default_credentials": "true"
      },
      "core": {
        "account": "kekinkito@gbox.adnu.edu.ph",
        "disable_prompts": "True",
        "disable_usage_reporting": "True",
        "print_unhandled_tracebacks": "true",
        "verbosity": "warning"
      },
      "metrics": {
        "environment": "cloudcode.vscode",
        "environment_version": "1.21.4"
      }
    }
  },
  "credential": {
    "access_token": "ya29.a0AWY7Cklywdv3-vkjvBmp1d5S-MJWYrVpjXsEDz1r2--MrUHGMpEQnCKtRo44MB_V1nVUCAJAifQTxtNNC0BqJlfo73EEOS_AyUiRyft_pn-c0SCoBilgykwEiFev6ORMMGSrtGWubMvJLQtUdStDpR-6epDr5FuvGcPpLV9m6vk4kfmySOziSTsPpjwrI-gnnB6bLw1LkM1mziLWycJG3F4v-Wx3T7XxoHF2NlgaCgYKAdwSARESFQG1tDrpvqhmk8Zyl7cRpL9P7BNa3g0238",
    "id_token": "eyJhbGciOiJSUzI1NiIsImtpZCI6Ijc3NzBiMDg1YmY2NDliNzI2YjM1NzQ3NjQwMzBlMWJkZTlhMTBhZTYiLCJ0eXAiOiJKV1QifQ.eyJpc3MiOiJhY2NvdW50cy5nb29nbGUuY29tIiwiYXpwIjoiNjE4MTA0NzA4MDU0LTlyOXMxYzRhbGczNmVybGl1Y2hvOXQ1Mm4zMm42ZGdxLmFwcHMuZ29vZ2xldXNlcmNvbnRlbnQuY29tIiwiYXVkIjoiNjE4MTA0NzA4MDU0LTlyOXMxYzRhbGczNmVybGl1Y2hvOXQ1Mm4zMm42ZGdxLmFwcHMuZ29vZ2xldXNlcmNvbnRlbnQuY29tIiwic3ViIjoiMTAyNjEzMTMyMjU4NjcwNDMzNTIxIiwiaGQiOiJnYm94LmFkbnUuZWR1LnBoIiwiZW1haWwiOiJrZWtpbmtpdG9AZ2JveC5hZG51LmVkdS5waCIsImVtYWlsX3ZlcmlmaWVkIjp0cnVlLCJhdF9oYXNoIjoia1RvTVlBZ3FncFhkM3FvTk1pQVR0USIsImlhdCI6MTY4MzgxNTg1OCwiZXhwIjoxNjgzODE5NDU4LCJqdGkiOiIwYzUwNzRkYmNjYjhiM2ZlYjYyOWI5MDVkMTU5NDhlNTZmYmNkNmJjIn0.V0hdfPD4txWaeRcbyVmPoo3MaLB8-I74Ure2wKct2FGHeoy1qOV7q3pJqhl5D2TT4CENcY_Haa5CpMItbLqQboqpAQY4Jux8cynaFtfkBy5hjFLxlN336CG5G0osv5PSay3CDC-1c2cnZQWqyxrYrlXR6XuZ1x9Cg6gUsUrV8MVhbopxLII-F0DQ1vs5PtU_Ue7ZCK2-NaUIzA7WkDCtrqNR4YUn-bKES_8rNMvi4ef3XXC0ZZrHRvDYx3l3bNITA-IAS7CiBwu2uRVgpila8ocTB-7n2p9JgMmQ80vd8_EkI8ER_BMcjVEDnrpSRXyWORKDbfe8prKTxSVYcd39Dw",
    "token_expiry": "2023-05-11T15:37:35Z"
  },
  "sentinels": {
    "config_sentinel": "/home/kekinkito/.config/gcloud/config_sentinel"
  }
}
2023-05-11 14:37:43,314 INFO     ___FILE_ONLY___ 

2023-05-11 14:37:43,315 DEBUG    root            SDK update checks are disabled.
