2023-05-11 14:47:01,502 DEBUG    root            Loaded Command Group: ['gcloud', 'config']
2023-05-11 14:47:01,509 DEBUG    root            Loaded Command Group: ['gcloud', 'config', 'config_helper']
2023-05-11 14:47:01,515 DEBUG    root            Running [gcloud.config.config-helper] with arguments: [--format: "json", --quiet: "True", --verbosity: "warning"]
2023-05-11 14:47:01,529 DEBUG    google.auth.transport.requests Making request: GET http://metadata.google.internal/computeMetadata/v1/instance/service-accounts/kekinkito@gbox.adnu.edu.ph/?recursive=true
2023-05-11 14:47:01,532 DEBUG    urllib3.connectionpool Starting new HTTP connection (1): metadata.google.internal:80
2023-05-11 14:47:01,536 DEBUG    urllib3.connectionpool http://metadata.google.internal:80 "GET /computeMetadata/v1/instance/service-accounts/kekinkito@gbox.adnu.edu.ph/?recursive=true HTTP/1.1" 200 None
2023-05-11 14:47:01,537 DEBUG    google.auth.transport.requests Making request: GET http://metadata.google.internal/computeMetadata/v1/instance/service-accounts/kekinkito@gbox.adnu.edu.ph/token
2023-05-11 14:47:01,539 DEBUG    urllib3.connectionpool Resetting dropped connection: metadata.google.internal
2023-05-11 14:47:01,543 DEBUG    urllib3.connectionpool http://metadata.google.internal:80 "GET /computeMetadata/v1/instance/service-accounts/kekinkito@gbox.adnu.edu.ph/token HTTP/1.1" 200 None
2023-05-11 14:47:01,579 DEBUG    root            Chosen display Format:default json
2023-05-11 14:47:01,580 INFO     root            Display format: "default json"
2023-05-11 14:47:01,581 INFO     ___FILE_ONLY___ {
  "configuration": {
    "active_configuration": "default",
    "properties": {
      "accessibility": {
        "screen_reader": "True"
      },
      "component_manager": {
        "disable_update_check": "True"
      },
      "compute": {
        "gce_metadata_read_timeout_sec": "30"
      },
      "container": {
        "use_application_default_credentials": "true"
      },
      "core": {
        "account": "kekinkito@gbox.adnu.edu.ph",
        "disable_prompts": "True",
        "disable_usage_reporting": "True",
        "print_unhandled_tracebacks": "true",
        "verbosity": "warning"
      },
      "metrics": {
        "environment": "cloudcode.vscode",
        "environment_version": "1.21.4"
      }
    }
  },
  "credential": {
    "access_token": "ya29.a0AWY7CkkvQxV5DXLQvdyYqEKzBbMjd_ws3Nk24uhfPZj2eo68LFiB5fckvuEq0AyHTw2OqB_2ehcU0Unlem3l4hf91vzwQ2inaWPwXyXYQ0ZtRV76PLbgIxCqCks1p44gxaipvjiI21ML6gw1bLu0bsemF3-GV8MycnymEGSOAkeOXgcmOAc9JvVN8iqKazTOtrCyB9qu9YX9NG8ImCgCEqMAnbGcpCz8OKE-XmcaCgYKAbYSARESFQG1tDrp0PSNSxdDY8UVndXCY11EEg0238",
    "id_token": "eyJhbGciOiJSUzI1NiIsImtpZCI6Ijc3NzBiMDg1YmY2NDliNzI2YjM1NzQ3NjQwMzBlMWJkZTlhMTBhZTYiLCJ0eXAiOiJKV1QifQ.eyJpc3MiOiJhY2NvdW50cy5nb29nbGUuY29tIiwiYXpwIjoiNjE4MTA0NzA4MDU0LTlyOXMxYzRhbGczNmVybGl1Y2hvOXQ1Mm4zMm42ZGdxLmFwcHMuZ29vZ2xldXNlcmNvbnRlbnQuY29tIiwiYXVkIjoiNjE4MTA0NzA4MDU0LTlyOXMxYzRhbGczNmVybGl1Y2hvOXQ1Mm4zMm42ZGdxLmFwcHMuZ29vZ2xldXNlcmNvbnRlbnQuY29tIiwic3ViIjoiMTAyNjEzMTMyMjU4NjcwNDMzNTIxIiwiaGQiOiJnYm94LmFkbnUuZWR1LnBoIiwiZW1haWwiOiJrZWtpbmtpdG9AZ2JveC5hZG51LmVkdS5waCIsImVtYWlsX3ZlcmlmaWVkIjp0cnVlLCJhdF9oYXNoIjoiYllDUHR0dHRrMU4zOUhXVEhkaVUtUSIsImlhdCI6MTY4MzgxNjExOCwiZXhwIjoxNjgzODE5NzE4LCJqdGkiOiIyZWI3N2UzNDk0MjgyMGMxN2JjZjc0OTVkMjUzNGViMmZhYWQ2ZGM1In0.D1BkovCf5L-v-G0wF-4sX49sCNmT5uukOpj1eC_q4M1L-0bisyUed6lYm_kmVJnyFuTjqLbgIX2eK7bA2aiUXvA-43vNPf0BamG74KPDJgjt_Ed5kSIR1Ylz5Z7BOF9EZ4_4mBIib4KYSU6t1Pmn5NfitAqvtlwyzV_a5ERBwUbrnpTtX3FONqvT0LsbdcQfT22gpbhjawrPtbPJMbIeEnWWfjc5zSNKSkkP60QWoj1F-xPO2CQFd0s8-FGnwZdYqFumFMamo52LWdITswDYTYOb6smL0wI_dWyPvzCi3ZSEGrI9sQC8c9yUupxLhSv5wjUCApnrG7YapytABegrmA",
    "token_expiry": "2023-05-11T15:41:55Z"
  },
  "sentinels": {
    "config_sentinel": "/home/kekinkito/.config/gcloud/config_sentinel"
  }
}
2023-05-11 14:47:01,581 INFO     ___FILE_ONLY___ 

2023-05-11 14:47:01,582 DEBUG    root            SDK update checks are disabled.
