2023-05-11 14:47:10,295 DEBUG    root            Loaded Command Group: ['gcloud', 'auth']
2023-05-11 14:47:10,299 DEBUG    root            Loaded Command Group: ['gcloud', 'auth', 'docker_helper']
2023-05-11 14:47:10,301 DEBUG    root            Running [gcloud.auth.docker-helper] with arguments: [METHOD: "get"]
2023-05-11 14:47:10,314 DEBUG    google.auth.transport.requests Making request: GET http://metadata.google.internal/computeMetadata/v1/instance/service-accounts/kekinkito@gbox.adnu.edu.ph/?recursive=true
2023-05-11 14:47:10,317 DEBUG    urllib3.connectionpool Starting new HTTP connection (1): metadata.google.internal:80
2023-05-11 14:47:10,321 DEBUG    urllib3.connectionpool http://metadata.google.internal:80 "GET /computeMetadata/v1/instance/service-accounts/kekinkito@gbox.adnu.edu.ph/?recursive=true HTTP/1.1" 200 None
2023-05-11 14:47:10,322 DEBUG    google.auth.transport.requests Making request: GET http://metadata.google.internal/computeMetadata/v1/instance/service-accounts/kekinkito@gbox.adnu.edu.ph/token
2023-05-11 14:47:10,324 DEBUG    urllib3.connectionpool Resetting dropped connection: metadata.google.internal
2023-05-11 14:47:10,327 DEBUG    urllib3.connectionpool http://metadata.google.internal:80 "GET /computeMetadata/v1/instance/service-accounts/kekinkito@gbox.adnu.edu.ph/token HTTP/1.1" 200 None
2023-05-11 14:47:10,336 DEBUG    google.auth.transport.requests Making request: GET http://metadata.google.internal/computeMetadata/v1/instance/service-accounts/kekinkito@gbox.adnu.edu.ph/?recursive=true
2023-05-11 14:47:10,338 DEBUG    urllib3.connectionpool Starting new HTTP connection (1): metadata.google.internal:80
2023-05-11 14:47:10,342 DEBUG    urllib3.connectionpool http://metadata.google.internal:80 "GET /computeMetadata/v1/instance/service-accounts/kekinkito@gbox.adnu.edu.ph/?recursive=true HTTP/1.1" 200 None
2023-05-11 14:47:10,344 DEBUG    google.auth.transport.requests Making request: GET http://metadata.google.internal/computeMetadata/v1/instance/service-accounts/kekinkito@gbox.adnu.edu.ph/token?scopes=%0Aemail%0Ahttps%3A%2F%2Fwww.googleapis.com%2Fauth%2Fcloud-platform%0A
2023-05-11 14:47:10,346 DEBUG    urllib3.connectionpool Resetting dropped connection: metadata.google.internal
2023-05-11 14:47:10,350 DEBUG    urllib3.connectionpool http://metadata.google.internal:80 "GET /computeMetadata/v1/instance/service-accounts/kekinkito@gbox.adnu.edu.ph/token?scopes=%0Aemail%0Ahttps%3A%2F%2Fwww.googleapis.com%2Fauth%2Fcloud-platform%0A HTTP/1.1" 200 None
2023-05-11 14:47:10,356 DEBUG    root            Chosen display Format:json
2023-05-11 14:47:10,357 INFO     root            Display format: "json"
2023-05-11 14:47:10,358 INFO     ___FILE_ONLY___ {
  "Secret": "ya29.a0AWY7CkkvQxV5DXLQvdyYqEKzBbMjd_ws3Nk24uhfPZj2eo68LFiB5fckvuEq0AyHTw2OqB_2ehcU0Unlem3l4hf91vzwQ2inaWPwXyXYQ0ZtRV76PLbgIxCqCks1p44gxaipvjiI21ML6gw1bLu0bsemF3-GV8MycnymEGSOAkeOXgcmOAc9JvVN8iqKazTOtrCyB9qu9YX9NG8ImCgCEqMAnbGcpCz8OKE-XmcaCgYKAbYSARESFQG1tDrp0PSNSxdDY8UVndXCY11EEg0238",
  "Username": "_dcgcloud_token"
}
2023-05-11 14:47:10,358 INFO     ___FILE_ONLY___ 

2023-05-11 14:47:10,358 DEBUG    root            SDK update checks are disabled.
