2023-05-11 15:58:47,400 DEBUG    root            Loaded Command Group: ['gcloud', 'beta', 'run']
2023-05-11 15:58:47,421 DEBUG    root            Loaded Command Group: ['gcloud', 'beta', 'run', 'services']
2023-05-11 15:58:47,466 DEBUG    root            Loaded Command Group: ['gcloud', 'beta', 'run', 'services', 'describe']
2023-05-11 15:58:47,476 DEBUG    root            Running [gcloud.beta.run.services.describe] with arguments: [--format: "json", --platform: "managed", --project: "phishtension", --quiet: "True", --region: "asia-southeast1", --verbosity: "warning", SERVICE: "nb-3"]
2023-05-11 15:58:47,494 DEBUG    google.auth.transport.requests Making request: GET http://metadata.google.internal/computeMetadata/v1/instance/service-accounts/kekinkito@gbox.adnu.edu.ph/?recursive=true
2023-05-11 15:58:47,499 DEBUG    urllib3.connectionpool Starting new HTTP connection (1): metadata.google.internal:80
2023-05-11 15:58:47,503 DEBUG    urllib3.connectionpool http://metadata.google.internal:80 "GET /computeMetadata/v1/instance/service-accounts/kekinkito@gbox.adnu.edu.ph/?recursive=true HTTP/1.1" 200 None
2023-05-11 15:58:47,505 DEBUG    google.auth.transport.requests Making request: GET http://metadata.google.internal/computeMetadata/v1/instance/service-accounts/kekinkito@gbox.adnu.edu.ph/token
2023-05-11 15:58:47,506 DEBUG    urllib3.connectionpool Resetting dropped connection: metadata.google.internal
2023-05-11 15:58:47,510 DEBUG    urllib3.connectionpool http://metadata.google.internal:80 "GET /computeMetadata/v1/instance/service-accounts/kekinkito@gbox.adnu.edu.ph/token HTTP/1.1" 200 None
2023-05-11 15:58:47,527 DEBUG    google.auth.transport.requests Making request: GET http://metadata.google.internal/computeMetadata/v1/instance/service-accounts/kekinkito@gbox.adnu.edu.ph/?recursive=true
2023-05-11 15:58:47,529 DEBUG    urllib3.connectionpool Starting new HTTP connection (1): metadata.google.internal:80
2023-05-11 15:58:47,532 DEBUG    urllib3.connectionpool http://metadata.google.internal:80 "GET /computeMetadata/v1/instance/service-accounts/kekinkito@gbox.adnu.edu.ph/?recursive=true HTTP/1.1" 200 None
2023-05-11 15:58:47,533 DEBUG    google.auth.transport.requests Making request: GET http://metadata.google.internal/computeMetadata/v1/instance/service-accounts/kekinkito@gbox.adnu.edu.ph/token
2023-05-11 15:58:47,535 DEBUG    urllib3.connectionpool Resetting dropped connection: metadata.google.internal
2023-05-11 15:58:47,538 DEBUG    urllib3.connectionpool http://metadata.google.internal:80 "GET /computeMetadata/v1/instance/service-accounts/kekinkito@gbox.adnu.edu.ph/token HTTP/1.1" 200 None
2023-05-11 15:58:47,575 DEBUG    google.auth.transport.requests Making request: GET http://metadata.google.internal/computeMetadata/v1/instance/service-accounts/kekinkito@gbox.adnu.edu.ph/?recursive=true
2023-05-11 15:58:47,576 DEBUG    urllib3.connectionpool Starting new HTTP connection (1): metadata.google.internal:80
2023-05-11 15:58:47,580 DEBUG    urllib3.connectionpool http://metadata.google.internal:80 "GET /computeMetadata/v1/instance/service-accounts/kekinkito@gbox.adnu.edu.ph/?recursive=true HTTP/1.1" 200 None
2023-05-11 15:58:47,581 DEBUG    google.auth.transport.requests Making request: GET http://metadata.google.internal/computeMetadata/v1/instance/service-accounts/kekinkito@gbox.adnu.edu.ph/token
2023-05-11 15:58:47,583 DEBUG    urllib3.connectionpool Resetting dropped connection: metadata.google.internal
2023-05-11 15:58:47,586 DEBUG    urllib3.connectionpool http://metadata.google.internal:80 "GET /computeMetadata/v1/instance/service-accounts/kekinkito@gbox.adnu.edu.ph/token HTTP/1.1" 200 None
2023-05-11 15:58:47,602 DEBUG    google.auth.transport.requests Making request: GET http://metadata.google.internal/computeMetadata/v1/instance/service-accounts/kekinkito@gbox.adnu.edu.ph/?recursive=true
2023-05-11 15:58:47,604 DEBUG    urllib3.connectionpool Starting new HTTP connection (1): metadata.google.internal:80
2023-05-11 15:58:47,607 DEBUG    urllib3.connectionpool http://metadata.google.internal:80 "GET /computeMetadata/v1/instance/service-accounts/kekinkito@gbox.adnu.edu.ph/?recursive=true HTTP/1.1" 200 None
2023-05-11 15:58:47,608 DEBUG    google.auth.transport.requests Making request: GET http://metadata.google.internal/computeMetadata/v1/instance/service-accounts/kekinkito@gbox.adnu.edu.ph/token
2023-05-11 15:58:47,610 DEBUG    urllib3.connectionpool Resetting dropped connection: metadata.google.internal
2023-05-11 15:58:47,613 DEBUG    urllib3.connectionpool http://metadata.google.internal:80 "GET /computeMetadata/v1/instance/service-accounts/kekinkito@gbox.adnu.edu.ph/token HTTP/1.1" 200 None
2023-05-11 15:58:47,624 DEBUG    urllib3.connectionpool Starting new HTTPS connection (1): asia-southeast1-run.googleapis.com:443
2023-05-11 15:58:47,941 DEBUG    urllib3.connectionpool https://asia-southeast1-run.googleapis.com:443 "GET /apis/serving.knative.dev/v1/namespaces/phishtension/services/nb-3?alt=json HTTP/1.1" 200 None
2023-05-11 15:58:47,950 DEBUG    root            Chosen display Format:service json
2023-05-11 15:58:47,951 INFO     root            Display format: "service json"
2023-05-11 15:58:47,955 INFO     ___FILE_ONLY___ {
  "apiVersion": "serving.knative.dev/v1",
  "kind": "Service",
  "metadata": {
    "annotations": {
      "client.knative.dev/user-image": "gcr.io/phishtension/nb-3",
      "run.googleapis.com/client-name": "Cloud Code for VS Code",
      "run.googleapis.com/client-version": "1.21.4",
      "run.googleapis.com/ingress": "all",
      "run.googleapis.com/ingress-status": "all",
      "run.googleapis.com/operation-id": "e15dd1ef-6619-4df0-bfd0-afb1afebabf8",
      "serving.knative.dev/creator": "kekinkito@gbox.adnu.edu.ph",
      "serving.knative.dev/lastModifier": "kekinkito@gbox.adnu.edu.ph"
    },
    "creationTimestamp": "2023-05-07T13:33:19.389542Z",
    "generation": 13,
    "labels": {
      "cloud.googleapis.com/location": "asia-southeast1"
    },
    "name": "nb-3",
    "namespace": "632799504819",
    "resourceVersion": "AAX7bRAvDnU",
    "selfLink": "/apis/serving.knative.dev/v1/namespaces/632799504819/services/nb-3",
    "uid": "1f60be99-1fa2-4275-8b05-35d8cf5ce509"
  },
  "spec": {
    "template": {
      "metadata": {
        "annotations": {
          "autoscaling.knative.dev/maxScale": "50",
          "client.knative.dev/user-image": "gcr.io/phishtension/nb-3",
          "run.googleapis.com/client-name": "Cloud Code for VS Code",
          "run.googleapis.com/client-version": "1.21.4"
        },
        "name": "nb-3-00013-nul"
      },
      "spec": {
        "containerConcurrency": 80,
        "containers": [
          {
            "image": "gcr.io/phishtension/nb-3",
            "ports": [
              {
                "containerPort": 8080,
                "name": "http1"
              }
            ],
            "resources": {
              "limits": {
                "cpu": "2",
                "memory": "800Mi"
              }
            },
            "startupProbe": {
              "failureThreshold": 1,
              "periodSeconds": 240,
              "tcpSocket": {
                "port": 8080
              },
              "timeoutSeconds": 240
            }
          }
        ],
        "serviceAccountName": "632799504819-compute@developer.gserviceaccount.com",
        "timeoutSeconds": 300
      }
    },
    "traffic": [
      {
        "latestRevision": true,
        "percent": 100
      }
    ]
  },
  "status": {
    "address": {
      "url": "https://nb-3-mgpp2ks77a-as.a.run.app"
    },
    "conditions": [
      {
        "lastTransitionTime": "2023-05-11T15:58:44.956561Z",
        "status": "True",
        "type": "Ready"
      },
      {
        "lastTransitionTime": "2023-05-11T15:58:39.342222Z",
        "status": "True",
        "type": "ConfigurationsReady"
      },
      {
        "lastTransitionTime": "2023-05-11T15:58:45.079669Z",
        "status": "True",
        "type": "RoutesReady"
      }
    ],
    "latestCreatedRevisionName": "nb-3-00013-nul",
    "latestReadyRevisionName": "nb-3-00013-nul",
    "observedGeneration": 13,
    "traffic": [
      {
        "latestRevision": true,
        "percent": 100,
        "revisionName": "nb-3-00013-nul"
      }
    ],
    "url": "https://nb-3-mgpp2ks77a-as.a.run.app"
  }
}
2023-05-11 15:58:47,956 INFO     ___FILE_ONLY___ 

2023-05-11 15:58:47,957 DEBUG    root            SDK update checks are disabled.
