2023-05-11 15:56:22,759 DEBUG    root            Loaded Command Group: ['gcloud', 'config']
2023-05-11 15:56:22,761 DEBUG    root            Loaded Command Group: ['gcloud', 'config', 'config_helper']
2023-05-11 15:56:22,764 DEBUG    root            Running [gcloud.config.config-helper] with arguments: [--format: "json", --quiet: "True", --verbosity: "warning"]
2023-05-11 15:56:22,778 DEBUG    google.auth.transport.requests Making request: GET http://metadata.google.internal/computeMetadata/v1/instance/service-accounts/kekinkito@gbox.adnu.edu.ph/?recursive=true
2023-05-11 15:56:22,781 DEBUG    urllib3.connectionpool Starting new HTTP connection (1): metadata.google.internal:80
2023-05-11 15:56:22,784 DEBUG    urllib3.connectionpool http://metadata.google.internal:80 "GET /computeMetadata/v1/instance/service-accounts/kekinkito@gbox.adnu.edu.ph/?recursive=true HTTP/1.1" 200 None
2023-05-11 15:56:22,786 DEBUG    google.auth.transport.requests Making request: GET http://metadata.google.internal/computeMetadata/v1/instance/service-accounts/kekinkito@gbox.adnu.edu.ph/token
2023-05-11 15:56:22,789 DEBUG    urllib3.connectionpool Resetting dropped connection: metadata.google.internal
2023-05-11 15:56:22,793 DEBUG    urllib3.connectionpool http://metadata.google.internal:80 "GET /computeMetadata/v1/instance/service-accounts/kekinkito@gbox.adnu.edu.ph/token HTTP/1.1" 200 None
2023-05-11 15:56:22,828 DEBUG    root            Chosen display Format:default json
2023-05-11 15:56:22,828 INFO     root            Display format: "default json"
2023-05-11 15:56:22,829 INFO     ___FILE_ONLY___ {
  "configuration": {
    "active_configuration": "default",
    "properties": {
      "accessibility": {
        "screen_reader": "True"
      },
      "component_manager": {
        "disable_update_check": "True"
      },
      "compute": {
        "gce_metadata_read_timeout_sec": "30"
      },
      "container": {
        "use_application_default_credentials": "true"
      },
      "core": {
        "account": "kekinkito@gbox.adnu.edu.ph",
        "disable_prompts": "True",
        "disable_usage_reporting": "True",
        "print_unhandled_tracebacks": "true",
        "verbosity": "warning"
      },
      "metrics": {
        "environment": "cloudcode.vscode",
        "environment_version": "1.21.4"
      }
    }
  },
  "credential": {
    "access_token": "ya29.a0AWY7CkmGRj8Nf2EPgtODWVRj1Iq07tR_91vopXWd2OneIAIHJRLE4qnTawdMGrMNCyxQJ1EYQpg5FvdAyXVzpWtQyeTTm87XvsLWLTqK8SiWGqqsIojCZjicFLRa6mITtMRocsZgXwBVNrrunUQVpEho6RrotnPeezZ0ZqDjGFVAF96v1oGRoR7ZcdlJsM9YGY8GoGzpYwIT5kIERmdlMJv5p20sZc5IA6Naxl4aCgYKAU4SARESFQG1tDrpS71iUoYYp2_hSyE-uUoePQ0238",
    "id_token": "eyJhbGciOiJSUzI1NiIsImtpZCI6Ijc3NzBiMDg1YmY2NDliNzI2YjM1NzQ3NjQwMzBlMWJkZTlhMTBhZTYiLCJ0eXAiOiJKV1QifQ.eyJpc3MiOiJhY2NvdW50cy5nb29nbGUuY29tIiwiYXpwIjoiNjE4MTA0NzA4MDU0LTlyOXMxYzRhbGczNmVybGl1Y2hvOXQ1Mm4zMm42ZGdxLmFwcHMuZ29vZ2xldXNlcmNvbnRlbnQuY29tIiwiYXVkIjoiNjE4MTA0NzA4MDU0LTlyOXMxYzRhbGczNmVybGl1Y2hvOXQ1Mm4zMm42ZGdxLmFwcHMuZ29vZ2xldXNlcmNvbnRlbnQuY29tIiwic3ViIjoiMTAyNjEzMTMyMjU4NjcwNDMzNTIxIiwiaGQiOiJnYm94LmFkbnUuZWR1LnBoIiwiZW1haWwiOiJrZWtpbmtpdG9AZ2JveC5hZG51LmVkdS5waCIsImVtYWlsX3ZlcmlmaWVkIjp0cnVlLCJhdF9oYXNoIjoibER2SFFGaUg0bWNlOWNyYjhtZWxVZyIsImlhdCI6MTY4MzgxOTY1NywiZXhwIjoxNjgzODIzMjU3LCJqdGkiOiI0N2YxZWE4MTE3ZjBhZThjMDA4NWM5NmEyZjRmZWIzMTJiOTFkOTEyIn0.NPTqHsN-giRaJgMKP3sj6IpPH8uaLJ_NPkR9qYjueaKrs50MaG5TeSSRNY-cK58nTtWohbNCoMo5eSDV_pDuG9c91Tn_1keSK_974C6Tux2q5lo8aTIia9NDwB5XKuK8uWrlokRXSX_qyoioK6HVNaSnYxcLus8Oy5wsh7KKPA43XRTt-QoOJo2UbQi_pbAOguPYEcqJlRcl0snBBGTC3dpZp7creWJSIYvyZRyeEPOnfhjocxcvUniVW3kRlm4JFee9gBhkfg80OeP2mAj1lz2btFht350xqHFjlX-BDtjFU3K7NRW8Xp505zx0yA2l8noK-jb2X5CnT8f-AQHgZw",
    "token_expiry": "2023-05-11T16:40:55Z"
  },
  "sentinels": {
    "config_sentinel": "/home/kekinkito/.config/gcloud/config_sentinel"
  }
}
2023-05-11 15:56:22,830 INFO     ___FILE_ONLY___ 

2023-05-11 15:56:22,830 DEBUG    root            SDK update checks are disabled.
