2023-05-11 16:32:17,514 DEBUG    root            Loaded Command Group: ['gcloud', 'run']
2023-05-11 16:32:17,567 DEBUG    root            Loaded Command Group: ['gcloud', 'run', 'deploy']
2023-05-11 16:32:17,592 DEBUG    root            Running [gcloud.run.deploy] with arguments: [--clear-env-vars: "True", --client-name: "Cloud Code for VS Code", --client-version: "1.21.4", --concurrency: "80", --cpu: "2", --image: "gcr.io/phishtension/nb-3", --memory: "800Mi", --platform: "managed", --port: "8080", --project: "phishtension", --region: "asia-southeast1", --service-account: "632799504819-compute@developer.gserviceaccount.com", --timeout: "300", SERVICE: "nb-3"]
2023-05-11 16:32:17,610 DEBUG    google.auth.transport.requests Making request: GET http://metadata.google.internal/computeMetadata/v1/instance/service-accounts/kekinkito@gbox.adnu.edu.ph/?recursive=true
2023-05-11 16:32:17,613 DEBUG    urllib3.connectionpool Starting new HTTP connection (1): metadata.google.internal:80
2023-05-11 16:32:17,616 DEBUG    urllib3.connectionpool http://metadata.google.internal:80 "GET /computeMetadata/v1/instance/service-accounts/kekinkito@gbox.adnu.edu.ph/?recursive=true HTTP/1.1" 200 None
2023-05-11 16:32:17,617 DEBUG    google.auth.transport.requests Making request: GET http://metadata.google.internal/computeMetadata/v1/instance/service-accounts/kekinkito@gbox.adnu.edu.ph/token
2023-05-11 16:32:17,619 DEBUG    urllib3.connectionpool Resetting dropped connection: metadata.google.internal
2023-05-11 16:32:17,622 DEBUG    urllib3.connectionpool http://metadata.google.internal:80 "GET /computeMetadata/v1/instance/service-accounts/kekinkito@gbox.adnu.edu.ph/token HTTP/1.1" 200 None
2023-05-11 16:32:17,638 DEBUG    google.auth.transport.requests Making request: GET http://metadata.google.internal/computeMetadata/v1/instance/service-accounts/kekinkito@gbox.adnu.edu.ph/?recursive=true
2023-05-11 16:32:17,640 DEBUG    urllib3.connectionpool Starting new HTTP connection (1): metadata.google.internal:80
2023-05-11 16:32:17,642 DEBUG    urllib3.connectionpool http://metadata.google.internal:80 "GET /computeMetadata/v1/instance/service-accounts/kekinkito@gbox.adnu.edu.ph/?recursive=true HTTP/1.1" 200 None
2023-05-11 16:32:17,643 DEBUG    google.auth.transport.requests Making request: GET http://metadata.google.internal/computeMetadata/v1/instance/service-accounts/kekinkito@gbox.adnu.edu.ph/token
2023-05-11 16:32:17,645 DEBUG    urllib3.connectionpool Resetting dropped connection: metadata.google.internal
2023-05-11 16:32:17,648 DEBUG    urllib3.connectionpool http://metadata.google.internal:80 "GET /computeMetadata/v1/instance/service-accounts/kekinkito@gbox.adnu.edu.ph/token HTTP/1.1" 200 None
2023-05-11 16:32:17,684 DEBUG    google.auth.transport.requests Making request: GET http://metadata.google.internal/computeMetadata/v1/instance/service-accounts/kekinkito@gbox.adnu.edu.ph/?recursive=true
2023-05-11 16:32:17,686 DEBUG    urllib3.connectionpool Starting new HTTP connection (1): metadata.google.internal:80
2023-05-11 16:32:17,689 DEBUG    urllib3.connectionpool http://metadata.google.internal:80 "GET /computeMetadata/v1/instance/service-accounts/kekinkito@gbox.adnu.edu.ph/?recursive=true HTTP/1.1" 200 None
2023-05-11 16:32:17,690 DEBUG    google.auth.transport.requests Making request: GET http://metadata.google.internal/computeMetadata/v1/instance/service-accounts/kekinkito@gbox.adnu.edu.ph/token
2023-05-11 16:32:17,692 DEBUG    urllib3.connectionpool Resetting dropped connection: metadata.google.internal
2023-05-11 16:32:17,695 DEBUG    urllib3.connectionpool http://metadata.google.internal:80 "GET /computeMetadata/v1/instance/service-accounts/kekinkito@gbox.adnu.edu.ph/token HTTP/1.1" 200 None
2023-05-11 16:32:17,715 DEBUG    google.auth.transport.requests Making request: GET http://metadata.google.internal/computeMetadata/v1/instance/service-accounts/kekinkito@gbox.adnu.edu.ph/?recursive=true
2023-05-11 16:32:17,717 DEBUG    urllib3.connectionpool Starting new HTTP connection (1): metadata.google.internal:80
2023-05-11 16:32:17,722 DEBUG    urllib3.connectionpool http://metadata.google.internal:80 "GET /computeMetadata/v1/instance/service-accounts/kekinkito@gbox.adnu.edu.ph/?recursive=true HTTP/1.1" 200 None
2023-05-11 16:32:17,723 DEBUG    google.auth.transport.requests Making request: GET http://metadata.google.internal/computeMetadata/v1/instance/service-accounts/kekinkito@gbox.adnu.edu.ph/token
2023-05-11 16:32:17,725 DEBUG    urllib3.connectionpool Resetting dropped connection: metadata.google.internal
2023-05-11 16:32:17,728 DEBUG    urllib3.connectionpool http://metadata.google.internal:80 "GET /computeMetadata/v1/instance/service-accounts/kekinkito@gbox.adnu.edu.ph/token HTTP/1.1" 200 None
2023-05-11 16:32:17,739 DEBUG    urllib3.connectionpool Starting new HTTPS connection (1): asia-southeast1-run.googleapis.com:443
2023-05-11 16:32:18,060 DEBUG    urllib3.connectionpool https://asia-southeast1-run.googleapis.com:443 "GET /apis/serving.knative.dev/v1/namespaces/phishtension/services/nb-3?alt=json HTTP/1.1" 200 None
2023-05-11 16:32:18,071 INFO     ___FILE_ONLY___ Deploying container to Cloud Run service [nb-3] in project [phishtension] region [asia-southeast1]

2023-05-11 16:32:18,071 INFO     ___FILE_ONLY___ Deploying...
2023-05-11 16:32:18,085 DEBUG    urllib3.connectionpool Starting new HTTPS connection (1): asia-southeast1-run.googleapis.com:443
2023-05-11 16:32:18,690 DEBUG    urllib3.connectionpool https://asia-southeast1-run.googleapis.com:443 "PUT /apis/serving.knative.dev/v1/namespaces/phishtension/services/nb-3?alt=json HTTP/1.1" 200 None
2023-05-11 16:32:18,703 DEBUG    urllib3.connectionpool Starting new HTTPS connection (1): asia-southeast1-run.googleapis.com:443
2023-05-11 16:32:19,010 DEBUG    urllib3.connectionpool https://asia-southeast1-run.googleapis.com:443 "GET /apis/serving.knative.dev/v1/namespaces/phishtension/services/nb-3?alt=json HTTP/1.1" 200 None
2023-05-11 16:32:20,023 DEBUG    urllib3.connectionpool Starting new HTTPS connection (1): asia-southeast1-run.googleapis.com:443
2023-05-11 16:32:20,380 DEBUG    urllib3.connectionpool https://asia-southeast1-run.googleapis.com:443 "GET /apis/serving.knative.dev/v1/namespaces/phishtension/services/nb-3?alt=json HTTP/1.1" 200 None
2023-05-11 16:32:21,391 DEBUG    urllib3.connectionpool Starting new HTTPS connection (1): asia-southeast1-run.googleapis.com:443
2023-05-11 16:32:21,716 DEBUG    urllib3.connectionpool https://asia-southeast1-run.googleapis.com:443 "GET /apis/serving.knative.dev/v1/namespaces/phishtension/services/nb-3?alt=json HTTP/1.1" 200 None
2023-05-11 16:32:22,729 DEBUG    urllib3.connectionpool Starting new HTTPS connection (1): asia-southeast1-run.googleapis.com:443
2023-05-11 16:32:23,073 DEBUG    urllib3.connectionpool https://asia-southeast1-run.googleapis.com:443 "GET /apis/serving.knative.dev/v1/namespaces/phishtension/services/nb-3?alt=json HTTP/1.1" 200 None
2023-05-11 16:32:24,086 DEBUG    urllib3.connectionpool Starting new HTTPS connection (1): asia-southeast1-run.googleapis.com:443
2023-05-11 16:32:24,391 DEBUG    urllib3.connectionpool https://asia-southeast1-run.googleapis.com:443 "GET /apis/serving.knative.dev/v1/namespaces/phishtension/services/nb-3?alt=json HTTP/1.1" 200 None
2023-05-11 16:32:25,404 DEBUG    urllib3.connectionpool Starting new HTTPS connection (1): asia-southeast1-run.googleapis.com:443
2023-05-11 16:32:25,700 DEBUG    urllib3.connectionpool https://asia-southeast1-run.googleapis.com:443 "GET /apis/serving.knative.dev/v1/namespaces/phishtension/services/nb-3?alt=json HTTP/1.1" 200 None
2023-05-11 16:32:26,712 DEBUG    urllib3.connectionpool Starting new HTTPS connection (1): asia-southeast1-run.googleapis.com:443
2023-05-11 16:32:27,009 DEBUG    urllib3.connectionpool https://asia-southeast1-run.googleapis.com:443 "GET /apis/serving.knative.dev/v1/namespaces/phishtension/services/nb-3?alt=json HTTP/1.1" 200 None
2023-05-11 16:32:28,021 DEBUG    urllib3.connectionpool Starting new HTTPS connection (1): asia-southeast1-run.googleapis.com:443
2023-05-11 16:32:28,335 DEBUG    urllib3.connectionpool https://asia-southeast1-run.googleapis.com:443 "GET /apis/serving.knative.dev/v1/namespaces/phishtension/services/nb-3?alt=json HTTP/1.1" 200 None
2023-05-11 16:32:29,346 DEBUG    urllib3.connectionpool Starting new HTTPS connection (1): asia-southeast1-run.googleapis.com:443
2023-05-11 16:32:29,676 DEBUG    urllib3.connectionpool https://asia-southeast1-run.googleapis.com:443 "GET /apis/serving.knative.dev/v1/namespaces/phishtension/services/nb-3?alt=json HTTP/1.1" 200 None
2023-05-11 16:32:30,687 DEBUG    urllib3.connectionpool Starting new HTTPS connection (1): asia-southeast1-run.googleapis.com:443
2023-05-11 16:32:31,002 DEBUG    urllib3.connectionpool https://asia-southeast1-run.googleapis.com:443 "GET /apis/serving.knative.dev/v1/namespaces/phishtension/services/nb-3?alt=json HTTP/1.1" 200 None
2023-05-11 16:32:32,014 DEBUG    urllib3.connectionpool Starting new HTTPS connection (1): asia-southeast1-run.googleapis.com:443
2023-05-11 16:32:32,386 DEBUG    urllib3.connectionpool https://asia-southeast1-run.googleapis.com:443 "GET /apis/serving.knative.dev/v1/namespaces/phishtension/services/nb-3?alt=json HTTP/1.1" 200 None
2023-05-11 16:32:33,397 DEBUG    urllib3.connectionpool Starting new HTTPS connection (1): asia-southeast1-run.googleapis.com:443
2023-05-11 16:32:33,736 DEBUG    urllib3.connectionpool https://asia-southeast1-run.googleapis.com:443 "GET /apis/serving.knative.dev/v1/namespaces/phishtension/services/nb-3?alt=json HTTP/1.1" 200 None
2023-05-11 16:32:34,746 DEBUG    urllib3.connectionpool Starting new HTTPS connection (1): asia-southeast1-run.googleapis.com:443
2023-05-11 16:32:35,088 DEBUG    urllib3.connectionpool https://asia-southeast1-run.googleapis.com:443 "GET /apis/serving.knative.dev/v1/namespaces/phishtension/services/nb-3?alt=json HTTP/1.1" 200 None
2023-05-11 16:32:36,101 DEBUG    urllib3.connectionpool Starting new HTTPS connection (1): asia-southeast1-run.googleapis.com:443
2023-05-11 16:32:36,402 DEBUG    urllib3.connectionpool https://asia-southeast1-run.googleapis.com:443 "GET /apis/serving.knative.dev/v1/namespaces/phishtension/services/nb-3?alt=json HTTP/1.1" 200 None
2023-05-11 16:32:37,413 DEBUG    urllib3.connectionpool Starting new HTTPS connection (1): asia-southeast1-run.googleapis.com:443
2023-05-11 16:32:37,739 DEBUG    urllib3.connectionpool https://asia-southeast1-run.googleapis.com:443 "GET /apis/serving.knative.dev/v1/namespaces/phishtension/services/nb-3?alt=json HTTP/1.1" 200 None
2023-05-11 16:32:37,750 DEBUG    urllib3.connectionpool Starting new HTTPS connection (1): asia-southeast1-run.googleapis.com:443
2023-05-11 16:32:38,067 DEBUG    urllib3.connectionpool https://asia-southeast1-run.googleapis.com:443 "GET /apis/serving.knative.dev/v1/namespaces/phishtension/services/nb-3?alt=json HTTP/1.1" 200 None
2023-05-11 16:32:38,132 DEBUG    urllib3.connectionpool Starting new HTTPS connection (1): asia-southeast1-run.googleapis.com:443
2023-05-11 16:32:38,442 DEBUG    urllib3.connectionpool https://asia-southeast1-run.googleapis.com:443 "GET /apis/serving.knative.dev/v1/namespaces/phishtension/services/nb-3?alt=json HTTP/1.1" 200 None
2023-05-11 16:32:38,449 INFO     ___FILE_ONLY___ Service [nb-3] revision [nb-3-00017-qek] has been deployed and is serving 100 percent of traffic.
Service URL: https://nb-3-mgpp2ks77a-as.a.run.app

2023-05-11 16:32:38,450 DEBUG    root            Chosen display Format:none
2023-05-11 16:32:38,451 INFO     root            Display format: "none"
2023-05-11 16:32:38,456 DEBUG    root            SDK update checks are disabled.
