2023-04-13 04:23:11,673 DEBUG    root            Loaded Command Group: ['gcloud', 'beta', 'run']
2023-04-13 04:23:11,693 DEBUG    root            Loaded Command Group: ['gcloud', 'beta', 'run', 'services']
2023-04-13 04:23:11,733 DEBUG    root            Loaded Command Group: ['gcloud', 'beta', 'run', 'services', 'describe']
2023-04-13 04:23:11,741 DEBUG    root            Running [gcloud.beta.run.services.describe] with arguments: [--format: "json", --platform: "managed", --project: "phishtension", --quiet: "True", --region: "asia-southeast1", --verbosity: "warning", SERVICE: "nb3"]
2023-04-13 04:23:11,754 DEBUG    google.auth.transport.requests Making request: GET http://metadata.google.internal/computeMetadata/v1/instance/service-accounts/kekinkito@gbox.adnu.edu.ph/?recursive=true
2023-04-13 04:23:11,757 DEBUG    urllib3.connectionpool Starting new HTTP connection (1): metadata.google.internal:80
2023-04-13 04:23:11,760 DEBUG    urllib3.connectionpool http://metadata.google.internal:80 "GET /computeMetadata/v1/instance/service-accounts/kekinkito@gbox.adnu.edu.ph/?recursive=true HTTP/1.1" 200 None
2023-04-13 04:23:11,761 DEBUG    google.auth.transport.requests Making request: GET http://metadata.google.internal/computeMetadata/v1/instance/service-accounts/kekinkito@gbox.adnu.edu.ph/token
2023-04-13 04:23:11,763 DEBUG    urllib3.connectionpool Resetting dropped connection: metadata.google.internal
2023-04-13 04:23:11,766 DEBUG    urllib3.connectionpool http://metadata.google.internal:80 "GET /computeMetadata/v1/instance/service-accounts/kekinkito@gbox.adnu.edu.ph/token HTTP/1.1" 200 None
2023-04-13 04:23:11,778 DEBUG    google.auth.transport.requests Making request: GET http://metadata.google.internal/computeMetadata/v1/instance/service-accounts/kekinkito@gbox.adnu.edu.ph/?recursive=true
2023-04-13 04:23:11,781 DEBUG    urllib3.connectionpool Starting new HTTP connection (1): metadata.google.internal:80
2023-04-13 04:23:11,784 DEBUG    urllib3.connectionpool http://metadata.google.internal:80 "GET /computeMetadata/v1/instance/service-accounts/kekinkito@gbox.adnu.edu.ph/?recursive=true HTTP/1.1" 200 None
2023-04-13 04:23:11,785 DEBUG    google.auth.transport.requests Making request: GET http://metadata.google.internal/computeMetadata/v1/instance/service-accounts/kekinkito@gbox.adnu.edu.ph/token
2023-04-13 04:23:11,787 DEBUG    urllib3.connectionpool Resetting dropped connection: metadata.google.internal
2023-04-13 04:23:11,790 DEBUG    urllib3.connectionpool http://metadata.google.internal:80 "GET /computeMetadata/v1/instance/service-accounts/kekinkito@gbox.adnu.edu.ph/token HTTP/1.1" 200 None
2023-04-13 04:23:11,825 DEBUG    google.auth.transport.requests Making request: GET http://metadata.google.internal/computeMetadata/v1/instance/service-accounts/kekinkito@gbox.adnu.edu.ph/?recursive=true
2023-04-13 04:23:11,827 DEBUG    urllib3.connectionpool Starting new HTTP connection (1): metadata.google.internal:80
2023-04-13 04:23:11,830 DEBUG    urllib3.connectionpool http://metadata.google.internal:80 "GET /computeMetadata/v1/instance/service-accounts/kekinkito@gbox.adnu.edu.ph/?recursive=true HTTP/1.1" 200 None
2023-04-13 04:23:11,831 DEBUG    google.auth.transport.requests Making request: GET http://metadata.google.internal/computeMetadata/v1/instance/service-accounts/kekinkito@gbox.adnu.edu.ph/token
2023-04-13 04:23:11,834 DEBUG    urllib3.connectionpool Resetting dropped connection: metadata.google.internal
2023-04-13 04:23:11,837 DEBUG    urllib3.connectionpool http://metadata.google.internal:80 "GET /computeMetadata/v1/instance/service-accounts/kekinkito@gbox.adnu.edu.ph/token HTTP/1.1" 200 None
2023-04-13 04:23:11,850 DEBUG    google.auth.transport.requests Making request: GET http://metadata.google.internal/computeMetadata/v1/instance/service-accounts/kekinkito@gbox.adnu.edu.ph/?recursive=true
2023-04-13 04:23:11,852 DEBUG    urllib3.connectionpool Starting new HTTP connection (1): metadata.google.internal:80
2023-04-13 04:23:11,855 DEBUG    urllib3.connectionpool http://metadata.google.internal:80 "GET /computeMetadata/v1/instance/service-accounts/kekinkito@gbox.adnu.edu.ph/?recursive=true HTTP/1.1" 200 None
2023-04-13 04:23:11,856 DEBUG    google.auth.transport.requests Making request: GET http://metadata.google.internal/computeMetadata/v1/instance/service-accounts/kekinkito@gbox.adnu.edu.ph/token
2023-04-13 04:23:11,858 DEBUG    urllib3.connectionpool Resetting dropped connection: metadata.google.internal
2023-04-13 04:23:11,861 DEBUG    urllib3.connectionpool http://metadata.google.internal:80 "GET /computeMetadata/v1/instance/service-accounts/kekinkito@gbox.adnu.edu.ph/token HTTP/1.1" 200 None
2023-04-13 04:23:11,870 DEBUG    urllib3.connectionpool Starting new HTTPS connection (1): asia-southeast1-run.googleapis.com:443
2023-04-13 04:23:12,197 DEBUG    urllib3.connectionpool https://asia-southeast1-run.googleapis.com:443 "GET /apis/serving.knative.dev/v1/namespaces/phishtension/services/nb3?alt=json HTTP/1.1" 200 None
2023-04-13 04:23:12,206 DEBUG    root            Chosen display Format:service json
2023-04-13 04:23:12,206 INFO     root            Display format: "service json"
2023-04-13 04:23:12,211 INFO     ___FILE_ONLY___ {
  "apiVersion": "serving.knative.dev/v1",
  "kind": "Service",
  "metadata": {
    "annotations": {
      "client.knative.dev/user-image": "gcr.io/phishtension/nb-3",
      "run.googleapis.com/client-name": "Cloud Code for VS Code",
      "run.googleapis.com/client-version": "1.21.2",
      "run.googleapis.com/ingress": "all",
      "run.googleapis.com/ingress-status": "all",
      "run.googleapis.com/operation-id": "37e437db-c894-41a8-8cda-2496ee2c5770",
      "serving.knative.dev/creator": "kekinkito@gbox.adnu.edu.ph",
      "serving.knative.dev/lastModifier": "kekinkito@gbox.adnu.edu.ph"
    },
    "creationTimestamp": "2023-03-29T07:16:22.299045Z",
    "generation": 43,
    "labels": {
      "cloud.googleapis.com/location": "asia-southeast1"
    },
    "name": "nb3",
    "namespace": "632799504819",
    "resourceVersion": "AAX5MBT5AOI",
    "selfLink": "/apis/serving.knative.dev/v1/namespaces/632799504819/services/nb3",
    "uid": "6f8b44af-8f0a-43fc-a7a7-f7196e96d8e2"
  },
  "spec": {
    "template": {
      "metadata": {
        "annotations": {
          "autoscaling.knative.dev/maxScale": "100",
          "client.knative.dev/user-image": "gcr.io/phishtension/nb-3",
          "run.googleapis.com/client-name": "Cloud Code for VS Code",
          "run.googleapis.com/client-version": "1.21.2"
        },
        "name": "nb3-00043-miy"
      },
      "spec": {
        "containerConcurrency": 80,
        "containers": [
          {
            "image": "gcr.io/phishtension/nb-3",
            "ports": [
              {
                "containerPort": 8080,
                "name": "http1"
              }
            ],
            "resources": {
              "limits": {
                "cpu": "1",
                "memory": "256Mi"
              }
            },
            "startupProbe": {
              "failureThreshold": 1,
              "periodSeconds": 240,
              "tcpSocket": {
                "port": 8080
              },
              "timeoutSeconds": 240
            }
          }
        ],
        "serviceAccountName": "632799504819-compute@developer.gserviceaccount.com",
        "timeoutSeconds": 300
      }
    },
    "traffic": [
      {
        "latestRevision": true,
        "percent": 100
      }
    ]
  },
  "status": {
    "address": {
      "url": "https://nb3-mgpp2ks77a-as.a.run.app"
    },
    "conditions": [
      {
        "lastTransitionTime": "2023-04-13T04:23:09.069402Z",
        "status": "True",
        "type": "Ready"
      },
      {
        "lastTransitionTime": "2023-04-13T04:23:03.548179Z",
        "status": "True",
        "type": "ConfigurationsReady"
      },
      {
        "lastTransitionTime": "2023-04-13T04:23:09.162722Z",
        "status": "True",
        "type": "RoutesReady"
      }
    ],
    "latestCreatedRevisionName": "nb3-00043-miy",
    "latestReadyRevisionName": "nb3-00043-miy",
    "observedGeneration": 43,
    "traffic": [
      {
        "latestRevision": true,
        "percent": 100,
        "revisionName": "nb3-00043-miy"
      }
    ],
    "url": "https://nb3-mgpp2ks77a-as.a.run.app"
  }
}
2023-04-13 04:23:12,211 INFO     ___FILE_ONLY___ 

2023-04-13 04:23:12,214 DEBUG    root            SDK update checks are disabled.
