2023-05-13 02:37:09,226 DEBUG    root            Loaded Command Group: ['gcloud', 'auth']
2023-05-13 02:37:09,234 DEBUG    root            Loaded Command Group: ['gcloud', 'auth', 'docker_helper']
2023-05-13 02:37:09,237 DEBUG    root            Running [gcloud.auth.docker-helper] with arguments: [METHOD: "get"]
2023-05-13 02:37:09,250 DEBUG    google.auth.transport.requests Making request: GET http://metadata.google.internal/computeMetadata/v1/instance/service-accounts/kekinkito@gbox.adnu.edu.ph/?recursive=true
2023-05-13 02:37:09,254 DEBUG    urllib3.connectionpool Starting new HTTP connection (1): metadata.google.internal:80
2023-05-13 02:37:09,258 DEBUG    urllib3.connectionpool http://metadata.google.internal:80 "GET /computeMetadata/v1/instance/service-accounts/kekinkito@gbox.adnu.edu.ph/?recursive=true HTTP/1.1" 200 None
2023-05-13 02:37:09,259 DEBUG    google.auth.transport.requests Making request: GET http://metadata.google.internal/computeMetadata/v1/instance/service-accounts/kekinkito@gbox.adnu.edu.ph/token
2023-05-13 02:37:09,261 DEBUG    urllib3.connectionpool Resetting dropped connection: metadata.google.internal
2023-05-13 02:37:09,264 DEBUG    urllib3.connectionpool http://metadata.google.internal:80 "GET /computeMetadata/v1/instance/service-accounts/kekinkito@gbox.adnu.edu.ph/token HTTP/1.1" 200 None
2023-05-13 02:37:09,273 DEBUG    google.auth.transport.requests Making request: GET http://metadata.google.internal/computeMetadata/v1/instance/service-accounts/kekinkito@gbox.adnu.edu.ph/?recursive=true
2023-05-13 02:37:09,275 DEBUG    urllib3.connectionpool Starting new HTTP connection (1): metadata.google.internal:80
2023-05-13 02:37:09,278 DEBUG    urllib3.connectionpool http://metadata.google.internal:80 "GET /computeMetadata/v1/instance/service-accounts/kekinkito@gbox.adnu.edu.ph/?recursive=true HTTP/1.1" 200 None
2023-05-13 02:37:09,278 DEBUG    google.auth.transport.requests Making request: GET http://metadata.google.internal/computeMetadata/v1/instance/service-accounts/kekinkito@gbox.adnu.edu.ph/token?scopes=%0Aemail%0Ahttps%3A%2F%2Fwww.googleapis.com%2Fauth%2Fcloud-platform%0A
2023-05-13 02:37:09,281 DEBUG    urllib3.connectionpool Resetting dropped connection: metadata.google.internal
2023-05-13 02:37:09,284 DEBUG    urllib3.connectionpool http://metadata.google.internal:80 "GET /computeMetadata/v1/instance/service-accounts/kekinkito@gbox.adnu.edu.ph/token?scopes=%0Aemail%0Ahttps%3A%2F%2Fwww.googleapis.com%2Fauth%2Fcloud-platform%0A HTTP/1.1" 200 None
2023-05-13 02:37:09,289 DEBUG    root            Chosen display Format:json
2023-05-13 02:37:09,289 INFO     root            Display format: "json"
2023-05-13 02:37:09,290 INFO     ___FILE_ONLY___ {
  "Secret": "ya29.a0AWY7CknmC0CgJjrTICPyu45WDaVCpmO-gpztNalN5k5USQUDJkpYWHvLLisViHada_6G2XwZZylKeEbqkxKRtKCwWmawuRjaw94LKIBLI6Ffr6Os74w804ToFFGtkW9w0QHt_dW6RSPDLn8rCMlkMZSaVyfOZNkIWBJ9u5iDm1I3ORfArX4QHybA4WPGLON4ScrUwPhImynJdHhfZXqC7MhGTBWTdRhfmAYQYmcaCgYKASESARESFQG1tDrpc8ybh_ZZKMyDyiajJtdljw0238",
  "Username": "_dcgcloud_token"
}
2023-05-13 02:37:09,290 INFO     ___FILE_ONLY___ 

2023-05-13 02:37:09,290 DEBUG    root            SDK update checks are disabled.
