2023-04-21 05:44:37,921 DEBUG    root            Loaded Command Group: ['gcloud', 'config']
2023-04-21 05:44:37,924 DEBUG    root            Loaded Command Group: ['gcloud', 'config', 'config_helper']
2023-04-21 05:44:37,927 DEBUG    root            Running [gcloud.config.config-helper] with arguments: [--format: "json", --quiet: "True", --verbosity: "warning"]
2023-04-21 05:44:37,939 DEBUG    google.auth.transport.requests Making request: GET http://metadata.google.internal/computeMetadata/v1/instance/service-accounts/kekinkito@gbox.adnu.edu.ph/?recursive=true
2023-04-21 05:44:37,942 DEBUG    urllib3.connectionpool Starting new HTTP connection (1): metadata.google.internal:80
2023-04-21 05:44:37,945 DEBUG    urllib3.connectionpool http://metadata.google.internal:80 "GET /computeMetadata/v1/instance/service-accounts/kekinkito@gbox.adnu.edu.ph/?recursive=true HTTP/1.1" 200 None
2023-04-21 05:44:37,946 DEBUG    google.auth.transport.requests Making request: GET http://metadata.google.internal/computeMetadata/v1/instance/service-accounts/kekinkito@gbox.adnu.edu.ph/token
2023-04-21 05:44:37,948 DEBUG    urllib3.connectionpool Resetting dropped connection: metadata.google.internal
2023-04-21 05:44:37,951 DEBUG    urllib3.connectionpool http://metadata.google.internal:80 "GET /computeMetadata/v1/instance/service-accounts/kekinkito@gbox.adnu.edu.ph/token HTTP/1.1" 200 None
2023-04-21 05:44:37,980 DEBUG    root            Chosen display Format:default json
2023-04-21 05:44:37,981 INFO     root            Display format: "default json"
2023-04-21 05:44:37,982 INFO     ___FILE_ONLY___ {
  "configuration": {
    "active_configuration": "default",
    "properties": {
      "accessibility": {
        "screen_reader": "True"
      },
      "component_manager": {
        "disable_update_check": "True"
      },
      "compute": {
        "gce_metadata_read_timeout_sec": "30"
      },
      "container": {
        "use_application_default_credentials": "true"
      },
      "core": {
        "account": "kekinkito@gbox.adnu.edu.ph",
        "disable_prompts": "True",
        "disable_usage_reporting": "True",
        "print_unhandled_tracebacks": "true",
        "verbosity": "warning"
      },
      "metrics": {
        "environment": "cloudcode.vscode",
        "environment_version": "1.21.4"
      }
    }
  },
  "credential": {
    "access_token": "ya29.a0Ael9sCPl2UWgMKXYWrHKgYIzrIPkQLF_j8HD2Aer1puzsDiC0oXdKp5OjKZUfTAtz_BbfXao2aJS60P4QI56ACry27s4w296dNGTSCHVvz962nxpjRdQJ4QgdQ8il4qCIaSLhLOtvEgS99hj_g4IBhNPEm7PwK5TLqT9husN8c55sZb9CQcLYUUfbJUfJZINk1Q_qIN4MfiYfFd2bULHr44XcDNjB-gUK5_FF8a4aCgYKAU0SARESFQF4udJhRoaZ2qtKmvQlUYR-p7B0UA0239",
    "id_token": "eyJhbGciOiJSUzI1NiIsImtpZCI6Ijg2OTY5YWVjMzdhNzc4MGYxODgwNzg3NzU5M2JiYmY4Y2Y1ZGU1Y2UiLCJ0eXAiOiJKV1QifQ.eyJpc3MiOiJhY2NvdW50cy5nb29nbGUuY29tIiwiYXpwIjoiNjE4MTA0NzA4MDU0LTlyOXMxYzRhbGczNmVybGl1Y2hvOXQ1Mm4zMm42ZGdxLmFwcHMuZ29vZ2xldXNlcmNvbnRlbnQuY29tIiwiYXVkIjoiNjE4MTA0NzA4MDU0LTlyOXMxYzRhbGczNmVybGl1Y2hvOXQ1Mm4zMm42ZGdxLmFwcHMuZ29vZ2xldXNlcmNvbnRlbnQuY29tIiwic3ViIjoiMTAyNjEzMTMyMjU4NjcwNDMzNTIxIiwiaGQiOiJnYm94LmFkbnUuZWR1LnBoIiwiZW1haWwiOiJrZWtpbmtpdG9AZ2JveC5hZG51LmVkdS5waCIsImVtYWlsX3ZlcmlmaWVkIjp0cnVlLCJhdF9oYXNoIjoiTXg5ckNzWTFxQ0RoN1RzOEpMZlBRZyIsImlhdCI6MTY4MjA1NTQ4MywiZXhwIjoxNjgyMDU5MDgzLCJqdGkiOiI1ZjBiYjA5ZjkxNTVmMzI3NTAyNGEzODVkYWIwNzhkODgyODljOTU1In0.s3RjE4hWX_LYr7LwNGK90rzL_Sqwz6MFYZLJvIbesqGo9qLKiJ0yYJ4hQ4rUnXBGEVZcQvPa5ri26Ul0uc3yWHW7ULVSpGJ4mIi-G4lELvpzfLNt7txURGDqjiUGmd3FcZ0FOqaAnabUg6gV3hwrocBha7Xr-pkkemB-Uv-UxZcX7sb4Sknf24Vn5L2I-uUeGlfvl3hKNlUAPyjheq8XO04Q2G8VK8McLpIImzgD14D3hRXVFUSaGsIP3nXyXtI8e9p9-Ux8pMjefbLR18NRKyIjpTz1ebAK9aXvwpQMf0-Nykc2AOvDif0oajU-rmBEwXEkkAXAB-J3DCBwC2Qdgg",
    "token_expiry": "2023-04-21T06:38:02Z"
  },
  "sentinels": {
    "config_sentinel": "/home/kekinkito/.config/gcloud/config_sentinel"
  }
}
2023-04-21 05:44:37,982 INFO     ___FILE_ONLY___ 

2023-04-21 05:44:37,982 DEBUG    root            SDK update checks are disabled.
