2023-04-21 05:48:36,178 DEBUG    root            Loaded Command Group: ['gcloud', 'run']
2023-04-21 05:48:36,197 DEBUG    root            Loaded Command Group: ['gcloud', 'run', 'services']
2023-04-21 05:48:36,234 DEBUG    root            Loaded Command Group: ['gcloud', 'run', 'services', 'list']
2023-04-21 05:48:36,242 DEBUG    root            Running [gcloud.run.services.list] with arguments: [--filter: "NOT metadata.labels.goog-managed-by:"cloudfunctions"", --format: "json", --platform: "managed", --project: "phishtension", --quiet: "True", --verbosity: "warning"]
2023-04-21 05:48:36,256 DEBUG    google.auth.transport.requests Making request: GET http://metadata.google.internal/computeMetadata/v1/instance/service-accounts/kekinkito@gbox.adnu.edu.ph/?recursive=true
2023-04-21 05:48:36,259 DEBUG    urllib3.connectionpool Starting new HTTP connection (1): metadata.google.internal:80
2023-04-21 05:48:36,262 DEBUG    urllib3.connectionpool http://metadata.google.internal:80 "GET /computeMetadata/v1/instance/service-accounts/kekinkito@gbox.adnu.edu.ph/?recursive=true HTTP/1.1" 200 None
2023-04-21 05:48:36,263 DEBUG    google.auth.transport.requests Making request: GET http://metadata.google.internal/computeMetadata/v1/instance/service-accounts/kekinkito@gbox.adnu.edu.ph/token
2023-04-21 05:48:36,265 DEBUG    urllib3.connectionpool Resetting dropped connection: metadata.google.internal
2023-04-21 05:48:36,269 DEBUG    urllib3.connectionpool http://metadata.google.internal:80 "GET /computeMetadata/v1/instance/service-accounts/kekinkito@gbox.adnu.edu.ph/token HTTP/1.1" 200 None
2023-04-21 05:48:36,286 DEBUG    google.auth.transport.requests Making request: GET http://metadata.google.internal/computeMetadata/v1/instance/service-accounts/kekinkito@gbox.adnu.edu.ph/?recursive=true
2023-04-21 05:48:36,288 DEBUG    urllib3.connectionpool Starting new HTTP connection (1): metadata.google.internal:80
2023-04-21 05:48:36,292 DEBUG    urllib3.connectionpool http://metadata.google.internal:80 "GET /computeMetadata/v1/instance/service-accounts/kekinkito@gbox.adnu.edu.ph/?recursive=true HTTP/1.1" 200 None
2023-04-21 05:48:36,293 DEBUG    google.auth.transport.requests Making request: GET http://metadata.google.internal/computeMetadata/v1/instance/service-accounts/kekinkito@gbox.adnu.edu.ph/token
2023-04-21 05:48:36,295 DEBUG    urllib3.connectionpool Resetting dropped connection: metadata.google.internal
2023-04-21 05:48:36,298 DEBUG    urllib3.connectionpool http://metadata.google.internal:80 "GET /computeMetadata/v1/instance/service-accounts/kekinkito@gbox.adnu.edu.ph/token HTTP/1.1" 200 None
2023-04-21 05:48:36,321 DEBUG    urllib3.connectionpool Starting new HTTPS connection (1): run.googleapis.com:443
2023-04-21 05:48:36,890 DEBUG    urllib3.connectionpool https://run.googleapis.com:443 "GET /v1/projects/phishtension/locations/-/services?alt=json HTTP/1.1" 200 None
2023-04-21 05:48:36,900 DEBUG    root            Chosen display Format:table(ready_symbol.color(red="[xX]",green="[✓✔]",yellow="[-!…]"):label="",firstof(id,metadata.name):label=SERVICE,region:label=REGION,domain:label=URL,last_modifier:label="LAST DEPLOYED BY",last_transition_time:label="LAST DEPLOYED AT"):(metadata.labels.'run.googleapis.com/satisfiesPzs':alias='satisfiesPzs') json
2023-04-21 05:48:36,902 INFO     root            Display format: "table(ready_symbol.color(red="[xX]",green="[✓✔]",yellow="[-!…]"):label="",firstof(id,metadata.name):label=SERVICE,region:label=REGION,domain:label=URL,last_modifier:label="LAST DEPLOYED BY",last_transition_time:label="LAST DEPLOYED AT"):(metadata.labels.'run.googleapis.com/satisfiesPzs':alias='satisfiesPzs') json"
2023-04-21 05:48:36,914 INFO     ___FILE_ONLY___ [
  {
2023-04-21 05:48:36,914 INFO     ___FILE_ONLY___ 
    "apiVersion": "serving.knative.dev/v1",
2023-04-21 05:48:36,915 INFO     ___FILE_ONLY___ 
    "kind": "Service",
2023-04-21 05:48:36,915 INFO     ___FILE_ONLY___ 
    "metadata": {
2023-04-21 05:48:36,915 INFO     ___FILE_ONLY___ 
      "annotations": {
2023-04-21 05:48:36,915 INFO     ___FILE_ONLY___ 
        "client.knative.dev/user-image": "gcr.io/phishtension/nb-3-django",
2023-04-21 05:48:36,915 INFO     ___FILE_ONLY___ 
        "run.googleapis.com/client-name": "Cloud Code for VS Code",
2023-04-21 05:48:36,915 INFO     ___FILE_ONLY___ 
        "run.googleapis.com/client-version": "1.21.2",
2023-04-21 05:48:36,915 INFO     ___FILE_ONLY___ 
        "run.googleapis.com/ingress": "all",
2023-04-21 05:48:36,915 INFO     ___FILE_ONLY___ 
        "run.googleapis.com/ingress-status": "all",
2023-04-21 05:48:36,915 INFO     ___FILE_ONLY___ 
        "run.googleapis.com/operation-id": "9704f5c9-32ba-489d-905c-b2ac5e27379a",
2023-04-21 05:48:36,915 INFO     ___FILE_ONLY___ 
        "serving.knative.dev/creator": "kekinkito@gbox.adnu.edu.ph",
2023-04-21 05:48:36,915 INFO     ___FILE_ONLY___ 
        "serving.knative.dev/lastModifier": "kekinkito@gbox.adnu.edu.ph"
2023-04-21 05:48:36,915 INFO     ___FILE_ONLY___ 
      },
2023-04-21 05:48:36,915 INFO     ___FILE_ONLY___ 
      "creationTimestamp": "2023-04-04T11:44:22.003890Z",
2023-04-21 05:48:36,915 INFO     ___FILE_ONLY___ 
      "generation": 2,
2023-04-21 05:48:36,915 INFO     ___FILE_ONLY___ 
      "labels": {
2023-04-21 05:48:36,916 INFO     ___FILE_ONLY___ 
        "cloud.googleapis.com/location": "asia-southeast1"
2023-04-21 05:48:36,916 INFO     ___FILE_ONLY___ 
      },
2023-04-21 05:48:36,916 INFO     ___FILE_ONLY___ 
      "name": "nb-3-django-sg",
2023-04-21 05:48:36,916 INFO     ___FILE_ONLY___ 
      "namespace": "632799504819",
2023-04-21 05:48:36,916 INFO     ___FILE_ONLY___ 
      "resourceVersion": "AAX4gUWMU9w",
2023-04-21 05:48:36,916 INFO     ___FILE_ONLY___ 
      "selfLink": "/apis/serving.knative.dev/v1/namespaces/632799504819/services/nb-3-django-sg",
2023-04-21 05:48:36,916 INFO     ___FILE_ONLY___ 
      "uid": "7044d793-6291-44b5-994c-960f39ff7fe2"
2023-04-21 05:48:36,916 INFO     ___FILE_ONLY___ 
    },
2023-04-21 05:48:36,916 INFO     ___FILE_ONLY___ 
    "spec": {
2023-04-21 05:48:36,916 INFO     ___FILE_ONLY___ 
      "template": {
2023-04-21 05:48:36,916 INFO     ___FILE_ONLY___ 
        "metadata": {
2023-04-21 05:48:36,916 INFO     ___FILE_ONLY___ 
          "annotations": {
2023-04-21 05:48:36,916 INFO     ___FILE_ONLY___ 
            "autoscaling.knative.dev/maxScale": "100",
2023-04-21 05:48:36,916 INFO     ___FILE_ONLY___ 
            "client.knative.dev/user-image": "gcr.io/phishtension/nb-3-django",
2023-04-21 05:48:36,916 INFO     ___FILE_ONLY___ 
            "run.googleapis.com/client-name": "Cloud Code for VS Code",
2023-04-21 05:48:36,916 INFO     ___FILE_ONLY___ 
            "run.googleapis.com/client-version": "1.21.2"
2023-04-21 05:48:36,917 INFO     ___FILE_ONLY___ 
          },
2023-04-21 05:48:36,917 INFO     ___FILE_ONLY___ 
          "name": "nb-3-django-sg-00002-cay"
2023-04-21 05:48:36,917 INFO     ___FILE_ONLY___ 
        },
2023-04-21 05:48:36,917 INFO     ___FILE_ONLY___ 
        "spec": {
2023-04-21 05:48:36,917 INFO     ___FILE_ONLY___ 
          "containerConcurrency": 80,
2023-04-21 05:48:36,917 INFO     ___FILE_ONLY___ 
          "containers": [
2023-04-21 05:48:36,917 INFO     ___FILE_ONLY___ 
            {
2023-04-21 05:48:36,917 INFO     ___FILE_ONLY___ 
              "image": "gcr.io/phishtension/nb-3-django",
2023-04-21 05:48:36,917 INFO     ___FILE_ONLY___ 
              "ports": [
2023-04-21 05:48:36,917 INFO     ___FILE_ONLY___ 
                {
2023-04-21 05:48:36,917 INFO     ___FILE_ONLY___ 
                  "containerPort": 8080,
2023-04-21 05:48:36,917 INFO     ___FILE_ONLY___ 
                  "name": "http1"
2023-04-21 05:48:36,917 INFO     ___FILE_ONLY___ 
                }
2023-04-21 05:48:36,917 INFO     ___FILE_ONLY___ 
              ],
2023-04-21 05:48:36,917 INFO     ___FILE_ONLY___ 
              "resources": {
2023-04-21 05:48:36,917 INFO     ___FILE_ONLY___ 
                "limits": {
2023-04-21 05:48:36,917 INFO     ___FILE_ONLY___ 
                  "cpu": "1",
2023-04-21 05:48:36,918 INFO     ___FILE_ONLY___ 
                  "memory": "256Mi"
2023-04-21 05:48:36,918 INFO     ___FILE_ONLY___ 
                }
2023-04-21 05:48:36,918 INFO     ___FILE_ONLY___ 
              },
2023-04-21 05:48:36,918 INFO     ___FILE_ONLY___ 
              "startupProbe": {
2023-04-21 05:48:36,918 INFO     ___FILE_ONLY___ 
                "failureThreshold": 1,
2023-04-21 05:48:36,918 INFO     ___FILE_ONLY___ 
                "periodSeconds": 240,
2023-04-21 05:48:36,918 INFO     ___FILE_ONLY___ 
                "tcpSocket": {
2023-04-21 05:48:36,918 INFO     ___FILE_ONLY___ 
                  "port": 8080
2023-04-21 05:48:36,918 INFO     ___FILE_ONLY___ 
                },
2023-04-21 05:48:36,918 INFO     ___FILE_ONLY___ 
                "timeoutSeconds": 240
2023-04-21 05:48:36,918 INFO     ___FILE_ONLY___ 
              }
2023-04-21 05:48:36,918 INFO     ___FILE_ONLY___ 
            }
2023-04-21 05:48:36,918 INFO     ___FILE_ONLY___ 
          ],
2023-04-21 05:48:36,918 INFO     ___FILE_ONLY___ 
          "serviceAccountName": "632799504819-compute@developer.gserviceaccount.com",
2023-04-21 05:48:36,918 INFO     ___FILE_ONLY___ 
          "timeoutSeconds": 300
2023-04-21 05:48:36,918 INFO     ___FILE_ONLY___ 
        }
2023-04-21 05:48:36,919 INFO     ___FILE_ONLY___ 
      },
2023-04-21 05:48:36,919 INFO     ___FILE_ONLY___ 
      "traffic": [
2023-04-21 05:48:36,919 INFO     ___FILE_ONLY___ 
        {
2023-04-21 05:48:36,919 INFO     ___FILE_ONLY___ 
          "latestRevision": true,
2023-04-21 05:48:36,919 INFO     ___FILE_ONLY___ 
          "percent": 100
2023-04-21 05:48:36,919 INFO     ___FILE_ONLY___ 
        }
2023-04-21 05:48:36,919 INFO     ___FILE_ONLY___ 
      ]
2023-04-21 05:48:36,919 INFO     ___FILE_ONLY___ 
    },
2023-04-21 05:48:36,919 INFO     ___FILE_ONLY___ 
    "status": {
2023-04-21 05:48:36,919 INFO     ___FILE_ONLY___ 
      "address": {
2023-04-21 05:48:36,919 INFO     ___FILE_ONLY___ 
        "url": "https://nb-3-django-sg-mgpp2ks77a-as.a.run.app"
2023-04-21 05:48:36,919 INFO     ___FILE_ONLY___ 
      },
2023-04-21 05:48:36,919 INFO     ___FILE_ONLY___ 
      "conditions": [
2023-04-21 05:48:36,919 INFO     ___FILE_ONLY___ 
        {
2023-04-21 05:48:36,919 INFO     ___FILE_ONLY___ 
          "lastTransitionTime": "2023-04-04T11:49:44.750471Z",
2023-04-21 05:48:36,919 INFO     ___FILE_ONLY___ 
          "status": "True",
2023-04-21 05:48:36,920 INFO     ___FILE_ONLY___ 
          "type": "Ready"
2023-04-21 05:48:36,920 INFO     ___FILE_ONLY___ 
        },
2023-04-21 05:48:36,920 INFO     ___FILE_ONLY___ 
        {
2023-04-21 05:48:36,920 INFO     ___FILE_ONLY___ 
          "lastTransitionTime": "2023-04-04T11:49:40.201137Z",
2023-04-21 05:48:36,920 INFO     ___FILE_ONLY___ 
          "status": "True",
2023-04-21 05:48:36,920 INFO     ___FILE_ONLY___ 
          "type": "ConfigurationsReady"
2023-04-21 05:48:36,920 INFO     ___FILE_ONLY___ 
        },
2023-04-21 05:48:36,920 INFO     ___FILE_ONLY___ 
        {
2023-04-21 05:48:36,920 INFO     ___FILE_ONLY___ 
          "lastTransitionTime": "2023-04-04T11:49:44.847324Z",
2023-04-21 05:48:36,920 INFO     ___FILE_ONLY___ 
          "status": "True",
2023-04-21 05:48:36,920 INFO     ___FILE_ONLY___ 
          "type": "RoutesReady"
2023-04-21 05:48:36,920 INFO     ___FILE_ONLY___ 
        }
2023-04-21 05:48:36,920 INFO     ___FILE_ONLY___ 
      ],
2023-04-21 05:48:36,920 INFO     ___FILE_ONLY___ 
      "latestCreatedRevisionName": "nb-3-django-sg-00002-cay",
2023-04-21 05:48:36,920 INFO     ___FILE_ONLY___ 
      "latestReadyRevisionName": "nb-3-django-sg-00002-cay",
2023-04-21 05:48:36,920 INFO     ___FILE_ONLY___ 
      "observedGeneration": 2,
2023-04-21 05:48:36,920 INFO     ___FILE_ONLY___ 
      "traffic": [
2023-04-21 05:48:36,921 INFO     ___FILE_ONLY___ 
        {
2023-04-21 05:48:36,921 INFO     ___FILE_ONLY___ 
          "latestRevision": true,
2023-04-21 05:48:36,921 INFO     ___FILE_ONLY___ 
          "percent": 100,
2023-04-21 05:48:36,921 INFO     ___FILE_ONLY___ 
          "revisionName": "nb-3-django-sg-00002-cay"
2023-04-21 05:48:36,921 INFO     ___FILE_ONLY___ 
        }
2023-04-21 05:48:36,921 INFO     ___FILE_ONLY___ 
      ],
2023-04-21 05:48:36,921 INFO     ___FILE_ONLY___ 
      "url": "https://nb-3-django-sg-mgpp2ks77a-as.a.run.app"
2023-04-21 05:48:36,921 INFO     ___FILE_ONLY___ 
    }
2023-04-21 05:48:36,921 INFO     ___FILE_ONLY___ 
  }
2023-04-21 05:48:36,932 INFO     ___FILE_ONLY___ ,
  {
2023-04-21 05:48:36,932 INFO     ___FILE_ONLY___ 
    "apiVersion": "serving.knative.dev/v1",
2023-04-21 05:48:36,932 INFO     ___FILE_ONLY___ 
    "kind": "Service",
2023-04-21 05:48:36,932 INFO     ___FILE_ONLY___ 
    "metadata": {
2023-04-21 05:48:36,932 INFO     ___FILE_ONLY___ 
      "annotations": {
2023-04-21 05:48:36,932 INFO     ___FILE_ONLY___ 
        "client.knative.dev/user-image": "gcr.io/phishtension/nb-3",
2023-04-21 05:48:36,933 INFO     ___FILE_ONLY___ 
        "run.googleapis.com/client-name": "Cloud Code for VS Code",
2023-04-21 05:48:36,933 INFO     ___FILE_ONLY___ 
        "run.googleapis.com/client-version": "1.21.4",
2023-04-21 05:48:36,933 INFO     ___FILE_ONLY___ 
        "run.googleapis.com/ingress": "all",
2023-04-21 05:48:36,933 INFO     ___FILE_ONLY___ 
        "run.googleapis.com/ingress-status": "all",
2023-04-21 05:48:36,933 INFO     ___FILE_ONLY___ 
        "run.googleapis.com/operation-id": "6cbe83b9-ee40-48ac-8de9-f1682f2e170c",
2023-04-21 05:48:36,933 INFO     ___FILE_ONLY___ 
        "serving.knative.dev/creator": "kekinkito@gbox.adnu.edu.ph",
2023-04-21 05:48:36,933 INFO     ___FILE_ONLY___ 
        "serving.knative.dev/lastModifier": "kekinkito@gbox.adnu.edu.ph"
2023-04-21 05:48:36,933 INFO     ___FILE_ONLY___ 
      },
2023-04-21 05:48:36,933 INFO     ___FILE_ONLY___ 
      "creationTimestamp": "2023-03-29T07:16:22.299045Z",
2023-04-21 05:48:36,933 INFO     ___FILE_ONLY___ 
      "generation": 48,
2023-04-21 05:48:36,933 INFO     ___FILE_ONLY___ 
      "labels": {
2023-04-21 05:48:36,933 INFO     ___FILE_ONLY___ 
        "cloud.googleapis.com/location": "asia-southeast1"
2023-04-21 05:48:36,933 INFO     ___FILE_ONLY___ 
      },
2023-04-21 05:48:36,933 INFO     ___FILE_ONLY___ 
      "name": "nb3",
2023-04-21 05:48:36,934 INFO     ___FILE_ONLY___ 
      "namespace": "632799504819",
2023-04-21 05:48:36,934 INFO     ___FILE_ONLY___ 
      "resourceVersion": "AAX50ilyHCA",
2023-04-21 05:48:36,934 INFO     ___FILE_ONLY___ 
      "selfLink": "/apis/serving.knative.dev/v1/namespaces/632799504819/services/nb3",
2023-04-21 05:48:36,934 INFO     ___FILE_ONLY___ 
      "uid": "6f8b44af-8f0a-43fc-a7a7-f7196e96d8e2"
2023-04-21 05:48:36,934 INFO     ___FILE_ONLY___ 
    },
2023-04-21 05:48:36,934 INFO     ___FILE_ONLY___ 
    "spec": {
2023-04-21 05:48:36,934 INFO     ___FILE_ONLY___ 
      "template": {
2023-04-21 05:48:36,934 INFO     ___FILE_ONLY___ 
        "metadata": {
2023-04-21 05:48:36,934 INFO     ___FILE_ONLY___ 
          "annotations": {
2023-04-21 05:48:36,934 INFO     ___FILE_ONLY___ 
            "autoscaling.knative.dev/maxScale": "100",
2023-04-21 05:48:36,934 INFO     ___FILE_ONLY___ 
            "client.knative.dev/user-image": "gcr.io/phishtension/nb-3",
2023-04-21 05:48:36,934 INFO     ___FILE_ONLY___ 
            "run.googleapis.com/client-name": "Cloud Code for VS Code",
2023-04-21 05:48:36,934 INFO     ___FILE_ONLY___ 
            "run.googleapis.com/client-version": "1.21.4"
2023-04-21 05:48:36,934 INFO     ___FILE_ONLY___ 
          },
2023-04-21 05:48:36,934 INFO     ___FILE_ONLY___ 
          "name": "nb3-00048-cof"
2023-04-21 05:48:36,934 INFO     ___FILE_ONLY___ 
        },
2023-04-21 05:48:36,935 INFO     ___FILE_ONLY___ 
        "spec": {
2023-04-21 05:48:36,935 INFO     ___FILE_ONLY___ 
          "containerConcurrency": 80,
2023-04-21 05:48:36,935 INFO     ___FILE_ONLY___ 
          "containers": [
2023-04-21 05:48:36,935 INFO     ___FILE_ONLY___ 
            {
2023-04-21 05:48:36,935 INFO     ___FILE_ONLY___ 
              "image": "gcr.io/phishtension/nb-3",
2023-04-21 05:48:36,935 INFO     ___FILE_ONLY___ 
              "ports": [
2023-04-21 05:48:36,935 INFO     ___FILE_ONLY___ 
                {
2023-04-21 05:48:36,935 INFO     ___FILE_ONLY___ 
                  "containerPort": 8080,
2023-04-21 05:48:36,935 INFO     ___FILE_ONLY___ 
                  "name": "http1"
2023-04-21 05:48:36,935 INFO     ___FILE_ONLY___ 
                }
2023-04-21 05:48:36,935 INFO     ___FILE_ONLY___ 
              ],
2023-04-21 05:48:36,935 INFO     ___FILE_ONLY___ 
              "resources": {
2023-04-21 05:48:36,935 INFO     ___FILE_ONLY___ 
                "limits": {
2023-04-21 05:48:36,935 INFO     ___FILE_ONLY___ 
                  "cpu": "1",
2023-04-21 05:48:36,935 INFO     ___FILE_ONLY___ 
                  "memory": "256Mi"
2023-04-21 05:48:36,935 INFO     ___FILE_ONLY___ 
                }
2023-04-21 05:48:36,936 INFO     ___FILE_ONLY___ 
              },
2023-04-21 05:48:36,936 INFO     ___FILE_ONLY___ 
              "startupProbe": {
2023-04-21 05:48:36,936 INFO     ___FILE_ONLY___ 
                "failureThreshold": 1,
2023-04-21 05:48:36,936 INFO     ___FILE_ONLY___ 
                "periodSeconds": 240,
2023-04-21 05:48:36,936 INFO     ___FILE_ONLY___ 
                "tcpSocket": {
2023-04-21 05:48:36,936 INFO     ___FILE_ONLY___ 
                  "port": 8080
2023-04-21 05:48:36,936 INFO     ___FILE_ONLY___ 
                },
2023-04-21 05:48:36,936 INFO     ___FILE_ONLY___ 
                "timeoutSeconds": 240
2023-04-21 05:48:36,936 INFO     ___FILE_ONLY___ 
              }
2023-04-21 05:48:36,936 INFO     ___FILE_ONLY___ 
            }
2023-04-21 05:48:36,936 INFO     ___FILE_ONLY___ 
          ],
2023-04-21 05:48:36,936 INFO     ___FILE_ONLY___ 
          "serviceAccountName": "632799504819-compute@developer.gserviceaccount.com",
2023-04-21 05:48:36,936 INFO     ___FILE_ONLY___ 
          "timeoutSeconds": 300
2023-04-21 05:48:36,936 INFO     ___FILE_ONLY___ 
        }
2023-04-21 05:48:36,936 INFO     ___FILE_ONLY___ 
      },
2023-04-21 05:48:36,936 INFO     ___FILE_ONLY___ 
      "traffic": [
2023-04-21 05:48:36,937 INFO     ___FILE_ONLY___ 
        {
2023-04-21 05:48:36,937 INFO     ___FILE_ONLY___ 
          "latestRevision": true,
2023-04-21 05:48:36,937 INFO     ___FILE_ONLY___ 
          "percent": 100
2023-04-21 05:48:36,937 INFO     ___FILE_ONLY___ 
        }
2023-04-21 05:48:36,937 INFO     ___FILE_ONLY___ 
      ]
2023-04-21 05:48:36,937 INFO     ___FILE_ONLY___ 
    },
2023-04-21 05:48:36,937 INFO     ___FILE_ONLY___ 
    "status": {
2023-04-21 05:48:36,937 INFO     ___FILE_ONLY___ 
      "address": {
2023-04-21 05:48:36,937 INFO     ___FILE_ONLY___ 
        "url": "https://nb3-mgpp2ks77a-as.a.run.app"
2023-04-21 05:48:36,937 INFO     ___FILE_ONLY___ 
      },
2023-04-21 05:48:36,937 INFO     ___FILE_ONLY___ 
      "conditions": [
2023-04-21 05:48:36,937 INFO     ___FILE_ONLY___ 
        {
2023-04-21 05:48:36,937 INFO     ___FILE_ONLY___ 
          "lastTransitionTime": "2023-04-21T05:45:17.242917Z",
2023-04-21 05:48:36,937 INFO     ___FILE_ONLY___ 
          "status": "True",
2023-04-21 05:48:36,937 INFO     ___FILE_ONLY___ 
          "type": "Ready"
2023-04-21 05:48:36,937 INFO     ___FILE_ONLY___ 
        },
2023-04-21 05:48:36,937 INFO     ___FILE_ONLY___ 
        {
2023-04-21 05:48:36,938 INFO     ___FILE_ONLY___ 
          "lastTransitionTime": "2023-04-21T05:45:12.019620Z",
2023-04-21 05:48:36,938 INFO     ___FILE_ONLY___ 
          "status": "True",
2023-04-21 05:48:36,938 INFO     ___FILE_ONLY___ 
          "type": "ConfigurationsReady"
2023-04-21 05:48:36,938 INFO     ___FILE_ONLY___ 
        },
2023-04-21 05:48:36,938 INFO     ___FILE_ONLY___ 
        {
2023-04-21 05:48:36,938 INFO     ___FILE_ONLY___ 
          "lastTransitionTime": "2023-04-21T05:45:17.345824Z",
2023-04-21 05:48:36,938 INFO     ___FILE_ONLY___ 
          "status": "True",
2023-04-21 05:48:36,938 INFO     ___FILE_ONLY___ 
          "type": "RoutesReady"
2023-04-21 05:48:36,938 INFO     ___FILE_ONLY___ 
        }
2023-04-21 05:48:36,938 INFO     ___FILE_ONLY___ 
      ],
2023-04-21 05:48:36,938 INFO     ___FILE_ONLY___ 
      "latestCreatedRevisionName": "nb3-00048-cof",
2023-04-21 05:48:36,938 INFO     ___FILE_ONLY___ 
      "latestReadyRevisionName": "nb3-00048-cof",
2023-04-21 05:48:36,938 INFO     ___FILE_ONLY___ 
      "observedGeneration": 48,
2023-04-21 05:48:36,938 INFO     ___FILE_ONLY___ 
      "traffic": [
2023-04-21 05:48:36,938 INFO     ___FILE_ONLY___ 
        {
2023-04-21 05:48:36,938 INFO     ___FILE_ONLY___ 
          "latestRevision": true,
2023-04-21 05:48:36,939 INFO     ___FILE_ONLY___ 
          "percent": 100,
2023-04-21 05:48:36,939 INFO     ___FILE_ONLY___ 
          "revisionName": "nb3-00048-cof"
2023-04-21 05:48:36,939 INFO     ___FILE_ONLY___ 
        }
2023-04-21 05:48:36,939 INFO     ___FILE_ONLY___ 
      ],
2023-04-21 05:48:36,939 INFO     ___FILE_ONLY___ 
      "url": "https://nb3-mgpp2ks77a-as.a.run.app"
2023-04-21 05:48:36,939 INFO     ___FILE_ONLY___ 
    }
2023-04-21 05:48:36,939 INFO     ___FILE_ONLY___ 
  }
2023-04-21 05:48:36,939 WARNING  root            The following filter keys were not present in any resource : metadata.labels.goog-managed-by
2023-04-21 05:48:36,939 INFO     ___FILE_ONLY___ 
]

2023-04-21 05:48:36,940 DEBUG    root            SDK update checks are disabled.
