2023-04-21 05:45:19,881 DEBUG    root            Loaded Command Group: ['gcloud', 'beta', 'run']
2023-04-21 05:45:19,901 DEBUG    root            Loaded Command Group: ['gcloud', 'beta', 'run', 'services']
2023-04-21 05:45:19,939 DEBUG    root            Loaded Command Group: ['gcloud', 'beta', 'run', 'services', 'describe']
2023-04-21 05:45:19,947 DEBUG    root            Running [gcloud.beta.run.services.describe] with arguments: [--format: "json", --platform: "managed", --project: "phishtension", --quiet: "True", --region: "asia-southeast1", --verbosity: "warning", SERVICE: "nb3"]
2023-04-21 05:45:19,963 DEBUG    google.auth.transport.requests Making request: GET http://metadata.google.internal/computeMetadata/v1/instance/service-accounts/kekinkito@gbox.adnu.edu.ph/?recursive=true
2023-04-21 05:45:19,966 DEBUG    urllib3.connectionpool Starting new HTTP connection (1): metadata.google.internal:80
2023-04-21 05:45:19,969 DEBUG    urllib3.connectionpool http://metadata.google.internal:80 "GET /computeMetadata/v1/instance/service-accounts/kekinkito@gbox.adnu.edu.ph/?recursive=true HTTP/1.1" 200 None
2023-04-21 05:45:19,970 DEBUG    google.auth.transport.requests Making request: GET http://metadata.google.internal/computeMetadata/v1/instance/service-accounts/kekinkito@gbox.adnu.edu.ph/token
2023-04-21 05:45:19,972 DEBUG    urllib3.connectionpool Resetting dropped connection: metadata.google.internal
2023-04-21 05:45:19,975 DEBUG    urllib3.connectionpool http://metadata.google.internal:80 "GET /computeMetadata/v1/instance/service-accounts/kekinkito@gbox.adnu.edu.ph/token HTTP/1.1" 200 None
2023-04-21 05:45:19,991 DEBUG    google.auth.transport.requests Making request: GET http://metadata.google.internal/computeMetadata/v1/instance/service-accounts/kekinkito@gbox.adnu.edu.ph/?recursive=true
2023-04-21 05:45:19,993 DEBUG    urllib3.connectionpool Starting new HTTP connection (1): metadata.google.internal:80
2023-04-21 05:45:19,995 DEBUG    urllib3.connectionpool http://metadata.google.internal:80 "GET /computeMetadata/v1/instance/service-accounts/kekinkito@gbox.adnu.edu.ph/?recursive=true HTTP/1.1" 200 None
2023-04-21 05:45:19,997 DEBUG    google.auth.transport.requests Making request: GET http://metadata.google.internal/computeMetadata/v1/instance/service-accounts/kekinkito@gbox.adnu.edu.ph/token
2023-04-21 05:45:20,000 DEBUG    urllib3.connectionpool Resetting dropped connection: metadata.google.internal
2023-04-21 05:45:20,003 DEBUG    urllib3.connectionpool http://metadata.google.internal:80 "GET /computeMetadata/v1/instance/service-accounts/kekinkito@gbox.adnu.edu.ph/token HTTP/1.1" 200 None
2023-04-21 05:45:20,032 DEBUG    google.auth.transport.requests Making request: GET http://metadata.google.internal/computeMetadata/v1/instance/service-accounts/kekinkito@gbox.adnu.edu.ph/?recursive=true
2023-04-21 05:45:20,034 DEBUG    urllib3.connectionpool Starting new HTTP connection (1): metadata.google.internal:80
2023-04-21 05:45:20,037 DEBUG    urllib3.connectionpool http://metadata.google.internal:80 "GET /computeMetadata/v1/instance/service-accounts/kekinkito@gbox.adnu.edu.ph/?recursive=true HTTP/1.1" 200 None
2023-04-21 05:45:20,038 DEBUG    google.auth.transport.requests Making request: GET http://metadata.google.internal/computeMetadata/v1/instance/service-accounts/kekinkito@gbox.adnu.edu.ph/token
2023-04-21 05:45:20,040 DEBUG    urllib3.connectionpool Resetting dropped connection: metadata.google.internal
2023-04-21 05:45:20,042 DEBUG    urllib3.connectionpool http://metadata.google.internal:80 "GET /computeMetadata/v1/instance/service-accounts/kekinkito@gbox.adnu.edu.ph/token HTTP/1.1" 200 None
2023-04-21 05:45:20,057 DEBUG    google.auth.transport.requests Making request: GET http://metadata.google.internal/computeMetadata/v1/instance/service-accounts/kekinkito@gbox.adnu.edu.ph/?recursive=true
2023-04-21 05:45:20,059 DEBUG    urllib3.connectionpool Starting new HTTP connection (1): metadata.google.internal:80
2023-04-21 05:45:20,062 DEBUG    urllib3.connectionpool http://metadata.google.internal:80 "GET /computeMetadata/v1/instance/service-accounts/kekinkito@gbox.adnu.edu.ph/?recursive=true HTTP/1.1" 200 None
2023-04-21 05:45:20,063 DEBUG    google.auth.transport.requests Making request: GET http://metadata.google.internal/computeMetadata/v1/instance/service-accounts/kekinkito@gbox.adnu.edu.ph/token
2023-04-21 05:45:20,065 DEBUG    urllib3.connectionpool Resetting dropped connection: metadata.google.internal
2023-04-21 05:45:20,068 DEBUG    urllib3.connectionpool http://metadata.google.internal:80 "GET /computeMetadata/v1/instance/service-accounts/kekinkito@gbox.adnu.edu.ph/token HTTP/1.1" 200 None
2023-04-21 05:45:20,079 DEBUG    urllib3.connectionpool Starting new HTTPS connection (1): asia-southeast1-run.googleapis.com:443
2023-04-21 05:45:20,417 DEBUG    urllib3.connectionpool https://asia-southeast1-run.googleapis.com:443 "GET /apis/serving.knative.dev/v1/namespaces/phishtension/services/nb3?alt=json HTTP/1.1" 200 None
2023-04-21 05:45:20,424 DEBUG    root            Chosen display Format:service json
2023-04-21 05:45:20,425 INFO     root            Display format: "service json"
2023-04-21 05:45:20,429 INFO     ___FILE_ONLY___ {
  "apiVersion": "serving.knative.dev/v1",
  "kind": "Service",
  "metadata": {
    "annotations": {
      "client.knative.dev/user-image": "gcr.io/phishtension/nb-3",
      "run.googleapis.com/client-name": "Cloud Code for VS Code",
      "run.googleapis.com/client-version": "1.21.4",
      "run.googleapis.com/ingress": "all",
      "run.googleapis.com/ingress-status": "all",
      "run.googleapis.com/operation-id": "6cbe83b9-ee40-48ac-8de9-f1682f2e170c",
      "serving.knative.dev/creator": "kekinkito@gbox.adnu.edu.ph",
      "serving.knative.dev/lastModifier": "kekinkito@gbox.adnu.edu.ph"
    },
    "creationTimestamp": "2023-03-29T07:16:22.299045Z",
    "generation": 48,
    "labels": {
      "cloud.googleapis.com/location": "asia-southeast1"
    },
    "name": "nb3",
    "namespace": "632799504819",
    "resourceVersion": "AAX50ilyHCA",
    "selfLink": "/apis/serving.knative.dev/v1/namespaces/632799504819/services/nb3",
    "uid": "6f8b44af-8f0a-43fc-a7a7-f7196e96d8e2"
  },
  "spec": {
    "template": {
      "metadata": {
        "annotations": {
          "autoscaling.knative.dev/maxScale": "100",
          "client.knative.dev/user-image": "gcr.io/phishtension/nb-3",
          "run.googleapis.com/client-name": "Cloud Code for VS Code",
          "run.googleapis.com/client-version": "1.21.4"
        },
        "name": "nb3-00048-cof"
      },
      "spec": {
        "containerConcurrency": 80,
        "containers": [
          {
            "image": "gcr.io/phishtension/nb-3",
            "ports": [
              {
                "containerPort": 8080,
                "name": "http1"
              }
            ],
            "resources": {
              "limits": {
                "cpu": "1",
                "memory": "256Mi"
              }
            },
            "startupProbe": {
              "failureThreshold": 1,
              "periodSeconds": 240,
              "tcpSocket": {
                "port": 8080
              },
              "timeoutSeconds": 240
            }
          }
        ],
        "serviceAccountName": "632799504819-compute@developer.gserviceaccount.com",
        "timeoutSeconds": 300
      }
    },
    "traffic": [
      {
        "latestRevision": true,
        "percent": 100
      }
    ]
  },
  "status": {
    "address": {
      "url": "https://nb3-mgpp2ks77a-as.a.run.app"
    },
    "conditions": [
      {
        "lastTransitionTime": "2023-04-21T05:45:17.242917Z",
        "status": "True",
        "type": "Ready"
      },
      {
        "lastTransitionTime": "2023-04-21T05:45:12.019620Z",
        "status": "True",
        "type": "ConfigurationsReady"
      },
      {
        "lastTransitionTime": "2023-04-21T05:45:17.345824Z",
        "status": "True",
        "type": "RoutesReady"
      }
    ],
    "latestCreatedRevisionName": "nb3-00048-cof",
    "latestReadyRevisionName": "nb3-00048-cof",
    "observedGeneration": 48,
    "traffic": [
      {
        "latestRevision": true,
        "percent": 100,
        "revisionName": "nb3-00048-cof"
      }
    ],
    "url": "https://nb3-mgpp2ks77a-as.a.run.app"
  }
}
2023-04-21 05:45:20,429 INFO     ___FILE_ONLY___ 

2023-04-21 05:45:20,430 DEBUG    root            SDK update checks are disabled.
