2023-05-06 03:12:35,092 DEBUG    root            Loaded Command Group: ['gcloud', 'run']
2023-05-06 03:12:35,114 DEBUG    root            Loaded Command Group: ['gcloud', 'run', 'services']
2023-05-06 03:12:35,157 DEBUG    root            Loaded Command Group: ['gcloud', 'run', 'services', 'list']
2023-05-06 03:12:35,165 DEBUG    root            Running [gcloud.run.services.list] with arguments: [--filter: "NOT metadata.labels.goog-managed-by:"cloudfunctions"", --format: "json", --platform: "managed", --project: "phishtension", --quiet: "True", --verbosity: "warning"]
2023-05-06 03:12:35,178 DEBUG    google.auth.transport.requests Making request: GET http://metadata.google.internal/computeMetadata/v1/instance/service-accounts/kekinkito@gbox.adnu.edu.ph/?recursive=true
2023-05-06 03:12:35,181 DEBUG    urllib3.connectionpool Starting new HTTP connection (1): metadata.google.internal:80
2023-05-06 03:12:35,184 DEBUG    urllib3.connectionpool http://metadata.google.internal:80 "GET /computeMetadata/v1/instance/service-accounts/kekinkito@gbox.adnu.edu.ph/?recursive=true HTTP/1.1" 200 None
2023-05-06 03:12:35,185 DEBUG    google.auth.transport.requests Making request: GET http://metadata.google.internal/computeMetadata/v1/instance/service-accounts/kekinkito@gbox.adnu.edu.ph/token
2023-05-06 03:12:35,187 DEBUG    urllib3.connectionpool Resetting dropped connection: metadata.google.internal
2023-05-06 03:12:35,190 DEBUG    urllib3.connectionpool http://metadata.google.internal:80 "GET /computeMetadata/v1/instance/service-accounts/kekinkito@gbox.adnu.edu.ph/token HTTP/1.1" 200 None
2023-05-06 03:12:35,205 DEBUG    google.auth.transport.requests Making request: GET http://metadata.google.internal/computeMetadata/v1/instance/service-accounts/kekinkito@gbox.adnu.edu.ph/?recursive=true
2023-05-06 03:12:35,207 DEBUG    urllib3.connectionpool Starting new HTTP connection (1): metadata.google.internal:80
2023-05-06 03:12:35,211 DEBUG    urllib3.connectionpool http://metadata.google.internal:80 "GET /computeMetadata/v1/instance/service-accounts/kekinkito@gbox.adnu.edu.ph/?recursive=true HTTP/1.1" 200 None
2023-05-06 03:12:35,212 DEBUG    google.auth.transport.requests Making request: GET http://metadata.google.internal/computeMetadata/v1/instance/service-accounts/kekinkito@gbox.adnu.edu.ph/token
2023-05-06 03:12:35,216 DEBUG    urllib3.connectionpool Resetting dropped connection: metadata.google.internal
2023-05-06 03:12:35,220 DEBUG    urllib3.connectionpool http://metadata.google.internal:80 "GET /computeMetadata/v1/instance/service-accounts/kekinkito@gbox.adnu.edu.ph/token HTTP/1.1" 200 None
2023-05-06 03:12:35,245 DEBUG    urllib3.connectionpool Starting new HTTPS connection (1): run.googleapis.com:443
2023-05-06 03:12:35,808 DEBUG    urllib3.connectionpool https://run.googleapis.com:443 "GET /v1/projects/phishtension/locations/-/services?alt=json HTTP/1.1" 200 None
2023-05-06 03:12:35,822 DEBUG    root            Chosen display Format:table(ready_symbol.color(red="[xX]",green="[✓✔]",yellow="[-!…]"):label="",firstof(id,metadata.name):label=SERVICE,region:label=REGION,domain:label=URL,last_modifier:label="LAST DEPLOYED BY",last_transition_time:label="LAST DEPLOYED AT"):(metadata.labels.'run.googleapis.com/satisfiesPzs':alias='satisfiesPzs') json
2023-05-06 03:12:35,827 INFO     root            Display format: "table(ready_symbol.color(red="[xX]",green="[✓✔]",yellow="[-!…]"):label="",firstof(id,metadata.name):label=SERVICE,region:label=REGION,domain:label=URL,last_modifier:label="LAST DEPLOYED BY",last_transition_time:label="LAST DEPLOYED AT"):(metadata.labels.'run.googleapis.com/satisfiesPzs':alias='satisfiesPzs') json"
2023-05-06 03:12:35,842 INFO     ___FILE_ONLY___ [
  {
2023-05-06 03:12:35,842 INFO     ___FILE_ONLY___ 
    "apiVersion": "serving.knative.dev/v1",
2023-05-06 03:12:35,843 INFO     ___FILE_ONLY___ 
    "kind": "Service",
2023-05-06 03:12:35,843 INFO     ___FILE_ONLY___ 
    "metadata": {
2023-05-06 03:12:35,843 INFO     ___FILE_ONLY___ 
      "annotations": {
2023-05-06 03:12:35,843 INFO     ___FILE_ONLY___ 
        "client.knative.dev/user-image": "gcr.io/phishtension/nb-3-django",
2023-05-06 03:12:35,843 INFO     ___FILE_ONLY___ 
        "run.googleapis.com/client-name": "Cloud Code for VS Code",
2023-05-06 03:12:35,843 INFO     ___FILE_ONLY___ 
        "run.googleapis.com/client-version": "1.21.2",
2023-05-06 03:12:35,843 INFO     ___FILE_ONLY___ 
        "run.googleapis.com/ingress": "all",
2023-05-06 03:12:35,843 INFO     ___FILE_ONLY___ 
        "run.googleapis.com/ingress-status": "all",
2023-05-06 03:12:35,843 INFO     ___FILE_ONLY___ 
        "run.googleapis.com/operation-id": "9704f5c9-32ba-489d-905c-b2ac5e27379a",
2023-05-06 03:12:35,843 INFO     ___FILE_ONLY___ 
        "serving.knative.dev/creator": "kekinkito@gbox.adnu.edu.ph",
2023-05-06 03:12:35,843 INFO     ___FILE_ONLY___ 
        "serving.knative.dev/lastModifier": "kekinkito@gbox.adnu.edu.ph"
2023-05-06 03:12:35,843 INFO     ___FILE_ONLY___ 
      },
2023-05-06 03:12:35,843 INFO     ___FILE_ONLY___ 
      "creationTimestamp": "2023-04-04T11:44:22.003890Z",
2023-05-06 03:12:35,843 INFO     ___FILE_ONLY___ 
      "generation": 2,
2023-05-06 03:12:35,844 INFO     ___FILE_ONLY___ 
      "labels": {
2023-05-06 03:12:35,844 INFO     ___FILE_ONLY___ 
        "cloud.googleapis.com/location": "asia-southeast1"
2023-05-06 03:12:35,844 INFO     ___FILE_ONLY___ 
      },
2023-05-06 03:12:35,844 INFO     ___FILE_ONLY___ 
      "name": "nb-3-django-sg",
2023-05-06 03:12:35,844 INFO     ___FILE_ONLY___ 
      "namespace": "632799504819",
2023-05-06 03:12:35,844 INFO     ___FILE_ONLY___ 
      "resourceVersion": "AAX4gUWMU9w",
2023-05-06 03:12:35,844 INFO     ___FILE_ONLY___ 
      "selfLink": "/apis/serving.knative.dev/v1/namespaces/632799504819/services/nb-3-django-sg",
2023-05-06 03:12:35,844 INFO     ___FILE_ONLY___ 
      "uid": "7044d793-6291-44b5-994c-960f39ff7fe2"
2023-05-06 03:12:35,844 INFO     ___FILE_ONLY___ 
    },
2023-05-06 03:12:35,844 INFO     ___FILE_ONLY___ 
    "spec": {
2023-05-06 03:12:35,844 INFO     ___FILE_ONLY___ 
      "template": {
2023-05-06 03:12:35,844 INFO     ___FILE_ONLY___ 
        "metadata": {
2023-05-06 03:12:35,844 INFO     ___FILE_ONLY___ 
          "annotations": {
2023-05-06 03:12:35,844 INFO     ___FILE_ONLY___ 
            "autoscaling.knative.dev/maxScale": "100",
2023-05-06 03:12:35,844 INFO     ___FILE_ONLY___ 
            "client.knative.dev/user-image": "gcr.io/phishtension/nb-3-django",
2023-05-06 03:12:35,845 INFO     ___FILE_ONLY___ 
            "run.googleapis.com/client-name": "Cloud Code for VS Code",
2023-05-06 03:12:35,845 INFO     ___FILE_ONLY___ 
            "run.googleapis.com/client-version": "1.21.2"
2023-05-06 03:12:35,845 INFO     ___FILE_ONLY___ 
          },
2023-05-06 03:12:35,845 INFO     ___FILE_ONLY___ 
          "name": "nb-3-django-sg-00002-cay"
2023-05-06 03:12:35,845 INFO     ___FILE_ONLY___ 
        },
2023-05-06 03:12:35,845 INFO     ___FILE_ONLY___ 
        "spec": {
2023-05-06 03:12:35,845 INFO     ___FILE_ONLY___ 
          "containerConcurrency": 80,
2023-05-06 03:12:35,845 INFO     ___FILE_ONLY___ 
          "containers": [
2023-05-06 03:12:35,845 INFO     ___FILE_ONLY___ 
            {
2023-05-06 03:12:35,845 INFO     ___FILE_ONLY___ 
              "image": "gcr.io/phishtension/nb-3-django",
2023-05-06 03:12:35,845 INFO     ___FILE_ONLY___ 
              "ports": [
2023-05-06 03:12:35,845 INFO     ___FILE_ONLY___ 
                {
2023-05-06 03:12:35,845 INFO     ___FILE_ONLY___ 
                  "containerPort": 8080,
2023-05-06 03:12:35,845 INFO     ___FILE_ONLY___ 
                  "name": "http1"
2023-05-06 03:12:35,845 INFO     ___FILE_ONLY___ 
                }
2023-05-06 03:12:35,845 INFO     ___FILE_ONLY___ 
              ],
2023-05-06 03:12:35,846 INFO     ___FILE_ONLY___ 
              "resources": {
2023-05-06 03:12:35,846 INFO     ___FILE_ONLY___ 
                "limits": {
2023-05-06 03:12:35,846 INFO     ___FILE_ONLY___ 
                  "cpu": "1",
2023-05-06 03:12:35,846 INFO     ___FILE_ONLY___ 
                  "memory": "256Mi"
2023-05-06 03:12:35,846 INFO     ___FILE_ONLY___ 
                }
2023-05-06 03:12:35,846 INFO     ___FILE_ONLY___ 
              },
2023-05-06 03:12:35,846 INFO     ___FILE_ONLY___ 
              "startupProbe": {
2023-05-06 03:12:35,846 INFO     ___FILE_ONLY___ 
                "failureThreshold": 1,
2023-05-06 03:12:35,846 INFO     ___FILE_ONLY___ 
                "periodSeconds": 240,
2023-05-06 03:12:35,846 INFO     ___FILE_ONLY___ 
                "tcpSocket": {
2023-05-06 03:12:35,846 INFO     ___FILE_ONLY___ 
                  "port": 8080
2023-05-06 03:12:35,846 INFO     ___FILE_ONLY___ 
                },
2023-05-06 03:12:35,846 INFO     ___FILE_ONLY___ 
                "timeoutSeconds": 240
2023-05-06 03:12:35,846 INFO     ___FILE_ONLY___ 
              }
2023-05-06 03:12:35,846 INFO     ___FILE_ONLY___ 
            }
2023-05-06 03:12:35,846 INFO     ___FILE_ONLY___ 
          ],
2023-05-06 03:12:35,847 INFO     ___FILE_ONLY___ 
          "serviceAccountName": "632799504819-compute@developer.gserviceaccount.com",
2023-05-06 03:12:35,847 INFO     ___FILE_ONLY___ 
          "timeoutSeconds": 300
2023-05-06 03:12:35,847 INFO     ___FILE_ONLY___ 
        }
2023-05-06 03:12:35,847 INFO     ___FILE_ONLY___ 
      },
2023-05-06 03:12:35,847 INFO     ___FILE_ONLY___ 
      "traffic": [
2023-05-06 03:12:35,847 INFO     ___FILE_ONLY___ 
        {
2023-05-06 03:12:35,847 INFO     ___FILE_ONLY___ 
          "latestRevision": true,
2023-05-06 03:12:35,847 INFO     ___FILE_ONLY___ 
          "percent": 100
2023-05-06 03:12:35,847 INFO     ___FILE_ONLY___ 
        }
2023-05-06 03:12:35,847 INFO     ___FILE_ONLY___ 
      ]
2023-05-06 03:12:35,847 INFO     ___FILE_ONLY___ 
    },
2023-05-06 03:12:35,847 INFO     ___FILE_ONLY___ 
    "status": {
2023-05-06 03:12:35,847 INFO     ___FILE_ONLY___ 
      "address": {
2023-05-06 03:12:35,847 INFO     ___FILE_ONLY___ 
        "url": "https://nb-3-django-sg-mgpp2ks77a-as.a.run.app"
2023-05-06 03:12:35,847 INFO     ___FILE_ONLY___ 
      },
2023-05-06 03:12:35,847 INFO     ___FILE_ONLY___ 
      "conditions": [
2023-05-06 03:12:35,848 INFO     ___FILE_ONLY___ 
        {
2023-05-06 03:12:35,848 INFO     ___FILE_ONLY___ 
          "lastTransitionTime": "2023-04-04T11:49:44.750471Z",
2023-05-06 03:12:35,848 INFO     ___FILE_ONLY___ 
          "status": "True",
2023-05-06 03:12:35,848 INFO     ___FILE_ONLY___ 
          "type": "Ready"
2023-05-06 03:12:35,848 INFO     ___FILE_ONLY___ 
        },
2023-05-06 03:12:35,848 INFO     ___FILE_ONLY___ 
        {
2023-05-06 03:12:35,848 INFO     ___FILE_ONLY___ 
          "lastTransitionTime": "2023-04-04T11:49:40.201137Z",
2023-05-06 03:12:35,848 INFO     ___FILE_ONLY___ 
          "status": "True",
2023-05-06 03:12:35,848 INFO     ___FILE_ONLY___ 
          "type": "ConfigurationsReady"
2023-05-06 03:12:35,848 INFO     ___FILE_ONLY___ 
        },
2023-05-06 03:12:35,848 INFO     ___FILE_ONLY___ 
        {
2023-05-06 03:12:35,848 INFO     ___FILE_ONLY___ 
          "lastTransitionTime": "2023-04-04T11:49:44.847324Z",
2023-05-06 03:12:35,848 INFO     ___FILE_ONLY___ 
          "status": "True",
2023-05-06 03:12:35,848 INFO     ___FILE_ONLY___ 
          "type": "RoutesReady"
2023-05-06 03:12:35,848 INFO     ___FILE_ONLY___ 
        }
2023-05-06 03:12:35,848 INFO     ___FILE_ONLY___ 
      ],
2023-05-06 03:12:35,849 INFO     ___FILE_ONLY___ 
      "latestCreatedRevisionName": "nb-3-django-sg-00002-cay",
2023-05-06 03:12:35,849 INFO     ___FILE_ONLY___ 
      "latestReadyRevisionName": "nb-3-django-sg-00002-cay",
2023-05-06 03:12:35,849 INFO     ___FILE_ONLY___ 
      "observedGeneration": 2,
2023-05-06 03:12:35,849 INFO     ___FILE_ONLY___ 
      "traffic": [
2023-05-06 03:12:35,849 INFO     ___FILE_ONLY___ 
        {
2023-05-06 03:12:35,849 INFO     ___FILE_ONLY___ 
          "latestRevision": true,
2023-05-06 03:12:35,849 INFO     ___FILE_ONLY___ 
          "percent": 100,
2023-05-06 03:12:35,849 INFO     ___FILE_ONLY___ 
          "revisionName": "nb-3-django-sg-00002-cay"
2023-05-06 03:12:35,849 INFO     ___FILE_ONLY___ 
        }
2023-05-06 03:12:35,849 INFO     ___FILE_ONLY___ 
      ],
2023-05-06 03:12:35,849 INFO     ___FILE_ONLY___ 
      "url": "https://nb-3-django-sg-mgpp2ks77a-as.a.run.app"
2023-05-06 03:12:35,849 INFO     ___FILE_ONLY___ 
    }
2023-05-06 03:12:35,849 INFO     ___FILE_ONLY___ 
  }
2023-05-06 03:12:35,862 INFO     ___FILE_ONLY___ ,
  {
2023-05-06 03:12:35,862 INFO     ___FILE_ONLY___ 
    "apiVersion": "serving.knative.dev/v1",
2023-05-06 03:12:35,863 INFO     ___FILE_ONLY___ 
    "kind": "Service",
2023-05-06 03:12:35,863 INFO     ___FILE_ONLY___ 
    "metadata": {
2023-05-06 03:12:35,863 INFO     ___FILE_ONLY___ 
      "annotations": {
2023-05-06 03:12:35,863 INFO     ___FILE_ONLY___ 
        "client.knative.dev/user-image": "gcr.io/phishtension/nb-3",
2023-05-06 03:12:35,863 INFO     ___FILE_ONLY___ 
        "run.googleapis.com/client-name": "Cloud Code for VS Code",
2023-05-06 03:12:35,863 INFO     ___FILE_ONLY___ 
        "run.googleapis.com/client-version": "1.21.4",
2023-05-06 03:12:35,863 INFO     ___FILE_ONLY___ 
        "run.googleapis.com/ingress": "all",
2023-05-06 03:12:35,863 INFO     ___FILE_ONLY___ 
        "run.googleapis.com/ingress-status": "all",
2023-05-06 03:12:35,863 INFO     ___FILE_ONLY___ 
        "run.googleapis.com/operation-id": "38cb4bbe-a0b1-44b4-ab91-2ed2a9f4cae7",
2023-05-06 03:12:35,863 INFO     ___FILE_ONLY___ 
        "serving.knative.dev/creator": "kekinkito@gbox.adnu.edu.ph",
2023-05-06 03:12:35,863 INFO     ___FILE_ONLY___ 
        "serving.knative.dev/lastModifier": "kekinkito@gbox.adnu.edu.ph"
2023-05-06 03:12:35,863 INFO     ___FILE_ONLY___ 
      },
2023-05-06 03:12:35,863 INFO     ___FILE_ONLY___ 
      "creationTimestamp": "2023-03-29T07:16:22.299045Z",
2023-05-06 03:12:35,863 INFO     ___FILE_ONLY___ 
      "generation": 64,
2023-05-06 03:12:35,864 INFO     ___FILE_ONLY___ 
      "labels": {
2023-05-06 03:12:35,864 INFO     ___FILE_ONLY___ 
        "cloud.googleapis.com/location": "asia-southeast1"
2023-05-06 03:12:35,864 INFO     ___FILE_ONLY___ 
      },
2023-05-06 03:12:35,864 INFO     ___FILE_ONLY___ 
      "name": "nb3",
2023-05-06 03:12:35,864 INFO     ___FILE_ONLY___ 
      "namespace": "632799504819",
2023-05-06 03:12:35,864 INFO     ___FILE_ONLY___ 
      "resourceVersion": "AAX6ZJMuXaE",
2023-05-06 03:12:35,864 INFO     ___FILE_ONLY___ 
      "selfLink": "/apis/serving.knative.dev/v1/namespaces/632799504819/services/nb3",
2023-05-06 03:12:35,864 INFO     ___FILE_ONLY___ 
      "uid": "6f8b44af-8f0a-43fc-a7a7-f7196e96d8e2"
2023-05-06 03:12:35,864 INFO     ___FILE_ONLY___ 
    },
2023-05-06 03:12:35,864 INFO     ___FILE_ONLY___ 
    "spec": {
2023-05-06 03:12:35,864 INFO     ___FILE_ONLY___ 
      "template": {
2023-05-06 03:12:35,864 INFO     ___FILE_ONLY___ 
        "metadata": {
2023-05-06 03:12:35,864 INFO     ___FILE_ONLY___ 
          "annotations": {
2023-05-06 03:12:35,864 INFO     ___FILE_ONLY___ 
            "autoscaling.knative.dev/maxScale": "100",
2023-05-06 03:12:35,864 INFO     ___FILE_ONLY___ 
            "client.knative.dev/user-image": "gcr.io/phishtension/nb-3",
2023-05-06 03:12:35,865 INFO     ___FILE_ONLY___ 
            "run.googleapis.com/client-name": "Cloud Code for VS Code",
2023-05-06 03:12:35,865 INFO     ___FILE_ONLY___ 
            "run.googleapis.com/client-version": "1.21.4"
2023-05-06 03:12:35,865 INFO     ___FILE_ONLY___ 
          },
2023-05-06 03:12:35,865 INFO     ___FILE_ONLY___ 
          "name": "nb3-00064-yit"
2023-05-06 03:12:35,865 INFO     ___FILE_ONLY___ 
        },
2023-05-06 03:12:35,865 INFO     ___FILE_ONLY___ 
        "spec": {
2023-05-06 03:12:35,865 INFO     ___FILE_ONLY___ 
          "containerConcurrency": 80,
2023-05-06 03:12:35,865 INFO     ___FILE_ONLY___ 
          "containers": [
2023-05-06 03:12:35,865 INFO     ___FILE_ONLY___ 
            {
2023-05-06 03:12:35,865 INFO     ___FILE_ONLY___ 
              "image": "gcr.io/phishtension/nb-3",
2023-05-06 03:12:35,865 INFO     ___FILE_ONLY___ 
              "ports": [
2023-05-06 03:12:35,865 INFO     ___FILE_ONLY___ 
                {
2023-05-06 03:12:35,865 INFO     ___FILE_ONLY___ 
                  "containerPort": 8080,
2023-05-06 03:12:35,865 INFO     ___FILE_ONLY___ 
                  "name": "http1"
2023-05-06 03:12:35,865 INFO     ___FILE_ONLY___ 
                }
2023-05-06 03:12:35,865 INFO     ___FILE_ONLY___ 
              ],
2023-05-06 03:12:35,866 INFO     ___FILE_ONLY___ 
              "resources": {
2023-05-06 03:12:35,866 INFO     ___FILE_ONLY___ 
                "limits": {
2023-05-06 03:12:35,866 INFO     ___FILE_ONLY___ 
                  "cpu": "1",
2023-05-06 03:12:35,866 INFO     ___FILE_ONLY___ 
                  "memory": "256Mi"
2023-05-06 03:12:35,866 INFO     ___FILE_ONLY___ 
                }
2023-05-06 03:12:35,866 INFO     ___FILE_ONLY___ 
              },
2023-05-06 03:12:35,866 INFO     ___FILE_ONLY___ 
              "startupProbe": {
2023-05-06 03:12:35,866 INFO     ___FILE_ONLY___ 
                "failureThreshold": 1,
2023-05-06 03:12:35,866 INFO     ___FILE_ONLY___ 
                "periodSeconds": 240,
2023-05-06 03:12:35,866 INFO     ___FILE_ONLY___ 
                "tcpSocket": {
2023-05-06 03:12:35,866 INFO     ___FILE_ONLY___ 
                  "port": 8080
2023-05-06 03:12:35,866 INFO     ___FILE_ONLY___ 
                },
2023-05-06 03:12:35,866 INFO     ___FILE_ONLY___ 
                "timeoutSeconds": 240
2023-05-06 03:12:35,866 INFO     ___FILE_ONLY___ 
              }
2023-05-06 03:12:35,866 INFO     ___FILE_ONLY___ 
            }
2023-05-06 03:12:35,867 INFO     ___FILE_ONLY___ 
          ],
2023-05-06 03:12:35,867 INFO     ___FILE_ONLY___ 
          "serviceAccountName": "632799504819-compute@developer.gserviceaccount.com",
2023-05-06 03:12:35,867 INFO     ___FILE_ONLY___ 
          "timeoutSeconds": 300
2023-05-06 03:12:35,867 INFO     ___FILE_ONLY___ 
        }
2023-05-06 03:12:35,867 INFO     ___FILE_ONLY___ 
      },
2023-05-06 03:12:35,867 INFO     ___FILE_ONLY___ 
      "traffic": [
2023-05-06 03:12:35,867 INFO     ___FILE_ONLY___ 
        {
2023-05-06 03:12:35,867 INFO     ___FILE_ONLY___ 
          "latestRevision": true,
2023-05-06 03:12:35,867 INFO     ___FILE_ONLY___ 
          "percent": 100
2023-05-06 03:12:35,867 INFO     ___FILE_ONLY___ 
        }
2023-05-06 03:12:35,867 INFO     ___FILE_ONLY___ 
      ]
2023-05-06 03:12:35,867 INFO     ___FILE_ONLY___ 
    },
2023-05-06 03:12:35,867 INFO     ___FILE_ONLY___ 
    "status": {
2023-05-06 03:12:35,867 INFO     ___FILE_ONLY___ 
      "address": {
2023-05-06 03:12:35,867 INFO     ___FILE_ONLY___ 
        "url": "https://nb3-mgpp2ks77a-as.a.run.app"
2023-05-06 03:12:35,867 INFO     ___FILE_ONLY___ 
      },
2023-05-06 03:12:35,868 INFO     ___FILE_ONLY___ 
      "conditions": [
2023-05-06 03:12:35,868 INFO     ___FILE_ONLY___ 
        {
2023-05-06 03:12:35,868 INFO     ___FILE_ONLY___ 
          "lastTransitionTime": "2023-04-28T12:25:56.419582Z",
2023-05-06 03:12:35,868 INFO     ___FILE_ONLY___ 
          "status": "True",
2023-05-06 03:12:35,868 INFO     ___FILE_ONLY___ 
          "type": "Ready"
2023-05-06 03:12:35,868 INFO     ___FILE_ONLY___ 
        },
2023-05-06 03:12:35,868 INFO     ___FILE_ONLY___ 
        {
2023-05-06 03:12:35,868 INFO     ___FILE_ONLY___ 
          "lastTransitionTime": "2023-04-28T12:25:50.813552Z",
2023-05-06 03:12:35,868 INFO     ___FILE_ONLY___ 
          "status": "True",
2023-05-06 03:12:35,868 INFO     ___FILE_ONLY___ 
          "type": "ConfigurationsReady"
2023-05-06 03:12:35,868 INFO     ___FILE_ONLY___ 
        },
2023-05-06 03:12:35,868 INFO     ___FILE_ONLY___ 
        {
2023-05-06 03:12:35,868 INFO     ___FILE_ONLY___ 
          "lastTransitionTime": "2023-04-28T12:25:56.516257Z",
2023-05-06 03:12:35,868 INFO     ___FILE_ONLY___ 
          "status": "True",
2023-05-06 03:12:35,868 INFO     ___FILE_ONLY___ 
          "type": "RoutesReady"
2023-05-06 03:12:35,868 INFO     ___FILE_ONLY___ 
        }
2023-05-06 03:12:35,869 INFO     ___FILE_ONLY___ 
      ],
2023-05-06 03:12:35,869 INFO     ___FILE_ONLY___ 
      "latestCreatedRevisionName": "nb3-00064-yit",
2023-05-06 03:12:35,869 INFO     ___FILE_ONLY___ 
      "latestReadyRevisionName": "nb3-00064-yit",
2023-05-06 03:12:35,869 INFO     ___FILE_ONLY___ 
      "observedGeneration": 64,
2023-05-06 03:12:35,869 INFO     ___FILE_ONLY___ 
      "traffic": [
2023-05-06 03:12:35,869 INFO     ___FILE_ONLY___ 
        {
2023-05-06 03:12:35,869 INFO     ___FILE_ONLY___ 
          "latestRevision": true,
2023-05-06 03:12:35,869 INFO     ___FILE_ONLY___ 
          "percent": 100,
2023-05-06 03:12:35,869 INFO     ___FILE_ONLY___ 
          "revisionName": "nb3-00064-yit"
2023-05-06 03:12:35,869 INFO     ___FILE_ONLY___ 
        }
2023-05-06 03:12:35,869 INFO     ___FILE_ONLY___ 
      ],
2023-05-06 03:12:35,869 INFO     ___FILE_ONLY___ 
      "url": "https://nb3-mgpp2ks77a-as.a.run.app"
2023-05-06 03:12:35,869 INFO     ___FILE_ONLY___ 
    }
2023-05-06 03:12:35,869 INFO     ___FILE_ONLY___ 
  }
2023-05-06 03:12:35,870 WARNING  root            The following filter keys were not present in any resource : metadata.labels.goog-managed-by
2023-05-06 03:12:35,870 INFO     ___FILE_ONLY___ 
]

2023-05-06 03:12:35,870 DEBUG    root            SDK update checks are disabled.
