2023-05-06 03:46:31,860 DEBUG    root            Loaded Command Group: ['gcloud', 'config']
2023-05-06 03:46:31,862 DEBUG    root            Loaded Command Group: ['gcloud', 'config', 'config_helper']
2023-05-06 03:46:31,865 DEBUG    root            Running [gcloud.config.config-helper] with arguments: [--format: "json", --quiet: "True", --verbosity: "warning"]
2023-05-06 03:46:31,876 DEBUG    google.auth.transport.requests Making request: GET http://metadata.google.internal/computeMetadata/v1/instance/service-accounts/kekinkito@gbox.adnu.edu.ph/?recursive=true
2023-05-06 03:46:31,879 DEBUG    urllib3.connectionpool Starting new HTTP connection (1): metadata.google.internal:80
2023-05-06 03:46:31,882 DEBUG    urllib3.connectionpool http://metadata.google.internal:80 "GET /computeMetadata/v1/instance/service-accounts/kekinkito@gbox.adnu.edu.ph/?recursive=true HTTP/1.1" 200 None
2023-05-06 03:46:31,883 DEBUG    google.auth.transport.requests Making request: GET http://metadata.google.internal/computeMetadata/v1/instance/service-accounts/kekinkito@gbox.adnu.edu.ph/token
2023-05-06 03:46:31,885 DEBUG    urllib3.connectionpool Resetting dropped connection: metadata.google.internal
2023-05-06 03:46:31,888 DEBUG    urllib3.connectionpool http://metadata.google.internal:80 "GET /computeMetadata/v1/instance/service-accounts/kekinkito@gbox.adnu.edu.ph/token HTTP/1.1" 200 None
2023-05-06 03:46:31,908 DEBUG    urllib3.connectionpool Starting new HTTPS connection (1): www.gstatic.com:443
2023-05-06 03:46:31,928 DEBUG    urllib3.connectionpool https://www.gstatic.com:443 "GET /cloudsdk/feature_flag_config_file.yaml HTTP/1.1" 200 101
2023-05-06 03:46:31,948 DEBUG    root            Chosen display Format:default json
2023-05-06 03:46:31,948 INFO     root            Display format: "default json"
2023-05-06 03:46:31,949 INFO     ___FILE_ONLY___ {
  "configuration": {
    "active_configuration": "default",
    "properties": {
      "accessibility": {
        "screen_reader": "True"
      },
      "component_manager": {
        "disable_update_check": "True"
      },
      "compute": {
        "gce_metadata_read_timeout_sec": "30"
      },
      "container": {
        "use_application_default_credentials": "true"
      },
      "core": {
        "account": "kekinkito@gbox.adnu.edu.ph",
        "disable_prompts": "True",
        "disable_usage_reporting": "True",
        "print_unhandled_tracebacks": "true",
        "verbosity": "warning"
      },
      "metrics": {
        "environment": "cloudcode.vscode",
        "environment_version": "1.21.4"
      }
    }
  },
  "credential": {
    "access_token": "ya29.a0AWY7Ckk6I7ShdrYDdpYgOGmPU3dFINXj3Ym2UceS-OPUZcd-qbTedl8F9waU6Cfu_7CXn9jjh-MibIRUvsGn5kzOggiCOYkBFlngG2kuD_CGqb4m2s-p1ztOoQfVajBQybgrPN76QlYjg9os4yv-dq-pgrQuLSCkH4w364U18Zq2mx8ygRNNZVzcljUl-hlJ4uAU5PewVf_BtzJp1upsznIRQnaU7C-niMJVSwaoaCgYKAbwSARESFQG1tDrp6Y62g0P6vO2vro06nkLa0w0239",
    "id_token": "eyJhbGciOiJSUzI1NiIsImtpZCI6Ijc3NzBiMDg1YmY2NDliNzI2YjM1NzQ3NjQwMzBlMWJkZTlhMTBhZTYiLCJ0eXAiOiJKV1QifQ.eyJpc3MiOiJhY2NvdW50cy5nb29nbGUuY29tIiwiYXpwIjoiNjE4MTA0NzA4MDU0LTlyOXMxYzRhbGczNmVybGl1Y2hvOXQ1Mm4zMm42ZGdxLmFwcHMuZ29vZ2xldXNlcmNvbnRlbnQuY29tIiwiYXVkIjoiNjE4MTA0NzA4MDU0LTlyOXMxYzRhbGczNmVybGl1Y2hvOXQ1Mm4zMm42ZGdxLmFwcHMuZ29vZ2xldXNlcmNvbnRlbnQuY29tIiwic3ViIjoiMTAyNjEzMTMyMjU4NjcwNDMzNTIxIiwiaGQiOiJnYm94LmFkbnUuZWR1LnBoIiwiZW1haWwiOiJrZWtpbmtpdG9AZ2JveC5hZG51LmVkdS5waCIsImVtYWlsX3ZlcmlmaWVkIjp0cnVlLCJhdF9oYXNoIjoiOFB2SkJieEVxQzJwdVVJMkdvN2ZIZyIsImlhdCI6MTY4MzM0MjA3NCwiZXhwIjoxNjgzMzQ1Njc0LCJqdGkiOiIxMTgyYzE1NjkzMjM3MmI0MjY3NjAxMjg1YmU4YWM4Y2ZlNDA3MzE0In0.ryddLt-Mbi-jEGLCzQV_CnyGU3C4_W_knMn3QZNECFVxIzOPK5eSZ5rJ2_ZKx5mZ1OJPSyRrWN1C5qze7DM5hODGWvaDdwy00pA5FW2qWhhg2NHzvcIOuSmHlFdx-mzfYcXhy6Bz-CskyVtdgfvYh0HhtHUWQxGbYGIegiUmJvJzqh7CQV3X_I91h9cLP_kqF3DYQKe97kXQLu04jqOdsvbobczO7fkWtoENIq1yGWLtfaqVbMrRBvINdhw-RQVaqaP0pP9oBhWqhBFGFv1XpZNA39qJeIOL4uF9BtEICPWeLCyHOzy2wwIbwSYs89H-EjchcyJWrA7FrBp-EcUctQ",
    "token_expiry": "2023-05-06T04:01:11Z"
  },
  "sentinels": {
    "config_sentinel": "/home/kekinkito/.config/gcloud/config_sentinel"
  }
}
2023-05-06 03:46:31,949 INFO     ___FILE_ONLY___ 

2023-05-06 03:46:31,950 DEBUG    root            SDK update checks are disabled.
