2023-05-06 08:30:43,150 DEBUG    root            Loaded Command Group: ['gcloud', 'config']
2023-05-06 08:30:43,159 DEBUG    root            Loaded Command Group: ['gcloud', 'config', 'config_helper']
2023-05-06 08:30:43,164 DEBUG    root            Running [gcloud.config.config-helper] with arguments: [--format: "json", --quiet: "True", --verbosity: "warning"]
2023-05-06 08:30:43,182 DEBUG    google.auth.transport.requests Making request: GET http://metadata.google.internal/computeMetadata/v1/instance/service-accounts/kekinkito@gbox.adnu.edu.ph/?recursive=true
2023-05-06 08:30:43,187 DEBUG    urllib3.connectionpool Starting new HTTP connection (1): metadata.google.internal:80
2023-05-06 08:30:43,191 DEBUG    urllib3.connectionpool http://metadata.google.internal:80 "GET /computeMetadata/v1/instance/service-accounts/kekinkito@gbox.adnu.edu.ph/?recursive=true HTTP/1.1" 200 None
2023-05-06 08:30:43,192 DEBUG    google.auth.transport.requests Making request: GET http://metadata.google.internal/computeMetadata/v1/instance/service-accounts/kekinkito@gbox.adnu.edu.ph/token
2023-05-06 08:30:43,195 DEBUG    urllib3.connectionpool Resetting dropped connection: metadata.google.internal
2023-05-06 08:30:43,199 DEBUG    urllib3.connectionpool http://metadata.google.internal:80 "GET /computeMetadata/v1/instance/service-accounts/kekinkito@gbox.adnu.edu.ph/token HTTP/1.1" 200 None
2023-05-06 08:30:43,220 DEBUG    urllib3.connectionpool Starting new HTTPS connection (1): www.gstatic.com:443
2023-05-06 08:30:43,255 DEBUG    urllib3.connectionpool https://www.gstatic.com:443 "GET /cloudsdk/feature_flag_config_file.yaml HTTP/1.1" 200 101
2023-05-06 08:30:43,280 DEBUG    root            Chosen display Format:default json
2023-05-06 08:30:43,281 INFO     root            Display format: "default json"
2023-05-06 08:30:43,282 INFO     ___FILE_ONLY___ {
  "configuration": {
    "active_configuration": "default",
    "properties": {
      "accessibility": {
        "screen_reader": "True"
      },
      "component_manager": {
        "disable_update_check": "True"
      },
      "compute": {
        "gce_metadata_read_timeout_sec": "30"
      },
      "container": {
        "use_application_default_credentials": "true"
      },
      "core": {
        "account": "kekinkito@gbox.adnu.edu.ph",
        "disable_prompts": "True",
        "disable_usage_reporting": "True",
        "print_unhandled_tracebacks": "true",
        "verbosity": "warning"
      },
      "metrics": {
        "environment": "cloudcode.vscode",
        "environment_version": "1.21.4"
      }
    }
  },
  "credential": {
    "access_token": "ya29.a0AWY7CkmJ3Fwa5qX86gqYd_3Pgg5RiZNHR5SzfElgUH9jFr-S5o-YzZ_vmW_Ub0A7Xswne8H2GhTL9WQPMbllB--LI2ukrQiin1RfcHb6hsNSMzX82WZpwfQ9W2xnmu1sr_Z4TUVqsT3We5e8xEWahACjjsU5Yy2NaUg7BnRMOZIfNBJQNjUW3d3vND4pcBz_CJfW5z55LPq4Szyqm0pxAmBv8VIJLOZIUH5iSwaCgYKAZ0SARESFQG1tDrpVJoBFq7LammfdrLsAyBG4g0237",
    "id_token": "eyJhbGciOiJSUzI1NiIsImtpZCI6Ijc3NzBiMDg1YmY2NDliNzI2YjM1NzQ3NjQwMzBlMWJkZTlhMTBhZTYiLCJ0eXAiOiJKV1QifQ.eyJpc3MiOiJhY2NvdW50cy5nb29nbGUuY29tIiwiYXpwIjoiNjE4MTA0NzA4MDU0LTlyOXMxYzRhbGczNmVybGl1Y2hvOXQ1Mm4zMm42ZGdxLmFwcHMuZ29vZ2xldXNlcmNvbnRlbnQuY29tIiwiYXVkIjoiNjE4MTA0NzA4MDU0LTlyOXMxYzRhbGczNmVybGl1Y2hvOXQ1Mm4zMm42ZGdxLmFwcHMuZ29vZ2xldXNlcmNvbnRlbnQuY29tIiwic3ViIjoiMTAyNjEzMTMyMjU4NjcwNDMzNTIxIiwiaGQiOiJnYm94LmFkbnUuZWR1LnBoIiwiZW1haWwiOiJrZWtpbmtpdG9AZ2JveC5hZG51LmVkdS5waCIsImVtYWlsX3ZlcmlmaWVkIjp0cnVlLCJhdF9oYXNoIjoiYk9PT3daT2FTRVhvSHpNbUU5cXZ5QSIsImlhdCI6MTY4MzM2MTgzOCwiZXhwIjoxNjgzMzY1NDM4LCJqdGkiOiI1Nzk5MjE0ZjI4NjI4MTI0N2UyMjk2NzJkYjBhNjk4NWVhYzM0YWJiIn0.BIIkjEJ1JSPjwhAjW-8Z0A6noiBIfpvqpbfyMqwuYVrZeOP6bEmkprme2Az-ri5N7KsGLqwcso922tVCOc34GmA3VNcm2EG5JazK3QaJ3PdfOIjEb1iIoGC2yuYEcxa6KQjO3YFM5du-PvCQuLUntJBf5LGecEXni1fM7KCDpj6wZbFbcdEjnmrVRjLkEMhdg2xJNnclRbhgWmkD2QbiO0WdLruyOYq_J0dHGyYgy8xuHEgnAuOXNzn7n_vPgHqZzog6Yc0jEw9sOoGaXd-rale6qzMguhOZvE8GAgaMQWONShpQpagxETswYfHqpfbi-2hFFT0IyRsSlkv3SVrrmg",
    "token_expiry": "2023-05-06T09:30:36Z"
  },
  "sentinels": {
    "config_sentinel": "/home/kekinkito/.config/gcloud/config_sentinel"
  }
}
2023-05-06 08:30:43,282 INFO     ___FILE_ONLY___ 

2023-05-06 08:30:43,283 DEBUG    root            SDK update checks are disabled.
