2023-05-06 11:53:50,221 DEBUG    root            Loaded Command Group: ['gcloud', 'auth']
2023-05-06 11:53:50,226 DEBUG    root            Loaded Command Group: ['gcloud', 'auth', 'docker_helper']
2023-05-06 11:53:50,228 DEBUG    root            Running [gcloud.auth.docker-helper] with arguments: [METHOD: "get"]
2023-05-06 11:53:50,241 DEBUG    google.auth.transport.requests Making request: GET http://metadata.google.internal/computeMetadata/v1/instance/service-accounts/kekinkito@gbox.adnu.edu.ph/?recursive=true
2023-05-06 11:53:50,244 DEBUG    urllib3.connectionpool Starting new HTTP connection (1): metadata.google.internal:80
2023-05-06 11:53:50,247 DEBUG    urllib3.connectionpool http://metadata.google.internal:80 "GET /computeMetadata/v1/instance/service-accounts/kekinkito@gbox.adnu.edu.ph/?recursive=true HTTP/1.1" 200 None
2023-05-06 11:53:50,248 DEBUG    google.auth.transport.requests Making request: GET http://metadata.google.internal/computeMetadata/v1/instance/service-accounts/kekinkito@gbox.adnu.edu.ph/token
2023-05-06 11:53:50,250 DEBUG    urllib3.connectionpool Resetting dropped connection: metadata.google.internal
2023-05-06 11:53:50,253 DEBUG    urllib3.connectionpool http://metadata.google.internal:80 "GET /computeMetadata/v1/instance/service-accounts/kekinkito@gbox.adnu.edu.ph/token HTTP/1.1" 200 None
2023-05-06 11:53:50,263 DEBUG    google.auth.transport.requests Making request: GET http://metadata.google.internal/computeMetadata/v1/instance/service-accounts/kekinkito@gbox.adnu.edu.ph/?recursive=true
2023-05-06 11:53:50,265 DEBUG    urllib3.connectionpool Starting new HTTP connection (1): metadata.google.internal:80
2023-05-06 11:53:50,268 DEBUG    urllib3.connectionpool http://metadata.google.internal:80 "GET /computeMetadata/v1/instance/service-accounts/kekinkito@gbox.adnu.edu.ph/?recursive=true HTTP/1.1" 200 None
2023-05-06 11:53:50,269 DEBUG    google.auth.transport.requests Making request: GET http://metadata.google.internal/computeMetadata/v1/instance/service-accounts/kekinkito@gbox.adnu.edu.ph/token?scopes=%0Aemail%0Ahttps%3A%2F%2Fwww.googleapis.com%2Fauth%2Fcloud-platform%0A
2023-05-06 11:53:50,272 DEBUG    urllib3.connectionpool Resetting dropped connection: metadata.google.internal
2023-05-06 11:53:50,276 DEBUG    urllib3.connectionpool http://metadata.google.internal:80 "GET /computeMetadata/v1/instance/service-accounts/kekinkito@gbox.adnu.edu.ph/token?scopes=%0Aemail%0Ahttps%3A%2F%2Fwww.googleapis.com%2Fauth%2Fcloud-platform%0A HTTP/1.1" 200 None
2023-05-06 11:53:50,282 DEBUG    root            Chosen display Format:json
2023-05-06 11:53:50,282 INFO     root            Display format: "json"
2023-05-06 11:53:50,282 INFO     ___FILE_ONLY___ {
  "Secret": "ya29.a0AWY7CkkoNcfKbJcCgzR6JIVikquVr1ag8KCiJMN1IbiGtNOEHPyev6wHoPti9ty1SiswkcJvIGHKMdEuVsybbgWmDKCZNzYmw3of4bOpRhGiQpSAAB2ie3m4OnTciZTRQesVOQ_C9mfe-PNKDl2WSV4AITpi_xbQbdZFi92mljhNgqb2Ep8Z5ZlRyYaRAKduxj5Akiw0TPj-nVd99rfll_suNmyEGvQCR0gSkQaCgYKAU4SARESFQG1tDrpHBmcnHrcJRKO-oYI3InH3w0237",
  "Username": "_dcgcloud_token"
}
2023-05-06 11:53:50,283 INFO     ___FILE_ONLY___ 

2023-05-06 11:53:50,283 DEBUG    root            SDK update checks are disabled.
