2023-05-06 15:47:20,039 DEBUG    root            Loaded Command Group: ['gcloud', 'config']
2023-05-06 15:47:20,043 DEBUG    root            Loaded Command Group: ['gcloud', 'config', 'config_helper']
2023-05-06 15:47:20,046 DEBUG    root            Running [gcloud.config.config-helper] with arguments: [--format: "json", --quiet: "True", --verbosity: "warning"]
2023-05-06 15:47:20,058 DEBUG    google.auth.transport.requests Making request: GET http://metadata.google.internal/computeMetadata/v1/instance/service-accounts/kekinkito@gbox.adnu.edu.ph/?recursive=true
2023-05-06 15:47:20,060 DEBUG    urllib3.connectionpool Starting new HTTP connection (1): metadata.google.internal:80
2023-05-06 15:47:20,064 DEBUG    urllib3.connectionpool http://metadata.google.internal:80 "GET /computeMetadata/v1/instance/service-accounts/kekinkito@gbox.adnu.edu.ph/?recursive=true HTTP/1.1" 200 None
2023-05-06 15:47:20,064 DEBUG    google.auth.transport.requests Making request: GET http://metadata.google.internal/computeMetadata/v1/instance/service-accounts/kekinkito@gbox.adnu.edu.ph/token
2023-05-06 15:47:20,066 DEBUG    urllib3.connectionpool Resetting dropped connection: metadata.google.internal
2023-05-06 15:47:20,069 DEBUG    urllib3.connectionpool http://metadata.google.internal:80 "GET /computeMetadata/v1/instance/service-accounts/kekinkito@gbox.adnu.edu.ph/token HTTP/1.1" 200 None
2023-05-06 15:47:20,095 DEBUG    root            Chosen display Format:default json
2023-05-06 15:47:20,096 INFO     root            Display format: "default json"
2023-05-06 15:47:20,097 INFO     ___FILE_ONLY___ {
  "configuration": {
    "active_configuration": "default",
    "properties": {
      "accessibility": {
        "screen_reader": "True"
      },
      "component_manager": {
        "disable_update_check": "True"
      },
      "compute": {
        "gce_metadata_read_timeout_sec": "30"
      },
      "container": {
        "use_application_default_credentials": "true"
      },
      "core": {
        "account": "kekinkito@gbox.adnu.edu.ph",
        "disable_prompts": "True",
        "disable_usage_reporting": "True",
        "print_unhandled_tracebacks": "true",
        "verbosity": "warning"
      },
      "metrics": {
        "environment": "cloudcode.vscode",
        "environment_version": "1.21.4"
      }
    }
  },
  "credential": {
    "access_token": "ya29.a0AWY7CklEc8eGhfh7h0DwvL2V7zBhnkXCIZBvZCSoUstN1wwq2iAUI8uGRzMMagwHrU-ecgy51n_L6Dk4PyaT3Es0RmtfhO9MaBu5Vxju66Ut0NEApqNjtjjVCrZhw20iOe8_RcHKe0hraH-vi-k6vgAXLdHEZQZK4-OqdH9kI3f3szGv7jMUJWljGzXvyxtbbGCMCuHBpdzquApwfBzk4pldQCP0_l8klxLA_ZMaCgYKAaASARESFQG1tDrpcZ10LYxTdOJvXZS3yoHIKg0238",
    "id_token": "eyJhbGciOiJSUzI1NiIsImtpZCI6Ijc3NzBiMDg1YmY2NDliNzI2YjM1NzQ3NjQwMzBlMWJkZTlhMTBhZTYiLCJ0eXAiOiJKV1QifQ.eyJpc3MiOiJhY2NvdW50cy5nb29nbGUuY29tIiwiYXpwIjoiNjE4MTA0NzA4MDU0LTlyOXMxYzRhbGczNmVybGl1Y2hvOXQ1Mm4zMm42ZGdxLmFwcHMuZ29vZ2xldXNlcmNvbnRlbnQuY29tIiwiYXVkIjoiNjE4MTA0NzA4MDU0LTlyOXMxYzRhbGczNmVybGl1Y2hvOXQ1Mm4zMm42ZGdxLmFwcHMuZ29vZ2xldXNlcmNvbnRlbnQuY29tIiwic3ViIjoiMTAyNjEzMTMyMjU4NjcwNDMzNTIxIiwiaGQiOiJnYm94LmFkbnUuZWR1LnBoIiwiZW1haWwiOiJrZWtpbmtpdG9AZ2JveC5hZG51LmVkdS5waCIsImVtYWlsX3ZlcmlmaWVkIjp0cnVlLCJhdF9oYXNoIjoiODN2d0Radm1wRGo0WkFHSzQ2SkNOQSIsImlhdCI6MTY4MzM4ODAzMCwiZXhwIjoxNjgzMzkxNjMwLCJqdGkiOiI0NWUyN2QzYzFhNzJkMzBkNGJhODY1MGE2OWI4NGZhYmUxOTkwMTlmIn0.e7bhIR0ouVbyo5QFmlDBQWUPxiDQ28xNyUUZFcijwmQ7GR7H2Bj-73ZC8lzPKXBMpS7925OalR2Jq2zGlnvwZRghYZpkFZPGnMqccwrEqy6oK59_fk-vTFkQPDvHFiqJC2N2DsNiBzS8cxoJuvijcWhGFF_KHo0eSUVp-pEvXY-CkqqH66KB8V9n3BygH8OxWkPpBVmPWcXJ8wT-naoThsqrhWTlwPANbz11D-8DmNb0twvRIdzkvH1oNm_Lz2KN0LGjQUxKNs1Ez9PNSfoxN-8U7NLpe3Xi9bfFcjNHsE3ieecWURmTR-TGqJNcOYgFj0-4jXpVipcZHN51p6ARAA",
    "token_expiry": "2023-05-06T16:47:07Z"
  },
  "sentinels": {
    "config_sentinel": "/home/kekinkito/.config/gcloud/config_sentinel"
  }
}
2023-05-06 15:47:20,097 INFO     ___FILE_ONLY___ 

2023-05-06 15:47:20,098 DEBUG    root            SDK update checks are disabled.
