2023-05-06 16:11:31,420 DEBUG    root            Loaded Command Group: ['gcloud', 'auth']
2023-05-06 16:11:31,423 DEBUG    root            Loaded Command Group: ['gcloud', 'auth', 'docker_helper']
2023-05-06 16:11:31,425 DEBUG    root            Running [gcloud.auth.docker-helper] with arguments: [METHOD: "get"]
2023-05-06 16:11:31,437 DEBUG    google.auth.transport.requests Making request: GET http://metadata.google.internal/computeMetadata/v1/instance/service-accounts/kekinkito@gbox.adnu.edu.ph/?recursive=true
2023-05-06 16:11:31,440 DEBUG    urllib3.connectionpool Starting new HTTP connection (1): metadata.google.internal:80
2023-05-06 16:11:31,443 DEBUG    urllib3.connectionpool http://metadata.google.internal:80 "GET /computeMetadata/v1/instance/service-accounts/kekinkito@gbox.adnu.edu.ph/?recursive=true HTTP/1.1" 200 None
2023-05-06 16:11:31,444 DEBUG    google.auth.transport.requests Making request: GET http://metadata.google.internal/computeMetadata/v1/instance/service-accounts/kekinkito@gbox.adnu.edu.ph/token
2023-05-06 16:11:31,446 DEBUG    urllib3.connectionpool Resetting dropped connection: metadata.google.internal
2023-05-06 16:11:31,448 DEBUG    urllib3.connectionpool http://metadata.google.internal:80 "GET /computeMetadata/v1/instance/service-accounts/kekinkito@gbox.adnu.edu.ph/token HTTP/1.1" 200 None
2023-05-06 16:11:31,456 DEBUG    google.auth.transport.requests Making request: GET http://metadata.google.internal/computeMetadata/v1/instance/service-accounts/kekinkito@gbox.adnu.edu.ph/?recursive=true
2023-05-06 16:11:31,459 DEBUG    urllib3.connectionpool Starting new HTTP connection (1): metadata.google.internal:80
2023-05-06 16:11:31,462 DEBUG    urllib3.connectionpool http://metadata.google.internal:80 "GET /computeMetadata/v1/instance/service-accounts/kekinkito@gbox.adnu.edu.ph/?recursive=true HTTP/1.1" 200 None
2023-05-06 16:11:31,463 DEBUG    google.auth.transport.requests Making request: GET http://metadata.google.internal/computeMetadata/v1/instance/service-accounts/kekinkito@gbox.adnu.edu.ph/token?scopes=%0Aemail%0Ahttps%3A%2F%2Fwww.googleapis.com%2Fauth%2Fcloud-platform%0A
2023-05-06 16:11:31,466 DEBUG    urllib3.connectionpool Resetting dropped connection: metadata.google.internal
2023-05-06 16:11:31,469 DEBUG    urllib3.connectionpool http://metadata.google.internal:80 "GET /computeMetadata/v1/instance/service-accounts/kekinkito@gbox.adnu.edu.ph/token?scopes=%0Aemail%0Ahttps%3A%2F%2Fwww.googleapis.com%2Fauth%2Fcloud-platform%0A HTTP/1.1" 200 None
2023-05-06 16:11:31,475 DEBUG    root            Chosen display Format:json
2023-05-06 16:11:31,475 INFO     root            Display format: "json"
2023-05-06 16:11:31,475 INFO     ___FILE_ONLY___ {
  "Secret": "ya29.a0AWY7CklEc8eGhfh7h0DwvL2V7zBhnkXCIZBvZCSoUstN1wwq2iAUI8uGRzMMagwHrU-ecgy51n_L6Dk4PyaT3Es0RmtfhO9MaBu5Vxju66Ut0NEApqNjtjjVCrZhw20iOe8_RcHKe0hraH-vi-k6vgAXLdHEZQZK4-OqdH9kI3f3szGv7jMUJWljGzXvyxtbbGCMCuHBpdzquApwfBzk4pldQCP0_l8klxLA_ZMaCgYKAaASARESFQG1tDrpcZ10LYxTdOJvXZS3yoHIKg0238",
  "Username": "_dcgcloud_token"
}
2023-05-06 16:11:31,476 INFO     ___FILE_ONLY___ 

2023-05-06 16:11:31,476 DEBUG    root            SDK update checks are disabled.
