2023-04-16 05:15:43,400 DEBUG    root            Loaded Command Group: ['gcloud', 'config']
2023-04-16 05:15:43,403 DEBUG    root            Loaded Command Group: ['gcloud', 'config', 'config_helper']
2023-04-16 05:15:43,406 DEBUG    root            Running [gcloud.config.config-helper] with arguments: [--format: "json", --quiet: "True", --verbosity: "warning"]
2023-04-16 05:15:43,419 DEBUG    google.auth.transport.requests Making request: GET http://metadata.google.internal/computeMetadata/v1/instance/service-accounts/kekinkito@gbox.adnu.edu.ph/?recursive=true
2023-04-16 05:15:43,424 DEBUG    urllib3.connectionpool Starting new HTTP connection (1): metadata.google.internal:80
2023-04-16 05:15:43,427 DEBUG    urllib3.connectionpool http://metadata.google.internal:80 "GET /computeMetadata/v1/instance/service-accounts/kekinkito@gbox.adnu.edu.ph/?recursive=true HTTP/1.1" 200 None
2023-04-16 05:15:43,429 DEBUG    google.auth.transport.requests Making request: GET http://metadata.google.internal/computeMetadata/v1/instance/service-accounts/kekinkito@gbox.adnu.edu.ph/token
2023-04-16 05:15:43,431 DEBUG    urllib3.connectionpool Resetting dropped connection: metadata.google.internal
2023-04-16 05:15:43,435 DEBUG    urllib3.connectionpool http://metadata.google.internal:80 "GET /computeMetadata/v1/instance/service-accounts/kekinkito@gbox.adnu.edu.ph/token HTTP/1.1" 200 None
2023-04-16 05:15:43,479 DEBUG    root            Chosen display Format:default json
2023-04-16 05:15:43,480 INFO     root            Display format: "default json"
2023-04-16 05:15:43,481 INFO     ___FILE_ONLY___ {
  "configuration": {
    "active_configuration": "default",
    "properties": {
      "accessibility": {
        "screen_reader": "True"
      },
      "component_manager": {
        "disable_update_check": "True"
      },
      "compute": {
        "gce_metadata_read_timeout_sec": "30"
      },
      "container": {
        "use_application_default_credentials": "true"
      },
      "core": {
        "account": "kekinkito@gbox.adnu.edu.ph",
        "disable_prompts": "True",
        "disable_usage_reporting": "True",
        "print_unhandled_tracebacks": "true",
        "verbosity": "warning"
      },
      "metrics": {
        "environment": "cloudcode.vscode",
        "environment_version": "1.21.2"
      }
    }
  },
  "credential": {
    "access_token": "ya29.a0Ael9sCNWYLWwGKcBjruC9vG7kFkPltkUOxRVfBAUu-IyVmc1433nzFtZ6Ua7iLRIq2tpOaSHPsgF8b_Nwhq9rK59IXtIuQDEqEFSJlI6Lq_625NoccfijtjzR0f0qaF1AymYp7oUUzOJT0eKwyTUVPbqLit88TKtHWU-U_J65EpaqVpLExLrPRdp7kQzfIJpA5zzQ30d_EDs08ogiOUGxXg9MdjkVnDeXNonvXoaCgYKAQ4SARESFQF4udJhuUcBoA5zN67hjUZtejT-gw0238",
    "id_token": "eyJhbGciOiJSUzI1NiIsImtpZCI6Ijk2OTcxODA4Nzk2ODI5YTk3MmU3OWE5ZDFhOWZmZjExY2Q2MWIxZTMiLCJ0eXAiOiJKV1QifQ.eyJpc3MiOiJhY2NvdW50cy5nb29nbGUuY29tIiwiYXpwIjoiNjE4MTA0NzA4MDU0LTlyOXMxYzRhbGczNmVybGl1Y2hvOXQ1Mm4zMm42ZGdxLmFwcHMuZ29vZ2xldXNlcmNvbnRlbnQuY29tIiwiYXVkIjoiNjE4MTA0NzA4MDU0LTlyOXMxYzRhbGczNmVybGl1Y2hvOXQ1Mm4zMm42ZGdxLmFwcHMuZ29vZ2xldXNlcmNvbnRlbnQuY29tIiwic3ViIjoiMTAyNjEzMTMyMjU4NjcwNDMzNTIxIiwiaGQiOiJnYm94LmFkbnUuZWR1LnBoIiwiZW1haWwiOiJrZWtpbmtpdG9AZ2JveC5hZG51LmVkdS5waCIsImVtYWlsX3ZlcmlmaWVkIjp0cnVlLCJhdF9oYXNoIjoiWC02Z3BiT3R0elFCSWJsbFNhaVVxUSIsImlhdCI6MTY4MTYyMjEzMywiZXhwIjoxNjgxNjI1NzMzLCJqdGkiOiJmMTBkNTY4ZGU5M2YzZmJiYTdjMWFmM2E2OGI4Nzg2YjU1NDE4MTk2In0.dsdK_7mgI542jyC5fLDr9_aqIJsJBdktZv7H8pu7IIiW83PddvYIkfYHaY5UQLVkeuDsCxBWlhqpTbVFlQEDxnwjCOkXYS6lpdaB1xzMAu6aUTWHLPP5s4Gj8Uh3LLUFcxftG2qeOqqWH_iVLmCPBi3Ce2SErUYIf5KXbBX5VdbRhggMr4N8yGdVOX1yqkSHpekK1cqc7-iVSle0jEUUjvG6gRxUsequY0nftINOBzh9E5NgFIi4HcK6iLF2-8Y2lqYVzYs6QvSlUjJijDLL_9zlyNR3_KN0hmQlDaJ5EWFQKhEWXnVYK-Q9U5J3NKw6iuMvgP7RoTIbrj9BssdTRg",
    "token_expiry": "2023-04-16T06:15:30Z"
  },
  "sentinels": {
    "config_sentinel": "/home/kekinkito/.config/gcloud/config_sentinel"
  }
}
2023-04-16 05:15:43,481 INFO     ___FILE_ONLY___ 

2023-04-16 05:15:43,482 DEBUG    root            SDK update checks are disabled.
