2023-04-28 11:39:44,114 DEBUG    root            Loaded Command Group: ['gcloud', 'config']
2023-04-28 11:39:44,117 DEBUG    root            Loaded Command Group: ['gcloud', 'config', 'config_helper']
2023-04-28 11:39:44,120 DEBUG    root            Running [gcloud.config.config-helper] with arguments: [--format: "json", --quiet: "True", --verbosity: "warning"]
2023-04-28 11:39:44,131 DEBUG    google.auth.transport.requests Making request: GET http://metadata.google.internal/computeMetadata/v1/instance/service-accounts/kekinkito@gbox.adnu.edu.ph/?recursive=true
2023-04-28 11:39:44,134 DEBUG    urllib3.connectionpool Starting new HTTP connection (1): metadata.google.internal:80
2023-04-28 11:39:44,137 DEBUG    urllib3.connectionpool http://metadata.google.internal:80 "GET /computeMetadata/v1/instance/service-accounts/kekinkito@gbox.adnu.edu.ph/?recursive=true HTTP/1.1" 200 None
2023-04-28 11:39:44,138 DEBUG    google.auth.transport.requests Making request: GET http://metadata.google.internal/computeMetadata/v1/instance/service-accounts/kekinkito@gbox.adnu.edu.ph/token
2023-04-28 11:39:44,139 DEBUG    urllib3.connectionpool Resetting dropped connection: metadata.google.internal
2023-04-28 11:39:44,142 DEBUG    urllib3.connectionpool http://metadata.google.internal:80 "GET /computeMetadata/v1/instance/service-accounts/kekinkito@gbox.adnu.edu.ph/token HTTP/1.1" 200 None
2023-04-28 11:39:44,173 DEBUG    root            Chosen display Format:default json
2023-04-28 11:39:44,174 INFO     root            Display format: "default json"
2023-04-28 11:39:44,175 INFO     ___FILE_ONLY___ {
  "configuration": {
    "active_configuration": "default",
    "properties": {
      "accessibility": {
        "screen_reader": "True"
      },
      "component_manager": {
        "disable_update_check": "True"
      },
      "compute": {
        "gce_metadata_read_timeout_sec": "30"
      },
      "container": {
        "use_application_default_credentials": "true"
      },
      "core": {
        "account": "kekinkito@gbox.adnu.edu.ph",
        "disable_prompts": "True",
        "disable_usage_reporting": "True",
        "print_unhandled_tracebacks": "true",
        "verbosity": "warning"
      },
      "metrics": {
        "environment": "cloudcode.vscode",
        "environment_version": "1.21.4"
      }
    }
  },
  "credential": {
    "access_token": "ya29.a0AWY7Ckl_9sBRW4C7WLfN8uohumb2_4iWwAJqZrJgipxU5UotEr4r5EIcwuecZ8Vs1CNXAFXKFT69Uy-AS_YNLxRbLWO7T5bmvyc1MCOBJhz0oHJCu37LUCVZtHYtYtz2UpxWsvZv31NfWbu4ytzERZN87B0dMuNRhISjpTvR8WF5FhTU4ksHXqtTOAg2nQ_uj1zwNidqzaW1E6KMbv7vrlZHgijjXZssFv4PziiEaCgYKAQMSARESFQG1tDrpnRrPejyDWZL89DtiCymhVA0239",
    "id_token": "eyJhbGciOiJSUzI1NiIsImtpZCI6ImM5YWZkYTM2ODJlYmYwOWViMzA1NWMxYzRiZDM5Yjc1MWZiZjgxOTUiLCJ0eXAiOiJKV1QifQ.eyJpc3MiOiJhY2NvdW50cy5nb29nbGUuY29tIiwiYXpwIjoiNjE4MTA0NzA4MDU0LTlyOXMxYzRhbGczNmVybGl1Y2hvOXQ1Mm4zMm42ZGdxLmFwcHMuZ29vZ2xldXNlcmNvbnRlbnQuY29tIiwiYXVkIjoiNjE4MTA0NzA4MDU0LTlyOXMxYzRhbGczNmVybGl1Y2hvOXQ1Mm4zMm42ZGdxLmFwcHMuZ29vZ2xldXNlcmNvbnRlbnQuY29tIiwic3ViIjoiMTAyNjEzMTMyMjU4NjcwNDMzNTIxIiwiaGQiOiJnYm94LmFkbnUuZWR1LnBoIiwiZW1haWwiOiJrZWtpbmtpdG9AZ2JveC5hZG51LmVkdS5waCIsImVtYWlsX3ZlcmlmaWVkIjp0cnVlLCJhdF9oYXNoIjoiTTdaZEVRWVNLRG5hQTJSV01hNV9YdyIsImlhdCI6MTY4MjY4MTEzMiwiZXhwIjoxNjgyNjg0NzMyLCJqdGkiOiIxODhhMTEwNjNhYjRmYWRlNDhjNGQ1NWFmZWI2NDIxY2ZmMjgxMmY2In0.fXehwAIAGDf2QDLCwtDzVyD_9Y5BaR33uoRUsUUT7T8A8ZRGzA8WBdnlP2dLAVICFV34ankMrINVuumbMAA_fG94mjVZSaH_z_uDSNYMFoMnpf8vse77Hu5CkBCiWSwhH_EHYs-Snav_rCfzNqRx94-9WleSKMJDHJXosOkn9sMPt-_1SCujTuw4tp3l_yKUw63l_UcA3c2pJY6dMRAiBpmao7L2rFuFfMymyzl2i2zanuS-JHReJA7Y9ZhGCXYF7E4sozq08umbA64RFaM7SArKvgUt8M5LYLNvWj3KmIisk1V71GTnWMSZLDVoKY3Rd2N_zNLsJYAONF1Bub0rKQ",
    "token_expiry": "2023-04-28T12:25:30Z"
  },
  "sentinels": {
    "config_sentinel": "/home/kekinkito/.config/gcloud/config_sentinel"
  }
}
2023-04-28 11:39:44,175 INFO     ___FILE_ONLY___ 

2023-04-28 11:39:44,175 DEBUG    root            SDK update checks are disabled.
