2023-04-28 11:40:50,399 DEBUG    root            Loaded Command Group: ['gcloud', 'auth']
2023-04-28 11:40:50,404 DEBUG    root            Loaded Command Group: ['gcloud', 'auth', 'docker_helper']
2023-04-28 11:40:50,406 DEBUG    root            Running [gcloud.auth.docker-helper] with arguments: [METHOD: "get"]
2023-04-28 11:40:50,420 DEBUG    google.auth.transport.requests Making request: GET http://metadata.google.internal/computeMetadata/v1/instance/service-accounts/kekinkito@gbox.adnu.edu.ph/?recursive=true
2023-04-28 11:40:50,422 DEBUG    urllib3.connectionpool Starting new HTTP connection (1): metadata.google.internal:80
2023-04-28 11:40:50,426 DEBUG    urllib3.connectionpool http://metadata.google.internal:80 "GET /computeMetadata/v1/instance/service-accounts/kekinkito@gbox.adnu.edu.ph/?recursive=true HTTP/1.1" 200 None
2023-04-28 11:40:50,427 DEBUG    google.auth.transport.requests Making request: GET http://metadata.google.internal/computeMetadata/v1/instance/service-accounts/kekinkito@gbox.adnu.edu.ph/token
2023-04-28 11:40:50,429 DEBUG    urllib3.connectionpool Resetting dropped connection: metadata.google.internal
2023-04-28 11:40:50,433 DEBUG    urllib3.connectionpool http://metadata.google.internal:80 "GET /computeMetadata/v1/instance/service-accounts/kekinkito@gbox.adnu.edu.ph/token HTTP/1.1" 200 None
2023-04-28 11:40:50,439 DEBUG    google.auth.transport.requests Making request: GET http://metadata.google.internal/computeMetadata/v1/instance/service-accounts/kekinkito@gbox.adnu.edu.ph/?recursive=true
2023-04-28 11:40:50,441 DEBUG    urllib3.connectionpool Starting new HTTP connection (1): metadata.google.internal:80
2023-04-28 11:40:50,444 DEBUG    urllib3.connectionpool http://metadata.google.internal:80 "GET /computeMetadata/v1/instance/service-accounts/kekinkito@gbox.adnu.edu.ph/?recursive=true HTTP/1.1" 200 None
2023-04-28 11:40:50,445 DEBUG    google.auth.transport.requests Making request: GET http://metadata.google.internal/computeMetadata/v1/instance/service-accounts/kekinkito@gbox.adnu.edu.ph/token?scopes=%0Aemail%0Ahttps%3A%2F%2Fwww.googleapis.com%2Fauth%2Fcloud-platform%0A
2023-04-28 11:40:50,447 DEBUG    urllib3.connectionpool Resetting dropped connection: metadata.google.internal
2023-04-28 11:40:50,451 DEBUG    urllib3.connectionpool http://metadata.google.internal:80 "GET /computeMetadata/v1/instance/service-accounts/kekinkito@gbox.adnu.edu.ph/token?scopes=%0Aemail%0Ahttps%3A%2F%2Fwww.googleapis.com%2Fauth%2Fcloud-platform%0A HTTP/1.1" 200 None
2023-04-28 11:40:50,457 DEBUG    root            Chosen display Format:json
2023-04-28 11:40:50,458 INFO     root            Display format: "json"
2023-04-28 11:40:50,458 INFO     ___FILE_ONLY___ {
  "Secret": "ya29.a0AWY7Ckl_9sBRW4C7WLfN8uohumb2_4iWwAJqZrJgipxU5UotEr4r5EIcwuecZ8Vs1CNXAFXKFT69Uy-AS_YNLxRbLWO7T5bmvyc1MCOBJhz0oHJCu37LUCVZtHYtYtz2UpxWsvZv31NfWbu4ytzERZN87B0dMuNRhISjpTvR8WF5FhTU4ksHXqtTOAg2nQ_uj1zwNidqzaW1E6KMbv7vrlZHgijjXZssFv4PziiEaCgYKAQMSARESFQG1tDrpnRrPejyDWZL89DtiCymhVA0239",
  "Username": "_dcgcloud_token"
}
2023-04-28 11:40:50,458 INFO     ___FILE_ONLY___ 

2023-04-28 11:40:50,459 DEBUG    root            SDK update checks are disabled.
