2023-04-28 12:13:07,374 DEBUG    root            Loaded Command Group: ['gcloud', 'run']
2023-04-28 12:13:07,422 DEBUG    root            Loaded Command Group: ['gcloud', 'run', 'deploy']
2023-04-28 12:13:07,445 DEBUG    root            Running [gcloud.run.deploy] with arguments: [--clear-env-vars: "True", --client-name: "Cloud Code for VS Code", --client-version: "1.21.4", --concurrency: "80", --cpu: "1", --image: "gcr.io/phishtension/nb-3", --memory: "256Mi", --platform: "managed", --port: "8080", --project: "phishtension", --region: "asia-southeast1", --service-account: "632799504819-compute@developer.gserviceaccount.com", --timeout: "300", SERVICE: "nb3"]
2023-04-28 12:13:07,459 DEBUG    google.auth.transport.requests Making request: GET http://metadata.google.internal/computeMetadata/v1/instance/service-accounts/kekinkito@gbox.adnu.edu.ph/?recursive=true
2023-04-28 12:13:07,462 DEBUG    urllib3.connectionpool Starting new HTTP connection (1): metadata.google.internal:80
2023-04-28 12:13:07,465 DEBUG    urllib3.connectionpool http://metadata.google.internal:80 "GET /computeMetadata/v1/instance/service-accounts/kekinkito@gbox.adnu.edu.ph/?recursive=true HTTP/1.1" 200 None
2023-04-28 12:13:07,466 DEBUG    google.auth.transport.requests Making request: GET http://metadata.google.internal/computeMetadata/v1/instance/service-accounts/kekinkito@gbox.adnu.edu.ph/token
2023-04-28 12:13:07,468 DEBUG    urllib3.connectionpool Resetting dropped connection: metadata.google.internal
2023-04-28 12:13:07,471 DEBUG    urllib3.connectionpool http://metadata.google.internal:80 "GET /computeMetadata/v1/instance/service-accounts/kekinkito@gbox.adnu.edu.ph/token HTTP/1.1" 200 None
2023-04-28 12:13:07,485 DEBUG    google.auth.transport.requests Making request: GET http://metadata.google.internal/computeMetadata/v1/instance/service-accounts/kekinkito@gbox.adnu.edu.ph/?recursive=true
2023-04-28 12:13:07,487 DEBUG    urllib3.connectionpool Starting new HTTP connection (1): metadata.google.internal:80
2023-04-28 12:13:07,490 DEBUG    urllib3.connectionpool http://metadata.google.internal:80 "GET /computeMetadata/v1/instance/service-accounts/kekinkito@gbox.adnu.edu.ph/?recursive=true HTTP/1.1" 200 None
2023-04-28 12:13:07,491 DEBUG    google.auth.transport.requests Making request: GET http://metadata.google.internal/computeMetadata/v1/instance/service-accounts/kekinkito@gbox.adnu.edu.ph/token
2023-04-28 12:13:07,492 DEBUG    urllib3.connectionpool Resetting dropped connection: metadata.google.internal
2023-04-28 12:13:07,495 DEBUG    urllib3.connectionpool http://metadata.google.internal:80 "GET /computeMetadata/v1/instance/service-accounts/kekinkito@gbox.adnu.edu.ph/token HTTP/1.1" 200 None
2023-04-28 12:13:07,524 DEBUG    google.auth.transport.requests Making request: GET http://metadata.google.internal/computeMetadata/v1/instance/service-accounts/kekinkito@gbox.adnu.edu.ph/?recursive=true
2023-04-28 12:13:07,526 DEBUG    urllib3.connectionpool Starting new HTTP connection (1): metadata.google.internal:80
2023-04-28 12:13:07,529 DEBUG    urllib3.connectionpool http://metadata.google.internal:80 "GET /computeMetadata/v1/instance/service-accounts/kekinkito@gbox.adnu.edu.ph/?recursive=true HTTP/1.1" 200 None
2023-04-28 12:13:07,530 DEBUG    google.auth.transport.requests Making request: GET http://metadata.google.internal/computeMetadata/v1/instance/service-accounts/kekinkito@gbox.adnu.edu.ph/token
2023-04-28 12:13:07,532 DEBUG    urllib3.connectionpool Resetting dropped connection: metadata.google.internal
2023-04-28 12:13:07,534 DEBUG    urllib3.connectionpool http://metadata.google.internal:80 "GET /computeMetadata/v1/instance/service-accounts/kekinkito@gbox.adnu.edu.ph/token HTTP/1.1" 200 None
2023-04-28 12:13:07,548 DEBUG    google.auth.transport.requests Making request: GET http://metadata.google.internal/computeMetadata/v1/instance/service-accounts/kekinkito@gbox.adnu.edu.ph/?recursive=true
2023-04-28 12:13:07,550 DEBUG    urllib3.connectionpool Starting new HTTP connection (1): metadata.google.internal:80
2023-04-28 12:13:07,552 DEBUG    urllib3.connectionpool http://metadata.google.internal:80 "GET /computeMetadata/v1/instance/service-accounts/kekinkito@gbox.adnu.edu.ph/?recursive=true HTTP/1.1" 200 None
2023-04-28 12:13:07,553 DEBUG    google.auth.transport.requests Making request: GET http://metadata.google.internal/computeMetadata/v1/instance/service-accounts/kekinkito@gbox.adnu.edu.ph/token
2023-04-28 12:13:07,555 DEBUG    urllib3.connectionpool Resetting dropped connection: metadata.google.internal
2023-04-28 12:13:07,558 DEBUG    urllib3.connectionpool http://metadata.google.internal:80 "GET /computeMetadata/v1/instance/service-accounts/kekinkito@gbox.adnu.edu.ph/token HTTP/1.1" 200 None
2023-04-28 12:13:07,567 DEBUG    urllib3.connectionpool Starting new HTTPS connection (1): asia-southeast1-run.googleapis.com:443
2023-04-28 12:13:07,899 DEBUG    urllib3.connectionpool https://asia-southeast1-run.googleapis.com:443 "GET /apis/serving.knative.dev/v1/namespaces/phishtension/services/nb3?alt=json HTTP/1.1" 200 None
2023-04-28 12:13:07,906 INFO     ___FILE_ONLY___ Deploying container to Cloud Run service [nb3] in project [phishtension] region [asia-southeast1]

2023-04-28 12:13:07,906 INFO     ___FILE_ONLY___ Deploying...
2023-04-28 12:13:07,914 DEBUG    urllib3.connectionpool Starting new HTTPS connection (1): asia-southeast1-run.googleapis.com:443
2023-04-28 12:13:08,487 DEBUG    urllib3.connectionpool https://asia-southeast1-run.googleapis.com:443 "PUT /apis/serving.knative.dev/v1/namespaces/phishtension/services/nb3?alt=json HTTP/1.1" 200 None
2023-04-28 12:13:08,496 DEBUG    urllib3.connectionpool Starting new HTTPS connection (1): asia-southeast1-run.googleapis.com:443
2023-04-28 12:13:08,831 DEBUG    urllib3.connectionpool https://asia-southeast1-run.googleapis.com:443 "GET /apis/serving.knative.dev/v1/namespaces/phishtension/services/nb3?alt=json HTTP/1.1" 200 None
2023-04-28 12:13:09,843 DEBUG    urllib3.connectionpool Starting new HTTPS connection (1): asia-southeast1-run.googleapis.com:443
2023-04-28 12:13:10,172 DEBUG    urllib3.connectionpool https://asia-southeast1-run.googleapis.com:443 "GET /apis/serving.knative.dev/v1/namespaces/phishtension/services/nb3?alt=json HTTP/1.1" 200 None
2023-04-28 12:13:11,182 DEBUG    urllib3.connectionpool Starting new HTTPS connection (1): asia-southeast1-run.googleapis.com:443
2023-04-28 12:13:11,516 DEBUG    urllib3.connectionpool https://asia-southeast1-run.googleapis.com:443 "GET /apis/serving.knative.dev/v1/namespaces/phishtension/services/nb3?alt=json HTTP/1.1" 200 None
2023-04-28 12:13:12,527 DEBUG    urllib3.connectionpool Starting new HTTPS connection (1): asia-southeast1-run.googleapis.com:443
2023-04-28 12:13:12,869 DEBUG    urllib3.connectionpool https://asia-southeast1-run.googleapis.com:443 "GET /apis/serving.knative.dev/v1/namespaces/phishtension/services/nb3?alt=json HTTP/1.1" 200 None
2023-04-28 12:13:13,879 DEBUG    urllib3.connectionpool Starting new HTTPS connection (1): asia-southeast1-run.googleapis.com:443
2023-04-28 12:13:14,214 DEBUG    urllib3.connectionpool https://asia-southeast1-run.googleapis.com:443 "GET /apis/serving.knative.dev/v1/namespaces/phishtension/services/nb3?alt=json HTTP/1.1" 200 None
2023-04-28 12:13:15,224 DEBUG    urllib3.connectionpool Starting new HTTPS connection (1): asia-southeast1-run.googleapis.com:443
2023-04-28 12:13:15,559 DEBUG    urllib3.connectionpool https://asia-southeast1-run.googleapis.com:443 "GET /apis/serving.knative.dev/v1/namespaces/phishtension/services/nb3?alt=json HTTP/1.1" 200 None
2023-04-28 12:13:16,568 DEBUG    urllib3.connectionpool Starting new HTTPS connection (1): asia-southeast1-run.googleapis.com:443
2023-04-28 12:13:16,901 DEBUG    urllib3.connectionpool https://asia-southeast1-run.googleapis.com:443 "GET /apis/serving.knative.dev/v1/namespaces/phishtension/services/nb3?alt=json HTTP/1.1" 200 None
2023-04-28 12:13:17,912 DEBUG    urllib3.connectionpool Starting new HTTPS connection (1): asia-southeast1-run.googleapis.com:443
2023-04-28 12:13:18,284 DEBUG    urllib3.connectionpool https://asia-southeast1-run.googleapis.com:443 "GET /apis/serving.knative.dev/v1/namespaces/phishtension/services/nb3?alt=json HTTP/1.1" 200 None
2023-04-28 12:13:19,294 DEBUG    urllib3.connectionpool Starting new HTTPS connection (1): asia-southeast1-run.googleapis.com:443
2023-04-28 12:13:19,646 DEBUG    urllib3.connectionpool https://asia-southeast1-run.googleapis.com:443 "GET /apis/serving.knative.dev/v1/namespaces/phishtension/services/nb3?alt=json HTTP/1.1" 200 None
2023-04-28 12:13:20,661 DEBUG    urllib3.connectionpool Starting new HTTPS connection (1): asia-southeast1-run.googleapis.com:443
2023-04-28 12:13:21,015 DEBUG    urllib3.connectionpool https://asia-southeast1-run.googleapis.com:443 "GET /apis/serving.knative.dev/v1/namespaces/phishtension/services/nb3?alt=json HTTP/1.1" 200 None
2023-04-28 12:13:22,028 DEBUG    urllib3.connectionpool Starting new HTTPS connection (1): asia-southeast1-run.googleapis.com:443
2023-04-28 12:13:22,366 DEBUG    urllib3.connectionpool https://asia-southeast1-run.googleapis.com:443 "GET /apis/serving.knative.dev/v1/namespaces/phishtension/services/nb3?alt=json HTTP/1.1" 200 None
2023-04-28 12:13:23,376 DEBUG    urllib3.connectionpool Starting new HTTPS connection (1): asia-southeast1-run.googleapis.com:443
2023-04-28 12:13:23,487 DEBUG    urllib3.connectionpool https://asia-southeast1-run.googleapis.com:443 "GET /apis/serving.knative.dev/v1/namespaces/phishtension/services/nb3?alt=json HTTP/1.1" 200 None
2023-04-28 12:13:24,497 DEBUG    urllib3.connectionpool Starting new HTTPS connection (1): asia-southeast1-run.googleapis.com:443
2023-04-28 12:13:24,816 DEBUG    urllib3.connectionpool https://asia-southeast1-run.googleapis.com:443 "GET /apis/serving.knative.dev/v1/namespaces/phishtension/services/nb3?alt=json HTTP/1.1" 200 None
2023-04-28 12:13:24,825 DEBUG    urllib3.connectionpool Starting new HTTPS connection (1): asia-southeast1-run.googleapis.com:443
2023-04-28 12:13:25,166 DEBUG    urllib3.connectionpool https://asia-southeast1-run.googleapis.com:443 "GET /apis/serving.knative.dev/v1/namespaces/phishtension/services/nb3?alt=json HTTP/1.1" 200 None
2023-04-28 12:13:25,251 DEBUG    urllib3.connectionpool Starting new HTTPS connection (1): asia-southeast1-run.googleapis.com:443
2023-04-28 12:13:25,584 DEBUG    urllib3.connectionpool https://asia-southeast1-run.googleapis.com:443 "GET /apis/serving.knative.dev/v1/namespaces/phishtension/services/nb3?alt=json HTTP/1.1" 200 None
2023-04-28 12:13:25,590 INFO     ___FILE_ONLY___ Service [nb3] revision [nb3-00063-dut] has been deployed and is serving 100 percent of traffic.
Service URL: https://nb3-mgpp2ks77a-as.a.run.app

2023-04-28 12:13:25,591 DEBUG    root            Chosen display Format:none
2023-04-28 12:13:25,592 INFO     root            Display format: "none"
2023-04-28 12:13:25,596 DEBUG    root            SDK update checks are disabled.
